[ 2015-07-10T15:30:18+08:00 ] 127.0.0.1 /
INFO: [ app_begin ] --START--
INFO: ReadHtmlCache Behavior ::run [ RunTime:0.000726s ]
INFO: [ app_begin ] --END-- [ RunTime:0.010718s ]
NOTIC: [8] Use of undefined constant session_start - assumed 'session_start' E:\wamp\www\Home\Lib\Action\IndexAction.class.php 第 4 行.
INFO: [ view_parse ] --START--
INFO: ParseTemplate Behavior ::run [ RunTime:0.007374s ]
INFO: [ view_parse ] --END-- [ RunTime:0.007897s ]
INFO: [ view_filter ] --START--
INFO: ContentReplace Behavior ::run [ RunTime:0.000645s ]
INFO: TokenBuild Behavior ::run [ RunTime:0.000952s ]
INFO: WriteHtmlCache Behavior ::run [ RunTime:0.000412s ]
INFO: ShowRuntime Behavior ::run [ RunTime:0.000568s ]
INFO: [ view_filter ] --END-- [ RunTime:0.002808s ]
INFO: [ view_end ] --START--
INFO: ShowPageTrace Behavior ::run [ RunTime:0.000581s ]
INFO: [ view_end ] --END-- [ RunTime:0.000646s ]

[ 2015-07-10T15:30:18+08:00 ] 127.0.0.1 /index.php/Index/verify.html
INFO: [ route_check ] --START--
INFO: CheckRoute Behavior ::run [ RunTime:0.001294s ]
INFO: [ route_check ] --END-- [ RunTime:0.001426s ]
INFO: [ app_begin ] --START--
INFO: ReadHtmlCache Behavior ::run [ RunTime:0.000761s ]
INFO: [ app_begin ] --END-- [ RunTime:0.000865s ]
NOTIC: [8] Use of undefined constant session_start - assumed 'session_start' E:\wamp\www\Home\Lib\Action\IndexAction.class.php 第 4 行.

[ 2015-07-10T15:30:23+08:00 ] 127.0.0.1 /index.php?m=Index&a=loginact
INFO: [ app_begin ] --START--
INFO: ReadHtmlCache Behavior ::run [ RunTime:0.001354s ]
INFO: [ app_begin ] --END-- [ RunTime:0.001556s ]
NOTIC: [8] Use of undefined constant session_start - assumed 'session_start' E:\wamp\www\Home\Lib\Action\IndexAction.class.php 第 4 行.
SQL: SHOW COLUMNS FROM `fyd_user` [ RunTime:0.003045s ]
SQL: SELECT COUNT(*) AS tp_count FROM `fyd_user` WHERE ( `username` = 'admin' ) LIMIT 1   [ RunTime:0.000271s ]

[ 2015-07-10T15:30:27+08:00 ] 127.0.0.1 /index.php?m=Index&a=loginact
INFO: [ app_begin ] --START--
INFO: ReadHtmlCache Behavior ::run [ RunTime:0.000888s ]
INFO: [ app_begin ] --END-- [ RunTime:0.001042s ]
NOTIC: [8] Use of undefined constant session_start - assumed 'session_start' E:\wamp\www\Home\Lib\Action\IndexAction.class.php 第 4 行.
SQL: SHOW COLUMNS FROM `fyd_user` [ RunTime:0.003008s ]
SQL: SELECT COUNT(*) AS tp_count FROM `fyd_user` WHERE ( `username` = 'admin' ) LIMIT 1   [ RunTime:0.000234s ]

[ 2015-07-10T15:30:33+08:00 ] 127.0.0.1 /index.php/Index/loginact.html
INFO: [ route_check ] --START--
INFO: CheckRoute Behavior ::run [ RunTime:0.000614s ]
INFO: [ route_check ] --END-- [ RunTime:0.000709s ]
INFO: [ app_begin ] --START--
INFO: ReadHtmlCache Behavior ::run [ RunTime:0.000837s ]
INFO: [ app_begin ] --END-- [ RunTime:0.000934s ]
NOTIC: [8] Use of undefined constant session_start - assumed 'session_start' E:\wamp\www\Home\Lib\Action\IndexAction.class.php 第 4 行.
SQL: SHOW COLUMNS FROM `fyd_user` [ RunTime:0.004171s ]
SQL: SELECT COUNT(*) AS tp_count FROM `fyd_user` WHERE ( `username` = 'admin' ) LIMIT 1   [ RunTime:0.000224s ]
NOTIC: [8] Use of undefined constant ROOT - assumed 'ROOT' E:\wamp\www\ThinkPHP\Extend\Library\ORG\Util\Func_haltmsg.class.php 第 12 行.

[ 2015-07-10T15:30:34+08:00 ] 127.0.0.1 /index.php/Index/index.html
INFO: [ route_check ] --START--
INFO: CheckRoute Behavior ::run [ RunTime:0.001281s ]
INFO: [ route_check ] --END-- [ RunTime:0.001452s ]
INFO: [ app_begin ] --START--
INFO: ReadHtmlCache Behavior ::run [ RunTime:0.001735s ]
INFO: [ app_begin ] --END-- [ RunTime:0.001899s ]
NOTIC: [8] Use of undefined constant session_start - assumed 'session_start' E:\wamp\www\Home\Lib\Action\IndexAction.class.php 第 4 行.
INFO: [ view_parse ] --START--
INFO: ParseTemplate Behavior ::run [ RunTime:0.011736s ]
INFO: [ view_parse ] --END-- [ RunTime:0.011897s ]
INFO: [ view_filter ] --START--
INFO: ContentReplace Behavior ::run [ RunTime:0.000831s ]
INFO: TokenBuild Behavior ::run [ RunTime:0.000746s ]
INFO: WriteHtmlCache Behavior ::run [ RunTime:0.000582s ]
INFO: ShowRuntime Behavior ::run [ RunTime:0.000825s ]
INFO: [ view_filter ] --END-- [ RunTime:0.003309s ]
INFO: [ view_end ] --START--
INFO: ShowPageTrace Behavior ::run [ RunTime:0.000652s ]
INFO: [ view_end ] --END-- [ RunTime:0.000721s ]

[ 2015-07-10T15:30:34+08:00 ] 127.0.0.1 /index.php/Index/verify.html
INFO: [ route_check ] --START--
INFO: CheckRoute Behavior ::run [ RunTime:0.000538s ]
INFO: [ route_check ] --END-- [ RunTime:0.000635s ]
INFO: [ app_begin ] --START--
INFO: ReadHtmlCache Behavior ::run [ RunTime:0.000445s ]
INFO: [ app_begin ] --END-- [ RunTime:0.000530s ]
NOTIC: [8] Use of undefined constant session_start - assumed 'session_start' E:\wamp\www\Home\Lib\Action\IndexAction.class.php 第 4 行.

[ 2015-07-10T15:33:08+08:00 ] 127.0.0.1 /index.php/Index/index.php?m=Index&a=loginact
INFO: [ route_check ] --START--
INFO: CheckRoute Behavior ::run [ RunTime:0.000815s ]
INFO: [ route_check ] --END-- [ RunTime:0.000953s ]
INFO: [ app_begin ] --START--
INFO: ReadHtmlCache Behavior ::run [ RunTime:0.000788s ]
INFO: [ app_begin ] --END-- [ RunTime:0.000863s ]
NOTIC: [8] Use of undefined constant session_start - assumed 'session_start' E:\wamp\www\Home\Lib\Action\IndexAction.class.php 第 4 行.
SQL: SHOW COLUMNS FROM `fyd_user` [ RunTime:0.002962s ]
SQL: SELECT COUNT(*) AS tp_count FROM `fyd_user` WHERE ( `username` = 'admin' ) LIMIT 1   [ RunTime:0.000251s ]

[ 2015-07-10T15:33:11+08:00 ] 127.0.0.1 /index.php/Index/verify.html?0.3402641836722382
INFO: [ route_check ] --START--
INFO: CheckRoute Behavior ::run [ RunTime:0.000952s ]
INFO: [ route_check ] --END-- [ RunTime:0.001123s ]
INFO: [ app_begin ] --START--
INFO: ReadHtmlCache Behavior ::run [ RunTime:0.000715s ]
INFO: [ app_begin ] --END-- [ RunTime:0.000829s ]
NOTIC: [8] Use of undefined constant session_start - assumed 'session_start' E:\wamp\www\Home\Lib\Action\IndexAction.class.php 第 4 行.

[ 2015-07-10T15:33:12+08:00 ] 127.0.0.1 /index.php/Index/verify.html?0.043216461979814325
INFO: [ route_check ] --START--
INFO: CheckRoute Behavior ::run [ RunTime:0.000967s ]
INFO: [ route_check ] --END-- [ RunTime:0.001106s ]
INFO: [ app_begin ] --START--
INFO: ReadHtmlCache Behavior ::run [ RunTime:0.000660s ]
INFO: [ app_begin ] --END-- [ RunTime:0.000773s ]
NOTIC: [8] Use of undefined constant session_start - assumed 'session_start' E:\wamp\www\Home\Lib\Action\IndexAction.class.php 第 4 行.

[ 2015-07-10T15:33:19+08:00 ] 127.0.0.1 /index.php/Index/loginact.html
INFO: [ route_check ] --START--
INFO: CheckRoute Behavior ::run [ RunTime:0.000537s ]
INFO: [ route_check ] --END-- [ RunTime:0.000630s ]
INFO: [ app_begin ] --START--
INFO: ReadHtmlCache Behavior ::run [ RunTime:0.000407s ]
INFO: [ app_begin ] --END-- [ RunTime:0.000657s ]
NOTIC: [8] Use of undefined constant session_start - assumed 'session_start' E:\wamp\www\Home\Lib\Action\IndexAction.class.php 第 4 行.
SQL: SHOW COLUMNS FROM `fyd_user` [ RunTime:0.007168s ]
SQL: SELECT COUNT(*) AS tp_count FROM `fyd_user` WHERE ( `username` = 'admin' ) LIMIT 1   [ RunTime:0.000298s ]
SQL: SELECT COUNT(*) AS tp_count FROM `fyd_user` WHERE ( `username` = 'admin' ) AND ( `pwd` = 'e10adc3949ba59abbe56e057f20f883e' ) LIMIT 1   [ RunTime:0.000265s ]
SQL: SELECT * FROM `fyd_user` WHERE ( `username` = 'admin' ) AND ( `pwd` = 'e10adc3949ba59abbe56e057f20f883e' ) LIMIT 1   [ RunTime:0.000250s ]
NOTIC: [8] Use of undefined constant ROOT - assumed 'ROOT' E:\wamp\www\ThinkPHP\Extend\Library\ORG\Util\Func_haltmsg.class.php 第 12 行.

[ 2015-07-10T15:33:21+08:00 ] 127.0.0.1 /index.php/Config/index.html
INFO: [ route_check ] --START--
INFO: CheckRoute Behavior ::run [ RunTime:0.001140s ]
INFO: [ route_check ] --END-- [ RunTime:0.001282s ]
INFO: [ app_begin ] --START--
INFO: ReadHtmlCache Behavior ::run [ RunTime:0.000940s ]
INFO: [ app_begin ] --END-- [ RunTime:0.001034s ]
SQL: SHOW COLUMNS FROM `fyd_config` [ RunTime:0.003095s ]
ERR: 1146:Table 'shidayeshi.fyd_config' doesn't exist
 [ SQL语句 ] : SHOW COLUMNS FROM `fyd_config`
SQL: SELECT * FROM `fyd_config`  [ RunTime:0.000221s ]
ERR: 1146:Table 'shidayeshi.fyd_config' doesn't exist
 [ SQL语句 ] : SELECT * FROM `fyd_config` 
INFO: [ view_parse ] --START--
INFO: ParseTemplate Behavior ::run [ RunTime:0.011179s ]
INFO: [ view_parse ] --END-- [ RunTime:0.011266s ]
INFO: [ view_filter ] --START--
INFO: ContentReplace Behavior ::run [ RunTime:0.000471s ]
INFO: TokenBuild Behavior ::run [ RunTime:0.000370s ]
INFO: WriteHtmlCache Behavior ::run [ RunTime:0.000273s ]
INFO: ShowRuntime Behavior ::run [ RunTime:0.000405s ]
INFO: [ view_filter ] --END-- [ RunTime:0.001697s ]
INFO: [ view_end ] --START--
INFO: ShowPageTrace Behavior ::run [ RunTime:0.000453s ]
INFO: [ view_end ] --END-- [ RunTime:0.000513s ]

[ 2015-07-10T15:33:24+08:00 ] 127.0.0.1 /index.php/Config/index.php/m/Config/a/index
INFO: [ route_check ] --START--
INFO: CheckRoute Behavior ::run [ RunTime:0.000884s ]
INFO: [ route_check ] --END-- [ RunTime:0.001031s ]
INFO: [ app_begin ] --START--
INFO: ReadHtmlCache Behavior ::run [ RunTime:0.000673s ]
INFO: [ app_begin ] --END-- [ RunTime:0.000777s ]
SQL: SHOW COLUMNS FROM `fyd_config` [ RunTime:0.003949s ]
ERR: 1146:Table 'shidayeshi.fyd_config' doesn't exist
 [ SQL语句 ] : SHOW COLUMNS FROM `fyd_config`
SQL: SELECT * FROM `fyd_config`  [ RunTime:0.000241s ]
ERR: 1146:Table 'shidayeshi.fyd_config' doesn't exist
 [ SQL语句 ] : SELECT * FROM `fyd_config` 
INFO: [ view_parse ] --START--
INFO: ParseTemplate Behavior ::run [ RunTime:0.010961s ]
INFO: [ view_parse ] --END-- [ RunTime:0.011078s ]
INFO: [ view_filter ] --START--
INFO: ContentReplace Behavior ::run [ RunTime:0.000719s ]
INFO: TokenBuild Behavior ::run [ RunTime:0.000810s ]
INFO: WriteHtmlCache Behavior ::run [ RunTime:0.000421s ]
INFO: ShowRuntime Behavior ::run [ RunTime:0.000530s ]
INFO: [ view_filter ] --END-- [ RunTime:0.002762s ]
INFO: [ view_end ] --START--
INFO: ShowPageTrace Behavior ::run [ RunTime:0.000453s ]
INFO: [ view_end ] --END-- [ RunTime:0.000519s ]

[ 2015-07-10T15:33:26+08:00 ] 127.0.0.1 /index.php/Member/index.html
INFO: [ route_check ] --START--
INFO: CheckRoute Behavior ::run [ RunTime:0.001300s ]
INFO: [ route_check ] --END-- [ RunTime:0.001519s ]
INFO: [ app_begin ] --START--
INFO: ReadHtmlCache Behavior ::run [ RunTime:0.000585s ]
INFO: [ app_begin ] --END-- [ RunTime:0.000705s ]
SQL: SHOW COLUMNS FROM `fyd_member` [ RunTime:0.004559s ]
SQL: SELECT COUNT(*) AS tp_count FROM `fyd_member` LIMIT 1   [ RunTime:0.000298s ]
SQL: SELECT * FROM `fyd_member` LIMIT 0,20   [ RunTime:0.000171s ]
INFO: [ view_parse ] --START--
INFO: ParseTemplate Behavior ::run [ RunTime:0.012259s ]
INFO: [ view_parse ] --END-- [ RunTime:0.012395s ]
INFO: [ view_filter ] --START--
INFO: ContentReplace Behavior ::run [ RunTime:0.000644s ]
INFO: TokenBuild Behavior ::run [ RunTime:0.000638s ]
INFO: WriteHtmlCache Behavior ::run [ RunTime:0.000389s ]
INFO: ShowRuntime Behavior ::run [ RunTime:0.000515s ]
INFO: [ view_filter ] --END-- [ RunTime:0.002461s ]
INFO: [ view_end ] --START--
INFO: ShowPageTrace Behavior ::run [ RunTime:0.000424s ]
INFO: [ view_end ] --END-- [ RunTime:0.000486s ]

[ 2015-07-10T15:33:27+08:00 ] 127.0.0.1 /index.php/Video/index.html
INFO: [ route_check ] --START--
INFO: CheckRoute Behavior ::run [ RunTime:0.000697s ]
INFO: [ route_check ] --END-- [ RunTime:0.000805s ]
INFO: [ app_begin ] --START--
INFO: ReadHtmlCache Behavior ::run [ RunTime:0.000572s ]
INFO: [ app_begin ] --END-- [ RunTime:0.000652s ]
SQL: SHOW COLUMNS FROM `fyd_video` [ RunTime:0.002569s ]
ERR: 1146:Table 'shidayeshi.fyd_video' doesn't exist
 [ SQL语句 ] : SHOW COLUMNS FROM `fyd_video`
SQL: SELECT COUNT(*) AS tp_count FROM `fyd_video` LIMIT 1   [ RunTime:0.000210s ]
ERR: 1146:Table 'shidayeshi.fyd_video' doesn't exist
 [ SQL语句 ] : SELECT COUNT(*) AS tp_count FROM `fyd_video` LIMIT 1  
SQL: SELECT * FROM `fyd_video` LIMIT 0,10   [ RunTime:0.000158s ]
ERR: 1146:Table 'shidayeshi.fyd_video' doesn't exist
 [ SQL语句 ] : SELECT * FROM `fyd_video` LIMIT 0,10  
INFO: [ view_parse ] --START--
INFO: ParseTemplate Behavior ::run [ RunTime:0.012313s ]
INFO: [ view_parse ] --END-- [ RunTime:0.012402s ]
INFO: [ view_filter ] --START--
INFO: ContentReplace Behavior ::run [ RunTime:0.000486s ]
INFO: TokenBuild Behavior ::run [ RunTime:0.000410s ]
INFO: WriteHtmlCache Behavior ::run [ RunTime:0.000269s ]
INFO: ShowRuntime Behavior ::run [ RunTime:0.000433s ]
INFO: [ view_filter ] --END-- [ RunTime:0.001774s ]
INFO: [ view_end ] --START--
INFO: ShowPageTrace Behavior ::run [ RunTime:0.000404s ]
INFO: [ view_end ] --END-- [ RunTime:0.000464s ]

[ 2015-07-10T15:33:27+08:00 ] 127.0.0.1 /index.php/Product/index.html
INFO: [ route_check ] --START--
INFO: CheckRoute Behavior ::run [ RunTime:0.000621s ]
INFO: [ route_check ] --END-- [ RunTime:0.000744s ]
INFO: [ app_begin ] --START--
INFO: ReadHtmlCache Behavior ::run [ RunTime:0.000552s ]
INFO: [ app_begin ] --END-- [ RunTime:0.000633s ]
SQL: SHOW COLUMNS FROM `fyd_product` [ RunTime:0.003320s ]
ERR: 1146:Table 'shidayeshi.fyd_product' doesn't exist
 [ SQL语句 ] : SHOW COLUMNS FROM `fyd_product`
SQL: SELECT COUNT(*) AS tp_count FROM `fyd_product` LIMIT 1   [ RunTime:0.000332s ]
ERR: 1146:Table 'shidayeshi.fyd_product' doesn't exist
 [ SQL语句 ] : SELECT COUNT(*) AS tp_count FROM `fyd_product` LIMIT 1  
SQL: SELECT * FROM `fyd_product` LIMIT 0,10   [ RunTime:0.000349s ]
ERR: 1146:Table 'shidayeshi.fyd_product' doesn't exist
 [ SQL语句 ] : SELECT * FROM `fyd_product` LIMIT 0,10  
INFO: [ view_parse ] --START--
INFO: ParseTemplate Behavior ::run [ RunTime:0.011643s ]
INFO: [ view_parse ] --END-- [ RunTime:0.011752s ]
INFO: [ view_filter ] --START--
INFO: ContentReplace Behavior ::run [ RunTime:0.000729s ]
INFO: TokenBuild Behavior ::run [ RunTime:0.000594s ]
INFO: WriteHtmlCache Behavior ::run [ RunTime:0.000296s ]
INFO: ShowRuntime Behavior ::run [ RunTime:0.000417s ]
INFO: [ view_filter ] --END-- [ RunTime:0.002275s ]
INFO: [ view_end ] --START--
INFO: ShowPageTrace Behavior ::run [ RunTime:0.000414s ]
INFO: [ view_end ] --END-- [ RunTime:0.000480s ]

[ 2015-07-10T15:33:28+08:00 ] 127.0.0.1 /index.php/User/index.html
INFO: [ route_check ] --START--
INFO: CheckRoute Behavior ::run [ RunTime:0.000818s ]
INFO: [ route_check ] --END-- [ RunTime:0.000920s ]
INFO: [ app_begin ] --START--
INFO: ReadHtmlCache Behavior ::run [ RunTime:0.000556s ]
INFO: [ app_begin ] --END-- [ RunTime:0.000647s ]
SQL: SHOW COLUMNS FROM `fyd_user` [ RunTime:0.003223s ]
SQL: SELECT COUNT(*) AS tp_count FROM `fyd_user` LIMIT 1   [ RunTime:0.000262s ]
SQL: SELECT * FROM `fyd_user` left JOIN jzs_role ON jzs_role.roleid=jzs_user.groupid LIMIT 0,10   [ RunTime:0.000293s ]
ERR: 1146:Table 'shidayeshi.jzs_role' doesn't exist
 [ SQL语句 ] : SELECT * FROM `fyd_user` left JOIN jzs_role ON jzs_role.roleid=jzs_user.groupid LIMIT 0,10  
INFO: [ view_parse ] --START--
INFO: ParseTemplate Behavior ::run [ RunTime:0.011143s ]
INFO: [ view_parse ] --END-- [ RunTime:0.011246s ]
INFO: [ view_filter ] --START--
INFO: ContentReplace Behavior ::run [ RunTime:0.000393s ]
INFO: TokenBuild Behavior ::run [ RunTime:0.000357s ]
INFO: WriteHtmlCache Behavior ::run [ RunTime:0.000254s ]
INFO: ShowRuntime Behavior ::run [ RunTime:0.000661s ]
INFO: [ view_filter ] --END-- [ RunTime:0.001864s ]
INFO: [ view_end ] --START--
INFO: ShowPageTrace Behavior ::run [ RunTime:0.000580s ]
INFO: [ view_end ] --END-- [ RunTime:0.000649s ]

[ 2015-07-10T15:33:29+08:00 ] 127.0.0.1 /index.php/Case/index.html
INFO: [ route_check ] --START--
INFO: CheckRoute Behavior ::run [ RunTime:0.000600s ]
INFO: [ route_check ] --END-- [ RunTime:0.000706s ]
INFO: [ app_begin ] --START--
INFO: ReadHtmlCache Behavior ::run [ RunTime:0.000447s ]
INFO: [ app_begin ] --END-- [ RunTime:0.000517s ]
SQL: SHOW COLUMNS FROM `fyd_case` [ RunTime:0.002531s ]
ERR: 1146:Table 'shidayeshi.fyd_case' doesn't exist
 [ SQL语句 ] : SHOW COLUMNS FROM `fyd_case`
SQL: SELECT COUNT(*) AS tp_count FROM `fyd_case` LIMIT 1   [ RunTime:0.000210s ]
ERR: 1146:Table 'shidayeshi.fyd_case' doesn't exist
 [ SQL语句 ] : SELECT COUNT(*) AS tp_count FROM `fyd_case` LIMIT 1  
SQL: SELECT * FROM `fyd_case` LIMIT 0,10   [ RunTime:0.000160s ]
ERR: 1146:Table 'shidayeshi.fyd_case' doesn't exist
 [ SQL语句 ] : SELECT * FROM `fyd_case` LIMIT 0,10  
INFO: [ view_parse ] --START--
INFO: ParseTemplate Behavior ::run [ RunTime:0.011761s ]
INFO: [ view_parse ] --END-- [ RunTime:0.011852s ]
INFO: [ view_filter ] --START--
INFO: ContentReplace Behavior ::run [ RunTime:0.000413s ]
INFO: TokenBuild Behavior ::run [ RunTime:0.000357s ]
INFO: WriteHtmlCache Behavior ::run [ RunTime:0.000218s ]
INFO: ShowRuntime Behavior ::run [ RunTime:0.000383s ]
INFO: [ view_filter ] --END-- [ RunTime:0.001546s ]
INFO: [ view_end ] --START--
INFO: ShowPageTrace Behavior ::run [ RunTime:0.000393s ]
INFO: [ view_end ] --END-- [ RunTime:0.000453s ]

[ 2015-07-10T15:33:30+08:00 ] 127.0.0.1 /index.php/About/index.html
INFO: [ route_check ] --START--
INFO: CheckRoute Behavior ::run [ RunTime:0.000692s ]
INFO: [ route_check ] --END-- [ RunTime:0.000819s ]
INFO: [ app_begin ] --START--
INFO: ReadHtmlCache Behavior ::run [ RunTime:0.000637s ]
INFO: [ app_begin ] --END-- [ RunTime:0.000716s ]
SQL: SHOW COLUMNS FROM `fyd_about` [ RunTime:0.003905s ]
ERR: 1146:Table 'shidayeshi.fyd_about' doesn't exist
 [ SQL语句 ] : SHOW COLUMNS FROM `fyd_about`
SQL: SELECT * FROM `fyd_about` LIMIT 1   [ RunTime:0.000469s ]
ERR: 1146:Table 'shidayeshi.fyd_about' doesn't exist
 [ SQL语句 ] : SELECT * FROM `fyd_about` LIMIT 1  
INFO: [ view_parse ] --START--
INFO: ParseTemplate Behavior ::run [ RunTime:0.010848s ]
INFO: [ view_parse ] --END-- [ RunTime:0.010956s ]
INFO: [ view_filter ] --START--
INFO: ContentReplace Behavior ::run [ RunTime:0.000599s ]
INFO: TokenBuild Behavior ::run [ RunTime:0.000420s ]
INFO: WriteHtmlCache Behavior ::run [ RunTime:0.000289s ]
INFO: ShowRuntime Behavior ::run [ RunTime:0.000424s ]
INFO: [ view_filter ] --END-- [ RunTime:0.001958s ]
INFO: [ view_end ] --START--
INFO: ShowPageTrace Behavior ::run [ RunTime:0.000616s ]
INFO: [ view_end ] --END-- [ RunTime:0.000690s ]

[ 2015-07-10T15:33:30+08:00 ] 127.0.0.1 /index.php/Lookyh/index.html
INFO: [ route_check ] --START--
INFO: CheckRoute Behavior ::run [ RunTime:0.000559s ]
INFO: [ route_check ] --END-- [ RunTime:0.000655s ]
INFO: [ app_begin ] --START--
INFO: ReadHtmlCache Behavior ::run [ RunTime:0.000470s ]
INFO: [ app_begin ] --END-- [ RunTime:0.000544s ]
ERR: 无法加载模块:Lookyh

[ 2015-07-10T15:33:33+08:00 ] 127.0.0.1 /index.php/Lookmember/index.html
INFO: [ route_check ] --START--
INFO: CheckRoute Behavior ::run [ RunTime:0.000777s ]
INFO: [ route_check ] --END-- [ RunTime:0.000936s ]
INFO: [ app_begin ] --START--
INFO: ReadHtmlCache Behavior ::run [ RunTime:0.001975s ]
INFO: [ app_begin ] --END-- [ RunTime:0.002250s ]
SQL: SHOW COLUMNS FROM `fyd_member` [ RunTime:0.004108s ]
SQL: SELECT COUNT(*) AS tp_count FROM `fyd_member` LIMIT 1   [ RunTime:0.000363s ]
SQL: SELECT `memberid`,`name`,`jifen` FROM `fyd_member` LIMIT 0,20   [ RunTime:0.000249s ]
ERR: 1054:Unknown column 'name' in 'field list'
 [ SQL语句 ] : SELECT `memberid`,`name`,`jifen` FROM `fyd_member` LIMIT 0,20  
INFO: [ view_parse ] --START--
INFO: ParseTemplate Behavior ::run [ RunTime:0.011653s ]
INFO: [ view_parse ] --END-- [ RunTime:0.011779s ]
INFO: [ view_filter ] --START--
INFO: ContentReplace Behavior ::run [ RunTime:0.000835s ]
INFO: TokenBuild Behavior ::run [ RunTime:0.000792s ]
INFO: WriteHtmlCache Behavior ::run [ RunTime:0.000338s ]
INFO: ShowRuntime Behavior ::run [ RunTime:0.000399s ]
INFO: [ view_filter ] --END-- [ RunTime:0.002630s ]
INFO: [ view_end ] --START--
INFO: ShowPageTrace Behavior ::run [ RunTime:0.000435s ]
INFO: [ view_end ] --END-- [ RunTime:0.000504s ]

[ 2015-07-10T15:33:38+08:00 ] 127.0.0.1 /index.php/User/index.html
INFO: [ route_check ] --START--
INFO: CheckRoute Behavior ::run [ RunTime:0.000590s ]
INFO: [ route_check ] --END-- [ RunTime:0.000680s ]
INFO: [ app_begin ] --START--
INFO: ReadHtmlCache Behavior ::run [ RunTime:0.000527s ]
INFO: [ app_begin ] --END-- [ RunTime:0.000650s ]
SQL: SHOW COLUMNS FROM `fyd_user` [ RunTime:0.004727s ]
SQL: SELECT COUNT(*) AS tp_count FROM `fyd_user` LIMIT 1   [ RunTime:0.000427s ]
SQL: SELECT * FROM `fyd_user` left JOIN jzs_role ON jzs_role.roleid=jzs_user.groupid LIMIT 0,10   [ RunTime:0.000316s ]
ERR: 1146:Table 'shidayeshi.jzs_role' doesn't exist
 [ SQL语句 ] : SELECT * FROM `fyd_user` left JOIN jzs_role ON jzs_role.roleid=jzs_user.groupid LIMIT 0,10  
INFO: [ view_parse ] --START--
INFO: ParseTemplate Behavior ::run [ RunTime:0.012794s ]
INFO: [ view_parse ] --END-- [ RunTime:0.012908s ]
INFO: [ view_filter ] --START--
INFO: ContentReplace Behavior ::run [ RunTime:0.000575s ]
INFO: TokenBuild Behavior ::run [ RunTime:0.000345s ]
INFO: WriteHtmlCache Behavior ::run [ RunTime:0.000251s ]
INFO: ShowRuntime Behavior ::run [ RunTime:0.000402s ]
INFO: [ view_filter ] --END-- [ RunTime:0.001783s ]
INFO: [ view_end ] --START--
INFO: ShowPageTrace Behavior ::run [ RunTime:0.000494s ]
INFO: [ view_end ] --END-- [ RunTime:0.000560s ]

[ 2015-07-10T15:37:17+08:00 ] 127.0.0.1 /index.php/User/index.html
INFO: [ route_check ] --START--
INFO: CheckRoute Behavior ::run [ RunTime:0.001035s ]
INFO: [ route_check ] --END-- [ RunTime:0.001161s ]
INFO: [ app_begin ] --START--
INFO: ReadHtmlCache Behavior ::run [ RunTime:0.000636s ]
INFO: [ app_begin ] --END-- [ RunTime:0.000719s ]
SQL: SHOW COLUMNS FROM `fyd_user` [ RunTime:0.003124s ]
SQL: SELECT COUNT(*) AS tp_count FROM `fyd_user` LIMIT 1   [ RunTime:0.000231s ]
SQL: SELECT * FROM `fyd_user` left JOIN jzs_role ON jzs_role.roleid=jzs_user.groupid LIMIT 0,10   [ RunTime:0.000239s ]
ERR: 1146:Table 'shidayeshi.jzs_role' doesn't exist
 [ SQL语句 ] : SELECT * FROM `fyd_user` left JOIN jzs_role ON jzs_role.roleid=jzs_user.groupid LIMIT 0,10  
INFO: [ view_parse ] --START--
INFO: ParseTemplate Behavior ::run [ RunTime:0.012268s ]
INFO: [ view_parse ] --END-- [ RunTime:0.012355s ]
INFO: [ view_filter ] --START--
INFO: ContentReplace Behavior ::run [ RunTime:0.000477s ]
INFO: TokenBuild Behavior ::run [ RunTime:0.000395s ]
INFO: WriteHtmlCache Behavior ::run [ RunTime:0.000335s ]
INFO: ShowRuntime Behavior ::run [ RunTime:0.000431s ]
INFO: [ view_filter ] --END-- [ RunTime:0.001829s ]
INFO: [ view_end ] --START--
INFO: ShowPageTrace Behavior ::run [ RunTime:0.000526s ]
INFO: [ view_end ] --END-- [ RunTime:0.000593s ]

[ 2015-07-10T15:37:18+08:00 ] 127.0.0.1 /index.php/User/index.php/m/Config/a/index
INFO: [ route_check ] --START--
INFO: CheckRoute Behavior ::run [ RunTime:0.000825s ]
INFO: [ route_check ] --END-- [ RunTime:0.000928s ]
INFO: [ app_begin ] --START--
INFO: ReadHtmlCache Behavior ::run [ RunTime:0.000460s ]
INFO: [ app_begin ] --END-- [ RunTime:0.000532s ]
SQL: SHOW COLUMNS FROM `fyd_config` [ RunTime:0.004526s ]
SQL: SELECT * FROM `fyd_config`  [ RunTime:0.000607s ]
INFO: [ view_parse ] --START--
INFO: ParseTemplate Behavior ::run [ RunTime:0.010589s ]
INFO: [ view_parse ] --END-- [ RunTime:0.010695s ]
INFO: [ view_filter ] --START--
INFO: ContentReplace Behavior ::run [ RunTime:0.000432s ]
INFO: TokenBuild Behavior ::run [ RunTime:0.000353s ]
INFO: WriteHtmlCache Behavior ::run [ RunTime:0.000275s ]
INFO: ShowRuntime Behavior ::run [ RunTime:0.000400s ]
INFO: [ view_filter ] --END-- [ RunTime:0.001688s ]
INFO: [ view_end ] --START--
INFO: ShowPageTrace Behavior ::run [ RunTime:0.000434s ]
INFO: [ view_end ] --END-- [ RunTime:0.000500s ]

[ 2015-07-10T15:38:08+08:00 ] 127.0.0.1 /index.php/Config/setting.html
INFO: [ route_check ] --START--
INFO: CheckRoute Behavior ::run [ RunTime:0.000648s ]
INFO: [ route_check ] --END-- [ RunTime:0.000803s ]
INFO: [ app_begin ] --START--
INFO: ReadHtmlCache Behavior ::run [ RunTime:0.002026s ]
INFO: [ app_begin ] --END-- [ RunTime:0.002151s ]
SQL: SHOW COLUMNS FROM `fyd_config` [ RunTime:0.004188s ]
SQL: UPDATE `fyd_config` SET `sitename`='师大夜市',`sitetitle`='师大夜市',`siteurl`='http://localhost/index.php',`sitecopyright`='2222222222222222222',`logowidth`=19,`logoheight`=18,`logoimg`='/public/editor/attached/image/20150428/20150428083728_91971.png' WHERE ( siteid=1 ) [ RunTime:0.001109s ]
NOTIC: [8] Use of undefined constant ROOT - assumed 'ROOT' E:\wamp\www\ThinkPHP\Extend\Library\ORG\Util\Func_haltmsg.class.php 第 12 行.

[ 2015-07-10T15:38:10+08:00 ] 127.0.0.1 /index.php/Config/index.html
INFO: [ route_check ] --START--
INFO: CheckRoute Behavior ::run [ RunTime:0.000760s ]
INFO: [ route_check ] --END-- [ RunTime:0.000904s ]
INFO: [ app_begin ] --START--
INFO: ReadHtmlCache Behavior ::run [ RunTime:0.000672s ]
INFO: [ app_begin ] --END-- [ RunTime:0.000775s ]
SQL: SHOW COLUMNS FROM `fyd_config` [ RunTime:0.003433s ]
SQL: SELECT * FROM `fyd_config`  [ RunTime:0.000232s ]
INFO: [ view_parse ] --START--
INFO: ParseTemplate Behavior ::run [ RunTime:0.009874s ]
INFO: [ view_parse ] --END-- [ RunTime:0.009989s ]
INFO: [ view_filter ] --START--
INFO: ContentReplace Behavior ::run [ RunTime:0.000485s ]
INFO: TokenBuild Behavior ::run [ RunTime:0.000404s ]
INFO: WriteHtmlCache Behavior ::run [ RunTime:0.000272s ]
INFO: ShowRuntime Behavior ::run [ RunTime:0.000645s ]
INFO: [ view_filter ] --END-- [ RunTime:0.002037s ]
INFO: [ view_end ] --START--
INFO: ShowPageTrace Behavior ::run [ RunTime:0.000425s ]
INFO: [ view_end ] --END-- [ RunTime:0.000491s ]

[ 2015-07-10T15:38:20+08:00 ] 127.0.0.1 /index.php/Member/index.html
INFO: [ route_check ] --START--
INFO: CheckRoute Behavior ::run [ RunTime:0.000672s ]
INFO: [ route_check ] --END-- [ RunTime:0.000770s ]
INFO: [ app_begin ] --START--
INFO: ReadHtmlCache Behavior ::run [ RunTime:0.001012s ]
INFO: [ app_begin ] --END-- [ RunTime:0.001107s ]
SQL: SHOW COLUMNS FROM `fyd_member` [ RunTime:0.004353s ]
SQL: SELECT COUNT(*) AS tp_count FROM `fyd_member` LIMIT 1   [ RunTime:0.000328s ]
SQL: SELECT * FROM `fyd_member` LIMIT 0,20   [ RunTime:0.000913s ]
INFO: [ view_parse ] --START--
INFO: ParseTemplate Behavior ::run [ RunTime:0.012082s ]
INFO: [ view_parse ] --END-- [ RunTime:0.012206s ]
INFO: [ view_filter ] --START--
INFO: ContentReplace Behavior ::run [ RunTime:0.000468s ]
INFO: TokenBuild Behavior ::run [ RunTime:0.000523s ]
INFO: WriteHtmlCache Behavior ::run [ RunTime:0.000300s ]
INFO: ShowRuntime Behavior ::run [ RunTime:0.000573s ]
INFO: [ view_filter ] --END-- [ RunTime:0.002114s ]
INFO: [ view_end ] --START--
INFO: ShowPageTrace Behavior ::run [ RunTime:0.000497s ]
INFO: [ view_end ] --END-- [ RunTime:0.000563s ]

[ 2015-07-10T15:44:18+08:00 ] 127.0.0.1 /index.php/Member/index.html
INFO: [ route_check ] --START--
INFO: CheckRoute Behavior ::run [ RunTime:0.001188s ]
INFO: [ route_check ] --END-- [ RunTime:0.001368s ]
INFO: [ app_begin ] --START--
INFO: ReadHtmlCache Behavior ::run [ RunTime:0.001016s ]
INFO: [ app_begin ] --END-- [ RunTime:0.001132s ]
SQL: SHOW COLUMNS FROM `fyd_member` [ RunTime:0.006851s ]
SQL: SELECT COUNT(*) AS tp_count FROM `fyd_member` LIMIT 1   [ RunTime:0.000390s ]
SQL: SELECT * FROM `fyd_member` LIMIT 0,20   [ RunTime:0.000211s ]
INFO: [ view_parse ] --START--
INFO: ParseTemplate Behavior ::run [ RunTime:0.011614s ]
INFO: [ view_parse ] --END-- [ RunTime:0.011729s ]
INFO: [ view_filter ] --START--
INFO: ContentReplace Behavior ::run [ RunTime:0.000796s ]
INFO: TokenBuild Behavior ::run [ RunTime:0.000444s ]
INFO: WriteHtmlCache Behavior ::run [ RunTime:0.000315s ]
INFO: ShowRuntime Behavior ::run [ RunTime:0.000435s ]
INFO: [ view_filter ] --END-- [ RunTime:0.002207s ]
INFO: [ view_end ] --START--
INFO: ShowPageTrace Behavior ::run [ RunTime:0.000452s ]
INFO: [ view_end ] --END-- [ RunTime:0.000516s ]

[ 2015-07-10T15:44:41+08:00 ] 127.0.0.1 /index.php/Member/index.php/m/Config/a/index
INFO: [ route_check ] --START--
INFO: CheckRoute Behavior ::run [ RunTime:0.000880s ]
INFO: [ route_check ] --END-- [ RunTime:0.001013s ]
INFO: [ app_begin ] --START--
INFO: ReadHtmlCache Behavior ::run [ RunTime:0.000528s ]
INFO: [ app_begin ] --END-- [ RunTime:0.000618s ]
SQL: SHOW COLUMNS FROM `fyd_config` [ RunTime:0.004193s ]
SQL: SELECT * FROM `fyd_config`  [ RunTime:0.000299s ]
INFO: [ view_parse ] --START--
INFO: ParseTemplate Behavior ::run [ RunTime:0.012149s ]
INFO: [ view_parse ] --END-- [ RunTime:0.012266s ]
INFO: [ view_filter ] --START--
INFO: ContentReplace Behavior ::run [ RunTime:0.000574s ]
INFO: TokenBuild Behavior ::run [ RunTime:0.000522s ]
INFO: WriteHtmlCache Behavior ::run [ RunTime:0.000324s ]
INFO: ShowRuntime Behavior ::run [ RunTime:0.000611s ]
INFO: [ view_filter ] --END-- [ RunTime:0.002274s ]
INFO: [ view_end ] --START--
INFO: ShowPageTrace Behavior ::run [ RunTime:0.000584s ]
INFO: [ view_end ] --END-- [ RunTime:0.000656s ]

[ 2015-07-10T15:44:42+08:00 ] 127.0.0.1 /index.php/Member/index.html
INFO: [ route_check ] --START--
INFO: CheckRoute Behavior ::run [ RunTime:0.000564s ]
INFO: [ route_check ] --END-- [ RunTime:0.000671s ]
INFO: [ app_begin ] --START--
INFO: ReadHtmlCache Behavior ::run [ RunTime:0.000445s ]
INFO: [ app_begin ] --END-- [ RunTime:0.000522s ]
SQL: SHOW COLUMNS FROM `fyd_member` [ RunTime:0.003382s ]
SQL: SELECT COUNT(*) AS tp_count FROM `fyd_member` LIMIT 1   [ RunTime:0.000488s ]
SQL: SELECT * FROM `fyd_member` LIMIT 0,20   [ RunTime:0.000750s ]
INFO: [ view_parse ] --START--
INFO: ParseTemplate Behavior ::run [ RunTime:0.011528s ]
INFO: [ view_parse ] --END-- [ RunTime:0.011628s ]
INFO: [ view_filter ] --START--
INFO: ContentReplace Behavior ::run [ RunTime:0.000412s ]
INFO: TokenBuild Behavior ::run [ RunTime:0.000448s ]
INFO: WriteHtmlCache Behavior ::run [ RunTime:0.000243s ]
INFO: ShowRuntime Behavior ::run [ RunTime:0.000453s ]
INFO: [ view_filter ] --END-- [ RunTime:0.001748s ]
INFO: [ view_end ] --START--
INFO: ShowPageTrace Behavior ::run [ RunTime:0.000480s ]
INFO: [ view_end ] --END-- [ RunTime:0.000546s ]

[ 2015-07-10T15:44:44+08:00 ] 127.0.0.1 /index.php/Video/index.html
INFO: [ route_check ] --START--
INFO: CheckRoute Behavior ::run [ RunTime:0.000585s ]
INFO: [ route_check ] --END-- [ RunTime:0.000688s ]
INFO: [ app_begin ] --START--
INFO: ReadHtmlCache Behavior ::run [ RunTime:0.000540s ]
INFO: [ app_begin ] --END-- [ RunTime:0.000619s ]
SQL: SHOW COLUMNS FROM `fyd_video` [ RunTime:0.003281s ]
ERR: 1146:Table 'shidayeshi.fyd_video' doesn't exist
 [ SQL语句 ] : SHOW COLUMNS FROM `fyd_video`
SQL: SELECT COUNT(*) AS tp_count FROM `fyd_video` LIMIT 1   [ RunTime:0.000537s ]
ERR: 1146:Table 'shidayeshi.fyd_video' doesn't exist
 [ SQL语句 ] : SELECT COUNT(*) AS tp_count FROM `fyd_video` LIMIT 1  
SQL: SELECT * FROM `fyd_video` LIMIT 0,10   [ RunTime:0.000414s ]
ERR: 1146:Table 'shidayeshi.fyd_video' doesn't exist
 [ SQL语句 ] : SELECT * FROM `fyd_video` LIMIT 0,10  
INFO: [ view_parse ] --START--
INFO: ParseTemplate Behavior ::run [ RunTime:0.011609s ]
INFO: [ view_parse ] --END-- [ RunTime:0.011706s ]
INFO: [ view_filter ] --START--
INFO: ContentReplace Behavior ::run [ RunTime:0.000659s ]
INFO: TokenBuild Behavior ::run [ RunTime:0.000371s ]
INFO: WriteHtmlCache Behavior ::run [ RunTime:0.000299s ]
INFO: ShowRuntime Behavior ::run [ RunTime:0.000473s ]
INFO: [ view_filter ] --END-- [ RunTime:0.002011s ]
INFO: [ view_end ] --START--
INFO: ShowPageTrace Behavior ::run [ RunTime:0.000498s ]
INFO: [ view_end ] --END-- [ RunTime:0.000564s ]

[ 2015-07-10T15:44:45+08:00 ] 127.0.0.1 /index.php/Product/index.html
INFO: [ route_check ] --START--
INFO: CheckRoute Behavior ::run [ RunTime:0.000957s ]
INFO: [ route_check ] --END-- [ RunTime:0.001111s ]
INFO: [ app_begin ] --START--
INFO: ReadHtmlCache Behavior ::run [ RunTime:0.000631s ]
INFO: [ app_begin ] --END-- [ RunTime:0.000730s ]
SQL: SHOW COLUMNS FROM `fyd_product` [ RunTime:0.004797s ]
ERR: 1146:Table 'shidayeshi.fyd_product' doesn't exist
 [ SQL语句 ] : SHOW COLUMNS FROM `fyd_product`
SQL: SELECT COUNT(*) AS tp_count FROM `fyd_product` LIMIT 1   [ RunTime:0.000580s ]
ERR: 1146:Table 'shidayeshi.fyd_product' doesn't exist
 [ SQL语句 ] : SELECT COUNT(*) AS tp_count FROM `fyd_product` LIMIT 1  
SQL: SELECT * FROM `fyd_product` LIMIT 0,10   [ RunTime:0.000356s ]
ERR: 1146:Table 'shidayeshi.fyd_product' doesn't exist
 [ SQL语句 ] : SELECT * FROM `fyd_product` LIMIT 0,10  
INFO: [ view_parse ] --START--
INFO: ParseTemplate Behavior ::run [ RunTime:0.012292s ]
INFO: [ view_parse ] --END-- [ RunTime:0.012381s ]
INFO: [ view_filter ] --START--
INFO: ContentReplace Behavior ::run [ RunTime:0.000489s ]
INFO: TokenBuild Behavior ::run [ RunTime:0.000471s ]
INFO: WriteHtmlCache Behavior ::run [ RunTime:0.000277s ]
INFO: ShowRuntime Behavior ::run [ RunTime:0.000544s ]
INFO: [ view_filter ] --END-- [ RunTime:0.002030s ]
INFO: [ view_end ] --START--
INFO: ShowPageTrace Behavior ::run [ RunTime:0.000489s ]
INFO: [ view_end ] --END-- [ RunTime:0.000556s ]

[ 2015-07-10T15:44:46+08:00 ] 127.0.0.1 /index.php/User/index.html
INFO: [ route_check ] --START--
INFO: CheckRoute Behavior ::run [ RunTime:0.000553s ]
INFO: [ route_check ] --END-- [ RunTime:0.000650s ]
INFO: [ app_begin ] --START--
INFO: ReadHtmlCache Behavior ::run [ RunTime:0.000417s ]
INFO: [ app_begin ] --END-- [ RunTime:0.000488s ]
SQL: SHOW COLUMNS FROM `fyd_user` [ RunTime:0.003074s ]
SQL: SELECT COUNT(*) AS tp_count FROM `fyd_user` LIMIT 1   [ RunTime:0.000377s ]
SQL: SELECT * FROM `fyd_user` left JOIN jzs_role ON jzs_role.roleid=jzs_user.groupid LIMIT 0,10   [ RunTime:0.000300s ]
ERR: 1146:Table 'shidayeshi.jzs_role' doesn't exist
 [ SQL语句 ] : SELECT * FROM `fyd_user` left JOIN jzs_role ON jzs_role.roleid=jzs_user.groupid LIMIT 0,10  
INFO: [ view_parse ] --START--
INFO: ParseTemplate Behavior ::run [ RunTime:0.013205s ]
INFO: [ view_parse ] --END-- [ RunTime:0.013297s ]
INFO: [ view_filter ] --START--
INFO: ContentReplace Behavior ::run [ RunTime:0.000430s ]
INFO: TokenBuild Behavior ::run [ RunTime:0.000334s ]
INFO: WriteHtmlCache Behavior ::run [ RunTime:0.000231s ]
INFO: ShowRuntime Behavior ::run [ RunTime:0.000495s ]
INFO: [ view_filter ] --END-- [ RunTime:0.001679s ]
INFO: [ view_end ] --START--
INFO: ShowPageTrace Behavior ::run [ RunTime:0.000444s ]
INFO: [ view_end ] --END-- [ RunTime:0.000511s ]

[ 2015-07-10T15:44:47+08:00 ] 127.0.0.1 /index.php/Case/index.html
INFO: [ route_check ] --START--
INFO: CheckRoute Behavior ::run [ RunTime:0.000700s ]
INFO: [ route_check ] --END-- [ RunTime:0.000799s ]
INFO: [ app_begin ] --START--
INFO: ReadHtmlCache Behavior ::run [ RunTime:0.000479s ]
INFO: [ app_begin ] --END-- [ RunTime:0.000557s ]
SQL: SHOW COLUMNS FROM `fyd_case` [ RunTime:0.003696s ]
ERR: 1146:Table 'shidayeshi.fyd_case' doesn't exist
 [ SQL语句 ] : SHOW COLUMNS FROM `fyd_case`
SQL: SELECT COUNT(*) AS tp_count FROM `fyd_case` LIMIT 1   [ RunTime:0.000364s ]
ERR: 1146:Table 'shidayeshi.fyd_case' doesn't exist
 [ SQL语句 ] : SELECT COUNT(*) AS tp_count FROM `fyd_case` LIMIT 1  
SQL: SELECT * FROM `fyd_case` LIMIT 0,10   [ RunTime:0.000259s ]
ERR: 1146:Table 'shidayeshi.fyd_case' doesn't exist
 [ SQL语句 ] : SELECT * FROM `fyd_case` LIMIT 0,10  
INFO: [ view_parse ] --START--
INFO: ParseTemplate Behavior ::run [ RunTime:0.012101s ]
INFO: [ view_parse ] --END-- [ RunTime:0.012210s ]
INFO: [ view_filter ] --START--
INFO: ContentReplace Behavior ::run [ RunTime:0.000764s ]
INFO: TokenBuild Behavior ::run [ RunTime:0.000461s ]
INFO: WriteHtmlCache Behavior ::run [ RunTime:0.000281s ]
INFO: ShowRuntime Behavior ::run [ RunTime:0.000409s ]
INFO: [ view_filter ] --END-- [ RunTime:0.002127s ]
INFO: [ view_end ] --START--
INFO: ShowPageTrace Behavior ::run [ RunTime:0.000469s ]
INFO: [ view_end ] --END-- [ RunTime:0.000535s ]

[ 2015-07-10T15:44:48+08:00 ] 127.0.0.1 /index.php/About/index.html
INFO: [ route_check ] --START--
INFO: CheckRoute Behavior ::run [ RunTime:0.000553s ]
INFO: [ route_check ] --END-- [ RunTime:0.000652s ]
INFO: [ app_begin ] --START--
INFO: ReadHtmlCache Behavior ::run [ RunTime:0.000563s ]
INFO: [ app_begin ] --END-- [ RunTime:0.000644s ]
SQL: SHOW COLUMNS FROM `fyd_about` [ RunTime:0.003342s ]
ERR: 1146:Table 'shidayeshi.fyd_about' doesn't exist
 [ SQL语句 ] : SHOW COLUMNS FROM `fyd_about`
SQL: SELECT * FROM `fyd_about` LIMIT 1   [ RunTime:0.000226s ]
ERR: 1146:Table 'shidayeshi.fyd_about' doesn't exist
 [ SQL语句 ] : SELECT * FROM `fyd_about` LIMIT 1  
INFO: [ view_parse ] --START--
INFO: ParseTemplate Behavior ::run [ RunTime:0.010387s ]
INFO: [ view_parse ] --END-- [ RunTime:0.010513s ]
INFO: [ view_filter ] --START--
INFO: ContentReplace Behavior ::run [ RunTime:0.000876s ]
INFO: TokenBuild Behavior ::run [ RunTime:0.000633s ]
INFO: WriteHtmlCache Behavior ::run [ RunTime:0.000328s ]
INFO: ShowRuntime Behavior ::run [ RunTime:0.000411s ]
INFO: [ view_filter ] --END-- [ RunTime:0.002532s ]
INFO: [ view_end ] --START--
INFO: ShowPageTrace Behavior ::run [ RunTime:0.000560s ]
INFO: [ view_end ] --END-- [ RunTime:0.000633s ]

[ 2015-07-10T15:44:49+08:00 ] 127.0.0.1 /index.php/Lookyh/index.html
INFO: [ route_check ] --START--
INFO: CheckRoute Behavior ::run [ RunTime:0.000624s ]
INFO: [ route_check ] --END-- [ RunTime:0.000771s ]
INFO: [ app_begin ] --START--
INFO: ReadHtmlCache Behavior ::run [ RunTime:0.000399s ]
INFO: [ app_begin ] --END-- [ RunTime:0.000470s ]
ERR: 无法加载模块:Lookyh

[ 2015-07-10T15:45:03+08:00 ] 127.0.0.1 /index.php/About/index.php/m/Config/a/index
INFO: [ route_check ] --START--
INFO: CheckRoute Behavior ::run [ RunTime:0.000546s ]
INFO: [ route_check ] --END-- [ RunTime:0.000636s ]
INFO: [ app_begin ] --START--
INFO: ReadHtmlCache Behavior ::run [ RunTime:0.000417s ]
INFO: [ app_begin ] --END-- [ RunTime:0.000482s ]
SQL: SHOW COLUMNS FROM `fyd_config` [ RunTime:0.004282s ]
SQL: SELECT * FROM `fyd_config`  [ RunTime:0.000328s ]
INFO: [ view_parse ] --START--
INFO: ParseTemplate Behavior ::run [ RunTime:0.010200s ]
INFO: [ view_parse ] --END-- [ RunTime:0.010307s ]
INFO: [ view_filter ] --START--
INFO: ContentReplace Behavior ::run [ RunTime:0.000470s ]
INFO: TokenBuild Behavior ::run [ RunTime:0.000337s ]
INFO: WriteHtmlCache Behavior ::run [ RunTime:0.000231s ]
INFO: ShowRuntime Behavior ::run [ RunTime:0.000494s ]
INFO: [ view_filter ] --END-- [ RunTime:0.001723s ]
INFO: [ view_end ] --START--
INFO: ShowPageTrace Behavior ::run [ RunTime:0.000610s ]
INFO: [ view_end ] --END-- [ RunTime:0.000699s ]

[ 2015-07-10T16:08:03+08:00 ] 127.0.0.1 /index.php/About/index.php/m/Config/a/index
INFO: [ route_check ] --START--
INFO: CheckRoute Behavior ::run [ RunTime:0.001730s ]
INFO: [ route_check ] --END-- [ RunTime:0.001843s ]
INFO: [ app_begin ] --START--
INFO: ReadHtmlCache Behavior ::run [ RunTime:0.000636s ]
INFO: [ app_begin ] --END-- [ RunTime:0.000725s ]
SQL: SHOW COLUMNS FROM `fyd_config` [ RunTime:0.003182s ]
SQL: SELECT * FROM `fyd_config`  [ RunTime:0.000297s ]
INFO: [ view_parse ] --START--
INFO: ParseTemplate Behavior ::run [ RunTime:0.009926s ]
INFO: [ view_parse ] --END-- [ RunTime:0.010035s ]
INFO: [ view_filter ] --START--
INFO: ContentReplace Behavior ::run [ RunTime:0.001386s ]
INFO: TokenBuild Behavior ::run [ RunTime:0.000585s ]
INFO: WriteHtmlCache Behavior ::run [ RunTime:0.000373s ]
INFO: ShowRuntime Behavior ::run [ RunTime:0.000519s ]
INFO: [ view_filter ] --END-- [ RunTime:0.003333s ]
INFO: [ view_end ] --START--
INFO: ShowPageTrace Behavior ::run [ RunTime:0.000551s ]
INFO: [ view_end ] --END-- [ RunTime:0.000626s ]

[ 2015-07-10T16:09:06+08:00 ] 127.0.0.1 /index.php/About/index.php/m/Config/a/index
INFO: [ route_check ] --START--
INFO: CheckRoute Behavior ::run [ RunTime:0.000748s ]
INFO: [ route_check ] --END-- [ RunTime:0.000868s ]
INFO: [ app_begin ] --START--
INFO: ReadHtmlCache Behavior ::run [ RunTime:0.000543s ]
INFO: [ app_begin ] --END-- [ RunTime:0.000626s ]
SQL: SHOW COLUMNS FROM `fyd_config` [ RunTime:0.003954s ]
SQL: SELECT * FROM `fyd_config`  [ RunTime:0.000344s ]
INFO: [ view_parse ] --START--
INFO: ParseTemplate Behavior ::run [ RunTime:0.009958s ]
INFO: [ view_parse ] --END-- [ RunTime:0.010060s ]
INFO: [ view_filter ] --START--
INFO: ContentReplace Behavior ::run [ RunTime:0.000426s ]
INFO: TokenBuild Behavior ::run [ RunTime:0.000314s ]
INFO: WriteHtmlCache Behavior ::run [ RunTime:0.000218s ]
INFO: ShowRuntime Behavior ::run [ RunTime:0.000392s ]
INFO: [ view_filter ] --END-- [ RunTime:0.001530s ]
INFO: [ view_end ] --START--
INFO: ShowPageTrace Behavior ::run [ RunTime:0.000490s ]
INFO: [ view_end ] --END-- [ RunTime:0.000552s ]

[ 2015-07-10T16:09:11+08:00 ] 127.0.0.1 /index.php/Member/index.html
INFO: [ route_check ] --START--
INFO: CheckRoute Behavior ::run [ RunTime:0.000914s ]
INFO: [ route_check ] --END-- [ RunTime:0.001041s ]
INFO: [ app_begin ] --START--
INFO: ReadHtmlCache Behavior ::run [ RunTime:0.000523s ]
INFO: [ app_begin ] --END-- [ RunTime:0.000595s ]
SQL: SHOW COLUMNS FROM `fyd_member` [ RunTime:0.002580s ]
SQL: SELECT COUNT(*) AS tp_count FROM `fyd_member` LIMIT 1   [ RunTime:0.000207s ]
SQL: SELECT * FROM `fyd_member` LIMIT 0,20   [ RunTime:0.000146s ]
INFO: [ view_parse ] --START--

[ 2015-07-10T16:09:40+08:00 ] 127.0.0.1 /index.php/Member/index.html
INFO: [ route_check ] --START--
INFO: CheckRoute Behavior ::run [ RunTime:0.001079s ]
INFO: [ route_check ] --END-- [ RunTime:0.001246s ]
INFO: [ app_begin ] --START--
INFO: ReadHtmlCache Behavior ::run [ RunTime:0.000947s ]
INFO: [ app_begin ] --END-- [ RunTime:0.001035s ]
SQL: SHOW COLUMNS FROM `fyd_member` [ RunTime:0.002648s ]
SQL: SELECT COUNT(*) AS tp_count FROM `fyd_member` LIMIT 1   [ RunTime:0.000213s ]
SQL: SELECT * FROM `fyd_member` LIMIT 0,20   [ RunTime:0.000144s ]
INFO: [ view_parse ] --START--

[ 2015-07-10T16:09:44+08:00 ] 127.0.0.1 /index.php/About/index.html
INFO: [ route_check ] --START--
INFO: CheckRoute Behavior ::run [ RunTime:0.001486s ]
INFO: [ route_check ] --END-- [ RunTime:0.001699s ]
INFO: [ app_begin ] --START--
INFO: ReadHtmlCache Behavior ::run [ RunTime:0.001182s ]
INFO: [ app_begin ] --END-- [ RunTime:0.001302s ]
ERR: 无法加载模块:About

[ 2015-07-10T16:09:48+08:00 ] 127.0.0.1 /index.php/Case/index.php/m/Config/a/index
INFO: [ route_check ] --START--
INFO: CheckRoute Behavior ::run [ RunTime:0.000534s ]
INFO: [ route_check ] --END-- [ RunTime:0.000636s ]
INFO: [ app_begin ] --START--
INFO: ReadHtmlCache Behavior ::run [ RunTime:0.000420s ]
INFO: [ app_begin ] --END-- [ RunTime:0.000489s ]
SQL: SHOW COLUMNS FROM `fyd_config` [ RunTime:0.003488s ]
SQL: SELECT * FROM `fyd_config`  [ RunTime:0.000239s ]
INFO: [ view_parse ] --START--
INFO: ParseTemplate Behavior ::run [ RunTime:0.009695s ]
INFO: [ view_parse ] --END-- [ RunTime:0.009785s ]
INFO: [ view_filter ] --START--
INFO: ContentReplace Behavior ::run [ RunTime:0.000480s ]
INFO: TokenBuild Behavior ::run [ RunTime:0.000373s ]
INFO: WriteHtmlCache Behavior ::run [ RunTime:0.000272s ]
INFO: ShowRuntime Behavior ::run [ RunTime:0.000609s ]
INFO: [ view_filter ] --END-- [ RunTime:0.001964s ]
INFO: [ view_end ] --START--
INFO: ShowPageTrace Behavior ::run [ RunTime:0.000972s ]
INFO: [ view_end ] --END-- [ RunTime:0.001083s ]

[ 2015-07-10T16:09:51+08:00 ] 127.0.0.1 /index.php/Member/index.html
INFO: [ route_check ] --START--
INFO: CheckRoute Behavior ::run [ RunTime:0.001555s ]
INFO: [ route_check ] --END-- [ RunTime:0.001782s ]
INFO: [ app_begin ] --START--
INFO: ReadHtmlCache Behavior ::run [ RunTime:0.000574s ]
INFO: [ app_begin ] --END-- [ RunTime:0.000651s ]
SQL: SHOW COLUMNS FROM `fyd_member` [ RunTime:0.004019s ]
SQL: SELECT COUNT(*) AS tp_count FROM `fyd_member` LIMIT 1   [ RunTime:0.000424s ]
SQL: SELECT * FROM `fyd_member` LIMIT 0,20   [ RunTime:0.000762s ]
INFO: [ view_parse ] --START--

[ 2015-07-10T16:09:54+08:00 ] 127.0.0.1 /index.php/Shangpin/index.html
INFO: [ route_check ] --START--
INFO: CheckRoute Behavior ::run [ RunTime:0.000572s ]
INFO: [ route_check ] --END-- [ RunTime:0.000673s ]
INFO: [ app_begin ] --START--
INFO: ReadHtmlCache Behavior ::run [ RunTime:0.000600s ]
INFO: [ app_begin ] --END-- [ RunTime:0.000720s ]
SQL: SHOW COLUMNS FROM `fyd_video` [ RunTime:0.002795s ]
ERR: 1146:Table 'shidayeshi.fyd_video' doesn't exist
 [ SQL语句 ] : SHOW COLUMNS FROM `fyd_video`
SQL: SELECT COUNT(*) AS tp_count FROM `fyd_video` LIMIT 1   [ RunTime:0.000399s ]
ERR: 1146:Table 'shidayeshi.fyd_video' doesn't exist
 [ SQL语句 ] : SELECT COUNT(*) AS tp_count FROM `fyd_video` LIMIT 1  
SQL: SELECT * FROM `fyd_video` LIMIT 0,10   [ RunTime:0.000193s ]
ERR: 1146:Table 'shidayeshi.fyd_video' doesn't exist
 [ SQL语句 ] : SELECT * FROM `fyd_video` LIMIT 0,10  
ERR: 模板不存在[Home/Tpl/Shangpin/video.html]

[ 2015-07-10T16:09:58+08:00 ] 127.0.0.1 /index.php/User/index.html
INFO: [ route_check ] --START--
INFO: CheckRoute Behavior ::run [ RunTime:0.001191s ]
INFO: [ route_check ] --END-- [ RunTime:0.001336s ]
INFO: [ app_begin ] --START--
INFO: ReadHtmlCache Behavior ::run [ RunTime:0.001175s ]
INFO: [ app_begin ] --END-- [ RunTime:0.001330s ]
SQL: SHOW COLUMNS FROM `fyd_user` [ RunTime:0.003095s ]
SQL: SELECT COUNT(*) AS tp_count FROM `fyd_user` LIMIT 1   [ RunTime:0.000249s ]
SQL: SELECT * FROM `fyd_user` left JOIN jzs_role ON jzs_role.roleid=jzs_user.groupid LIMIT 0,10   [ RunTime:0.000271s ]
ERR: 1146:Table 'shidayeshi.jzs_role' doesn't exist
 [ SQL语句 ] : SELECT * FROM `fyd_user` left JOIN jzs_role ON jzs_role.roleid=jzs_user.groupid LIMIT 0,10  
INFO: [ view_parse ] --START--
INFO: ParseTemplate Behavior ::run [ RunTime:0.011981s ]
INFO: [ view_parse ] --END-- [ RunTime:0.012087s ]
INFO: [ view_filter ] --START--
INFO: ContentReplace Behavior ::run [ RunTime:0.000459s ]
INFO: TokenBuild Behavior ::run [ RunTime:0.000359s ]
INFO: WriteHtmlCache Behavior ::run [ RunTime:0.000288s ]
INFO: ShowRuntime Behavior ::run [ RunTime:0.000456s ]
INFO: [ view_filter ] --END-- [ RunTime:0.001744s ]
INFO: [ view_end ] --START--
INFO: ShowPageTrace Behavior ::run [ RunTime:0.000436s ]
INFO: [ view_end ] --END-- [ RunTime:0.000503s ]

[ 2015-07-10T16:10:06+08:00 ] 127.0.0.1 /index.php/User/index.html
INFO: [ route_check ] --START--
INFO: CheckRoute Behavior ::run [ RunTime:0.000667s ]
INFO: [ route_check ] --END-- [ RunTime:0.000769s ]
INFO: [ app_begin ] --START--
INFO: ReadHtmlCache Behavior ::run [ RunTime:0.000679s ]
INFO: [ app_begin ] --END-- [ RunTime:0.000776s ]
SQL: SHOW COLUMNS FROM `fyd_user` [ RunTime:0.002934s ]
SQL: SELECT COUNT(*) AS tp_count FROM `fyd_user` LIMIT 1   [ RunTime:0.000211s ]
SQL: SELECT * FROM `fyd_user` left JOIN jzs_role ON jzs_role.roleid=jzs_user.groupid LIMIT 0,10   [ RunTime:0.000251s ]
ERR: 1146:Table 'shidayeshi.jzs_role' doesn't exist
 [ SQL语句 ] : SELECT * FROM `fyd_user` left JOIN jzs_role ON jzs_role.roleid=jzs_user.groupid LIMIT 0,10  
INFO: [ view_parse ] --START--
INFO: ParseTemplate Behavior ::run [ RunTime:0.012152s ]
INFO: [ view_parse ] --END-- [ RunTime:0.012254s ]
INFO: [ view_filter ] --START--
INFO: ContentReplace Behavior ::run [ RunTime:0.000613s ]
INFO: TokenBuild Behavior ::run [ RunTime:0.000557s ]
INFO: WriteHtmlCache Behavior ::run [ RunTime:0.000310s ]
INFO: ShowRuntime Behavior ::run [ RunTime:0.000425s ]
INFO: [ view_filter ] --END-- [ RunTime:0.002137s ]
INFO: [ view_end ] --START--
INFO: ShowPageTrace Behavior ::run [ RunTime:0.000676s ]
INFO: [ view_end ] --END-- [ RunTime:0.000745s ]

[ 2015-07-10T16:10:13+08:00 ] 127.0.0.1 /index.php/Member/index.html
INFO: [ route_check ] --START--
INFO: CheckRoute Behavior ::run [ RunTime:0.000707s ]
INFO: [ route_check ] --END-- [ RunTime:0.000826s ]
INFO: [ app_begin ] --START--
INFO: ReadHtmlCache Behavior ::run [ RunTime:0.000416s ]
INFO: [ app_begin ] --END-- [ RunTime:0.000484s ]
SQL: SHOW COLUMNS FROM `fyd_member` [ RunTime:0.002790s ]
SQL: SELECT COUNT(*) AS tp_count FROM `fyd_member` LIMIT 1   [ RunTime:0.000188s ]
SQL: SELECT * FROM `fyd_member` LIMIT 0,20   [ RunTime:0.000141s ]
INFO: [ view_parse ] --START--

[ 2015-07-10T16:10:41+08:00 ] 127.0.0.1 /index.php/User/index.html
INFO: [ route_check ] --START--
INFO: CheckRoute Behavior ::run [ RunTime:0.000879s ]
INFO: [ route_check ] --END-- [ RunTime:0.001020s ]
INFO: [ app_begin ] --START--
INFO: ReadHtmlCache Behavior ::run [ RunTime:0.000640s ]
INFO: [ app_begin ] --END-- [ RunTime:0.000736s ]
SQL: SHOW COLUMNS FROM `fyd_user` [ RunTime:0.003624s ]
SQL: SELECT COUNT(*) AS tp_count FROM `fyd_user` LIMIT 1   [ RunTime:0.000210s ]
SQL: SELECT * FROM `fyd_user` left JOIN jzs_role ON jzs_role.roleid=jzs_user.groupid LIMIT 0,10   [ RunTime:0.000236s ]
ERR: 1146:Table 'shidayeshi.jzs_role' doesn't exist
 [ SQL语句 ] : SELECT * FROM `fyd_user` left JOIN jzs_role ON jzs_role.roleid=jzs_user.groupid LIMIT 0,10  
INFO: [ view_parse ] --START--
INFO: ParseTemplate Behavior ::run [ RunTime:0.010425s ]
INFO: [ view_parse ] --END-- [ RunTime:0.010510s ]
INFO: [ view_filter ] --START--
INFO: ContentReplace Behavior ::run [ RunTime:0.000406s ]
INFO: TokenBuild Behavior ::run [ RunTime:0.000621s ]
INFO: WriteHtmlCache Behavior ::run [ RunTime:0.000568s ]
INFO: ShowRuntime Behavior ::run [ RunTime:0.000520s ]
INFO: [ view_filter ] --END-- [ RunTime:0.002349s ]
INFO: [ view_end ] --START--
INFO: ShowPageTrace Behavior ::run [ RunTime:0.000520s ]
INFO: [ view_end ] --END-- [ RunTime:0.000598s ]

[ 2015-07-10T16:10:43+08:00 ] 127.0.0.1 /index.php/Shangpin/index.html
INFO: [ route_check ] --START--
INFO: CheckRoute Behavior ::run [ RunTime:0.000898s ]
INFO: [ route_check ] --END-- [ RunTime:0.001046s ]
INFO: [ app_begin ] --START--
INFO: ReadHtmlCache Behavior ::run [ RunTime:0.000523s ]
INFO: [ app_begin ] --END-- [ RunTime:0.000628s ]
SQL: SHOW COLUMNS FROM `fyd_video` [ RunTime:0.003326s ]
ERR: 1146:Table 'shidayeshi.fyd_video' doesn't exist
 [ SQL语句 ] : SHOW COLUMNS FROM `fyd_video`
SQL: SELECT COUNT(*) AS tp_count FROM `fyd_video` LIMIT 1   [ RunTime:0.000606s ]
ERR: 1146:Table 'shidayeshi.fyd_video' doesn't exist
 [ SQL语句 ] : SELECT COUNT(*) AS tp_count FROM `fyd_video` LIMIT 1  
SQL: SELECT * FROM `fyd_video` LIMIT 0,10   [ RunTime:0.000535s ]
ERR: 1146:Table 'shidayeshi.fyd_video' doesn't exist
 [ SQL语句 ] : SELECT * FROM `fyd_video` LIMIT 0,10  
ERR: 模板不存在[Home/Tpl/Shangpin/video.html]

[ 2015-07-10T16:10:47+08:00 ] 127.0.0.1 /index.php/Shop/index.html
INFO: [ route_check ] --START--
INFO: CheckRoute Behavior ::run [ RunTime:0.000536s ]
INFO: [ route_check ] --END-- [ RunTime:0.000625s ]
INFO: [ app_begin ] --START--
INFO: ReadHtmlCache Behavior ::run [ RunTime:0.000382s ]
INFO: [ app_begin ] --END-- [ RunTime:0.000446s ]
SQL: SHOW COLUMNS FROM `fyd_shop` [ RunTime:0.003358s ]
SQL: SELECT COUNT(*) AS tp_count FROM `fyd_shop` LIMIT 1   [ RunTime:0.000287s ]
SQL: SELECT * FROM `fyd_shop` LIMIT 0,10   [ RunTime:0.000187s ]
INFO: [ view_parse ] --START--

[ 2015-07-10T16:10:50+08:00 ] 127.0.0.1 /index.php/Member/index.html
INFO: [ route_check ] --START--
INFO: CheckRoute Behavior ::run [ RunTime:0.000548s ]
INFO: [ route_check ] --END-- [ RunTime:0.000662s ]
INFO: [ app_begin ] --START--
INFO: ReadHtmlCache Behavior ::run [ RunTime:0.000444s ]
INFO: [ app_begin ] --END-- [ RunTime:0.000514s ]
SQL: SHOW COLUMNS FROM `fyd_member` [ RunTime:0.003069s ]
SQL: SELECT COUNT(*) AS tp_count FROM `fyd_member` LIMIT 1   [ RunTime:0.000209s ]
SQL: SELECT * FROM `fyd_member` LIMIT 0,20   [ RunTime:0.000165s ]
INFO: [ view_parse ] --START--

[ 2015-07-10T16:11:25+08:00 ] 127.0.0.1 /index.php/User/index.html
INFO: [ route_check ] --START--
INFO: CheckRoute Behavior ::run [ RunTime:0.000560s ]
INFO: [ route_check ] --END-- [ RunTime:0.000659s ]
INFO: [ app_begin ] --START--
INFO: ReadHtmlCache Behavior ::run [ RunTime:0.000417s ]
INFO: [ app_begin ] --END-- [ RunTime:0.000488s ]
SQL: SHOW COLUMNS FROM `fyd_user` [ RunTime:0.003316s ]
SQL: SELECT COUNT(*) AS tp_count FROM `fyd_user` LIMIT 1   [ RunTime:0.000224s ]
SQL: SELECT * FROM `fyd_user` left JOIN jzs_role ON jzs_role.roleid=jzs_user.groupid LIMIT 0,10   [ RunTime:0.000262s ]
ERR: 1146:Table 'shidayeshi.jzs_role' doesn't exist
 [ SQL语句 ] : SELECT * FROM `fyd_user` left JOIN jzs_role ON jzs_role.roleid=jzs_user.groupid LIMIT 0,10  
INFO: [ view_parse ] --START--
INFO: ParseTemplate Behavior ::run [ RunTime:0.010977s ]
INFO: [ view_parse ] --END-- [ RunTime:0.011063s ]
INFO: [ view_filter ] --START--
INFO: ContentReplace Behavior ::run [ RunTime:0.000375s ]
INFO: TokenBuild Behavior ::run [ RunTime:0.000293s ]
INFO: WriteHtmlCache Behavior ::run [ RunTime:0.000202s ]
INFO: ShowRuntime Behavior ::run [ RunTime:0.000335s ]
INFO: [ view_filter ] --END-- [ RunTime:0.001373s ]
INFO: [ view_end ] --START--
INFO: ShowPageTrace Behavior ::run [ RunTime:0.000381s ]
INFO: [ view_end ] --END-- [ RunTime:0.000440s ]

[ 2015-07-10T16:11:29+08:00 ] 127.0.0.1 /index.php/Shop/index.html
INFO: [ route_check ] --START--
INFO: CheckRoute Behavior ::run [ RunTime:0.000734s ]
INFO: [ route_check ] --END-- [ RunTime:0.000846s ]
INFO: [ app_begin ] --START--
INFO: ReadHtmlCache Behavior ::run [ RunTime:0.000460s ]
INFO: [ app_begin ] --END-- [ RunTime:0.000539s ]
SQL: SHOW COLUMNS FROM `fyd_shop` [ RunTime:0.003201s ]
SQL: SELECT COUNT(*) AS tp_count FROM `fyd_shop` LIMIT 1   [ RunTime:0.000209s ]
SQL: SELECT * FROM `fyd_shop` LIMIT 0,10   [ RunTime:0.000165s ]
INFO: [ view_parse ] --START--
INFO: ParseTemplate Behavior ::run [ RunTime:0.009227s ]
INFO: [ view_parse ] --END-- [ RunTime:0.009310s ]
INFO: [ view_filter ] --START--
INFO: ContentReplace Behavior ::run [ RunTime:0.000349s ]
INFO: TokenBuild Behavior ::run [ RunTime:0.000297s ]
INFO: WriteHtmlCache Behavior ::run [ RunTime:0.000206s ]
INFO: ShowRuntime Behavior ::run [ RunTime:0.000343s ]
INFO: [ view_filter ] --END-- [ RunTime:0.001363s ]
INFO: [ view_end ] --START--
INFO: ShowPageTrace Behavior ::run [ RunTime:0.000425s ]
INFO: [ view_end ] --END-- [ RunTime:0.000501s ]

[ 2015-07-10T16:12:35+08:00 ] 127.0.0.1 /index.php/User/index.html
INFO: [ route_check ] --START--
INFO: CheckRoute Behavior ::run [ RunTime:0.000668s ]
INFO: [ route_check ] --END-- [ RunTime:0.000753s ]
INFO: [ app_begin ] --START--
INFO: ReadHtmlCache Behavior ::run [ RunTime:0.000536s ]
INFO: [ app_begin ] --END-- [ RunTime:0.000604s ]
SQL: SHOW COLUMNS FROM `fyd_user` [ RunTime:0.004146s ]
SQL: SELECT COUNT(*) AS tp_count FROM `fyd_user` LIMIT 1   [ RunTime:0.000224s ]
SQL: SELECT * FROM `fyd_user` left JOIN jzs_role ON jzs_role.roleid=jzs_user.groupid LIMIT 0,10   [ RunTime:0.000240s ]
ERR: 1146:Table 'shidayeshi.jzs_role' doesn't exist
 [ SQL语句 ] : SELECT * FROM `fyd_user` left JOIN jzs_role ON jzs_role.roleid=jzs_user.groupid LIMIT 0,10  
INFO: [ view_parse ] --START--
INFO: ParseTemplate Behavior ::run [ RunTime:0.010666s ]
INFO: [ view_parse ] --END-- [ RunTime:0.010768s ]
INFO: [ view_filter ] --START--
INFO: ContentReplace Behavior ::run [ RunTime:0.000533s ]
INFO: TokenBuild Behavior ::run [ RunTime:0.000439s ]
INFO: WriteHtmlCache Behavior ::run [ RunTime:0.000272s ]
INFO: ShowRuntime Behavior ::run [ RunTime:0.000417s ]
INFO: [ view_filter ] --END-- [ RunTime:0.001873s ]
INFO: [ view_end ] --START--
INFO: ShowPageTrace Behavior ::run [ RunTime:0.000446s ]
INFO: [ view_end ] --END-- [ RunTime:0.000507s ]

[ 2015-07-10T16:12:37+08:00 ] 127.0.0.1 /index.php/User/index.html
INFO: [ route_check ] --START--
INFO: CheckRoute Behavior ::run [ RunTime:0.000758s ]
INFO: [ route_check ] --END-- [ RunTime:0.000875s ]
INFO: [ app_begin ] --START--
INFO: ReadHtmlCache Behavior ::run [ RunTime:0.000605s ]
INFO: [ app_begin ] --END-- [ RunTime:0.000675s ]
SQL: SHOW COLUMNS FROM `fyd_user` [ RunTime:0.003008s ]
SQL: SELECT COUNT(*) AS tp_count FROM `fyd_user` LIMIT 1   [ RunTime:0.000194s ]
SQL: SELECT * FROM `fyd_user` left JOIN jzs_role ON jzs_role.roleid=jzs_user.groupid LIMIT 0,10   [ RunTime:0.000210s ]
ERR: 1146:Table 'shidayeshi.jzs_role' doesn't exist
 [ SQL语句 ] : SELECT * FROM `fyd_user` left JOIN jzs_role ON jzs_role.roleid=jzs_user.groupid LIMIT 0,10  
INFO: [ view_parse ] --START--
INFO: ParseTemplate Behavior ::run [ RunTime:0.010026s ]
INFO: [ view_parse ] --END-- [ RunTime:0.010111s ]
INFO: [ view_filter ] --START--
INFO: ContentReplace Behavior ::run [ RunTime:0.000467s ]
INFO: TokenBuild Behavior ::run [ RunTime:0.000311s ]
INFO: WriteHtmlCache Behavior ::run [ RunTime:0.000210s ]
INFO: ShowRuntime Behavior ::run [ RunTime:0.000384s ]
INFO: [ view_filter ] --END-- [ RunTime:0.001547s ]
INFO: [ view_end ] --START--
INFO: ShowPageTrace Behavior ::run [ RunTime:0.000440s ]
INFO: [ view_end ] --END-- [ RunTime:0.000508s ]

[ 2015-07-10T16:12:39+08:00 ] 127.0.0.1 /index.php/Shop/index.html
INFO: [ route_check ] --START--
INFO: CheckRoute Behavior ::run [ RunTime:0.000689s ]
INFO: [ route_check ] --END-- [ RunTime:0.000825s ]
INFO: [ app_begin ] --START--
INFO: ReadHtmlCache Behavior ::run [ RunTime:0.000488s ]
INFO: [ app_begin ] --END-- [ RunTime:0.000567s ]
SQL: SHOW COLUMNS FROM `fyd_shop` [ RunTime:0.004522s ]
SQL: SELECT COUNT(*) AS tp_count FROM `fyd_shop` LIMIT 1   [ RunTime:0.000538s ]
SQL: SELECT * FROM `fyd_shop` LIMIT 0,10   [ RunTime:0.000269s ]
INFO: [ view_parse ] --START--

[ 2015-07-10T16:12:42+08:00 ] 127.0.0.1 /index.php/Shop/index.html
INFO: [ route_check ] --START--
INFO: CheckRoute Behavior ::run [ RunTime:0.001261s ]
INFO: [ route_check ] --END-- [ RunTime:0.001537s ]
INFO: [ app_begin ] --START--
INFO: ReadHtmlCache Behavior ::run [ RunTime:0.000855s ]
INFO: [ app_begin ] --END-- [ RunTime:0.000978s ]
SQL: SHOW COLUMNS FROM `fyd_shop` [ RunTime:0.004926s ]
SQL: SELECT COUNT(*) AS tp_count FROM `fyd_shop` LIMIT 1   [ RunTime:0.000265s ]
SQL: SELECT * FROM `fyd_shop` LIMIT 0,10   [ RunTime:0.000176s ]
INFO: [ view_parse ] --START--

[ 2015-07-10T16:13:09+08:00 ] 127.0.0.1 /index.php/User/index.html
INFO: [ route_check ] --START--
INFO: CheckRoute Behavior ::run [ RunTime:0.001116s ]
INFO: [ route_check ] --END-- [ RunTime:0.001255s ]
INFO: [ app_begin ] --START--
INFO: ReadHtmlCache Behavior ::run [ RunTime:0.001036s ]
INFO: [ app_begin ] --END-- [ RunTime:0.001147s ]
SQL: SHOW COLUMNS FROM `fyd_user` [ RunTime:0.003835s ]
SQL: SELECT COUNT(*) AS tp_count FROM `fyd_user` LIMIT 1   [ RunTime:0.000367s ]
SQL: SELECT * FROM `fyd_user` left JOIN jzs_role ON jzs_role.roleid=jzs_user.groupid LIMIT 0,10   [ RunTime:0.000413s ]
ERR: 1146:Table 'shidayeshi.jzs_role' doesn't exist
 [ SQL语句 ] : SELECT * FROM `fyd_user` left JOIN jzs_role ON jzs_role.roleid=jzs_user.groupid LIMIT 0,10  
INFO: [ view_parse ] --START--
INFO: ParseTemplate Behavior ::run [ RunTime:0.010752s ]
INFO: [ view_parse ] --END-- [ RunTime:0.010844s ]
INFO: [ view_filter ] --START--
INFO: ContentReplace Behavior ::run [ RunTime:0.000495s ]
INFO: TokenBuild Behavior ::run [ RunTime:0.000372s ]
INFO: WriteHtmlCache Behavior ::run [ RunTime:0.000263s ]
INFO: ShowRuntime Behavior ::run [ RunTime:0.000409s ]
INFO: [ view_filter ] --END-- [ RunTime:0.001722s ]
INFO: [ view_end ] --START--
INFO: ShowPageTrace Behavior ::run [ RunTime:0.000503s ]
INFO: [ view_end ] --END-- [ RunTime:0.000577s ]

[ 2015-07-10T16:13:11+08:00 ] 127.0.0.1 /index.php/Shop/index.html
INFO: [ route_check ] --START--
INFO: CheckRoute Behavior ::run [ RunTime:0.000683s ]
INFO: [ route_check ] --END-- [ RunTime:0.000797s ]
INFO: [ app_begin ] --START--
INFO: ReadHtmlCache Behavior ::run [ RunTime:0.000504s ]
INFO: [ app_begin ] --END-- [ RunTime:0.000588s ]
SQL: SHOW COLUMNS FROM `fyd_shop` [ RunTime:0.003878s ]
SQL: SELECT COUNT(*) AS tp_count FROM `fyd_shop` LIMIT 1   [ RunTime:0.000245s ]
SQL: SELECT * FROM `fyd_shop` LIMIT 0,10   [ RunTime:0.000198s ]
INFO: [ view_parse ] --START--
INFO: ParseTemplate Behavior ::run [ RunTime:0.011527s ]
INFO: [ view_parse ] --END-- [ RunTime:0.011628s ]
INFO: [ view_filter ] --START--
INFO: ContentReplace Behavior ::run [ RunTime:0.000428s ]
INFO: TokenBuild Behavior ::run [ RunTime:0.000322s ]
INFO: WriteHtmlCache Behavior ::run [ RunTime:0.000217s ]
INFO: ShowRuntime Behavior ::run [ RunTime:0.000364s ]
INFO: [ view_filter ] --END-- [ RunTime:0.001506s ]
INFO: [ view_end ] --START--
INFO: ShowPageTrace Behavior ::run [ RunTime:0.000433s ]
INFO: [ view_end ] --END-- [ RunTime:0.000498s ]

[ 2015-07-10T16:14:56+08:00 ] 127.0.0.1 /index.php/Shop/index.html
INFO: [ route_check ] --START--
INFO: CheckRoute Behavior ::run [ RunTime:0.000604s ]
INFO: [ route_check ] --END-- [ RunTime:0.000704s ]
INFO: [ app_begin ] --START--
INFO: ReadHtmlCache Behavior ::run [ RunTime:0.000422s ]
INFO: [ app_begin ] --END-- [ RunTime:0.000496s ]
SQL: SHOW COLUMNS FROM `fyd_shop` [ RunTime:0.003978s ]
SQL: SELECT COUNT(*) AS tp_count FROM `fyd_shop` LIMIT 1   [ RunTime:0.000248s ]
SQL: SELECT * FROM `fyd_shop` LIMIT 0,10   [ RunTime:0.000171s ]
INFO: [ view_parse ] --START--
INFO: ParseTemplate Behavior ::run [ RunTime:0.010492s ]
INFO: [ view_parse ] --END-- [ RunTime:0.010585s ]
INFO: [ view_filter ] --START--
INFO: ContentReplace Behavior ::run [ RunTime:0.000421s ]
INFO: TokenBuild Behavior ::run [ RunTime:0.000316s ]
INFO: WriteHtmlCache Behavior ::run [ RunTime:0.000349s ]
INFO: ShowRuntime Behavior ::run [ RunTime:0.000375s ]
INFO: [ view_filter ] --END-- [ RunTime:0.001644s ]
INFO: [ view_end ] --START--
INFO: ShowPageTrace Behavior ::run [ RunTime:0.000500s ]
INFO: [ view_end ] --END-- [ RunTime:0.000576s ]

[ 2015-07-10T16:14:58+08:00 ] 127.0.0.1 /index.php/Shop/index.html
INFO: [ route_check ] --START--
INFO: CheckRoute Behavior ::run [ RunTime:0.000705s ]
INFO: [ route_check ] --END-- [ RunTime:0.000857s ]
INFO: [ app_begin ] --START--
INFO: ReadHtmlCache Behavior ::run [ RunTime:0.000574s ]
INFO: [ app_begin ] --END-- [ RunTime:0.000650s ]
SQL: SHOW COLUMNS FROM `fyd_shop` [ RunTime:0.003508s ]
SQL: SELECT COUNT(*) AS tp_count FROM `fyd_shop` LIMIT 1   [ RunTime:0.000315s ]
SQL: SELECT * FROM `fyd_shop` LIMIT 0,10   [ RunTime:0.000220s ]
INFO: [ view_parse ] --START--
INFO: ParseTemplate Behavior ::run [ RunTime:0.010969s ]
INFO: [ view_parse ] --END-- [ RunTime:0.011078s ]
INFO: [ view_filter ] --START--
INFO: ContentReplace Behavior ::run [ RunTime:0.000429s ]
INFO: TokenBuild Behavior ::run [ RunTime:0.000316s ]
INFO: WriteHtmlCache Behavior ::run [ RunTime:0.000218s ]
INFO: ShowRuntime Behavior ::run [ RunTime:0.000351s ]
INFO: [ view_filter ] --END-- [ RunTime:0.001486s ]
INFO: [ view_end ] --START--
INFO: ShowPageTrace Behavior ::run [ RunTime:0.000449s ]
INFO: [ view_end ] --END-- [ RunTime:0.000514s ]

[ 2015-07-10T16:15:02+08:00 ] 127.0.0.1 /index.php/Shop/index.html
INFO: [ route_check ] --START--
INFO: CheckRoute Behavior ::run [ RunTime:0.000666s ]
INFO: [ route_check ] --END-- [ RunTime:0.000782s ]
INFO: [ app_begin ] --START--
INFO: ReadHtmlCache Behavior ::run [ RunTime:0.000784s ]
INFO: [ app_begin ] --END-- [ RunTime:0.000877s ]
SQL: SHOW COLUMNS FROM `fyd_shop` [ RunTime:0.004646s ]
SQL: SELECT COUNT(*) AS tp_count FROM `fyd_shop` LIMIT 1   [ RunTime:0.000262s ]
SQL: SELECT * FROM `fyd_shop` LIMIT 0,10   [ RunTime:0.000210s ]
INFO: [ view_parse ] --START--
INFO: ParseTemplate Behavior ::run [ RunTime:0.012898s ]
INFO: [ view_parse ] --END-- [ RunTime:0.013015s ]
INFO: [ view_filter ] --START--
INFO: ContentReplace Behavior ::run [ RunTime:0.000866s ]
INFO: TokenBuild Behavior ::run [ RunTime:0.000657s ]
INFO: WriteHtmlCache Behavior ::run [ RunTime:0.000320s ]
INFO: ShowRuntime Behavior ::run [ RunTime:0.000411s ]
INFO: [ view_filter ] --END-- [ RunTime:0.002513s ]
INFO: [ view_end ] --START--
INFO: ShowPageTrace Behavior ::run [ RunTime:0.000507s ]
INFO: [ view_end ] --END-- [ RunTime:0.000580s ]

[ 2015-07-10T16:18:16+08:00 ] 127.0.0.1 /index.php/Shop/index.html
INFO: [ route_check ] --START--
INFO: CheckRoute Behavior ::run [ RunTime:0.000706s ]
INFO: [ route_check ] --END-- [ RunTime:0.000815s ]
INFO: [ app_begin ] --START--
INFO: ReadHtmlCache Behavior ::run [ RunTime:0.000666s ]
INFO: [ app_begin ] --END-- [ RunTime:0.000754s ]
SQL: SHOW COLUMNS FROM `fyd_shop` [ RunTime:0.002954s ]
SQL: SELECT COUNT(*) AS tp_count FROM `fyd_shop` LIMIT 1   [ RunTime:0.000241s ]
SQL: SELECT * FROM `fyd_shop` LIMIT 0,10   [ RunTime:0.000179s ]
INFO: [ view_parse ] --START--
INFO: ParseTemplate Behavior ::run [ RunTime:0.011453s ]
INFO: [ view_parse ] --END-- [ RunTime:0.011585s ]
INFO: [ view_filter ] --START--
INFO: ContentReplace Behavior ::run [ RunTime:0.000644s ]
INFO: TokenBuild Behavior ::run [ RunTime:0.000414s ]
INFO: WriteHtmlCache Behavior ::run [ RunTime:0.000304s ]
INFO: ShowRuntime Behavior ::run [ RunTime:0.000667s ]
INFO: [ view_filter ] --END-- [ RunTime:0.002262s ]
INFO: [ view_end ] --START--
INFO: ShowPageTrace Behavior ::run [ RunTime:0.000497s ]
INFO: [ view_end ] --END-- [ RunTime:0.000561s ]

[ 2015-07-10T16:18:18+08:00 ] 127.0.0.1 /index.php/Bill/index.html
INFO: [ route_check ] --START--
INFO: CheckRoute Behavior ::run [ RunTime:0.001196s ]
INFO: [ route_check ] --END-- [ RunTime:0.001352s ]
INFO: [ app_begin ] --START--
INFO: ReadHtmlCache Behavior ::run [ RunTime:0.000921s ]
INFO: [ app_begin ] --END-- [ RunTime:0.001080s ]
ERR: 无法加载模块:Bill

[ 2015-07-10T16:18:21+08:00 ] 127.0.0.1 /index.php/User/index.html
INFO: [ route_check ] --START--
INFO: CheckRoute Behavior ::run [ RunTime:0.000718s ]
INFO: [ route_check ] --END-- [ RunTime:0.000822s ]
INFO: [ app_begin ] --START--
INFO: ReadHtmlCache Behavior ::run [ RunTime:0.000553s ]
INFO: [ app_begin ] --END-- [ RunTime:0.000639s ]
SQL: SHOW COLUMNS FROM `fyd_user` [ RunTime:0.004302s ]
SQL: SELECT COUNT(*) AS tp_count FROM `fyd_user` LIMIT 1   [ RunTime:0.000486s ]
SQL: SELECT * FROM `fyd_user` left JOIN jzs_role ON jzs_role.roleid=jzs_user.groupid LIMIT 0,10   [ RunTime:0.000309s ]
ERR: 1146:Table 'shidayeshi.jzs_role' doesn't exist
 [ SQL语句 ] : SELECT * FROM `fyd_user` left JOIN jzs_role ON jzs_role.roleid=jzs_user.groupid LIMIT 0,10  
INFO: [ view_parse ] --START--
INFO: ParseTemplate Behavior ::run [ RunTime:0.011088s ]
INFO: [ view_parse ] --END-- [ RunTime:0.011187s ]
INFO: [ view_filter ] --START--
INFO: ContentReplace Behavior ::run [ RunTime:0.000501s ]
INFO: TokenBuild Behavior ::run [ RunTime:0.000341s ]
INFO: WriteHtmlCache Behavior ::run [ RunTime:0.000252s ]
INFO: ShowRuntime Behavior ::run [ RunTime:0.000516s ]
INFO: [ view_filter ] --END-- [ RunTime:0.001815s ]
INFO: [ view_end ] --START--
INFO: ShowPageTrace Behavior ::run [ RunTime:0.000600s ]
INFO: [ view_end ] --END-- [ RunTime:0.000678s ]

[ 2015-07-10T16:18:22+08:00 ] 127.0.0.1 /index.php/Shangpin/index.html
INFO: [ route_check ] --START--
INFO: CheckRoute Behavior ::run [ RunTime:0.000574s ]
INFO: [ route_check ] --END-- [ RunTime:0.000675s ]
INFO: [ app_begin ] --START--
INFO: ReadHtmlCache Behavior ::run [ RunTime:0.000551s ]
INFO: [ app_begin ] --END-- [ RunTime:0.000631s ]
SQL: SHOW COLUMNS FROM `fyd_video` [ RunTime:0.003078s ]
ERR: 1146:Table 'shidayeshi.fyd_video' doesn't exist
 [ SQL语句 ] : SHOW COLUMNS FROM `fyd_video`
SQL: SELECT COUNT(*) AS tp_count FROM `fyd_video` LIMIT 1   [ RunTime:0.000460s ]
ERR: 1146:Table 'shidayeshi.fyd_video' doesn't exist
 [ SQL语句 ] : SELECT COUNT(*) AS tp_count FROM `fyd_video` LIMIT 1  
SQL: SELECT * FROM `fyd_video` LIMIT 0,10   [ RunTime:0.000501s ]
ERR: 1146:Table 'shidayeshi.fyd_video' doesn't exist
 [ SQL语句 ] : SELECT * FROM `fyd_video` LIMIT 0,10  
ERR: 模板不存在[Home/Tpl/Shangpin/video.html]

[ 2015-07-10T16:18:27+08:00 ] 127.0.0.1 /index.php/User/index.html
INFO: [ route_check ] --START--
INFO: CheckRoute Behavior ::run [ RunTime:0.000538s ]
INFO: [ route_check ] --END-- [ RunTime:0.000632s ]
INFO: [ app_begin ] --START--
INFO: ReadHtmlCache Behavior ::run [ RunTime:0.000394s ]
INFO: [ app_begin ] --END-- [ RunTime:0.000462s ]
SQL: SHOW COLUMNS FROM `fyd_user` [ RunTime:0.004818s ]
SQL: SELECT COUNT(*) AS tp_count FROM `fyd_user` LIMIT 1   [ RunTime:0.000299s ]
SQL: SELECT * FROM `fyd_user` left JOIN jzs_role ON jzs_role.roleid=jzs_user.groupid LIMIT 0,10   [ RunTime:0.000271s ]
ERR: 1146:Table 'shidayeshi.jzs_role' doesn't exist
 [ SQL语句 ] : SELECT * FROM `fyd_user` left JOIN jzs_role ON jzs_role.roleid=jzs_user.groupid LIMIT 0,10  
INFO: [ view_parse ] --START--
INFO: ParseTemplate Behavior ::run [ RunTime:0.010421s ]
INFO: [ view_parse ] --END-- [ RunTime:0.010580s ]
INFO: [ view_filter ] --START--
INFO: ContentReplace Behavior ::run [ RunTime:0.000733s ]
INFO: TokenBuild Behavior ::run [ RunTime:0.000494s ]
INFO: WriteHtmlCache Behavior ::run [ RunTime:0.000296s ]
INFO: ShowRuntime Behavior ::run [ RunTime:0.000393s ]
INFO: [ view_filter ] --END-- [ RunTime:0.002158s ]
INFO: [ view_end ] --START--
INFO: ShowPageTrace Behavior ::run [ RunTime:0.000933s ]
INFO: [ view_end ] --END-- [ RunTime:0.001030s ]

[ 2015-07-10T16:18:30+08:00 ] 127.0.0.1 /index.php/Shangpin/index.html
INFO: [ route_check ] --START--
INFO: CheckRoute Behavior ::run [ RunTime:0.000830s ]
INFO: [ route_check ] --END-- [ RunTime:0.000980s ]
INFO: [ app_begin ] --START--
INFO: ReadHtmlCache Behavior ::run [ RunTime:0.000565s ]
INFO: [ app_begin ] --END-- [ RunTime:0.000647s ]
SQL: SHOW COLUMNS FROM `fyd_video` [ RunTime:0.003332s ]
ERR: 1146:Table 'shidayeshi.fyd_video' doesn't exist
 [ SQL语句 ] : SHOW COLUMNS FROM `fyd_video`
SQL: SELECT COUNT(*) AS tp_count FROM `fyd_video` LIMIT 1   [ RunTime:0.000429s ]
ERR: 1146:Table 'shidayeshi.fyd_video' doesn't exist
 [ SQL语句 ] : SELECT COUNT(*) AS tp_count FROM `fyd_video` LIMIT 1  
SQL: SELECT * FROM `fyd_video` LIMIT 0,10   [ RunTime:0.000234s ]
ERR: 1146:Table 'shidayeshi.fyd_video' doesn't exist
 [ SQL语句 ] : SELECT * FROM `fyd_video` LIMIT 0,10  
ERR: 模板不存在[Home/Tpl/Shangpin/video.html]

[ 2015-07-10T16:18:34+08:00 ] 127.0.0.1 /index.php/Shop/index.html
INFO: [ route_check ] --START--
INFO: CheckRoute Behavior ::run [ RunTime:0.000601s ]
INFO: [ route_check ] --END-- [ RunTime:0.000704s ]
INFO: [ app_begin ] --START--
INFO: ReadHtmlCache Behavior ::run [ RunTime:0.000437s ]
INFO: [ app_begin ] --END-- [ RunTime:0.000507s ]
SQL: SHOW COLUMNS FROM `fyd_shop` [ RunTime:0.003351s ]
SQL: SELECT COUNT(*) AS tp_count FROM `fyd_shop` LIMIT 1   [ RunTime:0.000276s ]
SQL: SELECT * FROM `fyd_shop` LIMIT 0,10   [ RunTime:0.000174s ]
INFO: [ view_parse ] --START--
INFO: ParseTemplate Behavior ::run [ RunTime:0.010446s ]
INFO: [ view_parse ] --END-- [ RunTime:0.010554s ]
INFO: [ view_filter ] --START--
INFO: ContentReplace Behavior ::run [ RunTime:0.000616s ]
INFO: TokenBuild Behavior ::run [ RunTime:0.000440s ]
INFO: WriteHtmlCache Behavior ::run [ RunTime:0.000284s ]
INFO: ShowRuntime Behavior ::run [ RunTime:0.000369s ]
INFO: [ view_filter ] --END-- [ RunTime:0.001927s ]
INFO: [ view_end ] --START--
INFO: ShowPageTrace Behavior ::run [ RunTime:0.000407s ]
INFO: [ view_end ] --END-- [ RunTime:0.000473s ]

[ 2015-07-10T16:18:36+08:00 ] 127.0.0.1 /index.php/Member/index.html
INFO: [ route_check ] --START--
INFO: CheckRoute Behavior ::run [ RunTime:0.000767s ]
INFO: [ route_check ] --END-- [ RunTime:0.000870s ]
INFO: [ app_begin ] --START--
INFO: ReadHtmlCache Behavior ::run [ RunTime:0.000580s ]
INFO: [ app_begin ] --END-- [ RunTime:0.000663s ]
SQL: SHOW COLUMNS FROM `fyd_member` [ RunTime:0.003376s ]
SQL: SELECT COUNT(*) AS tp_count FROM `fyd_member` LIMIT 1   [ RunTime:0.000227s ]
SQL: SELECT * FROM `fyd_member` LIMIT 0,20   [ RunTime:0.000172s ]
INFO: [ view_parse ] --START--
INFO: ParseTemplate Behavior ::run [ RunTime:0.011312s ]
INFO: [ view_parse ] --END-- [ RunTime:0.011433s ]
INFO: [ view_filter ] --START--
INFO: ContentReplace Behavior ::run [ RunTime:0.000691s ]
INFO: TokenBuild Behavior ::run [ RunTime:0.000468s ]
INFO: WriteHtmlCache Behavior ::run [ RunTime:0.000278s ]
INFO: ShowRuntime Behavior ::run [ RunTime:0.000400s ]
INFO: [ view_filter ] --END-- [ RunTime:0.002040s ]
INFO: [ view_end ] --START--
INFO: ShowPageTrace Behavior ::run [ RunTime:0.000446s ]
INFO: [ view_end ] --END-- [ RunTime:0.000508s ]

[ 2015-07-10T16:18:37+08:00 ] 127.0.0.1 /index.php/Member/index.php/m/Config/a/index
INFO: [ route_check ] --START--
INFO: CheckRoute Behavior ::run [ RunTime:0.000566s ]
INFO: [ route_check ] --END-- [ RunTime:0.000667s ]
INFO: [ app_begin ] --START--
INFO: ReadHtmlCache Behavior ::run [ RunTime:0.000439s ]
INFO: [ app_begin ] --END-- [ RunTime:0.000515s ]
SQL: SHOW COLUMNS FROM `fyd_config` [ RunTime:0.006633s ]
SQL: SELECT * FROM `fyd_config`  [ RunTime:0.000334s ]
INFO: [ view_parse ] --START--
INFO: ParseTemplate Behavior ::run [ RunTime:0.009662s ]
INFO: [ view_parse ] --END-- [ RunTime:0.009753s ]
INFO: [ view_filter ] --START--
INFO: ContentReplace Behavior ::run [ RunTime:0.000421s ]
INFO: TokenBuild Behavior ::run [ RunTime:0.000356s ]
INFO: WriteHtmlCache Behavior ::run [ RunTime:0.000302s ]
INFO: ShowRuntime Behavior ::run [ RunTime:0.000400s ]
INFO: [ view_filter ] --END-- [ RunTime:0.001675s ]
INFO: [ view_end ] --START--
INFO: ShowPageTrace Behavior ::run [ RunTime:0.000458s ]
INFO: [ view_end ] --END-- [ RunTime:0.000522s ]

[ 2015-07-10T16:23:48+08:00 ] 127.0.0.1 /index.php/Member/index.php/m/Config/a/index.php/m/Config/a/index
INFO: [ route_check ] --START--
INFO: CheckRoute Behavior ::run [ RunTime:0.000678s ]
INFO: [ route_check ] --END-- [ RunTime:0.000771s ]
INFO: [ app_begin ] --START--
INFO: ReadHtmlCache Behavior ::run [ RunTime:0.000511s ]
INFO: [ app_begin ] --END-- [ RunTime:0.000590s ]
SQL: SHOW COLUMNS FROM `fyd_config` [ RunTime:0.005084s ]
SQL: SELECT * FROM `fyd_config`  [ RunTime:0.000473s ]
INFO: [ view_parse ] --START--
INFO: ParseTemplate Behavior ::run [ RunTime:0.009515s ]
INFO: [ view_parse ] --END-- [ RunTime:0.009618s ]
INFO: [ view_filter ] --START--
INFO: ContentReplace Behavior ::run [ RunTime:0.000455s ]
INFO: TokenBuild Behavior ::run [ RunTime:0.000423s ]
INFO: WriteHtmlCache Behavior ::run [ RunTime:0.000321s ]
INFO: ShowRuntime Behavior ::run [ RunTime:0.000423s ]
INFO: [ view_filter ] --END-- [ RunTime:0.001817s ]
INFO: [ view_end ] --START--
INFO: ShowPageTrace Behavior ::run [ RunTime:0.000552s ]
INFO: [ view_end ] --END-- [ RunTime:0.000621s ]

[ 2015-07-10T16:23:51+08:00 ] 127.0.0.1 /index.php/Shop/index.html
INFO: [ route_check ] --START--
INFO: CheckRoute Behavior ::run [ RunTime:0.000762s ]
INFO: [ route_check ] --END-- [ RunTime:0.000881s ]
INFO: [ app_begin ] --START--
INFO: ReadHtmlCache Behavior ::run [ RunTime:0.000536s ]
INFO: [ app_begin ] --END-- [ RunTime:0.000623s ]
SQL: SHOW COLUMNS FROM `fyd_shop` [ RunTime:0.004606s ]
SQL: SELECT COUNT(*) AS tp_count FROM `fyd_shop` LIMIT 1   [ RunTime:0.000323s ]
SQL: SELECT * FROM `fyd_shop` LIMIT 0,10   [ RunTime:0.000311s ]
INFO: [ view_parse ] --START--
INFO: ParseTemplate Behavior ::run [ RunTime:0.010399s ]
INFO: [ view_parse ] --END-- [ RunTime:0.010574s ]
INFO: [ view_filter ] --START--
INFO: ContentReplace Behavior ::run [ RunTime:0.000474s ]
INFO: TokenBuild Behavior ::run [ RunTime:0.000655s ]
INFO: WriteHtmlCache Behavior ::run [ RunTime:0.000352s ]
INFO: ShowRuntime Behavior ::run [ RunTime:0.000588s ]
INFO: [ view_filter ] --END-- [ RunTime:0.002315s ]
INFO: [ view_end ] --START--
INFO: ShowPageTrace Behavior ::run [ RunTime:0.000504s ]
INFO: [ view_end ] --END-- [ RunTime:0.000584s ]

[ 2015-07-10T16:27:42+08:00 ] 127.0.0.1 /index.php/Shop/index.html
INFO: [ route_check ] --START--
INFO: CheckRoute Behavior ::run [ RunTime:0.001036s ]
INFO: [ route_check ] --END-- [ RunTime:0.001161s ]
INFO: [ app_begin ] --START--
INFO: ReadHtmlCache Behavior ::run [ RunTime:0.000521s ]
INFO: [ app_begin ] --END-- [ RunTime:0.000605s ]
SQL: SHOW COLUMNS FROM `fyd_shop` [ RunTime:0.003914s ]
SQL: SELECT COUNT(*) AS tp_count FROM `fyd_shop` LIMIT 1   [ RunTime:0.000635s ]
SQL: SELECT * FROM `fyd_shop` LIMIT 0,10   [ RunTime:0.000440s ]
INFO: [ view_parse ] --START--
INFO: ParseTemplate Behavior ::run [ RunTime:0.011386s ]
INFO: [ view_parse ] --END-- [ RunTime:0.011537s ]
INFO: [ view_filter ] --START--
INFO: ContentReplace Behavior ::run [ RunTime:0.000665s ]
INFO: TokenBuild Behavior ::run [ RunTime:0.000503s ]
INFO: WriteHtmlCache Behavior ::run [ RunTime:0.000319s ]
INFO: ShowRuntime Behavior ::run [ RunTime:0.000511s ]
INFO: [ view_filter ] --END-- [ RunTime:0.002230s ]
INFO: [ view_end ] --START--
INFO: ShowPageTrace Behavior ::run [ RunTime:0.000460s ]
INFO: [ view_end ] --END-- [ RunTime:0.000527s ]

