[ 2015-04-02T22:15:42+08:00 ] 127.0.0.1 /index.php/Index/table.html
INFO: [ route_check ] --START--
INFO: CheckRoute Behavior ::run [ RunTime:0.002001s ]
INFO: [ route_check ] --END-- [ RunTime:0.002001s ]
INFO: [ app_begin ] --START--
INFO: ReadHtmlCache Behavior ::run [ RunTime:0.001000s ]
INFO: [ app_begin ] --END-- [ RunTime:0.002000s ]
SQL: SHOW COLUMNS FROM `com_user` [ RunTime:0.007000s ]
SQL: SELECT COUNT(*) AS tp_count FROM `com_user` LIMIT 1   [ RunTime:0.000000s ]
SQL: SELECT * FROM `com_user` left JOIN com_authgroup ON com_user.groupid=com_authgroup.groupid LIMIT 0,5   [ RunTime:0.001000s ]
SQL: SHOW COLUMNS FROM `com_saishi` [ RunTime:0.006001s ]
SQL: SELECT COUNT(*) AS tp_count FROM `com_saishi` LIMIT 1   [ RunTime:0.001000s ]
SQL: SELECT * FROM `com_saishi` LIMIT 0,5   [ RunTime:0.000000s ]
SQL: SHOW COLUMNS FROM `com_saishicate` [ RunTime:0.006000s ]
SQL: SELECT COUNT(*) AS tp_count FROM `com_saishicate` LIMIT 1   [ RunTime:0.001000s ]
SQL: SELECT * FROM `com_saishicate` left JOIN com_saishiarea ON com_saishiarea.saishiareaid=com_saishicate.saishiareaid LIMIT 0,5   [ RunTime:0.003000s ]
INFO: [ view_parse ] --START--
INFO: ParseTemplate Behavior ::run [ RunTime:0.042002s ]
INFO: [ view_parse ] --END-- [ RunTime:0.042002s ]
INFO: [ view_filter ] --START--
INFO: ContentReplace Behavior ::run [ RunTime:0.002000s ]
INFO: TokenBuild Behavior ::run [ RunTime:0.002000s ]
INFO: WriteHtmlCache Behavior ::run [ RunTime:0.001000s ]
INFO: ShowRuntime Behavior ::run [ RunTime:0.001000s ]
INFO: [ view_filter ] --END-- [ RunTime:0.006000s ]
INFO: [ view_end ] --START--
INFO: ShowPageTrace Behavior ::run [ RunTime:0.001000s ]
INFO: [ view_end ] --END-- [ RunTime:0.001000s ]

[ 2015-04-02T22:15:42+08:00 ] 127.0.0.1 /index.php/Index/table.html
INFO: [ route_check ] --START--
INFO: CheckRoute Behavior ::run [ RunTime:0.002000s ]
INFO: [ route_check ] --END-- [ RunTime:0.003000s ]
INFO: [ app_begin ] --START--
INFO: ReadHtmlCache Behavior ::run [ RunTime:0.001000s ]
INFO: [ app_begin ] --END-- [ RunTime:0.002000s ]
SQL: SHOW COLUMNS FROM `com_user` [ RunTime:0.007001s ]
SQL: SELECT COUNT(*) AS tp_count FROM `com_user` LIMIT 1   [ RunTime:0.001000s ]
SQL: SELECT * FROM `com_user` left JOIN com_authgroup ON com_user.groupid=com_authgroup.groupid LIMIT 0,5   [ RunTime:0.001000s ]
SQL: SHOW COLUMNS FROM `com_saishi` [ RunTime:0.008000s ]
SQL: SELECT COUNT(*) AS tp_count FROM `com_saishi` LIMIT 1   [ RunTime:0.001001s ]
SQL: SELECT * FROM `com_saishi` LIMIT 0,5   [ RunTime:0.001000s ]
SQL: SHOW COLUMNS FROM `com_saishicate` [ RunTime:0.010000s ]
SQL: SELECT COUNT(*) AS tp_count FROM `com_saishicate` LIMIT 1   [ RunTime:0.000000s ]
SQL: SELECT * FROM `com_saishicate` left JOIN com_saishiarea ON com_saishiarea.saishiareaid=com_saishicate.saishiareaid LIMIT 0,5   [ RunTime:0.000000s ]
INFO: [ view_parse ] --START--
INFO: ParseTemplate Behavior ::run [ RunTime:0.049003s ]
INFO: [ view_parse ] --END-- [ RunTime:0.050003s ]
INFO: [ view_filter ] --START--
INFO: ContentReplace Behavior ::run [ RunTime:0.002000s ]
INFO: TokenBuild Behavior ::run [ RunTime:0.001000s ]
INFO: WriteHtmlCache Behavior ::run [ RunTime:0.001000s ]
INFO: ShowRuntime Behavior ::run [ RunTime:0.002000s ]
INFO: [ view_filter ] --END-- [ RunTime:0.006000s ]
INFO: [ view_end ] --START--
INFO: ShowPageTrace Behavior ::run [ RunTime:0.002000s ]
INFO: [ view_end ] --END-- [ RunTime:0.002000s ]

[ 2015-04-02T22:18:25+08:00 ] 127.0.0.1 /index.php/Index/table.html
INFO: [ route_check ] --START--
INFO: CheckRoute Behavior ::run [ RunTime:0.003000s ]
INFO: [ route_check ] --END-- [ RunTime:0.003000s ]
INFO: [ app_begin ] --START--
INFO: ReadHtmlCache Behavior ::run [ RunTime:0.001000s ]
INFO: [ app_begin ] --END-- [ RunTime:0.002001s ]
SQL: SHOW COLUMNS FROM `com_user` [ RunTime:0.009000s ]
SQL: SELECT COUNT(*) AS tp_count FROM `com_user` LIMIT 1   [ RunTime:0.000000s ]
SQL: SELECT * FROM `com_user` left JOIN com_authgroup ON com_user.groupid=com_authgroup.groupid LIMIT 0,5   [ RunTime:0.001000s ]
SQL: SHOW COLUMNS FROM `com_saishi` [ RunTime:0.006000s ]
SQL: SELECT COUNT(*) AS tp_count FROM `com_saishi` LIMIT 1   [ RunTime:0.001000s ]
SQL: SELECT * FROM `com_saishi` LIMIT 0,5   [ RunTime:0.001000s ]
SQL: SHOW COLUMNS FROM `com_saishicate` [ RunTime:0.008001s ]
SQL: SELECT COUNT(*) AS tp_count FROM `com_saishicate` LIMIT 1   [ RunTime:0.001000s ]
SQL: SELECT * FROM `com_saishicate` left JOIN com_saishiarea ON com_saishiarea.saishiareaid=com_saishicate.saishiareaid LIMIT 0,5   [ RunTime:0.001000s ]
INFO: [ view_parse ] --START--
INFO: ParseTemplate Behavior ::run [ RunTime:0.047003s ]
INFO: [ view_parse ] --END-- [ RunTime:0.048003s ]
INFO: [ view_filter ] --START--
INFO: ContentReplace Behavior ::run [ RunTime:0.002000s ]
INFO: TokenBuild Behavior ::run [ RunTime:0.002000s ]
INFO: WriteHtmlCache Behavior ::run [ RunTime:0.002000s ]
INFO: ShowRuntime Behavior ::run [ RunTime:0.004000s ]
INFO: [ view_filter ] --END-- [ RunTime:0.010000s ]
INFO: [ view_end ] --START--
INFO: ShowPageTrace Behavior ::run [ RunTime:0.002001s ]
INFO: [ view_end ] --END-- [ RunTime:0.002001s ]

[ 2015-04-02T22:18:25+08:00 ] 127.0.0.1 /index.php/Index/table.html
INFO: [ route_check ] --START--
INFO: CheckRoute Behavior ::run [ RunTime:0.001000s ]
INFO: [ route_check ] --END-- [ RunTime:0.001000s ]
INFO: [ app_begin ] --START--
INFO: ReadHtmlCache Behavior ::run [ RunTime:0.002000s ]
INFO: [ app_begin ] --END-- [ RunTime:0.003000s ]
SQL: SHOW COLUMNS FROM `com_user` [ RunTime:0.008000s ]
SQL: SELECT COUNT(*) AS tp_count FROM `com_user` LIMIT 1   [ RunTime:0.001000s ]
SQL: SELECT * FROM `com_user` left JOIN com_authgroup ON com_user.groupid=com_authgroup.groupid LIMIT 0,5   [ RunTime:0.003000s ]
SQL: SHOW COLUMNS FROM `com_saishi` [ RunTime:0.008000s ]
SQL: SELECT COUNT(*) AS tp_count FROM `com_saishi` LIMIT 1   [ RunTime:0.000000s ]
SQL: SELECT * FROM `com_saishi` LIMIT 0,5   [ RunTime:0.001000s ]
SQL: SHOW COLUMNS FROM `com_saishicate` [ RunTime:0.007000s ]
SQL: SELECT COUNT(*) AS tp_count FROM `com_saishicate` LIMIT 1   [ RunTime:0.000000s ]
SQL: SELECT * FROM `com_saishicate` left JOIN com_saishiarea ON com_saishiarea.saishiareaid=com_saishicate.saishiareaid LIMIT 0,5   [ RunTime:0.001000s ]
INFO: [ view_parse ] --START--
INFO: ParseTemplate Behavior ::run [ RunTime:0.055003s ]
INFO: [ view_parse ] --END-- [ RunTime:0.055003s ]
INFO: [ view_filter ] --START--
INFO: ContentReplace Behavior ::run [ RunTime:0.002000s ]
INFO: TokenBuild Behavior ::run [ RunTime:0.002000s ]
INFO: WriteHtmlCache Behavior ::run [ RunTime:0.001000s ]
INFO: ShowRuntime Behavior ::run [ RunTime:0.002000s ]
INFO: [ view_filter ] --END-- [ RunTime:0.007000s ]
INFO: [ view_end ] --START--
INFO: ShowPageTrace Behavior ::run [ RunTime:0.002000s ]
INFO: [ view_end ] --END-- [ RunTime:0.002000s ]

[ 2015-04-02T22:18:32+08:00 ] 127.0.0.1 /index.php/Index/table/p/2.html
INFO: [ route_check ] --START--
INFO: CheckRoute Behavior ::run [ RunTime:0.003000s ]
INFO: [ route_check ] --END-- [ RunTime:0.003000s ]
INFO: [ app_begin ] --START--
INFO: ReadHtmlCache Behavior ::run [ RunTime:0.002000s ]
INFO: [ app_begin ] --END-- [ RunTime:0.002000s ]
SQL: SHOW COLUMNS FROM `com_user` [ RunTime:0.008001s ]
SQL: SELECT COUNT(*) AS tp_count FROM `com_user` LIMIT 1   [ RunTime:0.000000s ]
SQL: SELECT * FROM `com_user` left JOIN com_authgroup ON com_user.groupid=com_authgroup.groupid LIMIT 5,5   [ RunTime:0.001000s ]
SQL: SHOW COLUMNS FROM `com_saishi` [ RunTime:0.008001s ]
SQL: SELECT COUNT(*) AS tp_count FROM `com_saishi` LIMIT 1   [ RunTime:0.000000s ]
SQL: SELECT * FROM `com_saishi` LIMIT 5,5   [ RunTime:0.001000s ]
SQL: SHOW COLUMNS FROM `com_saishicate` [ RunTime:0.008000s ]
SQL: SELECT COUNT(*) AS tp_count FROM `com_saishicate` LIMIT 1   [ RunTime:0.001001s ]
SQL: SELECT * FROM `com_saishicate` left JOIN com_saishiarea ON com_saishiarea.saishiareaid=com_saishicate.saishiareaid LIMIT 5,5   [ RunTime:0.000000s ]
INFO: [ view_parse ] --START--
INFO: ParseTemplate Behavior ::run [ RunTime:0.047002s ]
INFO: [ view_parse ] --END-- [ RunTime:0.048003s ]
INFO: [ view_filter ] --START--
INFO: ContentReplace Behavior ::run [ RunTime:0.002000s ]
INFO: TokenBuild Behavior ::run [ RunTime:0.001000s ]
INFO: WriteHtmlCache Behavior ::run [ RunTime:0.001000s ]
INFO: ShowRuntime Behavior ::run [ RunTime:0.002000s ]
INFO: [ view_filter ] --END-- [ RunTime:0.009000s ]
INFO: [ view_end ] --START--
INFO: ShowPageTrace Behavior ::run [ RunTime:0.002000s ]
INFO: [ view_end ] --END-- [ RunTime:0.003000s ]

[ 2015-04-02T22:18:32+08:00 ] 127.0.0.1 /index.php/Index/table/p/2.html
INFO: [ route_check ] --START--
INFO: CheckRoute Behavior ::run [ RunTime:0.001000s ]
INFO: [ route_check ] --END-- [ RunTime:0.002000s ]
INFO: [ app_begin ] --START--
INFO: ReadHtmlCache Behavior ::run [ RunTime:0.002000s ]
INFO: [ app_begin ] --END-- [ RunTime:0.002000s ]
SQL: SHOW COLUMNS FROM `com_user` [ RunTime:0.007001s ]
SQL: SELECT COUNT(*) AS tp_count FROM `com_user` LIMIT 1   [ RunTime:0.000000s ]
SQL: SELECT * FROM `com_user` left JOIN com_authgroup ON com_user.groupid=com_authgroup.groupid LIMIT 5,5   [ RunTime:0.001000s ]
SQL: SHOW COLUMNS FROM `com_saishi` [ RunTime:0.008000s ]
SQL: SELECT COUNT(*) AS tp_count FROM `com_saishi` LIMIT 1   [ RunTime:0.000000s ]
SQL: SELECT * FROM `com_saishi` LIMIT 5,5   [ RunTime:0.000000s ]
SQL: SHOW COLUMNS FROM `com_saishicate` [ RunTime:0.006001s ]
SQL: SELECT COUNT(*) AS tp_count FROM `com_saishicate` LIMIT 1   [ RunTime:0.001000s ]
SQL: SELECT * FROM `com_saishicate` left JOIN com_saishiarea ON com_saishiarea.saishiareaid=com_saishicate.saishiareaid LIMIT 5,5   [ RunTime:0.001000s ]
INFO: [ view_parse ] --START--
INFO: ParseTemplate Behavior ::run [ RunTime:0.060004s ]
INFO: [ view_parse ] --END-- [ RunTime:0.060004s ]
INFO: [ view_filter ] --START--
INFO: ContentReplace Behavior ::run [ RunTime:0.002000s ]
INFO: TokenBuild Behavior ::run [ RunTime:0.002000s ]
INFO: WriteHtmlCache Behavior ::run [ RunTime:0.000000s ]
INFO: ShowRuntime Behavior ::run [ RunTime:0.001000s ]
INFO: [ view_filter ] --END-- [ RunTime:0.007000s ]
INFO: [ view_end ] --START--
INFO: ShowPageTrace Behavior ::run [ RunTime:0.001000s ]
INFO: [ view_end ] --END-- [ RunTime:0.001000s ]

[ 2015-04-02T22:18:38+08:00 ] 127.0.0.1 /index.php/Index/table/p/3.html
INFO: [ route_check ] --START--
INFO: CheckRoute Behavior ::run [ RunTime:0.002001s ]
INFO: [ route_check ] --END-- [ RunTime:0.002001s ]
INFO: [ app_begin ] --START--
INFO: ReadHtmlCache Behavior ::run [ RunTime:0.002000s ]
INFO: [ app_begin ] --END-- [ RunTime:0.003000s ]
SQL: SHOW COLUMNS FROM `com_user` [ RunTime:0.008001s ]
SQL: SELECT COUNT(*) AS tp_count FROM `com_user` LIMIT 1   [ RunTime:0.000000s ]
SQL: SELECT * FROM `com_user` left JOIN com_authgroup ON com_user.groupid=com_authgroup.groupid LIMIT 10,5   [ RunTime:0.001000s ]
SQL: SHOW COLUMNS FROM `com_saishi` [ RunTime:0.008001s ]
SQL: SELECT COUNT(*) AS tp_count FROM `com_saishi` LIMIT 1   [ RunTime:0.001000s ]
SQL: SELECT * FROM `com_saishi` LIMIT 10,5   [ RunTime:0.000000s ]
SQL: SHOW COLUMNS FROM `com_saishicate` [ RunTime:0.008000s ]
SQL: SELECT COUNT(*) AS tp_count FROM `com_saishicate` LIMIT 1   [ RunTime:0.001000s ]
SQL: SELECT * FROM `com_saishicate` left JOIN com_saishiarea ON com_saishiarea.saishiareaid=com_saishicate.saishiareaid LIMIT 10,5   [ RunTime:0.000000s ]
INFO: [ view_parse ] --START--
INFO: ParseTemplate Behavior ::run [ RunTime:0.047003s ]
INFO: [ view_parse ] --END-- [ RunTime:0.047003s ]
INFO: [ view_filter ] --START--
INFO: ContentReplace Behavior ::run [ RunTime:0.001000s ]
INFO: TokenBuild Behavior ::run [ RunTime:0.001000s ]
INFO: WriteHtmlCache Behavior ::run [ RunTime:0.001000s ]
INFO: ShowRuntime Behavior ::run [ RunTime:0.002000s ]
INFO: [ view_filter ] --END-- [ RunTime:0.006000s ]
INFO: [ view_end ] --START--
INFO: ShowPageTrace Behavior ::run [ RunTime:0.002000s ]
INFO: [ view_end ] --END-- [ RunTime:0.002000s ]

[ 2015-04-02T22:18:39+08:00 ] 127.0.0.1 /index.php/Index/table/p/3.html
INFO: [ route_check ] --START--
INFO: CheckRoute Behavior ::run [ RunTime:0.002000s ]
INFO: [ route_check ] --END-- [ RunTime:0.003000s ]
INFO: [ app_begin ] --START--
INFO: ReadHtmlCache Behavior ::run [ RunTime:0.001000s ]
INFO: [ app_begin ] --END-- [ RunTime:0.002000s ]
SQL: SHOW COLUMNS FROM `com_user` [ RunTime:0.008001s ]
SQL: SELECT COUNT(*) AS tp_count FROM `com_user` LIMIT 1   [ RunTime:0.000000s ]
SQL: SELECT * FROM `com_user` left JOIN com_authgroup ON com_user.groupid=com_authgroup.groupid LIMIT 10,5   [ RunTime:0.001000s ]
SQL: SHOW COLUMNS FROM `com_saishi` [ RunTime:0.007001s ]
SQL: SELECT COUNT(*) AS tp_count FROM `com_saishi` LIMIT 1   [ RunTime:0.001000s ]
SQL: SELECT * FROM `com_saishi` LIMIT 10,5   [ RunTime:0.000000s ]
SQL: SHOW COLUMNS FROM `com_saishicate` [ RunTime:0.008001s ]
SQL: SELECT COUNT(*) AS tp_count FROM `com_saishicate` LIMIT 1   [ RunTime:0.000000s ]
SQL: SELECT * FROM `com_saishicate` left JOIN com_saishiarea ON com_saishiarea.saishiareaid=com_saishicate.saishiareaid LIMIT 10,5   [ RunTime:0.001000s ]
INFO: [ view_parse ] --START--
INFO: ParseTemplate Behavior ::run [ RunTime:0.053003s ]
INFO: [ view_parse ] --END-- [ RunTime:0.053003s ]
INFO: [ view_filter ] --START--
INFO: ContentReplace Behavior ::run [ RunTime:0.001000s ]
INFO: TokenBuild Behavior ::run [ RunTime:0.002000s ]
INFO: WriteHtmlCache Behavior ::run [ RunTime:0.001000s ]
INFO: ShowRuntime Behavior ::run [ RunTime:0.001000s ]
INFO: [ view_filter ] --END-- [ RunTime:0.006000s ]
INFO: [ view_end ] --START--
INFO: ShowPageTrace Behavior ::run [ RunTime:0.001000s ]
INFO: [ view_end ] --END-- [ RunTime:0.002000s ]

[ 2015-04-02T22:20:43+08:00 ] 127.0.0.1 /index.php/Index/table/p/3.html
INFO: [ route_check ] --START--
INFO: CheckRoute Behavior ::run [ RunTime:0.002000s ]
INFO: [ route_check ] --END-- [ RunTime:0.003000s ]
INFO: [ app_begin ] --START--
INFO: ReadHtmlCache Behavior ::run [ RunTime:0.002000s ]
INFO: [ app_begin ] --END-- [ RunTime:0.002000s ]
SQL: SHOW COLUMNS FROM `com_user` [ RunTime:0.008000s ]
SQL: SELECT COUNT(*) AS tp_count FROM `com_user` LIMIT 1   [ RunTime:0.001000s ]
SQL: SELECT * FROM `com_user` left JOIN com_authgroup ON com_user.groupid=com_authgroup.groupid LIMIT 10,5   [ RunTime:0.001000s ]
SQL: SHOW COLUMNS FROM `com_saishi` [ RunTime:0.007000s ]
SQL: SELECT COUNT(*) AS tp_count FROM `com_saishi` LIMIT 1   [ RunTime:0.000000s ]
SQL: SELECT * FROM `com_saishi` LIMIT 10,5   [ RunTime:0.001001s ]
SQL: SHOW COLUMNS FROM `com_saishicate` [ RunTime:0.008000s ]
SQL: SELECT COUNT(*) AS tp_count FROM `com_saishicate` LIMIT 1   [ RunTime:0.000000s ]
SQL: SELECT * FROM `com_saishicate` left JOIN com_saishiarea ON com_saishiarea.saishiareaid=com_saishicate.saishiareaid LIMIT 10,5   [ RunTime:0.001000s ]
INFO: [ view_parse ] --START--
INFO: ParseTemplate Behavior ::run [ RunTime:0.041003s ]
INFO: [ view_parse ] --END-- [ RunTime:0.041003s ]
INFO: [ view_filter ] --START--
INFO: ContentReplace Behavior ::run [ RunTime:0.002000s ]
INFO: TokenBuild Behavior ::run [ RunTime:0.001000s ]
INFO: WriteHtmlCache Behavior ::run [ RunTime:0.001000s ]
INFO: ShowRuntime Behavior ::run [ RunTime:0.002000s ]
INFO: [ view_filter ] --END-- [ RunTime:0.006000s ]
INFO: [ view_end ] --START--
INFO: ShowPageTrace Behavior ::run [ RunTime:0.001000s ]
INFO: [ view_end ] --END-- [ RunTime:0.002000s ]

[ 2015-04-02T22:20:43+08:00 ] 127.0.0.1 /index.php/Index/table/p/3.html
INFO: [ route_check ] --START--
INFO: CheckRoute Behavior ::run [ RunTime:0.002000s ]
INFO: [ route_check ] --END-- [ RunTime:0.002000s ]
INFO: [ app_begin ] --START--
INFO: ReadHtmlCache Behavior ::run [ RunTime:0.003001s ]
INFO: [ app_begin ] --END-- [ RunTime:0.004001s ]
SQL: SHOW COLUMNS FROM `com_user` [ RunTime:0.007000s ]
SQL: SELECT COUNT(*) AS tp_count FROM `com_user` LIMIT 1   [ RunTime:0.000000s ]
SQL: SELECT * FROM `com_user` left JOIN com_authgroup ON com_user.groupid=com_authgroup.groupid LIMIT 10,5   [ RunTime:0.000000s ]
SQL: SHOW COLUMNS FROM `com_saishi` [ RunTime:0.009001s ]
SQL: SELECT COUNT(*) AS tp_count FROM `com_saishi` LIMIT 1   [ RunTime:0.000000s ]
SQL: SELECT * FROM `com_saishi` LIMIT 10,5   [ RunTime:0.001000s ]
SQL: SHOW COLUMNS FROM `com_saishicate` [ RunTime:0.018001s ]
SQL: SELECT COUNT(*) AS tp_count FROM `com_saishicate` LIMIT 1   [ RunTime:0.001000s ]
SQL: SELECT * FROM `com_saishicate` left JOIN com_saishiarea ON com_saishiarea.saishiareaid=com_saishicate.saishiareaid LIMIT 10,5   [ RunTime:0.001000s ]
INFO: [ view_parse ] --START--
INFO: ParseTemplate Behavior ::run [ RunTime:0.047002s ]
INFO: [ view_parse ] --END-- [ RunTime:0.048002s ]
INFO: [ view_filter ] --START--
INFO: ContentReplace Behavior ::run [ RunTime:0.001000s ]
INFO: TokenBuild Behavior ::run [ RunTime:0.002001s ]
INFO: WriteHtmlCache Behavior ::run [ RunTime:0.001000s ]
INFO: ShowRuntime Behavior ::run [ RunTime:0.001000s ]
INFO: [ view_filter ] --END-- [ RunTime:0.005001s ]
INFO: [ view_end ] --START--
INFO: ShowPageTrace Behavior ::run [ RunTime:0.001000s ]
INFO: [ view_end ] --END-- [ RunTime:0.001000s ]

[ 2015-04-02T22:21:02+08:00 ] 127.0.0.1 /index.php/Index/table/p/3.html
INFO: [ route_check ] --START--
INFO: CheckRoute Behavior ::run [ RunTime:0.001000s ]
INFO: [ route_check ] --END-- [ RunTime:0.002000s ]
INFO: [ app_begin ] --START--
INFO: ReadHtmlCache Behavior ::run [ RunTime:0.002000s ]
INFO: [ app_begin ] --END-- [ RunTime:0.002000s ]
SQL: SHOW COLUMNS FROM `com_user` [ RunTime:0.007000s ]
SQL: SELECT COUNT(*) AS tp_count FROM `com_user` LIMIT 1   [ RunTime:0.001000s ]
SQL: SELECT * FROM `com_user` left JOIN com_authgroup ON com_user.groupid=com_authgroup.groupid LIMIT 10,5   [ RunTime:0.001000s ]
SQL: SHOW COLUMNS FROM `com_saishi` [ RunTime:0.006000s ]
SQL: SELECT COUNT(*) AS tp_count FROM `com_saishi` LIMIT 1   [ RunTime:0.000000s ]
SQL: SELECT * FROM `com_saishi` LIMIT 10,5   [ RunTime:0.001000s ]
SQL: SHOW COLUMNS FROM `com_saishicate` [ RunTime:0.016001s ]
SQL: SELECT COUNT(*) AS tp_count FROM `com_saishicate` LIMIT 1   [ RunTime:0.000000s ]
SQL: SELECT * FROM `com_saishicate` left JOIN com_saishiarea ON com_saishiarea.saishiareaid=com_saishicate.saishiareaid LIMIT 10,5   [ RunTime:0.000000s ]
INFO: [ view_parse ] --START--
INFO: ParseTemplate Behavior ::run [ RunTime:0.041002s ]
INFO: [ view_parse ] --END-- [ RunTime:0.042002s ]
INFO: [ view_filter ] --START--
INFO: ContentReplace Behavior ::run [ RunTime:0.001000s ]
INFO: TokenBuild Behavior ::run [ RunTime:0.001000s ]
INFO: WriteHtmlCache Behavior ::run [ RunTime:0.000000s ]
INFO: ShowRuntime Behavior ::run [ RunTime:0.002000s ]
INFO: [ view_filter ] --END-- [ RunTime:0.005000s ]
INFO: [ view_end ] --START--
INFO: ShowPageTrace Behavior ::run [ RunTime:0.001000s ]
INFO: [ view_end ] --END-- [ RunTime:0.001000s ]

[ 2015-04-02T22:21:02+08:00 ] 127.0.0.1 /index.php/Index/table/p/3.html
INFO: [ route_check ] --START--
INFO: CheckRoute Behavior ::run [ RunTime:0.002000s ]
INFO: [ route_check ] --END-- [ RunTime:0.002000s ]
INFO: [ app_begin ] --START--
INFO: ReadHtmlCache Behavior ::run [ RunTime:0.001000s ]
INFO: [ app_begin ] --END-- [ RunTime:0.002000s ]
SQL: SHOW COLUMNS FROM `com_user` [ RunTime:0.008000s ]
SQL: SELECT COUNT(*) AS tp_count FROM `com_user` LIMIT 1   [ RunTime:0.000000s ]
SQL: SELECT * FROM `com_user` left JOIN com_authgroup ON com_user.groupid=com_authgroup.groupid LIMIT 10,5   [ RunTime:0.002000s ]
SQL: SHOW COLUMNS FROM `com_saishi` [ RunTime:0.008001s ]
SQL: SELECT COUNT(*) AS tp_count FROM `com_saishi` LIMIT 1   [ RunTime:0.000000s ]
SQL: SELECT * FROM `com_saishi` LIMIT 10,5   [ RunTime:0.001000s ]
SQL: SHOW COLUMNS FROM `com_saishicate` [ RunTime:0.009001s ]
SQL: SELECT COUNT(*) AS tp_count FROM `com_saishicate` LIMIT 1   [ RunTime:0.001000s ]
SQL: SELECT * FROM `com_saishicate` left JOIN com_saishiarea ON com_saishiarea.saishiareaid=com_saishicate.saishiareaid LIMIT 10,5   [ RunTime:0.001000s ]
INFO: [ view_parse ] --START--
INFO: ParseTemplate Behavior ::run [ RunTime:0.043003s ]
INFO: [ view_parse ] --END-- [ RunTime:0.043003s ]
INFO: [ view_filter ] --START--
INFO: ContentReplace Behavior ::run [ RunTime:0.001000s ]
INFO: TokenBuild Behavior ::run [ RunTime:0.002000s ]
INFO: WriteHtmlCache Behavior ::run [ RunTime:0.001000s ]
INFO: ShowRuntime Behavior ::run [ RunTime:0.002000s ]
INFO: [ view_filter ] --END-- [ RunTime:0.006000s ]
INFO: [ view_end ] --START--
INFO: ShowPageTrace Behavior ::run [ RunTime:0.002000s ]
INFO: [ view_end ] --END-- [ RunTime:0.002000s ]

[ 2015-04-02T22:21:07+08:00 ] 127.0.0.1 /index.php/Index/table/p/1.html
INFO: [ route_check ] --START--
INFO: CheckRoute Behavior ::run [ RunTime:0.002000s ]
INFO: [ route_check ] --END-- [ RunTime:0.002000s ]
INFO: [ app_begin ] --START--
INFO: ReadHtmlCache Behavior ::run [ RunTime:0.001000s ]
INFO: [ app_begin ] --END-- [ RunTime:0.001000s ]
SQL: SHOW COLUMNS FROM `com_user` [ RunTime:0.009000s ]
SQL: SELECT COUNT(*) AS tp_count FROM `com_user` LIMIT 1   [ RunTime:0.001000s ]
SQL: SELECT * FROM `com_user` left JOIN com_authgroup ON com_user.groupid=com_authgroup.groupid LIMIT 0,5   [ RunTime:0.001000s ]
SQL: SHOW COLUMNS FROM `com_saishi` [ RunTime:0.010001s ]
SQL: SELECT COUNT(*) AS tp_count FROM `com_saishi` LIMIT 1   [ RunTime:0.000000s ]
SQL: SELECT * FROM `com_saishi` LIMIT 0,5   [ RunTime:0.001000s ]
SQL: SHOW COLUMNS FROM `com_saishicate` [ RunTime:0.007001s ]
SQL: SELECT COUNT(*) AS tp_count FROM `com_saishicate` LIMIT 1   [ RunTime:0.001000s ]
SQL: SELECT * FROM `com_saishicate` left JOIN com_saishiarea ON com_saishiarea.saishiareaid=com_saishicate.saishiareaid LIMIT 0,5   [ RunTime:0.001000s ]
INFO: [ view_parse ] --START--
INFO: ParseTemplate Behavior ::run [ RunTime:0.053003s ]
INFO: [ view_parse ] --END-- [ RunTime:0.054003s ]
INFO: [ view_filter ] --START--
INFO: ContentReplace Behavior ::run [ RunTime:0.001000s ]
INFO: TokenBuild Behavior ::run [ RunTime:0.001000s ]
INFO: WriteHtmlCache Behavior ::run [ RunTime:0.000000s ]
INFO: ShowRuntime Behavior ::run [ RunTime:0.002000s ]
INFO: [ view_filter ] --END-- [ RunTime:0.006000s ]
INFO: [ view_end ] --START--
INFO: ShowPageTrace Behavior ::run [ RunTime:0.001000s ]
INFO: [ view_end ] --END-- [ RunTime:0.001000s ]

[ 2015-04-02T22:21:07+08:00 ] 127.0.0.1 /index.php/Index/table/p/1.html
INFO: [ route_check ] --START--
INFO: CheckRoute Behavior ::run [ RunTime:0.002000s ]
INFO: [ route_check ] --END-- [ RunTime:0.002000s ]
INFO: [ app_begin ] --START--
INFO: ReadHtmlCache Behavior ::run [ RunTime:0.002000s ]
INFO: [ app_begin ] --END-- [ RunTime:0.002000s ]
SQL: SHOW COLUMNS FROM `com_user` [ RunTime:0.008000s ]
SQL: SELECT COUNT(*) AS tp_count FROM `com_user` LIMIT 1   [ RunTime:0.000000s ]
SQL: SELECT * FROM `com_user` left JOIN com_authgroup ON com_user.groupid=com_authgroup.groupid LIMIT 0,5   [ RunTime:0.001000s ]
SQL: SHOW COLUMNS FROM `com_saishi` [ RunTime:0.008000s ]
SQL: SELECT COUNT(*) AS tp_count FROM `com_saishi` LIMIT 1   [ RunTime:0.001000s ]
SQL: SELECT * FROM `com_saishi` LIMIT 0,5   [ RunTime:0.001000s ]
SQL: SHOW COLUMNS FROM `com_saishicate` [ RunTime:0.009001s ]
SQL: SELECT COUNT(*) AS tp_count FROM `com_saishicate` LIMIT 1   [ RunTime:0.001000s ]
SQL: SELECT * FROM `com_saishicate` left JOIN com_saishiarea ON com_saishiarea.saishiareaid=com_saishicate.saishiareaid LIMIT 0,5   [ RunTime:0.000000s ]
INFO: [ view_parse ] --START--
INFO: ParseTemplate Behavior ::run [ RunTime:0.045003s ]
INFO: [ view_parse ] --END-- [ RunTime:0.045003s ]
INFO: [ view_filter ] --START--
INFO: ContentReplace Behavior ::run [ RunTime:0.002000s ]
INFO: TokenBuild Behavior ::run [ RunTime:0.002000s ]
INFO: WriteHtmlCache Behavior ::run [ RunTime:0.001000s ]
INFO: ShowRuntime Behavior ::run [ RunTime:0.002000s ]
INFO: [ view_filter ] --END-- [ RunTime:0.007000s ]
INFO: [ view_end ] --START--
INFO: ShowPageTrace Behavior ::run [ RunTime:0.001000s ]
INFO: [ view_end ] --END-- [ RunTime:0.002000s ]

[ 2015-04-02T22:21:12+08:00 ] 127.0.0.1 /index.php/Index/table/p/2.html
INFO: [ route_check ] --START--
INFO: CheckRoute Behavior ::run [ RunTime:0.002000s ]
INFO: [ route_check ] --END-- [ RunTime:0.003000s ]
INFO: [ app_begin ] --START--
INFO: ReadHtmlCache Behavior ::run [ RunTime:0.002000s ]
INFO: [ app_begin ] --END-- [ RunTime:0.002000s ]
SQL: SHOW COLUMNS FROM `com_user` [ RunTime:0.008000s ]
SQL: SELECT COUNT(*) AS tp_count FROM `com_user` LIMIT 1   [ RunTime:0.001000s ]
SQL: SELECT * FROM `com_user` left JOIN com_authgroup ON com_user.groupid=com_authgroup.groupid LIMIT 5,5   [ RunTime:0.001000s ]
SQL: SHOW COLUMNS FROM `com_saishi` [ RunTime:0.007000s ]
SQL: SELECT COUNT(*) AS tp_count FROM `com_saishi` LIMIT 1   [ RunTime:0.001000s ]
SQL: SELECT * FROM `com_saishi` LIMIT 5,5   [ RunTime:0.001000s ]
SQL: SHOW COLUMNS FROM `com_saishicate` [ RunTime:0.008001s ]
SQL: SELECT COUNT(*) AS tp_count FROM `com_saishicate` LIMIT 1   [ RunTime:0.000000s ]
SQL: SELECT * FROM `com_saishicate` left JOIN com_saishiarea ON com_saishiarea.saishiareaid=com_saishicate.saishiareaid LIMIT 5,5   [ RunTime:0.000000s ]
INFO: [ view_parse ] --START--
INFO: ParseTemplate Behavior ::run [ RunTime:0.045003s ]
INFO: [ view_parse ] --END-- [ RunTime:0.046003s ]
INFO: [ view_filter ] --START--
INFO: ContentReplace Behavior ::run [ RunTime:0.001000s ]
INFO: TokenBuild Behavior ::run [ RunTime:0.001000s ]
INFO: WriteHtmlCache Behavior ::run [ RunTime:0.001000s ]
INFO: ShowRuntime Behavior ::run [ RunTime:0.001000s ]
INFO: [ view_filter ] --END-- [ RunTime:0.006000s ]
INFO: [ view_end ] --START--
INFO: ShowPageTrace Behavior ::run [ RunTime:0.002000s ]
INFO: [ view_end ] --END-- [ RunTime:0.003000s ]

[ 2015-04-02T22:21:13+08:00 ] 127.0.0.1 /index.php/Index/table/p/2.html
INFO: [ route_check ] --START--
INFO: CheckRoute Behavior ::run [ RunTime:0.002000s ]
INFO: [ route_check ] --END-- [ RunTime:0.002000s ]
INFO: [ app_begin ] --START--
INFO: ReadHtmlCache Behavior ::run [ RunTime:0.001000s ]
INFO: [ app_begin ] --END-- [ RunTime:0.001000s ]
SQL: SHOW COLUMNS FROM `com_user` [ RunTime:0.012000s ]
SQL: SELECT COUNT(*) AS tp_count FROM `com_user` LIMIT 1   [ RunTime:0.001000s ]
SQL: SELECT * FROM `com_user` left JOIN com_authgroup ON com_user.groupid=com_authgroup.groupid LIMIT 5,5   [ RunTime:0.001000s ]
SQL: SHOW COLUMNS FROM `com_saishi` [ RunTime:0.008000s ]
SQL: SELECT COUNT(*) AS tp_count FROM `com_saishi` LIMIT 1   [ RunTime:0.000000s ]
SQL: SELECT * FROM `com_saishi` LIMIT 5,5   [ RunTime:0.001000s ]
SQL: SHOW COLUMNS FROM `com_saishicate` [ RunTime:0.008000s ]
SQL: SELECT COUNT(*) AS tp_count FROM `com_saishicate` LIMIT 1   [ RunTime:0.000000s ]
SQL: SELECT * FROM `com_saishicate` left JOIN com_saishiarea ON com_saishiarea.saishiareaid=com_saishicate.saishiareaid LIMIT 5,5   [ RunTime:0.000000s ]
INFO: [ view_parse ] --START--
INFO: ParseTemplate Behavior ::run [ RunTime:0.053003s ]
INFO: [ view_parse ] --END-- [ RunTime:0.053003s ]
INFO: [ view_filter ] --START--
INFO: ContentReplace Behavior ::run [ RunTime:0.002000s ]
INFO: TokenBuild Behavior ::run [ RunTime:0.002000s ]
INFO: WriteHtmlCache Behavior ::run [ RunTime:0.001000s ]
INFO: ShowRuntime Behavior ::run [ RunTime:0.001000s ]
INFO: [ view_filter ] --END-- [ RunTime:0.007000s ]
INFO: [ view_end ] --START--
INFO: ShowPageTrace Behavior ::run [ RunTime:0.001000s ]
INFO: [ view_end ] --END-- [ RunTime:0.001000s ]

[ 2015-04-02T22:21:55+08:00 ] 127.0.0.1 /index.php/Index/table/p/2.html
INFO: [ route_check ] --START--
INFO: CheckRoute Behavior ::run [ RunTime:0.005000s ]
INFO: [ route_check ] --END-- [ RunTime:0.006000s ]
INFO: [ app_begin ] --START--
INFO: ReadHtmlCache Behavior ::run [ RunTime:0.003000s ]
INFO: [ app_begin ] --END-- [ RunTime:0.005000s ]
SQL: SHOW COLUMNS FROM `com_user` [ RunTime:0.021001s ]
SQL: SELECT COUNT(*) AS tp_count FROM `com_user` LIMIT 1   [ RunTime:0.001001s ]
SQL: SELECT * FROM `com_user` left JOIN com_authgroup ON com_user.groupid=com_authgroup.groupid LIMIT 5,5   [ RunTime:0.002000s ]
SQL: SHOW COLUMNS FROM `com_saishi` [ RunTime:0.015001s ]
SQL: SELECT COUNT(*) AS tp_count FROM `com_saishi` LIMIT 1   [ RunTime:0.002000s ]
SQL: SELECT * FROM `com_saishi` LIMIT 5,5   [ RunTime:0.001000s ]
SQL: SHOW COLUMNS FROM `com_saishicate` [ RunTime:0.015001s ]
SQL: SELECT COUNT(*) AS tp_count FROM `com_saishicate` LIMIT 1   [ RunTime:0.001000s ]
SQL: SELECT * FROM `com_saishicate` left JOIN com_saishiarea ON com_saishiarea.saishiareaid=com_saishicate.saishiareaid LIMIT 5,5   [ RunTime:0.001000s ]
INFO: [ view_parse ] --START--
INFO: ParseTemplate Behavior ::run [ RunTime:0.128008s ]
INFO: [ view_parse ] --END-- [ RunTime:0.128008s ]
INFO: [ view_filter ] --START--
INFO: ContentReplace Behavior ::run [ RunTime:0.005000s ]
INFO: TokenBuild Behavior ::run [ RunTime:0.005000s ]
INFO: WriteHtmlCache Behavior ::run [ RunTime:0.002000s ]
INFO: ShowRuntime Behavior ::run [ RunTime:0.005000s ]
INFO: [ view_filter ] --END-- [ RunTime:0.021001s ]
INFO: [ view_end ] --START--
INFO: ShowPageTrace Behavior ::run [ RunTime:0.003000s ]
INFO: [ view_end ] --END-- [ RunTime:0.004000s ]

[ 2015-04-02T22:21:56+08:00 ] 127.0.0.1 /index.php/Index/table/p/2.html
INFO: [ route_check ] --START--
INFO: CheckRoute Behavior ::run [ RunTime:0.006000s ]
INFO: [ route_check ] --END-- [ RunTime:0.008000s ]
INFO: [ app_begin ] --START--
INFO: ReadHtmlCache Behavior ::run [ RunTime:0.005000s ]
INFO: [ app_begin ] --END-- [ RunTime:0.007000s ]
SQL: SHOW COLUMNS FROM `com_user` [ RunTime:0.022002s ]
SQL: SELECT COUNT(*) AS tp_count FROM `com_user` LIMIT 1   [ RunTime:0.002000s ]
SQL: SELECT * FROM `com_user` left JOIN com_authgroup ON com_user.groupid=com_authgroup.groupid LIMIT 5,5   [ RunTime:0.003000s ]
SQL: SHOW COLUMNS FROM `com_saishi` [ RunTime:0.024001s ]
SQL: SELECT COUNT(*) AS tp_count FROM `com_saishi` LIMIT 1   [ RunTime:0.001000s ]
SQL: SELECT * FROM `com_saishi` LIMIT 5,5   [ RunTime:0.002000s ]
SQL: SHOW COLUMNS FROM `com_saishicate` [ RunTime:0.061003s ]
SQL: SELECT COUNT(*) AS tp_count FROM `com_saishicate` LIMIT 1   [ RunTime:0.002000s ]
SQL: SELECT * FROM `com_saishicate` left JOIN com_saishiarea ON com_saishiarea.saishiareaid=com_saishicate.saishiareaid LIMIT 5,5   [ RunTime:0.002000s ]
INFO: [ view_parse ] --START--
INFO: ParseTemplate Behavior ::run [ RunTime:0.128007s ]
INFO: [ view_parse ] --END-- [ RunTime:0.130007s ]
INFO: [ view_filter ] --START--
INFO: ContentReplace Behavior ::run [ RunTime:0.001000s ]
INFO: TokenBuild Behavior ::run [ RunTime:0.002000s ]
INFO: WriteHtmlCache Behavior ::run [ RunTime:0.001000s ]
INFO: ShowRuntime Behavior ::run [ RunTime:0.003001s ]
INFO: [ view_filter ] --END-- [ RunTime:0.009001s ]
INFO: [ view_end ] --START--
INFO: ShowPageTrace Behavior ::run [ RunTime:0.002000s ]
INFO: [ view_end ] --END-- [ RunTime:0.003000s ]

[ 2015-04-02T22:22:13+08:00 ] 127.0.0.1 /index.php/Index/table/p/2.html
INFO: [ route_check ] --START--
INFO: CheckRoute Behavior ::run [ RunTime:0.002000s ]
INFO: [ route_check ] --END-- [ RunTime:0.002000s ]
INFO: [ app_begin ] --START--
INFO: ReadHtmlCache Behavior ::run [ RunTime:0.003000s ]
INFO: [ app_begin ] --END-- [ RunTime:0.003000s ]
SQL: SHOW COLUMNS FROM `com_user` [ RunTime:0.007000s ]
SQL: SELECT COUNT(*) AS tp_count FROM `com_user` LIMIT 1   [ RunTime:0.000000s ]
SQL: SELECT * FROM `com_user` left JOIN com_authgroup ON com_user.groupid=com_authgroup.groupid LIMIT 5,5   [ RunTime:0.001001s ]
SQL: SHOW COLUMNS FROM `com_saishi` [ RunTime:0.007000s ]
SQL: SELECT COUNT(*) AS tp_count FROM `com_saishi` LIMIT 1   [ RunTime:0.001000s ]
SQL: SELECT * FROM `com_saishi` LIMIT 5,5   [ RunTime:0.001000s ]
SQL: SHOW COLUMNS FROM `com_saishicate` [ RunTime:0.007001s ]
SQL: SELECT COUNT(*) AS tp_count FROM `com_saishicate` LIMIT 1   [ RunTime:0.001000s ]
SQL: SELECT * FROM `com_saishicate` left JOIN com_saishiarea ON com_saishiarea.saishiareaid=com_saishicate.saishiareaid LIMIT 5,5   [ RunTime:0.000000s ]
INFO: [ view_parse ] --START--
INFO: ParseTemplate Behavior ::run [ RunTime:0.044003s ]
INFO: [ view_parse ] --END-- [ RunTime:0.046003s ]
INFO: [ view_filter ] --START--
INFO: ContentReplace Behavior ::run [ RunTime:0.002000s ]
INFO: TokenBuild Behavior ::run [ RunTime:0.001000s ]
INFO: WriteHtmlCache Behavior ::run [ RunTime:0.001000s ]
INFO: ShowRuntime Behavior ::run [ RunTime:0.002000s ]
INFO: [ view_filter ] --END-- [ RunTime:0.006000s ]
INFO: [ view_end ] --START--
INFO: ShowPageTrace Behavior ::run [ RunTime:0.001000s ]
INFO: [ view_end ] --END-- [ RunTime:0.002000s ]

[ 2015-04-02T22:22:13+08:00 ] 127.0.0.1 /index.php/Index/table/p/2.html
INFO: [ route_check ] --START--
INFO: CheckRoute Behavior ::run [ RunTime:0.001000s ]
INFO: [ route_check ] --END-- [ RunTime:0.001000s ]
INFO: [ app_begin ] --START--
INFO: ReadHtmlCache Behavior ::run [ RunTime:0.001000s ]
INFO: [ app_begin ] --END-- [ RunTime:0.002000s ]
SQL: SHOW COLUMNS FROM `com_user` [ RunTime:0.007000s ]
SQL: SELECT COUNT(*) AS tp_count FROM `com_user` LIMIT 1   [ RunTime:0.001000s ]
SQL: SELECT * FROM `com_user` left JOIN com_authgroup ON com_user.groupid=com_authgroup.groupid LIMIT 5,5   [ RunTime:0.002001s ]
SQL: SHOW COLUMNS FROM `com_saishi` [ RunTime:0.008000s ]
SQL: SELECT COUNT(*) AS tp_count FROM `com_saishi` LIMIT 1   [ RunTime:0.000000s ]
SQL: SELECT * FROM `com_saishi` LIMIT 5,5   [ RunTime:0.000000s ]
SQL: SHOW COLUMNS FROM `com_saishicate` [ RunTime:0.007001s ]
SQL: SELECT COUNT(*) AS tp_count FROM `com_saishicate` LIMIT 1   [ RunTime:0.001000s ]
SQL: SELECT * FROM `com_saishicate` left JOIN com_saishiarea ON com_saishiarea.saishiareaid=com_saishicate.saishiareaid LIMIT 5,5   [ RunTime:0.001000s ]
INFO: [ view_parse ] --START--
INFO: ParseTemplate Behavior ::run [ RunTime:0.056003s ]
INFO: [ view_parse ] --END-- [ RunTime:0.056003s ]
INFO: [ view_filter ] --START--
INFO: ContentReplace Behavior ::run [ RunTime:0.002001s ]
INFO: TokenBuild Behavior ::run [ RunTime:0.002000s ]
INFO: WriteHtmlCache Behavior ::run [ RunTime:0.002000s ]
INFO: ShowRuntime Behavior ::run [ RunTime:0.002000s ]
INFO: [ view_filter ] --END-- [ RunTime:0.008001s ]
INFO: [ view_end ] --START--
INFO: ShowPageTrace Behavior ::run [ RunTime:0.002000s ]
INFO: [ view_end ] --END-- [ RunTime:0.002000s ]

[ 2015-04-02T22:23:39+08:00 ] 127.0.0.1 /index.php/Index/table/p/2.html
INFO: [ route_check ] --START--
INFO: CheckRoute Behavior ::run [ RunTime:0.001000s ]
INFO: [ route_check ] --END-- [ RunTime:0.001000s ]
INFO: [ app_begin ] --START--
INFO: ReadHtmlCache Behavior ::run [ RunTime:0.003000s ]
INFO: [ app_begin ] --END-- [ RunTime:0.003000s ]
SQL: SHOW COLUMNS FROM `com_user` [ RunTime:0.008001s ]
SQL: SELECT COUNT(*) AS tp_count FROM `com_user` LIMIT 1   [ RunTime:0.001000s ]
SQL: SELECT * FROM `com_user` left JOIN com_authgroup ON com_user.groupid=com_authgroup.groupid LIMIT 5,5   [ RunTime:0.001000s ]
SQL: SHOW COLUMNS FROM `com_saishi` [ RunTime:0.006000s ]
SQL: SELECT COUNT(*) AS tp_count FROM `com_saishi` LIMIT 1   [ RunTime:0.000000s ]
SQL: SELECT * FROM `com_saishi` LIMIT 5,5   [ RunTime:0.001001s ]
SQL: SHOW COLUMNS FROM `com_saishicate` [ RunTime:0.006000s ]
SQL: SELECT COUNT(*) AS tp_count FROM `com_saishicate` LIMIT 1   [ RunTime:0.000000s ]
SQL: SELECT * FROM `com_saishicate` left JOIN com_saishiarea ON com_saishiarea.saishiareaid=com_saishicate.saishiareaid LIMIT 5,5   [ RunTime:0.001000s ]
INFO: [ view_parse ] --START--
INFO: ParseTemplate Behavior ::run [ RunTime:0.040002s ]
INFO: [ view_parse ] --END-- [ RunTime:0.040002s ]
INFO: [ view_filter ] --START--
INFO: ContentReplace Behavior ::run [ RunTime:0.002001s ]
INFO: TokenBuild Behavior ::run [ RunTime:0.001000s ]
INFO: WriteHtmlCache Behavior ::run [ RunTime:0.001000s ]
INFO: ShowRuntime Behavior ::run [ RunTime:0.001000s ]
INFO: [ view_filter ] --END-- [ RunTime:0.005001s ]
INFO: [ view_end ] --START--
INFO: ShowPageTrace Behavior ::run [ RunTime:0.002000s ]
INFO: [ view_end ] --END-- [ RunTime:0.002000s ]

[ 2015-04-02T22:23:39+08:00 ] 127.0.0.1 /index.php/Index/table/p/2.html
INFO: [ route_check ] --START--
INFO: CheckRoute Behavior ::run [ RunTime:0.002000s ]
INFO: [ route_check ] --END-- [ RunTime:0.002000s ]
INFO: [ app_begin ] --START--
INFO: ReadHtmlCache Behavior ::run [ RunTime:0.002000s ]
INFO: [ app_begin ] --END-- [ RunTime:0.002000s ]
SQL: SHOW COLUMNS FROM `com_user` [ RunTime:0.007000s ]
SQL: SELECT COUNT(*) AS tp_count FROM `com_user` LIMIT 1   [ RunTime:0.000000s ]
SQL: SELECT * FROM `com_user` left JOIN com_authgroup ON com_user.groupid=com_authgroup.groupid LIMIT 5,5   [ RunTime:0.000000s ]
SQL: SHOW COLUMNS FROM `com_saishi` [ RunTime:0.007000s ]
SQL: SELECT COUNT(*) AS tp_count FROM `com_saishi` LIMIT 1   [ RunTime:0.001000s ]
SQL: SELECT * FROM `com_saishi` LIMIT 5,5   [ RunTime:0.001000s ]
SQL: SHOW COLUMNS FROM `com_saishicate` [ RunTime:0.007001s ]
SQL: SELECT COUNT(*) AS tp_count FROM `com_saishicate` LIMIT 1   [ RunTime:0.000000s ]
SQL: SELECT * FROM `com_saishicate` left JOIN com_saishiarea ON com_saishiarea.saishiareaid=com_saishicate.saishiareaid LIMIT 5,5   [ RunTime:0.000000s ]
INFO: [ view_parse ] --START--
INFO: ParseTemplate Behavior ::run [ RunTime:0.046003s ]
INFO: [ view_parse ] --END-- [ RunTime:0.047003s ]
INFO: [ view_filter ] --START--
INFO: ContentReplace Behavior ::run [ RunTime:0.001000s ]
INFO: TokenBuild Behavior ::run [ RunTime:0.002000s ]
INFO: WriteHtmlCache Behavior ::run [ RunTime:0.001000s ]
INFO: ShowRuntime Behavior ::run [ RunTime:0.001000s ]
INFO: [ view_filter ] --END-- [ RunTime:0.007000s ]
INFO: [ view_end ] --START--
INFO: ShowPageTrace Behavior ::run [ RunTime:0.001000s ]
INFO: [ view_end ] --END-- [ RunTime:0.002000s ]

