[ 2015-04-10T08:14:11+08:00 ] 127.0.0.1 /index.php/Login
INFO: [ route_check ] --START--
INFO: CheckRoute Behavior ::run [ RunTime:0.018001s ]
INFO: [ route_check ] --END-- [ RunTime:0.160009s ]
INFO: [ app_begin ] --START--
INFO: ReadHtmlCache Behavior ::run [ RunTime:0.043002s ]
INFO: [ app_begin ] --END-- [ RunTime:0.043002s ]
NOTIC: [8] Use of undefined constant session_start - assumed 'session_start' E:\wamp\www\Home\Lib\Action\LoginAction.class.php 第 4 行.
INFO: [ view_parse ] --START--
INFO: ParseTemplate Behavior ::run [ RunTime:0.332019s ]
INFO: [ view_parse ] --END-- [ RunTime:0.333019s ]
INFO: [ view_filter ] --START--
INFO: ContentReplace Behavior ::run [ RunTime:0.063003s ]
INFO: TokenBuild Behavior ::run [ RunTime:0.056003s ]
INFO: WriteHtmlCache Behavior ::run [ RunTime:0.003000s ]
INFO: ShowRuntime Behavior ::run [ RunTime:0.005000s ]
INFO: [ view_filter ] --END-- [ RunTime:0.129007s ]
INFO: [ view_end ] --START--
INFO: ShowPageTrace Behavior ::run [ RunTime:0.004000s ]
INFO: [ view_end ] --END-- [ RunTime:0.005000s ]

[ 2015-04-10T08:14:12+08:00 ] 127.0.0.1 /index.php/Login/verify.html
INFO: [ route_check ] --START--
INFO: CheckRoute Behavior ::run [ RunTime:0.002000s ]
INFO: [ route_check ] --END-- [ RunTime:0.002000s ]
INFO: [ app_begin ] --START--
INFO: ReadHtmlCache Behavior ::run [ RunTime:0.001000s ]
INFO: [ app_begin ] --END-- [ RunTime:0.002000s ]
NOTIC: [8] Use of undefined constant session_start - assumed 'session_start' E:\wamp\www\Home\Lib\Action\LoginAction.class.php 第 4 行.

[ 2015-04-10T08:14:19+08:00 ] 127.0.0.1 /index.php/index.php?m=Login&a=loginact
INFO: [ route_check ] --START--
INFO: CheckRoute Behavior ::run [ RunTime:0.002000s ]
INFO: [ route_check ] --END-- [ RunTime:0.003000s ]
INFO: [ app_begin ] --START--
INFO: ReadHtmlCache Behavior ::run [ RunTime:0.001000s ]
INFO: [ app_begin ] --END-- [ RunTime:0.002000s ]
NOTIC: [8] Use of undefined constant session_start - assumed 'session_start' E:\wamp\www\Home\Lib\Action\LoginAction.class.php 第 4 行.
SQL: SHOW COLUMNS FROM `com_user` [ RunTime:0.640036s ]
SQL: SELECT COUNT(*) AS tp_count FROM `com_user` WHERE ( `adminname` = 'admin' ) LIMIT 1   [ RunTime:0.148008s ]

[ 2015-04-10T08:14:24+08:00 ] 127.0.0.1 /index.php/Login/loginact.html
INFO: [ route_check ] --START--
INFO: CheckRoute Behavior ::run [ RunTime:0.002000s ]
INFO: [ route_check ] --END-- [ RunTime:0.002000s ]
INFO: [ app_begin ] --START--
INFO: ReadHtmlCache Behavior ::run [ RunTime:0.001000s ]
INFO: [ app_begin ] --END-- [ RunTime:0.001000s ]
NOTIC: [8] Use of undefined constant session_start - assumed 'session_start' E:\wamp\www\Home\Lib\Action\LoginAction.class.php 第 4 行.
SQL: SHOW COLUMNS FROM `com_user` [ RunTime:0.006000s ]
SQL: SELECT COUNT(*) AS tp_count FROM `com_user` WHERE ( `adminname` = 'admin' ) LIMIT 1   [ RunTime:0.000000s ]
SQL: SELECT COUNT(*) AS tp_count FROM `com_user` WHERE ( `adminname` = 'admin' ) AND ( `password` = 'e10adc3949ba59abbe56e057f20f883e' ) LIMIT 1   [ RunTime:0.000000s ]

[ 2015-04-10T08:14:26+08:00 ] 127.0.0.1 /index.php/Login/index.php?m=Index&a=index
INFO: [ route_check ] --START--
INFO: CheckRoute Behavior ::run [ RunTime:0.002000s ]
INFO: [ route_check ] --END-- [ RunTime:0.002000s ]
INFO: [ app_begin ] --START--
INFO: ReadHtmlCache Behavior ::run [ RunTime:0.001000s ]
INFO: [ app_begin ] --END-- [ RunTime:0.002000s ]
INFO: [ view_parse ] --START--
INFO: ParseTemplate Behavior ::run [ RunTime:0.225013s ]
INFO: [ view_parse ] --END-- [ RunTime:0.226013s ]
INFO: [ view_filter ] --START--
INFO: ContentReplace Behavior ::run [ RunTime:0.002000s ]
INFO: TokenBuild Behavior ::run [ RunTime:0.001000s ]
INFO: WriteHtmlCache Behavior ::run [ RunTime:0.001001s ]
INFO: ShowRuntime Behavior ::run [ RunTime:0.001000s ]
INFO: [ view_filter ] --END-- [ RunTime:0.006001s ]
INFO: [ view_end ] --START--
INFO: ShowPageTrace Behavior ::run [ RunTime:0.002000s ]
INFO: [ view_end ] --END-- [ RunTime:0.002000s ]

[ 2015-04-10T08:14:26+08:00 ] 127.0.0.1 /index.php/Login/index.php?m=Index&a=index
INFO: [ route_check ] --START--
INFO: CheckRoute Behavior ::run [ RunTime:0.002000s ]
INFO: [ route_check ] --END-- [ RunTime:0.002000s ]
INFO: [ app_begin ] --START--
INFO: ReadHtmlCache Behavior ::run [ RunTime:0.001000s ]
INFO: [ app_begin ] --END-- [ RunTime:0.002001s ]
INFO: [ view_parse ] --START--
INFO: ParseTemplate Behavior ::run [ RunTime:0.023001s ]
INFO: [ view_parse ] --END-- [ RunTime:0.024001s ]
INFO: [ view_filter ] --START--
INFO: ContentReplace Behavior ::run [ RunTime:0.002000s ]
INFO: TokenBuild Behavior ::run [ RunTime:0.001000s ]
INFO: WriteHtmlCache Behavior ::run [ RunTime:0.001000s ]
INFO: ShowRuntime Behavior ::run [ RunTime:0.002000s ]
INFO: [ view_filter ] --END-- [ RunTime:0.006000s ]
INFO: [ view_end ] --START--
INFO: ShowPageTrace Behavior ::run [ RunTime:0.002001s ]
INFO: [ view_end ] --END-- [ RunTime:0.002001s ]

[ 2015-04-10T08:14:27+08:00 ] 127.0.0.1 /index.php/Login/index.php?m=Index&a=index
INFO: [ route_check ] --START--
INFO: CheckRoute Behavior ::run [ RunTime:0.001000s ]
INFO: [ route_check ] --END-- [ RunTime:0.002000s ]
INFO: [ app_begin ] --START--
INFO: ReadHtmlCache Behavior ::run [ RunTime:0.001000s ]
INFO: [ app_begin ] --END-- [ RunTime:0.001000s ]
INFO: [ view_parse ] --START--
INFO: ParseTemplate Behavior ::run [ RunTime:0.022001s ]
INFO: [ view_parse ] --END-- [ RunTime:0.022001s ]
INFO: [ view_filter ] --START--
INFO: ContentReplace Behavior ::run [ RunTime:0.001000s ]
INFO: TokenBuild Behavior ::run [ RunTime:0.001000s ]
INFO: WriteHtmlCache Behavior ::run [ RunTime:0.001001s ]
INFO: ShowRuntime Behavior ::run [ RunTime:0.001000s ]
INFO: [ view_filter ] --END-- [ RunTime:0.004001s ]
INFO: [ view_end ] --START--
INFO: ShowPageTrace Behavior ::run [ RunTime:0.001000s ]
INFO: [ view_end ] --END-- [ RunTime:0.001000s ]

[ 2015-04-10T08:14:27+08:00 ] 127.0.0.1 /index.php/Login/index.php?m=Index&a=index
INFO: [ route_check ] --START--
INFO: CheckRoute Behavior ::run [ RunTime:0.002000s ]
INFO: [ route_check ] --END-- [ RunTime:0.002000s ]
INFO: [ app_begin ] --START--
INFO: ReadHtmlCache Behavior ::run [ RunTime:0.001000s ]
INFO: [ app_begin ] --END-- [ RunTime:0.001000s ]
INFO: [ view_parse ] --START--
INFO: ParseTemplate Behavior ::run [ RunTime:0.022002s ]
INFO: [ view_parse ] --END-- [ RunTime:0.023002s ]
INFO: [ view_filter ] --START--
INFO: ContentReplace Behavior ::run [ RunTime:0.001000s ]
INFO: TokenBuild Behavior ::run [ RunTime:0.001000s ]
INFO: WriteHtmlCache Behavior ::run [ RunTime:0.001000s ]
INFO: ShowRuntime Behavior ::run [ RunTime:0.001000s ]
INFO: [ view_filter ] --END-- [ RunTime:0.004000s ]
INFO: [ view_end ] --START--
INFO: ShowPageTrace Behavior ::run [ RunTime:0.001000s ]
INFO: [ view_end ] --END-- [ RunTime:0.002000s ]

[ 2015-04-10T08:14:29+08:00 ] 127.0.0.1 /index.php/Index/index.html
INFO: [ route_check ] --START--
INFO: CheckRoute Behavior ::run [ RunTime:0.001001s ]
INFO: [ route_check ] --END-- [ RunTime:0.001001s ]
INFO: [ app_begin ] --START--
INFO: ReadHtmlCache Behavior ::run [ RunTime:0.001000s ]
INFO: [ app_begin ] --END-- [ RunTime:0.001000s ]
INFO: [ view_parse ] --START--
INFO: ParseTemplate Behavior ::run [ RunTime:0.021001s ]
INFO: [ view_parse ] --END-- [ RunTime:0.021001s ]
INFO: [ view_filter ] --START--
INFO: ContentReplace Behavior ::run [ RunTime:0.001000s ]
INFO: TokenBuild Behavior ::run [ RunTime:0.001000s ]
INFO: WriteHtmlCache Behavior ::run [ RunTime:0.001000s ]
INFO: ShowRuntime Behavior ::run [ RunTime:0.001000s ]
INFO: [ view_filter ] --END-- [ RunTime:0.004000s ]
INFO: [ view_end ] --START--
INFO: ShowPageTrace Behavior ::run [ RunTime:0.001000s ]
INFO: [ view_end ] --END-- [ RunTime:0.001000s ]

[ 2015-04-10T08:14:30+08:00 ] 127.0.0.1 /index.php/Index/index.html
INFO: [ route_check ] --START--
INFO: CheckRoute Behavior ::run [ RunTime:0.001000s ]
INFO: [ route_check ] --END-- [ RunTime:0.002000s ]
INFO: [ app_begin ] --START--
INFO: ReadHtmlCache Behavior ::run [ RunTime:0.002000s ]
INFO: [ app_begin ] --END-- [ RunTime:0.002000s ]
INFO: [ view_parse ] --START--
INFO: ParseTemplate Behavior ::run [ RunTime:0.021001s ]
INFO: [ view_parse ] --END-- [ RunTime:0.022002s ]
INFO: [ view_filter ] --START--
INFO: ContentReplace Behavior ::run [ RunTime:0.001000s ]
INFO: TokenBuild Behavior ::run [ RunTime:0.001000s ]
INFO: WriteHtmlCache Behavior ::run [ RunTime:0.001000s ]
INFO: ShowRuntime Behavior ::run [ RunTime:0.001000s ]
INFO: [ view_filter ] --END-- [ RunTime:0.004000s ]
INFO: [ view_end ] --START--
INFO: ShowPageTrace Behavior ::run [ RunTime:0.001000s ]
INFO: [ view_end ] --END-- [ RunTime:0.001000s ]

[ 2015-04-10T08:14:30+08:00 ] 127.0.0.1 /index.php/Index/index.html
INFO: [ route_check ] --START--
INFO: CheckRoute Behavior ::run [ RunTime:0.001000s ]
INFO: [ route_check ] --END-- [ RunTime:0.001000s ]
INFO: [ app_begin ] --START--
INFO: ReadHtmlCache Behavior ::run [ RunTime:0.001000s ]
INFO: [ app_begin ] --END-- [ RunTime:0.001000s ]
INFO: [ view_parse ] --START--
INFO: ParseTemplate Behavior ::run [ RunTime:0.022001s ]
INFO: [ view_parse ] --END-- [ RunTime:0.023001s ]
INFO: [ view_filter ] --START--
INFO: ContentReplace Behavior ::run [ RunTime:0.001000s ]
INFO: TokenBuild Behavior ::run [ RunTime:0.001000s ]
INFO: WriteHtmlCache Behavior ::run [ RunTime:0.000000s ]
INFO: ShowRuntime Behavior ::run [ RunTime:0.001000s ]
INFO: [ view_filter ] --END-- [ RunTime:0.005000s ]
INFO: [ view_end ] --START--
INFO: ShowPageTrace Behavior ::run [ RunTime:0.001000s ]
INFO: [ view_end ] --END-- [ RunTime:0.001000s ]

[ 2015-04-10T08:14:30+08:00 ] 127.0.0.1 /index.php/Index/index.html
INFO: [ route_check ] --START--
INFO: CheckRoute Behavior ::run [ RunTime:0.001000s ]
INFO: [ route_check ] --END-- [ RunTime:0.002000s ]
INFO: [ app_begin ] --START--
INFO: ReadHtmlCache Behavior ::run [ RunTime:0.001000s ]
INFO: [ app_begin ] --END-- [ RunTime:0.001000s ]
INFO: [ view_parse ] --START--
INFO: ParseTemplate Behavior ::run [ RunTime:0.021001s ]
INFO: [ view_parse ] --END-- [ RunTime:0.022001s ]
INFO: [ view_filter ] --START--
INFO: ContentReplace Behavior ::run [ RunTime:0.001000s ]
INFO: TokenBuild Behavior ::run [ RunTime:0.001000s ]
INFO: WriteHtmlCache Behavior ::run [ RunTime:0.000000s ]
INFO: ShowRuntime Behavior ::run [ RunTime:0.001000s ]
INFO: [ view_filter ] --END-- [ RunTime:0.005000s ]
INFO: [ view_end ] --START--
INFO: ShowPageTrace Behavior ::run [ RunTime:0.001000s ]
INFO: [ view_end ] --END-- [ RunTime:0.001000s ]

[ 2015-04-10T08:14:32+08:00 ] 127.0.0.1 /index.php/Config/index.html
INFO: [ route_check ] --START--
INFO: CheckRoute Behavior ::run [ RunTime:0.001000s ]
INFO: [ route_check ] --END-- [ RunTime:0.001000s ]
INFO: [ app_begin ] --START--
INFO: ReadHtmlCache Behavior ::run [ RunTime:0.001000s ]
INFO: [ app_begin ] --END-- [ RunTime:0.001000s ]
SQL: SHOW COLUMNS FROM `com_config` [ RunTime:0.057003s ]
SQL: SELECT * FROM `com_config`  [ RunTime:0.002000s ]
INFO: [ view_parse ] --START--
INFO: ParseTemplate Behavior ::run [ RunTime:0.057003s ]
INFO: [ view_parse ] --END-- [ RunTime:0.058003s ]
INFO: [ view_filter ] --START--
INFO: ContentReplace Behavior ::run [ RunTime:0.001000s ]
INFO: TokenBuild Behavior ::run [ RunTime:0.001000s ]
INFO: WriteHtmlCache Behavior ::run [ RunTime:0.000000s ]
INFO: ShowRuntime Behavior ::run [ RunTime:0.002000s ]
INFO: [ view_filter ] --END-- [ RunTime:0.005000s ]
INFO: [ view_end ] --START--
INFO: ShowPageTrace Behavior ::run [ RunTime:0.001001s ]
INFO: [ view_end ] --END-- [ RunTime:0.002001s ]

[ 2015-04-10T08:14:34+08:00 ] 127.0.0.1 /index.php/Chart/index.html
INFO: [ route_check ] --START--
INFO: CheckRoute Behavior ::run [ RunTime:0.001000s ]
INFO: [ route_check ] --END-- [ RunTime:0.001000s ]
INFO: [ app_begin ] --START--
INFO: ReadHtmlCache Behavior ::run [ RunTime:0.001000s ]
INFO: [ app_begin ] --END-- [ RunTime:0.001000s ]
INFO: [ view_parse ] --START--
INFO: ParseTemplate Behavior ::run [ RunTime:0.039002s ]
INFO: [ view_parse ] --END-- [ RunTime:0.040002s ]
INFO: [ view_filter ] --START--
INFO: ContentReplace Behavior ::run [ RunTime:0.001000s ]
INFO: TokenBuild Behavior ::run [ RunTime:0.002000s ]
INFO: WriteHtmlCache Behavior ::run [ RunTime:0.001000s ]
INFO: ShowRuntime Behavior ::run [ RunTime:0.002000s ]
INFO: [ view_filter ] --END-- [ RunTime:0.006000s ]
INFO: [ view_end ] --START--
INFO: ShowPageTrace Behavior ::run [ RunTime:0.001000s ]
INFO: [ view_end ] --END-- [ RunTime:0.002000s ]

[ 2015-04-10T08:14:35+08:00 ] 127.0.0.1 /index.php/Chart/pieChart.html
INFO: [ route_check ] --START--
INFO: CheckRoute Behavior ::run [ RunTime:0.001000s ]
INFO: [ route_check ] --END-- [ RunTime:0.001000s ]
INFO: [ app_begin ] --START--
INFO: ReadHtmlCache Behavior ::run [ RunTime:0.001000s ]
INFO: [ app_begin ] --END-- [ RunTime:0.001000s ]
SQL: SHOW COLUMNS FROM `com_saishi` [ RunTime:0.081005s ]
SQL: select count(*)  cc,c.saishiareaname as  cn from com_saishi p inner join com_saishiarea c on p.saishiareaid=c.saishiareaid group by p.saishiareaid order by count(*) [ RunTime:0.109006s ]
NOTIC: [8192] Function split() is deprecated E:\wamp\www\ThinkPHP\Extend\Vendor\jpgraph\jpgraph.php 第 186 行.
NOTIC: [8192] Function split() is deprecated E:\wamp\www\ThinkPHP\Extend\Vendor\jpgraph\jpgraph.php 第 187 行.
NOTIC: [8192] Function split() is deprecated E:\wamp\www\ThinkPHP\Extend\Vendor\jpgraph\jpgraph.php 第 5783 行.
NOTIC: [8192] Function split() is deprecated E:\wamp\www\ThinkPHP\Extend\Vendor\jpgraph\jpgraph.php 第 5783 行.
NOTIC: [8192] Function split() is deprecated E:\wamp\www\ThinkPHP\Extend\Vendor\jpgraph\jpgraph.php 第 5828 行.
NOTIC: [8192] Function ereg() is deprecated E:\wamp\www\ThinkPHP\Extend\Vendor\jpgraph\jpgraph.php 第 6116 行.
NOTIC: [8192] Function split() is deprecated E:\wamp\www\ThinkPHP\Extend\Vendor\jpgraph\jpgraph.php 第 5783 行.
NOTIC: [8192] Function split() is deprecated E:\wamp\www\ThinkPHP\Extend\Vendor\jpgraph\jpgraph.php 第 5828 行.
NOTIC: [8192] Function ereg() is deprecated E:\wamp\www\ThinkPHP\Extend\Vendor\jpgraph\jpgraph.php 第 6116 行.
NOTIC: [8192] Function split() is deprecated E:\wamp\www\ThinkPHP\Extend\Vendor\jpgraph\jpgraph.php 第 5783 行.
NOTIC: [8192] Function split() is deprecated E:\wamp\www\ThinkPHP\Extend\Vendor\jpgraph\jpgraph.php 第 5828 行.
NOTIC: [8192] Function ereg() is deprecated E:\wamp\www\ThinkPHP\Extend\Vendor\jpgraph\jpgraph.php 第 6116 行.
NOTIC: [8192] Function split() is deprecated E:\wamp\www\ThinkPHP\Extend\Vendor\jpgraph\jpgraph.php 第 5783 行.
NOTIC: [8192] Function split() is deprecated E:\wamp\www\ThinkPHP\Extend\Vendor\jpgraph\jpgraph.php 第 5828 行.
NOTIC: [8192] Function ereg() is deprecated E:\wamp\www\ThinkPHP\Extend\Vendor\jpgraph\jpgraph.php 第 6116 行.
NOTIC: [8192] Function split() is deprecated E:\wamp\www\ThinkPHP\Extend\Vendor\jpgraph\jpgraph.php 第 5783 行.
NOTIC: [8192] Function split() is deprecated E:\wamp\www\ThinkPHP\Extend\Vendor\jpgraph\jpgraph.php 第 5783 行.
NOTIC: [8192] Function split() is deprecated E:\wamp\www\ThinkPHP\Extend\Vendor\jpgraph\jpgraph.php 第 5783 行.
NOTIC: [8192] Function split() is deprecated E:\wamp\www\ThinkPHP\Extend\Vendor\jpgraph\jpgraph.php 第 5828 行.
NOTIC: [8192] Function ereg() is deprecated E:\wamp\www\ThinkPHP\Extend\Vendor\jpgraph\jpgraph.php 第 5984 行.
NOTIC: [8192] Function split() is deprecated E:\wamp\www\ThinkPHP\Extend\Vendor\jpgraph\jpgraph.php 第 5828 行.
NOTIC: [8192] Function split() is deprecated E:\wamp\www\ThinkPHP\Extend\Vendor\jpgraph\jpgraph.php 第 5783 行.
NOTIC: [8192] Function split() is deprecated E:\wamp\www\ThinkPHP\Extend\Vendor\jpgraph\jpgraph.php 第 5783 行.
NOTIC: [8192] Function split() is deprecated E:\wamp\www\ThinkPHP\Extend\Vendor\jpgraph\jpgraph.php 第 5783 行.
NOTIC: [8192] Function split() is deprecated E:\wamp\www\ThinkPHP\Extend\Vendor\jpgraph\jpgraph.php 第 5783 行.
NOTIC: [8192] Function split() is deprecated E:\wamp\www\ThinkPHP\Extend\Vendor\jpgraph\jpgraph.php 第 5828 行.
NOTIC: [8192] Function split() is deprecated E:\wamp\www\ThinkPHP\Extend\Vendor\jpgraph\jpgraph.php 第 5828 行.
NOTIC: [8192] Function split() is deprecated E:\wamp\www\ThinkPHP\Extend\Vendor\jpgraph\jpgraph.php 第 5828 行.
NOTIC: [8192] Function split() is deprecated E:\wamp\www\ThinkPHP\Extend\Vendor\jpgraph\jpgraph.php 第 5783 行.
NOTIC: [8192] Function ereg() is deprecated E:\wamp\www\ThinkPHP\Extend\Vendor\jpgraph\jpgraph.php 第 6116 行.
NOTIC: [8192] Function ereg() is deprecated E:\wamp\www\ThinkPHP\Extend\Vendor\jpgraph\jpgraph.php 第 6116 行.
NOTIC: [8192] Function ereg() is deprecated E:\wamp\www\ThinkPHP\Extend\Vendor\jpgraph\jpgraph.php 第 6116 行.
NOTIC: [8192] Function ereg() is deprecated E:\wamp\www\ThinkPHP\Extend\Vendor\jpgraph\jpgraph.php 第 6116 行.
NOTIC: [8192] Function split() is deprecated E:\wamp\www\ThinkPHP\Extend\Vendor\jpgraph\jpgraph.php 第 5783 行.
NOTIC: [8192] Function split() is deprecated E:\wamp\www\ThinkPHP\Extend\Vendor\jpgraph\jpgraph.php 第 5783 行.
NOTIC: [8192] Function split() is deprecated E:\wamp\www\ThinkPHP\Extend\Vendor\jpgraph\jpgraph.php 第 5828 行.
NOTIC: [8192] Function ereg() is deprecated E:\wamp\www\ThinkPHP\Extend\Vendor\jpgraph\jpgraph.php 第 5984 行.
NOTIC: [8192] Function split() is deprecated E:\wamp\www\ThinkPHP\Extend\Vendor\jpgraph\jpgraph.php 第 5783 行.
NOTIC: [8192] Function split() is deprecated E:\wamp\www\ThinkPHP\Extend\Vendor\jpgraph\jpgraph.php 第 5783 行.
NOTIC: [8192] Function split() is deprecated E:\wamp\www\ThinkPHP\Extend\Vendor\jpgraph\jpgraph.php 第 5828 行.
NOTIC: [8192] Function ereg() is deprecated E:\wamp\www\ThinkPHP\Extend\Vendor\jpgraph\jpgraph.php 第 5984 行.
NOTIC: [8192] Function split() is deprecated E:\wamp\www\ThinkPHP\Extend\Vendor\jpgraph\jpgraph.php 第 5783 行.
NOTIC: [8192] Function split() is deprecated E:\wamp\www\ThinkPHP\Extend\Vendor\jpgraph\jpgraph.php 第 5783 行.
NOTIC: [8192] Function split() is deprecated E:\wamp\www\ThinkPHP\Extend\Vendor\jpgraph\jpgraph.php 第 5828 行.
NOTIC: [8192] Function ereg() is deprecated E:\wamp\www\ThinkPHP\Extend\Vendor\jpgraph\jpgraph.php 第 5984 行.
NOTIC: [8192] Function ereg() is deprecated E:\wamp\www\ThinkPHP\Extend\Vendor\jpgraph\jpgraph.php 第 6116 行.
NOTIC: [8192] Function split() is deprecated E:\wamp\www\ThinkPHP\Extend\Vendor\jpgraph\jpgraph.php 第 5783 行.
NOTIC: [8192] Function split() is deprecated E:\wamp\www\ThinkPHP\Extend\Vendor\jpgraph\jpgraph.php 第 5783 行.
NOTIC: [8192] Function split() is deprecated E:\wamp\www\ThinkPHP\Extend\Vendor\jpgraph\jpgraph.php 第 5783 行.
NOTIC: [8192] Function split() is deprecated E:\wamp\www\ThinkPHP\Extend\Vendor\jpgraph\jpgraph.php 第 5828 行.
NOTIC: [8192] Function ereg() is deprecated E:\wamp\www\ThinkPHP\Extend\Vendor\jpgraph\jpgraph.php 第 5984 行.
NOTIC: [8192] Function split() is deprecated E:\wamp\www\ThinkPHP\Extend\Vendor\jpgraph\jpgraph.php 第 5783 行.
NOTIC: [8192] Function split() is deprecated E:\wamp\www\ThinkPHP\Extend\Vendor\jpgraph\jpgraph.php 第 5783 行.
NOTIC: [8192] Function split() is deprecated E:\wamp\www\ThinkPHP\Extend\Vendor\jpgraph\jpgraph.php 第 5783 行.
NOTIC: [8192] Function split() is deprecated E:\wamp\www\ThinkPHP\Extend\Vendor\jpgraph\jpgraph.php 第 5828 行.
NOTIC: [8192] Function ereg() is deprecated E:\wamp\www\ThinkPHP\Extend\Vendor\jpgraph\jpgraph.php 第 5984 行.

[ 2015-04-10T08:14:41+08:00 ] 127.0.0.1 /index.php/User/index.html
INFO: [ route_check ] --START--
INFO: CheckRoute Behavior ::run [ RunTime:0.002000s ]
INFO: [ route_check ] --END-- [ RunTime:0.002000s ]
INFO: [ app_begin ] --START--
INFO: ReadHtmlCache Behavior ::run [ RunTime:0.002000s ]
INFO: [ app_begin ] --END-- [ RunTime:0.002000s ]
SQL: SHOW COLUMNS FROM `com_user` [ RunTime:0.009001s ]
SQL: SELECT COUNT(*) AS tp_count FROM `com_user` LIMIT 1   [ RunTime:0.000000s ]
SQL: SELECT * FROM `com_user` left JOIN com_authgroup ON com_user.groupid=com_authgroup.groupid LIMIT 0,5   [ RunTime:0.186010s ]
INFO: [ view_parse ] --START--
INFO: ParseTemplate Behavior ::run [ RunTime:0.153008s ]
INFO: [ view_parse ] --END-- [ RunTime:0.153008s ]
INFO: [ view_filter ] --START--
INFO: ContentReplace Behavior ::run [ RunTime:0.002000s ]
INFO: TokenBuild Behavior ::run [ RunTime:0.002001s ]
INFO: WriteHtmlCache Behavior ::run [ RunTime:0.001000s ]
INFO: ShowRuntime Behavior ::run [ RunTime:0.001000s ]
INFO: [ view_filter ] --END-- [ RunTime:0.008001s ]
INFO: [ view_end ] --START--
INFO: ShowPageTrace Behavior ::run [ RunTime:0.002000s ]
INFO: [ view_end ] --END-- [ RunTime:0.002000s ]

[ 2015-04-10T08:14:46+08:00 ] 127.0.0.1 /index.php/Index/table.html
INFO: [ route_check ] --START--
INFO: CheckRoute Behavior ::run [ RunTime:0.002000s ]
INFO: [ route_check ] --END-- [ RunTime:0.002000s ]
INFO: [ app_begin ] --START--
INFO: ReadHtmlCache Behavior ::run [ RunTime:0.002000s ]
INFO: [ app_begin ] --END-- [ RunTime:0.002000s ]
SQL: SHOW COLUMNS FROM `com_user` [ RunTime:0.006000s ]
SQL: SELECT COUNT(*) AS tp_count FROM `com_user` LIMIT 1   [ RunTime:0.000000s ]
SQL: SELECT * FROM `com_user` left JOIN com_authgroup ON com_user.groupid=com_authgroup.groupid LIMIT 0,5   [ RunTime:0.000000s ]
SQL: SHOW COLUMNS FROM `com_saishi` [ RunTime:0.030002s ]
SQL: SELECT COUNT(*) AS tp_count FROM `com_saishi` LIMIT 1   [ RunTime:0.169010s ]
SQL: SELECT * FROM `com_saishi` LIMIT 0,10   [ RunTime:0.000000s ]
SQL: SHOW COLUMNS FROM `com_saishicate` [ RunTime:0.516030s ]
SQL: SELECT COUNT(*) AS tp_count FROM `com_saishicate` LIMIT 1   [ RunTime:0.001000s ]
SQL: SELECT * FROM `com_saishicate` left JOIN com_saishiarea ON com_saishiarea.saishiareaid=com_saishicate.saishiareaid LIMIT 0,5   [ RunTime:0.001000s ]
INFO: [ view_parse ] --START--
INFO: ParseTemplate Behavior ::run [ RunTime:0.546032s ]
INFO: [ view_parse ] --END-- [ RunTime:0.547032s ]
INFO: [ view_filter ] --START--
INFO: ContentReplace Behavior ::run [ RunTime:0.003000s ]
INFO: TokenBuild Behavior ::run [ RunTime:0.002000s ]
INFO: WriteHtmlCache Behavior ::run [ RunTime:0.002000s ]
INFO: ShowRuntime Behavior ::run [ RunTime:0.002000s ]
INFO: [ view_filter ] --END-- [ RunTime:0.010000s ]
INFO: [ view_end ] --START--
INFO: ShowPageTrace Behavior ::run [ RunTime:0.003000s ]
INFO: [ view_end ] --END-- [ RunTime:0.003000s ]

[ 2015-04-10T08:14:46+08:00 ] 127.0.0.1 /index.php/Index/table.html
INFO: [ route_check ] --START--
INFO: CheckRoute Behavior ::run [ RunTime:0.002000s ]
INFO: [ route_check ] --END-- [ RunTime:0.002000s ]
INFO: [ app_begin ] --START--
INFO: ReadHtmlCache Behavior ::run [ RunTime:0.002001s ]
INFO: [ app_begin ] --END-- [ RunTime:0.002001s ]
SQL: SHOW COLUMNS FROM `com_user` [ RunTime:0.008000s ]
SQL: SELECT COUNT(*) AS tp_count FROM `com_user` LIMIT 1   [ RunTime:0.000000s ]
SQL: SELECT * FROM `com_user` left JOIN com_authgroup ON com_user.groupid=com_authgroup.groupid LIMIT 0,5   [ RunTime:0.001000s ]
SQL: SHOW COLUMNS FROM `com_saishi` [ RunTime:0.007001s ]
SQL: SELECT COUNT(*) AS tp_count FROM `com_saishi` LIMIT 1   [ RunTime:0.001000s ]
SQL: SELECT * FROM `com_saishi` LIMIT 0,10   [ RunTime:0.001000s ]
SQL: SHOW COLUMNS FROM `com_saishicate` [ RunTime:0.007001s ]
SQL: SELECT COUNT(*) AS tp_count FROM `com_saishicate` LIMIT 1   [ RunTime:0.000000s ]
SQL: SELECT * FROM `com_saishicate` left JOIN com_saishiarea ON com_saishiarea.saishiareaid=com_saishicate.saishiareaid LIMIT 0,5   [ RunTime:0.001000s ]
INFO: [ view_parse ] --START--
INFO: ParseTemplate Behavior ::run [ RunTime:0.056003s ]
INFO: [ view_parse ] --END-- [ RunTime:0.057003s ]
INFO: [ view_filter ] --START--
INFO: ContentReplace Behavior ::run [ RunTime:0.003000s ]
INFO: TokenBuild Behavior ::run [ RunTime:0.002001s ]
INFO: WriteHtmlCache Behavior ::run [ RunTime:0.001000s ]
INFO: ShowRuntime Behavior ::run [ RunTime:0.002000s ]
INFO: [ view_filter ] --END-- [ RunTime:0.009001s ]
INFO: [ view_end ] --START--
INFO: ShowPageTrace Behavior ::run [ RunTime:0.002000s ]
INFO: [ view_end ] --END-- [ RunTime:0.002000s ]

[ 2015-04-10T08:14:51+08:00 ] 127.0.0.1 /index.php/Index/index.php?m=Index&a=ajax
INFO: [ route_check ] --START--
INFO: CheckRoute Behavior ::run [ RunTime:0.004001s ]
INFO: [ route_check ] --END-- [ RunTime:0.004001s ]
INFO: [ app_begin ] --START--
INFO: ReadHtmlCache Behavior ::run [ RunTime:0.002000s ]
INFO: [ app_begin ] --END-- [ RunTime:0.002000s ]
SQL: SHOW COLUMNS FROM `com_saishi` [ RunTime:0.005000s ]
SQL: DELETE FROM `com_saishi` WHERE ( `saishiid` = 42 ) [ RunTime:0.153009s ]

[ 2015-04-10T09:38:43+08:00 ] 127.0.0.1 /index.php/Login
INFO: [ route_check ] --START--
INFO: CheckRoute Behavior ::run [ RunTime:0.003000s ]
INFO: [ route_check ] --END-- [ RunTime:0.003000s ]
INFO: [ app_begin ] --START--
INFO: ReadHtmlCache Behavior ::run [ RunTime:0.002000s ]
INFO: [ app_begin ] --END-- [ RunTime:0.002000s ]
NOTIC: [8] Use of undefined constant session_start - assumed 'session_start' E:\wamp\www\Home\Lib\Action\LoginAction.class.php 第 4 行.
INFO: [ view_parse ] --START--
INFO: ParseTemplate Behavior ::run [ RunTime:0.050003s ]
INFO: [ view_parse ] --END-- [ RunTime:0.050003s ]
INFO: [ view_filter ] --START--
INFO: ContentReplace Behavior ::run [ RunTime:0.002000s ]
INFO: TokenBuild Behavior ::run [ RunTime:0.002001s ]
INFO: WriteHtmlCache Behavior ::run [ RunTime:0.001000s ]
INFO: ShowRuntime Behavior ::run [ RunTime:0.002000s ]
INFO: [ view_filter ] --END-- [ RunTime:0.007001s ]
INFO: [ view_end ] --START--
INFO: ShowPageTrace Behavior ::run [ RunTime:0.002000s ]
INFO: [ view_end ] --END-- [ RunTime:0.002000s ]

[ 2015-04-10T09:38:43+08:00 ] 127.0.0.1 /index.php/Login/verify.html
INFO: [ route_check ] --START--
INFO: CheckRoute Behavior ::run [ RunTime:0.002000s ]
INFO: [ route_check ] --END-- [ RunTime:0.002000s ]
INFO: [ app_begin ] --START--
INFO: ReadHtmlCache Behavior ::run [ RunTime:0.001000s ]
INFO: [ app_begin ] --END-- [ RunTime:0.001000s ]
NOTIC: [8] Use of undefined constant session_start - assumed 'session_start' E:\wamp\www\Home\Lib\Action\LoginAction.class.php 第 4 行.

[ 2015-04-10T09:39:07+08:00 ] 127.0.0.1 /index.php/index.php?m=Login&a=loginact
INFO: [ route_check ] --START--
INFO: CheckRoute Behavior ::run [ RunTime:0.001000s ]
INFO: [ route_check ] --END-- [ RunTime:0.001000s ]
INFO: [ app_begin ] --START--
INFO: ReadHtmlCache Behavior ::run [ RunTime:0.001000s ]
INFO: [ app_begin ] --END-- [ RunTime:0.001000s ]
NOTIC: [8] Use of undefined constant session_start - assumed 'session_start' E:\wamp\www\Home\Lib\Action\LoginAction.class.php 第 4 行.
SQL: SHOW COLUMNS FROM `com_user` [ RunTime:0.048003s ]
SQL: SELECT COUNT(*) AS tp_count FROM `com_user` WHERE ( `adminname` = 'admin' ) LIMIT 1   [ RunTime:0.041003s ]

[ 2015-04-10T09:39:14+08:00 ] 127.0.0.1 /index.php/Login/loginact.html
INFO: [ route_check ] --START--
INFO: CheckRoute Behavior ::run [ RunTime:0.001000s ]
INFO: [ route_check ] --END-- [ RunTime:0.003000s ]
INFO: [ app_begin ] --START--
INFO: ReadHtmlCache Behavior ::run [ RunTime:0.002000s ]
INFO: [ app_begin ] --END-- [ RunTime:0.002000s ]
NOTIC: [8] Use of undefined constant session_start - assumed 'session_start' E:\wamp\www\Home\Lib\Action\LoginAction.class.php 第 4 行.
SQL: SHOW COLUMNS FROM `com_user` [ RunTime:0.007001s ]
SQL: SELECT COUNT(*) AS tp_count FROM `com_user` WHERE ( `adminname` = 'admin' ) LIMIT 1   [ RunTime:0.001000s ]
SQL: SELECT COUNT(*) AS tp_count FROM `com_user` WHERE ( `adminname` = 'admin' ) AND ( `password` = 'e10adc3949ba59abbe56e057f20f883e' ) LIMIT 1   [ RunTime:0.001000s ]

[ 2015-04-10T09:39:15+08:00 ] 127.0.0.1 /index.php/Login/index.php?m=Index&a=index
INFO: [ route_check ] --START--
INFO: CheckRoute Behavior ::run [ RunTime:0.002000s ]
INFO: [ route_check ] --END-- [ RunTime:0.002000s ]
INFO: [ app_begin ] --START--
INFO: ReadHtmlCache Behavior ::run [ RunTime:0.002000s ]
INFO: [ app_begin ] --END-- [ RunTime:0.002000s ]
INFO: [ view_parse ] --START--
INFO: ParseTemplate Behavior ::run [ RunTime:0.057004s ]
INFO: [ view_parse ] --END-- [ RunTime:0.058004s ]
INFO: [ view_filter ] --START--
INFO: ContentReplace Behavior ::run [ RunTime:0.002000s ]
INFO: TokenBuild Behavior ::run [ RunTime:0.002000s ]
INFO: WriteHtmlCache Behavior ::run [ RunTime:0.001000s ]
INFO: ShowRuntime Behavior ::run [ RunTime:0.002000s ]
INFO: [ view_filter ] --END-- [ RunTime:0.007000s ]
INFO: [ view_end ] --START--
INFO: ShowPageTrace Behavior ::run [ RunTime:0.002000s ]
INFO: [ view_end ] --END-- [ RunTime:0.002000s ]

[ 2015-04-10T09:39:16+08:00 ] 127.0.0.1 /index.php/Login/index.php?m=Index&a=index
INFO: [ route_check ] --START--
INFO: CheckRoute Behavior ::run [ RunTime:0.001000s ]
INFO: [ route_check ] --END-- [ RunTime:0.002000s ]
INFO: [ app_begin ] --START--
INFO: ReadHtmlCache Behavior ::run [ RunTime:0.002000s ]
INFO: [ app_begin ] --END-- [ RunTime:0.002000s ]
INFO: [ view_parse ] --START--
INFO: ParseTemplate Behavior ::run [ RunTime:0.023002s ]
INFO: [ view_parse ] --END-- [ RunTime:0.023002s ]
INFO: [ view_filter ] --START--
INFO: ContentReplace Behavior ::run [ RunTime:0.001000s ]
INFO: TokenBuild Behavior ::run [ RunTime:0.001000s ]
INFO: WriteHtmlCache Behavior ::run [ RunTime:0.001000s ]
INFO: ShowRuntime Behavior ::run [ RunTime:0.001000s ]
INFO: [ view_filter ] --END-- [ RunTime:0.005000s ]
INFO: [ view_end ] --START--
INFO: ShowPageTrace Behavior ::run [ RunTime:0.001000s ]
INFO: [ view_end ] --END-- [ RunTime:0.001000s ]

[ 2015-04-10T13:15:36+08:00 ] 127.0.0.1 /index.php/Login
INFO: [ route_check ] --START--
INFO: CheckRoute Behavior ::run [ RunTime:0.009001s ]
INFO: [ route_check ] --END-- [ RunTime:0.037002s ]
INFO: [ app_begin ] --START--
INFO: ReadHtmlCache Behavior ::run [ RunTime:0.020001s ]
INFO: [ app_begin ] --END-- [ RunTime:0.021001s ]
NOTIC: [8] Use of undefined constant session_start - assumed 'session_start' E:\wamp\www\Home\Lib\Action\LoginAction.class.php 第 4 行.
INFO: [ view_parse ] --START--
INFO: ParseTemplate Behavior ::run [ RunTime:0.138008s ]
INFO: [ view_parse ] --END-- [ RunTime:0.138008s ]
INFO: [ view_filter ] --START--
INFO: ContentReplace Behavior ::run [ RunTime:0.012001s ]
INFO: TokenBuild Behavior ::run [ RunTime:0.002000s ]
INFO: WriteHtmlCache Behavior ::run [ RunTime:0.001000s ]
INFO: ShowRuntime Behavior ::run [ RunTime:0.001000s ]
INFO: [ view_filter ] --END-- [ RunTime:0.017001s ]
INFO: [ view_end ] --START--
INFO: ShowPageTrace Behavior ::run [ RunTime:0.002000s ]
INFO: [ view_end ] --END-- [ RunTime:0.002000s ]

[ 2015-04-10T13:15:36+08:00 ] 127.0.0.1 /index.php/Login/verify.html
INFO: [ route_check ] --START--
INFO: CheckRoute Behavior ::run [ RunTime:0.001000s ]
INFO: [ route_check ] --END-- [ RunTime:0.002000s ]
INFO: [ app_begin ] --START--
INFO: ReadHtmlCache Behavior ::run [ RunTime:0.002000s ]
INFO: [ app_begin ] --END-- [ RunTime:0.002000s ]
NOTIC: [8] Use of undefined constant session_start - assumed 'session_start' E:\wamp\www\Home\Lib\Action\LoginAction.class.php 第 4 行.

[ 2015-04-10T13:15:42+08:00 ] 127.0.0.1 /index.php/index.php?m=Login&a=loginact
INFO: [ route_check ] --START--
INFO: CheckRoute Behavior ::run [ RunTime:0.001001s ]
INFO: [ route_check ] --END-- [ RunTime:0.001001s ]
INFO: [ app_begin ] --START--
INFO: ReadHtmlCache Behavior ::run [ RunTime:0.001000s ]
INFO: [ app_begin ] --END-- [ RunTime:0.001000s ]
NOTIC: [8] Use of undefined constant session_start - assumed 'session_start' E:\wamp\www\Home\Lib\Action\LoginAction.class.php 第 4 行.
SQL: SHOW COLUMNS FROM `com_user` [ RunTime:0.085005s ]
SQL: SELECT COUNT(*) AS tp_count FROM `com_user` WHERE ( `adminname` = 'admin' ) LIMIT 1   [ RunTime:0.064004s ]

[ 2015-04-10T13:15:43+08:00 ] 127.0.0.1 /index.php/index.php?m=Login&a=loginact
INFO: [ route_check ] --START--
INFO: CheckRoute Behavior ::run [ RunTime:0.002000s ]
INFO: [ route_check ] --END-- [ RunTime:0.002000s ]
INFO: [ app_begin ] --START--
INFO: ReadHtmlCache Behavior ::run [ RunTime:0.001000s ]
INFO: [ app_begin ] --END-- [ RunTime:0.002000s ]
NOTIC: [8] Use of undefined constant session_start - assumed 'session_start' E:\wamp\www\Home\Lib\Action\LoginAction.class.php 第 4 行.
SQL: SHOW COLUMNS FROM `com_user` [ RunTime:0.008001s ]
SQL: SELECT COUNT(*) AS tp_count FROM `com_user` WHERE ( `adminname` = 'admin' ) LIMIT 1   [ RunTime:0.001000s ]

[ 2015-04-10T13:15:59+08:00 ] 127.0.0.1 /index.php/Login/loginact.html
INFO: [ route_check ] --START--
INFO: CheckRoute Behavior ::run [ RunTime:0.001000s ]
INFO: [ route_check ] --END-- [ RunTime:0.003001s ]
INFO: [ app_begin ] --START--
INFO: ReadHtmlCache Behavior ::run [ RunTime:0.002000s ]
INFO: [ app_begin ] --END-- [ RunTime:0.003000s ]
NOTIC: [8] Use of undefined constant session_start - assumed 'session_start' E:\wamp\www\Home\Lib\Action\LoginAction.class.php 第 4 行.
SQL: SHOW COLUMNS FROM `com_user` [ RunTime:0.006001s ]
SQL: SELECT COUNT(*) AS tp_count FROM `com_user` WHERE ( `adminname` = 'admin' ) LIMIT 1   [ RunTime:0.001000s ]
SQL: SELECT COUNT(*) AS tp_count FROM `com_user` WHERE ( `adminname` = 'admin' ) AND ( `password` = 'e10adc3949ba59abbe56e057f20f883e' ) LIMIT 1   [ RunTime:0.000000s ]

[ 2015-04-10T13:16:01+08:00 ] 127.0.0.1 /index.php/Login/index.php?m=Index&a=index
INFO: [ route_check ] --START--
INFO: CheckRoute Behavior ::run [ RunTime:0.001000s ]
INFO: [ route_check ] --END-- [ RunTime:0.001000s ]
INFO: [ app_begin ] --START--
INFO: ReadHtmlCache Behavior ::run [ RunTime:0.001001s ]
INFO: [ app_begin ] --END-- [ RunTime:0.001001s ]
INFO: [ view_parse ] --START--
INFO: ParseTemplate Behavior ::run [ RunTime:0.171010s ]
INFO: [ view_parse ] --END-- [ RunTime:0.173010s ]
INFO: [ view_filter ] --START--
INFO: ContentReplace Behavior ::run [ RunTime:0.001000s ]
INFO: TokenBuild Behavior ::run [ RunTime:0.002000s ]
INFO: WriteHtmlCache Behavior ::run [ RunTime:0.001000s ]
INFO: ShowRuntime Behavior ::run [ RunTime:0.001001s ]
INFO: [ view_filter ] --END-- [ RunTime:0.006001s ]
INFO: [ view_end ] --START--
INFO: ShowPageTrace Behavior ::run [ RunTime:0.002000s ]
INFO: [ view_end ] --END-- [ RunTime:0.002000s ]

[ 2015-04-10T13:16:02+08:00 ] 127.0.0.1 /index.php/Login/index.php?m=Index&a=index
INFO: [ route_check ] --START--
INFO: CheckRoute Behavior ::run [ RunTime:0.001000s ]
INFO: [ route_check ] --END-- [ RunTime:0.001000s ]
INFO: [ app_begin ] --START--
INFO: ReadHtmlCache Behavior ::run [ RunTime:0.001000s ]
INFO: [ app_begin ] --END-- [ RunTime:0.001000s ]
INFO: [ view_parse ] --START--
INFO: ParseTemplate Behavior ::run [ RunTime:0.032002s ]
INFO: [ view_parse ] --END-- [ RunTime:0.033002s ]
INFO: [ view_filter ] --START--
INFO: ContentReplace Behavior ::run [ RunTime:0.001000s ]
INFO: TokenBuild Behavior ::run [ RunTime:0.001000s ]
INFO: WriteHtmlCache Behavior ::run [ RunTime:0.001000s ]
INFO: ShowRuntime Behavior ::run [ RunTime:0.002000s ]
INFO: [ view_filter ] --END-- [ RunTime:0.005000s ]
INFO: [ view_end ] --START--
INFO: ShowPageTrace Behavior ::run [ RunTime:0.001000s ]
INFO: [ view_end ] --END-- [ RunTime:0.002000s ]

[ 2015-04-10T13:16:09+08:00 ] 127.0.0.1 /index.php/Index/index.html
INFO: [ route_check ] --START--
INFO: CheckRoute Behavior ::run [ RunTime:0.001000s ]
INFO: [ route_check ] --END-- [ RunTime:0.002000s ]
INFO: [ app_begin ] --START--
INFO: ReadHtmlCache Behavior ::run [ RunTime:0.003000s ]
INFO: [ app_begin ] --END-- [ RunTime:0.003000s ]
INFO: [ view_parse ] --START--
INFO: ParseTemplate Behavior ::run [ RunTime:0.044003s ]
INFO: [ view_parse ] --END-- [ RunTime:0.045003s ]
INFO: [ view_filter ] --START--
INFO: ContentReplace Behavior ::run [ RunTime:0.001000s ]
INFO: TokenBuild Behavior ::run [ RunTime:0.001000s ]
INFO: WriteHtmlCache Behavior ::run [ RunTime:0.001000s ]
INFO: ShowRuntime Behavior ::run [ RunTime:0.003000s ]
INFO: [ view_filter ] --END-- [ RunTime:0.008000s ]
INFO: [ view_end ] --START--
INFO: ShowPageTrace Behavior ::run [ RunTime:0.002001s ]
INFO: [ view_end ] --END-- [ RunTime:0.003001s ]

[ 2015-04-10T13:16:09+08:00 ] 127.0.0.1 /index.php/Index/index.html
INFO: [ route_check ] --START--
INFO: CheckRoute Behavior ::run [ RunTime:0.002000s ]
INFO: [ route_check ] --END-- [ RunTime:0.003000s ]
INFO: [ app_begin ] --START--
INFO: ReadHtmlCache Behavior ::run [ RunTime:0.002000s ]
INFO: [ app_begin ] --END-- [ RunTime:0.004001s ]
INFO: [ view_parse ] --START--
INFO: ParseTemplate Behavior ::run [ RunTime:0.035002s ]
INFO: [ view_parse ] --END-- [ RunTime:0.036002s ]
INFO: [ view_filter ] --START--
INFO: ContentReplace Behavior ::run [ RunTime:0.001000s ]
INFO: TokenBuild Behavior ::run [ RunTime:0.002000s ]
INFO: WriteHtmlCache Behavior ::run [ RunTime:0.001000s ]
INFO: ShowRuntime Behavior ::run [ RunTime:0.003000s ]
INFO: [ view_filter ] --END-- [ RunTime:0.007000s ]
INFO: [ view_end ] --START--
INFO: ShowPageTrace Behavior ::run [ RunTime:0.002000s ]
INFO: [ view_end ] --END-- [ RunTime:0.003001s ]

[ 2015-04-10T13:16:12+08:00 ] 127.0.0.1 /index.php/Config/index.html
INFO: [ route_check ] --START--
INFO: CheckRoute Behavior ::run [ RunTime:0.001000s ]
INFO: [ route_check ] --END-- [ RunTime:0.001000s ]
INFO: [ app_begin ] --START--
INFO: ReadHtmlCache Behavior ::run [ RunTime:0.001000s ]
INFO: [ app_begin ] --END-- [ RunTime:0.002000s ]
SQL: SHOW COLUMNS FROM `com_config` [ RunTime:0.007001s ]
SQL: SELECT * FROM `com_config`  [ RunTime:0.002000s ]
INFO: [ view_parse ] --START--
INFO: ParseTemplate Behavior ::run [ RunTime:0.050003s ]
INFO: [ view_parse ] --END-- [ RunTime:0.050003s ]
INFO: [ view_filter ] --START--
INFO: ContentReplace Behavior ::run [ RunTime:0.001000s ]
INFO: TokenBuild Behavior ::run [ RunTime:0.001000s ]
INFO: WriteHtmlCache Behavior ::run [ RunTime:0.001000s ]
INFO: ShowRuntime Behavior ::run [ RunTime:0.001000s ]
INFO: [ view_filter ] --END-- [ RunTime:0.005000s ]
INFO: [ view_end ] --START--
INFO: ShowPageTrace Behavior ::run [ RunTime:0.001000s ]
INFO: [ view_end ] --END-- [ RunTime:0.001000s ]

[ 2015-04-10T13:16:26+08:00 ] 127.0.0.1 /index.php/Config/setting.html
INFO: [ route_check ] --START--
INFO: CheckRoute Behavior ::run [ RunTime:0.008001s ]
INFO: [ route_check ] --END-- [ RunTime:0.009001s ]
INFO: [ app_begin ] --START--
INFO: ReadHtmlCache Behavior ::run [ RunTime:0.002000s ]
INFO: [ app_begin ] --END-- [ RunTime:0.002000s ]
SQL: SHOW COLUMNS FROM `com_config` [ RunTime:0.010000s ]
SQL: UPDATE `com_config` SET `sitename`='Vgo Chess围棋网111',`sitetitle`='Vgo Chess114',`siteurl`='http://localhost/Index/index',`sitecopyright`='222222222',`logowidth`=2,`logoheight`=11 WHERE ( siteid=1 ) [ RunTime:0.373021s ]
SQL: SELECT * FROM `com_config`  [ RunTime:0.001000s ]
INFO: [ view_parse ] --START--
INFO: ParseTemplate Behavior ::run [ RunTime:0.022001s ]
INFO: [ view_parse ] --END-- [ RunTime:0.023001s ]
INFO: [ view_filter ] --START--
INFO: ContentReplace Behavior ::run [ RunTime:0.001001s ]
INFO: TokenBuild Behavior ::run [ RunTime:0.001000s ]
INFO: WriteHtmlCache Behavior ::run [ RunTime:0.001000s ]
INFO: ShowRuntime Behavior ::run [ RunTime:0.001000s ]
INFO: [ view_filter ] --END-- [ RunTime:0.004001s ]
INFO: [ view_end ] --START--
INFO: ShowPageTrace Behavior ::run [ RunTime:0.001000s ]
INFO: [ view_end ] --END-- [ RunTime:0.001000s ]

[ 2015-04-10T13:16:42+08:00 ] 127.0.0.1 /index.php/Chart/index.html
INFO: [ route_check ] --START--
INFO: CheckRoute Behavior ::run [ RunTime:0.001000s ]
INFO: [ route_check ] --END-- [ RunTime:0.002000s ]
INFO: [ app_begin ] --START--
INFO: ReadHtmlCache Behavior ::run [ RunTime:0.002000s ]
INFO: [ app_begin ] --END-- [ RunTime:0.002000s ]
INFO: [ view_parse ] --START--
INFO: ParseTemplate Behavior ::run [ RunTime:0.063004s ]
INFO: [ view_parse ] --END-- [ RunTime:0.064004s ]
INFO: [ view_filter ] --START--
INFO: ContentReplace Behavior ::run [ RunTime:0.002000s ]
INFO: TokenBuild Behavior ::run [ RunTime:0.002000s ]
INFO: WriteHtmlCache Behavior ::run [ RunTime:0.001000s ]
INFO: ShowRuntime Behavior ::run [ RunTime:0.001000s ]
INFO: [ view_filter ] --END-- [ RunTime:0.007000s ]
INFO: [ view_end ] --START--
INFO: ShowPageTrace Behavior ::run [ RunTime:0.001001s ]
INFO: [ view_end ] --END-- [ RunTime:0.001001s ]

[ 2015-04-10T13:16:44+08:00 ] 127.0.0.1 /index.php/Chart/pieChart.html
INFO: [ route_check ] --START--
INFO: CheckRoute Behavior ::run [ RunTime:0.003000s ]
INFO: [ route_check ] --END-- [ RunTime:0.003000s ]
INFO: [ app_begin ] --START--
INFO: ReadHtmlCache Behavior ::run [ RunTime:0.002001s ]
INFO: [ app_begin ] --END-- [ RunTime:0.002001s ]
SQL: SHOW COLUMNS FROM `com_saishi` [ RunTime:0.007000s ]
SQL: select count(*)  cc,c.saishiareaname as  cn from com_saishi p inner join com_saishiarea c on p.saishiareaid=c.saishiareaid group by p.saishiareaid order by count(*) [ RunTime:0.023002s ]
NOTIC: [8192] Function split() is deprecated E:\wamp\www\ThinkPHP\Extend\Vendor\jpgraph\jpgraph.php 第 186 行.
NOTIC: [8192] Function split() is deprecated E:\wamp\www\ThinkPHP\Extend\Vendor\jpgraph\jpgraph.php 第 187 行.
NOTIC: [8192] Function split() is deprecated E:\wamp\www\ThinkPHP\Extend\Vendor\jpgraph\jpgraph.php 第 5783 行.
NOTIC: [8192] Function split() is deprecated E:\wamp\www\ThinkPHP\Extend\Vendor\jpgraph\jpgraph.php 第 5783 行.
NOTIC: [8192] Function split() is deprecated E:\wamp\www\ThinkPHP\Extend\Vendor\jpgraph\jpgraph.php 第 5828 行.
NOTIC: [8192] Function ereg() is deprecated E:\wamp\www\ThinkPHP\Extend\Vendor\jpgraph\jpgraph.php 第 6116 行.
NOTIC: [8192] Function split() is deprecated E:\wamp\www\ThinkPHP\Extend\Vendor\jpgraph\jpgraph.php 第 5783 行.
NOTIC: [8192] Function split() is deprecated E:\wamp\www\ThinkPHP\Extend\Vendor\jpgraph\jpgraph.php 第 5828 行.
NOTIC: [8192] Function ereg() is deprecated E:\wamp\www\ThinkPHP\Extend\Vendor\jpgraph\jpgraph.php 第 6116 行.
NOTIC: [8192] Function split() is deprecated E:\wamp\www\ThinkPHP\Extend\Vendor\jpgraph\jpgraph.php 第 5783 行.
NOTIC: [8192] Function split() is deprecated E:\wamp\www\ThinkPHP\Extend\Vendor\jpgraph\jpgraph.php 第 5828 行.
NOTIC: [8192] Function ereg() is deprecated E:\wamp\www\ThinkPHP\Extend\Vendor\jpgraph\jpgraph.php 第 6116 行.
NOTIC: [8192] Function split() is deprecated E:\wamp\www\ThinkPHP\Extend\Vendor\jpgraph\jpgraph.php 第 5783 行.
NOTIC: [8192] Function split() is deprecated E:\wamp\www\ThinkPHP\Extend\Vendor\jpgraph\jpgraph.php 第 5828 行.
NOTIC: [8192] Function ereg() is deprecated E:\wamp\www\ThinkPHP\Extend\Vendor\jpgraph\jpgraph.php 第 6116 行.
NOTIC: [8192] Function split() is deprecated E:\wamp\www\ThinkPHP\Extend\Vendor\jpgraph\jpgraph.php 第 5783 行.
NOTIC: [8192] Function split() is deprecated E:\wamp\www\ThinkPHP\Extend\Vendor\jpgraph\jpgraph.php 第 5783 行.
NOTIC: [8192] Function split() is deprecated E:\wamp\www\ThinkPHP\Extend\Vendor\jpgraph\jpgraph.php 第 5783 行.
NOTIC: [8192] Function split() is deprecated E:\wamp\www\ThinkPHP\Extend\Vendor\jpgraph\jpgraph.php 第 5828 行.
NOTIC: [8192] Function ereg() is deprecated E:\wamp\www\ThinkPHP\Extend\Vendor\jpgraph\jpgraph.php 第 5984 行.
NOTIC: [8192] Function split() is deprecated E:\wamp\www\ThinkPHP\Extend\Vendor\jpgraph\jpgraph.php 第 5828 行.
NOTIC: [8192] Function split() is deprecated E:\wamp\www\ThinkPHP\Extend\Vendor\jpgraph\jpgraph.php 第 5783 行.
NOTIC: [8192] Function split() is deprecated E:\wamp\www\ThinkPHP\Extend\Vendor\jpgraph\jpgraph.php 第 5783 行.
NOTIC: [8192] Function split() is deprecated E:\wamp\www\ThinkPHP\Extend\Vendor\jpgraph\jpgraph.php 第 5783 行.
NOTIC: [8192] Function split() is deprecated E:\wamp\www\ThinkPHP\Extend\Vendor\jpgraph\jpgraph.php 第 5783 行.
NOTIC: [8192] Function split() is deprecated E:\wamp\www\ThinkPHP\Extend\Vendor\jpgraph\jpgraph.php 第 5828 行.
NOTIC: [8192] Function split() is deprecated E:\wamp\www\ThinkPHP\Extend\Vendor\jpgraph\jpgraph.php 第 5828 行.
NOTIC: [8192] Function split() is deprecated E:\wamp\www\ThinkPHP\Extend\Vendor\jpgraph\jpgraph.php 第 5828 行.
NOTIC: [8192] Function split() is deprecated E:\wamp\www\ThinkPHP\Extend\Vendor\jpgraph\jpgraph.php 第 5783 行.
NOTIC: [8192] Function ereg() is deprecated E:\wamp\www\ThinkPHP\Extend\Vendor\jpgraph\jpgraph.php 第 6116 行.
NOTIC: [8192] Function ereg() is deprecated E:\wamp\www\ThinkPHP\Extend\Vendor\jpgraph\jpgraph.php 第 6116 行.
NOTIC: [8192] Function ereg() is deprecated E:\wamp\www\ThinkPHP\Extend\Vendor\jpgraph\jpgraph.php 第 6116 行.
NOTIC: [8192] Function ereg() is deprecated E:\wamp\www\ThinkPHP\Extend\Vendor\jpgraph\jpgraph.php 第 6116 行.
NOTIC: [8192] Function split() is deprecated E:\wamp\www\ThinkPHP\Extend\Vendor\jpgraph\jpgraph.php 第 5783 行.
NOTIC: [8192] Function split() is deprecated E:\wamp\www\ThinkPHP\Extend\Vendor\jpgraph\jpgraph.php 第 5783 行.
NOTIC: [8192] Function split() is deprecated E:\wamp\www\ThinkPHP\Extend\Vendor\jpgraph\jpgraph.php 第 5828 行.
NOTIC: [8192] Function ereg() is deprecated E:\wamp\www\ThinkPHP\Extend\Vendor\jpgraph\jpgraph.php 第 5984 行.
NOTIC: [8192] Function split() is deprecated E:\wamp\www\ThinkPHP\Extend\Vendor\jpgraph\jpgraph.php 第 5783 行.
NOTIC: [8192] Function split() is deprecated E:\wamp\www\ThinkPHP\Extend\Vendor\jpgraph\jpgraph.php 第 5783 行.
NOTIC: [8192] Function split() is deprecated E:\wamp\www\ThinkPHP\Extend\Vendor\jpgraph\jpgraph.php 第 5828 行.
NOTIC: [8192] Function ereg() is deprecated E:\wamp\www\ThinkPHP\Extend\Vendor\jpgraph\jpgraph.php 第 5984 行.
NOTIC: [8192] Function split() is deprecated E:\wamp\www\ThinkPHP\Extend\Vendor\jpgraph\jpgraph.php 第 5783 行.
NOTIC: [8192] Function split() is deprecated E:\wamp\www\ThinkPHP\Extend\Vendor\jpgraph\jpgraph.php 第 5783 行.
NOTIC: [8192] Function split() is deprecated E:\wamp\www\ThinkPHP\Extend\Vendor\jpgraph\jpgraph.php 第 5828 行.
NOTIC: [8192] Function ereg() is deprecated E:\wamp\www\ThinkPHP\Extend\Vendor\jpgraph\jpgraph.php 第 5984 行.
NOTIC: [8192] Function ereg() is deprecated E:\wamp\www\ThinkPHP\Extend\Vendor\jpgraph\jpgraph.php 第 6116 行.
NOTIC: [8192] Function split() is deprecated E:\wamp\www\ThinkPHP\Extend\Vendor\jpgraph\jpgraph.php 第 5783 行.
NOTIC: [8192] Function split() is deprecated E:\wamp\www\ThinkPHP\Extend\Vendor\jpgraph\jpgraph.php 第 5783 行.
NOTIC: [8192] Function split() is deprecated E:\wamp\www\ThinkPHP\Extend\Vendor\jpgraph\jpgraph.php 第 5783 行.
NOTIC: [8192] Function split() is deprecated E:\wamp\www\ThinkPHP\Extend\Vendor\jpgraph\jpgraph.php 第 5828 行.
NOTIC: [8192] Function ereg() is deprecated E:\wamp\www\ThinkPHP\Extend\Vendor\jpgraph\jpgraph.php 第 5984 行.
NOTIC: [8192] Function split() is deprecated E:\wamp\www\ThinkPHP\Extend\Vendor\jpgraph\jpgraph.php 第 5783 行.
NOTIC: [8192] Function split() is deprecated E:\wamp\www\ThinkPHP\Extend\Vendor\jpgraph\jpgraph.php 第 5783 行.
NOTIC: [8192] Function split() is deprecated E:\wamp\www\ThinkPHP\Extend\Vendor\jpgraph\jpgraph.php 第 5783 行.
NOTIC: [8192] Function split() is deprecated E:\wamp\www\ThinkPHP\Extend\Vendor\jpgraph\jpgraph.php 第 5828 行.
NOTIC: [8192] Function ereg() is deprecated E:\wamp\www\ThinkPHP\Extend\Vendor\jpgraph\jpgraph.php 第 5984 行.

[ 2015-04-10T13:17:21+08:00 ] 127.0.0.1 /index.php/Chart/pieChart.html
INFO: [ route_check ] --START--
INFO: CheckRoute Behavior ::run [ RunTime:0.004000s ]
INFO: [ route_check ] --END-- [ RunTime:0.005001s ]
INFO: [ app_begin ] --START--
INFO: ReadHtmlCache Behavior ::run [ RunTime:0.004000s ]
INFO: [ app_begin ] --END-- [ RunTime:0.004000s ]
SQL: SHOW COLUMNS FROM `com_saishi` [ RunTime:0.007000s ]
SQL: select count(*)  cc,c.saishiareaname as  cn from com_saishi p inner join com_saishiarea c on p.saishiareaid=c.saishiareaid group by p.saishiareaid order by count(*) [ RunTime:0.001000s ]
NOTIC: [8192] Function split() is deprecated E:\wamp\www\ThinkPHP\Extend\Vendor\jpgraph\jpgraph.php 第 186 行.
NOTIC: [8192] Function split() is deprecated E:\wamp\www\ThinkPHP\Extend\Vendor\jpgraph\jpgraph.php 第 187 行.
NOTIC: [8192] Function split() is deprecated E:\wamp\www\ThinkPHP\Extend\Vendor\jpgraph\jpgraph.php 第 5783 行.
NOTIC: [8192] Function split() is deprecated E:\wamp\www\ThinkPHP\Extend\Vendor\jpgraph\jpgraph.php 第 5783 行.
NOTIC: [8192] Function split() is deprecated E:\wamp\www\ThinkPHP\Extend\Vendor\jpgraph\jpgraph.php 第 5828 行.
NOTIC: [8192] Function ereg() is deprecated E:\wamp\www\ThinkPHP\Extend\Vendor\jpgraph\jpgraph.php 第 6116 行.
NOTIC: [8192] Function split() is deprecated E:\wamp\www\ThinkPHP\Extend\Vendor\jpgraph\jpgraph.php 第 5783 行.
NOTIC: [8192] Function split() is deprecated E:\wamp\www\ThinkPHP\Extend\Vendor\jpgraph\jpgraph.php 第 5828 行.
NOTIC: [8192] Function ereg() is deprecated E:\wamp\www\ThinkPHP\Extend\Vendor\jpgraph\jpgraph.php 第 6116 行.
NOTIC: [8192] Function split() is deprecated E:\wamp\www\ThinkPHP\Extend\Vendor\jpgraph\jpgraph.php 第 5783 行.
NOTIC: [8192] Function split() is deprecated E:\wamp\www\ThinkPHP\Extend\Vendor\jpgraph\jpgraph.php 第 5828 行.
NOTIC: [8192] Function ereg() is deprecated E:\wamp\www\ThinkPHP\Extend\Vendor\jpgraph\jpgraph.php 第 6116 行.
NOTIC: [8192] Function split() is deprecated E:\wamp\www\ThinkPHP\Extend\Vendor\jpgraph\jpgraph.php 第 5783 行.
NOTIC: [8192] Function split() is deprecated E:\wamp\www\ThinkPHP\Extend\Vendor\jpgraph\jpgraph.php 第 5828 行.
NOTIC: [8192] Function ereg() is deprecated E:\wamp\www\ThinkPHP\Extend\Vendor\jpgraph\jpgraph.php 第 6116 行.
NOTIC: [8192] Function split() is deprecated E:\wamp\www\ThinkPHP\Extend\Vendor\jpgraph\jpgraph.php 第 5783 行.
NOTIC: [8192] Function split() is deprecated E:\wamp\www\ThinkPHP\Extend\Vendor\jpgraph\jpgraph.php 第 5783 行.
NOTIC: [8192] Function split() is deprecated E:\wamp\www\ThinkPHP\Extend\Vendor\jpgraph\jpgraph.php 第 5783 行.
NOTIC: [8192] Function split() is deprecated E:\wamp\www\ThinkPHP\Extend\Vendor\jpgraph\jpgraph.php 第 5828 行.
NOTIC: [8192] Function ereg() is deprecated E:\wamp\www\ThinkPHP\Extend\Vendor\jpgraph\jpgraph.php 第 5984 行.
NOTIC: [8192] Function split() is deprecated E:\wamp\www\ThinkPHP\Extend\Vendor\jpgraph\jpgraph.php 第 5828 行.
NOTIC: [8192] Function split() is deprecated E:\wamp\www\ThinkPHP\Extend\Vendor\jpgraph\jpgraph.php 第 5783 行.
NOTIC: [8192] Function split() is deprecated E:\wamp\www\ThinkPHP\Extend\Vendor\jpgraph\jpgraph.php 第 5783 行.
NOTIC: [8192] Function split() is deprecated E:\wamp\www\ThinkPHP\Extend\Vendor\jpgraph\jpgraph.php 第 5783 行.
NOTIC: [8192] Function split() is deprecated E:\wamp\www\ThinkPHP\Extend\Vendor\jpgraph\jpgraph.php 第 5783 行.
NOTIC: [8192] Function split() is deprecated E:\wamp\www\ThinkPHP\Extend\Vendor\jpgraph\jpgraph.php 第 5828 行.
NOTIC: [8192] Function split() is deprecated E:\wamp\www\ThinkPHP\Extend\Vendor\jpgraph\jpgraph.php 第 5828 行.
NOTIC: [8192] Function split() is deprecated E:\wamp\www\ThinkPHP\Extend\Vendor\jpgraph\jpgraph.php 第 5828 行.
NOTIC: [8192] Function split() is deprecated E:\wamp\www\ThinkPHP\Extend\Vendor\jpgraph\jpgraph.php 第 5783 行.
NOTIC: [8192] Function ereg() is deprecated E:\wamp\www\ThinkPHP\Extend\Vendor\jpgraph\jpgraph.php 第 6116 行.
NOTIC: [8192] Function ereg() is deprecated E:\wamp\www\ThinkPHP\Extend\Vendor\jpgraph\jpgraph.php 第 6116 行.
NOTIC: [8192] Function ereg() is deprecated E:\wamp\www\ThinkPHP\Extend\Vendor\jpgraph\jpgraph.php 第 6116 行.
NOTIC: [8192] Function ereg() is deprecated E:\wamp\www\ThinkPHP\Extend\Vendor\jpgraph\jpgraph.php 第 6116 行.
NOTIC: [8192] Function split() is deprecated E:\wamp\www\ThinkPHP\Extend\Vendor\jpgraph\jpgraph.php 第 5783 行.
NOTIC: [8192] Function split() is deprecated E:\wamp\www\ThinkPHP\Extend\Vendor\jpgraph\jpgraph.php 第 5783 行.
NOTIC: [8192] Function split() is deprecated E:\wamp\www\ThinkPHP\Extend\Vendor\jpgraph\jpgraph.php 第 5828 行.
NOTIC: [8192] Function ereg() is deprecated E:\wamp\www\ThinkPHP\Extend\Vendor\jpgraph\jpgraph.php 第 5984 行.
NOTIC: [8192] Function split() is deprecated E:\wamp\www\ThinkPHP\Extend\Vendor\jpgraph\jpgraph.php 第 5783 行.
NOTIC: [8192] Function split() is deprecated E:\wamp\www\ThinkPHP\Extend\Vendor\jpgraph\jpgraph.php 第 5783 行.
NOTIC: [8192] Function split() is deprecated E:\wamp\www\ThinkPHP\Extend\Vendor\jpgraph\jpgraph.php 第 5828 行.
NOTIC: [8192] Function ereg() is deprecated E:\wamp\www\ThinkPHP\Extend\Vendor\jpgraph\jpgraph.php 第 5984 行.
NOTIC: [8192] Function split() is deprecated E:\wamp\www\ThinkPHP\Extend\Vendor\jpgraph\jpgraph.php 第 5783 行.
NOTIC: [8192] Function split() is deprecated E:\wamp\www\ThinkPHP\Extend\Vendor\jpgraph\jpgraph.php 第 5783 行.
NOTIC: [8192] Function split() is deprecated E:\wamp\www\ThinkPHP\Extend\Vendor\jpgraph\jpgraph.php 第 5828 行.
NOTIC: [8192] Function ereg() is deprecated E:\wamp\www\ThinkPHP\Extend\Vendor\jpgraph\jpgraph.php 第 5984 行.
NOTIC: [8192] Function ereg() is deprecated E:\wamp\www\ThinkPHP\Extend\Vendor\jpgraph\jpgraph.php 第 6116 行.
NOTIC: [8192] Function split() is deprecated E:\wamp\www\ThinkPHP\Extend\Vendor\jpgraph\jpgraph.php 第 5783 行.
NOTIC: [8192] Function split() is deprecated E:\wamp\www\ThinkPHP\Extend\Vendor\jpgraph\jpgraph.php 第 5783 行.
NOTIC: [8192] Function split() is deprecated E:\wamp\www\ThinkPHP\Extend\Vendor\jpgraph\jpgraph.php 第 5783 行.
NOTIC: [8192] Function split() is deprecated E:\wamp\www\ThinkPHP\Extend\Vendor\jpgraph\jpgraph.php 第 5828 行.
NOTIC: [8192] Function ereg() is deprecated E:\wamp\www\ThinkPHP\Extend\Vendor\jpgraph\jpgraph.php 第 5984 行.
NOTIC: [8192] Function split() is deprecated E:\wamp\www\ThinkPHP\Extend\Vendor\jpgraph\jpgraph.php 第 5783 行.
NOTIC: [8192] Function split() is deprecated E:\wamp\www\ThinkPHP\Extend\Vendor\jpgraph\jpgraph.php 第 5783 行.
NOTIC: [8192] Function split() is deprecated E:\wamp\www\ThinkPHP\Extend\Vendor\jpgraph\jpgraph.php 第 5783 行.
NOTIC: [8192] Function split() is deprecated E:\wamp\www\ThinkPHP\Extend\Vendor\jpgraph\jpgraph.php 第 5828 行.
NOTIC: [8192] Function ereg() is deprecated E:\wamp\www\ThinkPHP\Extend\Vendor\jpgraph\jpgraph.php 第 5984 行.

[ 2015-04-10T13:17:22+08:00 ] 127.0.0.1 /index.php/User/index.html
INFO: [ route_check ] --START--
INFO: CheckRoute Behavior ::run [ RunTime:0.003000s ]
INFO: [ route_check ] --END-- [ RunTime:0.003000s ]
INFO: [ app_begin ] --START--
INFO: ReadHtmlCache Behavior ::run [ RunTime:0.002000s ]
INFO: [ app_begin ] --END-- [ RunTime:0.003000s ]
SQL: SHOW COLUMNS FROM `com_user` [ RunTime:0.006000s ]
SQL: SELECT COUNT(*) AS tp_count FROM `com_user` LIMIT 1   [ RunTime:0.000000s ]
SQL: SELECT * FROM `com_user` left JOIN com_authgroup ON com_user.groupid=com_authgroup.groupid LIMIT 0,5   [ RunTime:0.071004s ]
INFO: [ view_parse ] --START--
INFO: ParseTemplate Behavior ::run [ RunTime:0.112006s ]
INFO: [ view_parse ] --END-- [ RunTime:0.112006s ]
INFO: [ view_filter ] --START--
INFO: ContentReplace Behavior ::run [ RunTime:0.004001s ]
INFO: TokenBuild Behavior ::run [ RunTime:0.004000s ]
INFO: WriteHtmlCache Behavior ::run [ RunTime:0.003000s ]
INFO: ShowRuntime Behavior ::run [ RunTime:0.005000s ]
INFO: [ view_filter ] --END-- [ RunTime:0.017001s ]
INFO: [ view_end ] --START--
INFO: ShowPageTrace Behavior ::run [ RunTime:0.005001s ]
INFO: [ view_end ] --END-- [ RunTime:0.005001s ]

[ 2015-04-10T15:00:27+08:00 ] 127.0.0.1 /index.php/Login
INFO: [ route_check ] --START--
INFO: CheckRoute Behavior ::run [ RunTime:0.029001s ]
INFO: [ route_check ] --END-- [ RunTime:0.111007s ]
INFO: [ app_begin ] --START--
INFO: ReadHtmlCache Behavior ::run [ RunTime:0.006000s ]
INFO: [ app_begin ] --END-- [ RunTime:0.006000s ]
NOTIC: [8] Use of undefined constant session_start - assumed 'session_start' E:\wamp\www\Home\Lib\Action\LoginAction.class.php 第 4 行.
INFO: [ view_parse ] --START--
INFO: ParseTemplate Behavior ::run [ RunTime:0.070004s ]
INFO: [ view_parse ] --END-- [ RunTime:0.071004s ]
INFO: [ view_filter ] --START--
INFO: ContentReplace Behavior ::run [ RunTime:0.013000s ]
INFO: TokenBuild Behavior ::run [ RunTime:0.013001s ]
INFO: WriteHtmlCache Behavior ::run [ RunTime:0.001000s ]
INFO: ShowRuntime Behavior ::run [ RunTime:0.002000s ]
INFO: [ view_filter ] --END-- [ RunTime:0.030001s ]
INFO: [ view_end ] --START--
INFO: ShowPageTrace Behavior ::run [ RunTime:0.002000s ]
INFO: [ view_end ] --END-- [ RunTime:0.002000s ]

[ 2015-04-10T15:00:28+08:00 ] 127.0.0.1 /index.php/Login/verify.html
INFO: [ route_check ] --START--
INFO: CheckRoute Behavior ::run [ RunTime:0.002000s ]
INFO: [ route_check ] --END-- [ RunTime:0.002000s ]
INFO: [ app_begin ] --START--
INFO: ReadHtmlCache Behavior ::run [ RunTime:0.002000s ]
INFO: [ app_begin ] --END-- [ RunTime:0.002000s ]
NOTIC: [8] Use of undefined constant session_start - assumed 'session_start' E:\wamp\www\Home\Lib\Action\LoginAction.class.php 第 4 行.

[ 2015-04-10T15:00:30+08:00 ] 127.0.0.1 /index.php/index.php?m=Login&a=loginact
INFO: [ route_check ] --START--
INFO: CheckRoute Behavior ::run [ RunTime:0.002000s ]
INFO: [ route_check ] --END-- [ RunTime:0.002000s ]
INFO: [ app_begin ] --START--
INFO: ReadHtmlCache Behavior ::run [ RunTime:0.002001s ]
INFO: [ app_begin ] --END-- [ RunTime:0.002001s ]
NOTIC: [8] Use of undefined constant session_start - assumed 'session_start' E:\wamp\www\Home\Lib\Action\LoginAction.class.php 第 4 行.
SQL: SHOW COLUMNS FROM `com_user` [ RunTime:0.109006s ]
SQL: SELECT COUNT(*) AS tp_count FROM `com_user` WHERE ( `adminname` = '' ) LIMIT 1   [ RunTime:0.061004s ]

[ 2015-04-10T15:00:32+08:00 ] 127.0.0.1 /index.php/index.php?m=Login&a=loginact
INFO: [ route_check ] --START--
INFO: CheckRoute Behavior ::run [ RunTime:0.002000s ]
INFO: [ route_check ] --END-- [ RunTime:0.002000s ]
INFO: [ app_begin ] --START--
INFO: ReadHtmlCache Behavior ::run [ RunTime:0.002001s ]
INFO: [ app_begin ] --END-- [ RunTime:0.003001s ]
NOTIC: [8] Use of undefined constant session_start - assumed 'session_start' E:\wamp\www\Home\Lib\Action\LoginAction.class.php 第 4 行.
SQL: SHOW COLUMNS FROM `com_user` [ RunTime:0.008001s ]
SQL: SELECT COUNT(*) AS tp_count FROM `com_user` WHERE ( `adminname` = '' ) LIMIT 1   [ RunTime:0.000000s ]

[ 2015-04-10T15:00:39+08:00 ] 127.0.0.1 /index.php/index.php?m=Login&a=loginact
INFO: [ route_check ] --START--
INFO: CheckRoute Behavior ::run [ RunTime:0.003000s ]
INFO: [ route_check ] --END-- [ RunTime:0.003000s ]
INFO: [ app_begin ] --START--
INFO: ReadHtmlCache Behavior ::run [ RunTime:0.002000s ]
INFO: [ app_begin ] --END-- [ RunTime:0.002000s ]
NOTIC: [8] Use of undefined constant session_start - assumed 'session_start' E:\wamp\www\Home\Lib\Action\LoginAction.class.php 第 4 行.
SQL: SHOW COLUMNS FROM `com_user` [ RunTime:0.010000s ]
SQL: SELECT COUNT(*) AS tp_count FROM `com_user` WHERE ( `adminname` = 'admin' ) LIMIT 1   [ RunTime:0.001000s ]

[ 2015-04-10T15:00:44+08:00 ] 127.0.0.1 /index.php/index.php?m=Login&a=loginact
INFO: [ route_check ] --START--
INFO: CheckRoute Behavior ::run [ RunTime:0.001000s ]
INFO: [ route_check ] --END-- [ RunTime:0.001000s ]
INFO: [ app_begin ] --START--
INFO: ReadHtmlCache Behavior ::run [ RunTime:0.001000s ]
INFO: [ app_begin ] --END-- [ RunTime:0.002000s ]
NOTIC: [8] Use of undefined constant session_start - assumed 'session_start' E:\wamp\www\Home\Lib\Action\LoginAction.class.php 第 4 行.
SQL: SHOW COLUMNS FROM `com_user` [ RunTime:0.006000s ]
SQL: SELECT COUNT(*) AS tp_count FROM `com_user` WHERE ( `adminname` = 'admin' ) LIMIT 1   [ RunTime:0.000000s ]

[ 2015-04-10T15:00:53+08:00 ] 127.0.0.1 /index.php/Login/verify.html?0.14091740059666336
INFO: [ route_check ] --START--
INFO: CheckRoute Behavior ::run [ RunTime:0.002000s ]
INFO: [ route_check ] --END-- [ RunTime:0.002000s ]
INFO: [ app_begin ] --START--
INFO: ReadHtmlCache Behavior ::run [ RunTime:0.001000s ]
INFO: [ app_begin ] --END-- [ RunTime:0.002001s ]
NOTIC: [8] Use of undefined constant session_start - assumed 'session_start' E:\wamp\www\Home\Lib\Action\LoginAction.class.php 第 4 行.

[ 2015-04-10T15:01:16+08:00 ] 127.0.0.1 /index.php/Login/loginact.html
INFO: [ route_check ] --START--
INFO: CheckRoute Behavior ::run [ RunTime:0.002000s ]
INFO: [ route_check ] --END-- [ RunTime:0.002000s ]
INFO: [ app_begin ] --START--
INFO: ReadHtmlCache Behavior ::run [ RunTime:0.002000s ]
INFO: [ app_begin ] --END-- [ RunTime:0.002000s ]
NOTIC: [8] Use of undefined constant session_start - assumed 'session_start' E:\wamp\www\Home\Lib\Action\LoginAction.class.php 第 4 行.
SQL: SHOW COLUMNS FROM `com_user` [ RunTime:0.008001s ]
SQL: SELECT COUNT(*) AS tp_count FROM `com_user` WHERE ( `adminname` = 'admin' ) LIMIT 1   [ RunTime:0.001000s ]
SQL: SELECT COUNT(*) AS tp_count FROM `com_user` WHERE ( `adminname` = 'admin' ) AND ( `password` = 'e10adc3949ba59abbe56e057f20f883e' ) LIMIT 1   [ RunTime:0.031002s ]

[ 2015-04-10T15:01:17+08:00 ] 127.0.0.1 /index.php/Login/index.php?m=Index&a=index
INFO: [ route_check ] --START--
INFO: CheckRoute Behavior ::run [ RunTime:0.002000s ]
INFO: [ route_check ] --END-- [ RunTime:0.002000s ]
INFO: [ app_begin ] --START--
INFO: ReadHtmlCache Behavior ::run [ RunTime:0.002000s ]
INFO: [ app_begin ] --END-- [ RunTime:0.003000s ]
INFO: [ view_parse ] --START--
INFO: ParseTemplate Behavior ::run [ RunTime:0.161009s ]
INFO: [ view_parse ] --END-- [ RunTime:0.161009s ]
INFO: [ view_filter ] --START--
INFO: ContentReplace Behavior ::run [ RunTime:0.001000s ]
INFO: TokenBuild Behavior ::run [ RunTime:0.001000s ]
INFO: WriteHtmlCache Behavior ::run [ RunTime:0.001000s ]
INFO: ShowRuntime Behavior ::run [ RunTime:0.002001s ]
INFO: [ view_filter ] --END-- [ RunTime:0.005001s ]
INFO: [ view_end ] --START--
INFO: ShowPageTrace Behavior ::run [ RunTime:0.001000s ]
INFO: [ view_end ] --END-- [ RunTime:0.002000s ]

[ 2015-04-10T15:01:18+08:00 ] 127.0.0.1 /index.php/Login/index.php?m=Index&a=index
INFO: [ route_check ] --START--
INFO: CheckRoute Behavior ::run [ RunTime:0.003000s ]
INFO: [ route_check ] --END-- [ RunTime:0.004000s ]
INFO: [ app_begin ] --START--
INFO: ReadHtmlCache Behavior ::run [ RunTime:0.002000s ]
INFO: [ app_begin ] --END-- [ RunTime:0.003000s ]
INFO: [ view_parse ] --START--
INFO: ParseTemplate Behavior ::run [ RunTime:0.025002s ]
INFO: [ view_parse ] --END-- [ RunTime:0.025002s ]
INFO: [ view_filter ] --START--
INFO: ContentReplace Behavior ::run [ RunTime:0.001000s ]
INFO: TokenBuild Behavior ::run [ RunTime:0.001000s ]
INFO: WriteHtmlCache Behavior ::run [ RunTime:0.001000s ]
INFO: ShowRuntime Behavior ::run [ RunTime:0.001000s ]
INFO: [ view_filter ] --END-- [ RunTime:0.005000s ]
INFO: [ view_end ] --START--
INFO: ShowPageTrace Behavior ::run [ RunTime:0.002000s ]
INFO: [ view_end ] --END-- [ RunTime:0.002000s ]

[ 2015-04-10T15:01:24+08:00 ] 127.0.0.1 /index.php/Index/index.html
INFO: [ route_check ] --START--
INFO: CheckRoute Behavior ::run [ RunTime:0.001000s ]
INFO: [ route_check ] --END-- [ RunTime:0.002000s ]
INFO: [ app_begin ] --START--
INFO: ReadHtmlCache Behavior ::run [ RunTime:0.001000s ]
INFO: [ app_begin ] --END-- [ RunTime:0.002000s ]
INFO: [ view_parse ] --START--
INFO: ParseTemplate Behavior ::run [ RunTime:0.021002s ]
INFO: [ view_parse ] --END-- [ RunTime:0.022002s ]
INFO: [ view_filter ] --START--
INFO: ContentReplace Behavior ::run [ RunTime:0.001000s ]
INFO: TokenBuild Behavior ::run [ RunTime:0.001000s ]
INFO: WriteHtmlCache Behavior ::run [ RunTime:0.001000s ]
INFO: ShowRuntime Behavior ::run [ RunTime:0.001000s ]
INFO: [ view_filter ] --END-- [ RunTime:0.004000s ]
INFO: [ view_end ] --START--
INFO: ShowPageTrace Behavior ::run [ RunTime:0.001000s ]
INFO: [ view_end ] --END-- [ RunTime:0.001000s ]

[ 2015-04-10T15:01:25+08:00 ] 127.0.0.1 /index.php/Index/index.html
INFO: [ route_check ] --START--
INFO: CheckRoute Behavior ::run [ RunTime:0.002000s ]
INFO: [ route_check ] --END-- [ RunTime:0.003000s ]
INFO: [ app_begin ] --START--
INFO: ReadHtmlCache Behavior ::run [ RunTime:0.001000s ]
INFO: [ app_begin ] --END-- [ RunTime:0.002000s ]
INFO: [ view_parse ] --START--
INFO: ParseTemplate Behavior ::run [ RunTime:0.038002s ]
INFO: [ view_parse ] --END-- [ RunTime:0.038002s ]
INFO: [ view_filter ] --START--
INFO: ContentReplace Behavior ::run [ RunTime:0.002000s ]
INFO: TokenBuild Behavior ::run [ RunTime:0.003001s ]
INFO: WriteHtmlCache Behavior ::run [ RunTime:0.002000s ]
INFO: ShowRuntime Behavior ::run [ RunTime:0.003000s ]
INFO: [ view_filter ] --END-- [ RunTime:0.010001s ]
INFO: [ view_end ] --START--
INFO: ShowPageTrace Behavior ::run [ RunTime:0.002000s ]
INFO: [ view_end ] --END-- [ RunTime:0.003000s ]

[ 2015-04-10T15:01:27+08:00 ] 127.0.0.1 /index.php/Config/index.html
INFO: [ route_check ] --START--
INFO: CheckRoute Behavior ::run [ RunTime:0.002000s ]
INFO: [ route_check ] --END-- [ RunTime:0.002000s ]
INFO: [ app_begin ] --START--
INFO: ReadHtmlCache Behavior ::run [ RunTime:0.001000s ]
INFO: [ app_begin ] --END-- [ RunTime:0.001000s ]
SQL: SHOW COLUMNS FROM `com_config` [ RunTime:0.050003s ]
SQL: SELECT * FROM `com_config`  [ RunTime:0.001000s ]
INFO: [ view_parse ] --START--
INFO: ParseTemplate Behavior ::run [ RunTime:0.073004s ]
INFO: [ view_parse ] --END-- [ RunTime:0.073004s ]
INFO: [ view_filter ] --START--
INFO: ContentReplace Behavior ::run [ RunTime:0.001000s ]
INFO: TokenBuild Behavior ::run [ RunTime:0.001000s ]
INFO: WriteHtmlCache Behavior ::run [ RunTime:0.001000s ]
INFO: ShowRuntime Behavior ::run [ RunTime:0.002000s ]
INFO: [ view_filter ] --END-- [ RunTime:0.005000s ]
INFO: [ view_end ] --START--
INFO: ShowPageTrace Behavior ::run [ RunTime:0.001000s ]
INFO: [ view_end ] --END-- [ RunTime:0.001000s ]

