[ 2015-07-15T15:13:21+08:00 ] 127.0.0.1 /
INFO: [ app_begin ] --START--
INFO: ReadHtmlCache Behavior ::run [ RunTime:0.001620s ]
INFO: [ app_begin ] --END-- [ RunTime:0.001778s ]
NOTIC: [8] Use of undefined constant session_start - assumed 'session_start' E:\wamp\www\Home\Lib\Action\IndexAction.class.php 第 4 行.
INFO: [ view_parse ] --START--
INFO: ParseTemplate Behavior ::run [ RunTime:0.015556s ]
INFO: [ view_parse ] --END-- [ RunTime:0.015691s ]
INFO: [ view_filter ] --START--
INFO: ContentReplace Behavior ::run [ RunTime:0.001039s ]
INFO: TokenBuild Behavior ::run [ RunTime:0.000936s ]
INFO: WriteHtmlCache Behavior ::run [ RunTime:0.000901s ]
INFO: ShowRuntime Behavior ::run [ RunTime:0.001033s ]
INFO: [ view_filter ] --END-- [ RunTime:0.004231s ]
INFO: [ view_end ] --START--
INFO: ShowPageTrace Behavior ::run [ RunTime:0.001141s ]
INFO: [ view_end ] --END-- [ RunTime:0.001256s ]

[ 2015-07-15T15:13:27+08:00 ] 127.0.0.1 /index.php/Index/loginact.html
INFO: [ route_check ] --START--
INFO: CheckRoute Behavior ::run [ RunTime:0.001683s ]
INFO: [ route_check ] --END-- [ RunTime:0.001850s ]
INFO: [ app_begin ] --START--
INFO: ReadHtmlCache Behavior ::run [ RunTime:0.000924s ]
INFO: [ app_begin ] --END-- [ RunTime:0.001440s ]
NOTIC: [8] Use of undefined constant session_start - assumed 'session_start' E:\wamp\www\Home\Lib\Action\IndexAction.class.php 第 4 行.
SQL: SHOW COLUMNS FROM `fyd_user` [ RunTime:0.004810s ]
SQL: SELECT COUNT(*) AS tp_count FROM `fyd_user` WHERE ( `username` = 'admin' ) LIMIT 1   [ RunTime:0.000441s ]
SQL: SELECT COUNT(*) AS tp_count FROM `fyd_user` WHERE ( `username` = 'admin' ) AND ( `pwd` = 'e10adc3949ba59abbe56e057f20f883e' ) LIMIT 1   [ RunTime:0.000198s ]
SQL: SELECT * FROM `fyd_user` WHERE ( `username` = 'admin' ) AND ( `pwd` = 'e10adc3949ba59abbe56e057f20f883e' ) LIMIT 1   [ RunTime:0.000255s ]
NOTIC: [8] Use of undefined constant ROOT - assumed 'ROOT' E:\wamp\www\ThinkPHP\Extend\Library\ORG\Util\Func_haltmsg.class.php 第 12 行.

[ 2015-07-15T15:13:30+08:00 ] 127.0.0.1 /index.php/Config/index.html
INFO: [ route_check ] --START--
INFO: CheckRoute Behavior ::run [ RunTime:0.001872s ]
INFO: [ route_check ] --END-- [ RunTime:0.002063s ]
INFO: [ app_begin ] --START--
INFO: ReadHtmlCache Behavior ::run [ RunTime:0.001146s ]
INFO: [ app_begin ] --END-- [ RunTime:0.001373s ]
SQL: SHOW COLUMNS FROM `fyd_config` [ RunTime:0.020906s ]
SQL: SELECT * FROM `fyd_config`  [ RunTime:0.000272s ]
INFO: [ view_parse ] --START--
INFO: ParseTemplate Behavior ::run [ RunTime:0.008961s ]
INFO: [ view_parse ] --END-- [ RunTime:0.009058s ]
INFO: [ view_filter ] --START--
INFO: ContentReplace Behavior ::run [ RunTime:0.000439s ]
INFO: TokenBuild Behavior ::run [ RunTime:0.000398s ]
INFO: WriteHtmlCache Behavior ::run [ RunTime:0.000279s ]
INFO: ShowRuntime Behavior ::run [ RunTime:0.000526s ]
INFO: [ view_filter ] --END-- [ RunTime:0.001856s ]
INFO: [ view_end ] --START--
INFO: ShowPageTrace Behavior ::run [ RunTime:0.000562s ]
INFO: [ view_end ] --END-- [ RunTime:0.000636s ]

[ 2015-07-15T15:13:32+08:00 ] 127.0.0.1 /index.php/Config/index.php/m/Config/a/index
INFO: [ route_check ] --START--
INFO: CheckRoute Behavior ::run [ RunTime:0.001443s ]
INFO: [ route_check ] --END-- [ RunTime:0.001617s ]
INFO: [ app_begin ] --START--
INFO: ReadHtmlCache Behavior ::run [ RunTime:0.000565s ]
INFO: [ app_begin ] --END-- [ RunTime:0.000653s ]
SQL: SHOW COLUMNS FROM `fyd_config` [ RunTime:0.004404s ]
SQL: SELECT * FROM `fyd_config`  [ RunTime:0.000292s ]
INFO: [ view_parse ] --START--
INFO: ParseTemplate Behavior ::run [ RunTime:0.009887s ]
INFO: [ view_parse ] --END-- [ RunTime:0.010000s ]
INFO: [ view_filter ] --START--
INFO: ContentReplace Behavior ::run [ RunTime:0.000714s ]
INFO: TokenBuild Behavior ::run [ RunTime:0.000501s ]
INFO: WriteHtmlCache Behavior ::run [ RunTime:0.000257s ]
INFO: ShowRuntime Behavior ::run [ RunTime:0.000389s ]
INFO: [ view_filter ] --END-- [ RunTime:0.002074s ]
INFO: [ view_end ] --START--
INFO: ShowPageTrace Behavior ::run [ RunTime:0.000520s ]
INFO: [ view_end ] --END-- [ RunTime:0.000596s ]

[ 2015-07-15T15:16:23+08:00 ] 127.0.0.1 /index.php/Member/index.html
INFO: [ route_check ] --START--
INFO: CheckRoute Behavior ::run [ RunTime:0.000652s ]
INFO: [ route_check ] --END-- [ RunTime:0.000744s ]
INFO: [ app_begin ] --START--
INFO: ReadHtmlCache Behavior ::run [ RunTime:0.000476s ]
INFO: [ app_begin ] --END-- [ RunTime:0.000547s ]
SQL: SHOW COLUMNS FROM `fyd_member` [ RunTime:0.005096s ]
SQL: SELECT COUNT(*) AS tp_count FROM `fyd_member` LIMIT 1   [ RunTime:0.000246s ]
SQL: SELECT * FROM `fyd_member` LIMIT 0,20   [ RunTime:0.000171s ]
INFO: [ view_parse ] --START--
INFO: ParseTemplate Behavior ::run [ RunTime:0.028673s ]
INFO: [ view_parse ] --END-- [ RunTime:0.028772s ]
INFO: [ view_filter ] --START--
INFO: ContentReplace Behavior ::run [ RunTime:0.000647s ]
INFO: TokenBuild Behavior ::run [ RunTime:0.000811s ]
INFO: WriteHtmlCache Behavior ::run [ RunTime:0.000323s ]
INFO: ShowRuntime Behavior ::run [ RunTime:0.000458s ]
INFO: [ view_filter ] --END-- [ RunTime:0.002466s ]
INFO: [ view_end ] --START--
INFO: ShowPageTrace Behavior ::run [ RunTime:0.000551s ]
INFO: [ view_end ] --END-- [ RunTime:0.000626s ]

[ 2015-07-15T15:16:23+08:00 ] 127.0.0.1 /index.php/Member/%E5%9B%BE%E7%89%87
INFO: [ route_check ] --START--
INFO: CheckRoute Behavior ::run [ RunTime:0.001412s ]
INFO: [ route_check ] --END-- [ RunTime:0.001556s ]
INFO: [ app_begin ] --START--
INFO: ReadHtmlCache Behavior ::run [ RunTime:0.005510s ]
INFO: [ app_begin ] --END-- [ RunTime:0.005626s ]
ERR: 非法操作:图片

[ 2015-07-15T15:16:28+08:00 ] 127.0.0.1 /index.php/Member/edit/memberid/1.html
INFO: [ route_check ] --START--
INFO: CheckRoute Behavior ::run [ RunTime:0.000564s ]
INFO: [ route_check ] --END-- [ RunTime:0.000668s ]
INFO: [ app_begin ] --START--
INFO: ReadHtmlCache Behavior ::run [ RunTime:0.000445s ]
INFO: [ app_begin ] --END-- [ RunTime:0.000607s ]
SQL: SHOW COLUMNS FROM `fyd_member` [ RunTime:0.003962s ]
SQL: SELECT * FROM `fyd_member` WHERE ( `memberid` = 1 ) LIMIT 1   [ RunTime:0.000272s ]
INFO: [ view_parse ] --START--
INFO: ParseTemplate Behavior ::run [ RunTime:0.010671s ]
INFO: [ view_parse ] --END-- [ RunTime:0.010777s ]
INFO: [ view_filter ] --START--
INFO: ContentReplace Behavior ::run [ RunTime:0.000706s ]
INFO: TokenBuild Behavior ::run [ RunTime:0.000709s ]
INFO: WriteHtmlCache Behavior ::run [ RunTime:0.001042s ]
INFO: ShowRuntime Behavior ::run [ RunTime:0.000651s ]
INFO: [ view_filter ] --END-- [ RunTime:0.003387s ]
INFO: [ view_end ] --START--
INFO: ShowPageTrace Behavior ::run [ RunTime:0.000895s ]
INFO: [ view_end ] --END-- [ RunTime:0.001023s ]

[ 2015-07-15T15:16:38+08:00 ] 127.0.0.1 /index.php/Member/%E5%9B%BE%E7%89%87
INFO: [ route_check ] --START--
INFO: CheckRoute Behavior ::run [ RunTime:0.001183s ]
INFO: [ route_check ] --END-- [ RunTime:0.001326s ]
INFO: [ app_begin ] --START--
INFO: ReadHtmlCache Behavior ::run [ RunTime:0.000649s ]
INFO: [ app_begin ] --END-- [ RunTime:0.000748s ]
ERR: 非法操作:图片

[ 2015-07-15T15:16:38+08:00 ] 127.0.0.1 /index.php/Member/%E5%9B%BE%E7%89%87
INFO: [ route_check ] --START--
INFO: CheckRoute Behavior ::run [ RunTime:0.000591s ]
INFO: [ route_check ] --END-- [ RunTime:0.000705s ]
INFO: [ app_begin ] --START--
INFO: ReadHtmlCache Behavior ::run [ RunTime:0.000508s ]
INFO: [ app_begin ] --END-- [ RunTime:0.000596s ]
ERR: 非法操作:图片

[ 2015-07-15T15:17:00+08:00 ] 127.0.0.1 /index.php/Shop/index.html
INFO: [ route_check ] --START--
INFO: CheckRoute Behavior ::run [ RunTime:0.001102s ]
INFO: [ route_check ] --END-- [ RunTime:0.001241s ]
INFO: [ app_begin ] --START--
INFO: ReadHtmlCache Behavior ::run [ RunTime:0.000883s ]
INFO: [ app_begin ] --END-- [ RunTime:0.000997s ]
SQL: SHOW COLUMNS FROM `fyd_shop` [ RunTime:0.005465s ]
SQL: SELECT COUNT(*) AS tp_count FROM `fyd_shop` LIMIT 1   [ RunTime:0.000259s ]
SQL: SELECT * FROM `fyd_shop` LIMIT 0,10   [ RunTime:0.000207s ]
INFO: [ view_parse ] --START--
INFO: ParseTemplate Behavior ::run [ RunTime:0.027564s ]
INFO: [ view_parse ] --END-- [ RunTime:0.027681s ]
INFO: [ view_filter ] --START--
INFO: ContentReplace Behavior ::run [ RunTime:0.000732s ]
INFO: TokenBuild Behavior ::run [ RunTime:0.000457s ]
INFO: WriteHtmlCache Behavior ::run [ RunTime:0.000314s ]
INFO: ShowRuntime Behavior ::run [ RunTime:0.000498s ]
INFO: [ view_filter ] --END-- [ RunTime:0.002317s ]
INFO: [ view_end ] --START--
INFO: ShowPageTrace Behavior ::run [ RunTime:0.000679s ]
INFO: [ view_end ] --END-- [ RunTime:0.000757s ]

[ 2015-07-15T15:17:00+08:00 ] 127.0.0.1 /index.php/Shop/%E5%9B%BE%E7%89%87%E5%95%8A%E5%9B%BE%E7%89%87
INFO: [ route_check ] --START--
INFO: CheckRoute Behavior ::run [ RunTime:0.000703s ]
INFO: [ route_check ] --END-- [ RunTime:0.000807s ]
INFO: [ app_begin ] --START--
INFO: ReadHtmlCache Behavior ::run [ RunTime:0.000704s ]
INFO: [ app_begin ] --END-- [ RunTime:0.000817s ]
ERR: 非法操作:图片啊图片

[ 2015-07-15T15:17:00+08:00 ] 127.0.0.1 /index.php/Shop/aaaa
INFO: [ route_check ] --START--
INFO: CheckRoute Behavior ::run [ RunTime:0.000546s ]
INFO: [ route_check ] --END-- [ RunTime:0.000642s ]
INFO: [ app_begin ] --START--
INFO: ReadHtmlCache Behavior ::run [ RunTime:0.000403s ]
INFO: [ app_begin ] --END-- [ RunTime:0.000474s ]
ERR: 非法操作:aaaa

[ 2015-07-15T15:18:37+08:00 ] 127.0.0.1 /index.php/Bill/index.html
INFO: [ route_check ] --START--
INFO: CheckRoute Behavior ::run [ RunTime:0.000773s ]
INFO: [ route_check ] --END-- [ RunTime:0.000885s ]
INFO: [ app_begin ] --START--
INFO: ReadHtmlCache Behavior ::run [ RunTime:0.000723s ]
INFO: [ app_begin ] --END-- [ RunTime:0.000836s ]
SQL: SHOW COLUMNS FROM `fyd_bill` [ RunTime:0.003269s ]
SQL: SELECT COUNT(*) AS tp_count FROM `fyd_bill` LIMIT 1   [ RunTime:0.000411s ]
SQL: SELECT * FROM `fyd_bill` left JOIN fyd_shop ON fyd_shop.shopid=fyd_bill.shopid left JOIN fyd_shangpin ON fyd_shangpin.shangpinid=fyd_bill.shangpinid LIMIT 0,20   [ RunTime:0.000639s ]
SQL: SHOW COLUMNS FROM `fyd_shop` [ RunTime:0.004841s ]
SQL: SELECT * FROM `fyd_shop`  [ RunTime:0.000298s ]
INFO: [ view_parse ] --START--
INFO: ParseTemplate Behavior ::run [ RunTime:0.065242s ]
INFO: [ view_parse ] --END-- [ RunTime:0.065350s ]
INFO: [ view_filter ] --START--
INFO: ContentReplace Behavior ::run [ RunTime:0.000699s ]
INFO: TokenBuild Behavior ::run [ RunTime:0.000478s ]
INFO: WriteHtmlCache Behavior ::run [ RunTime:0.000331s ]
INFO: ShowRuntime Behavior ::run [ RunTime:0.000482s ]
INFO: [ view_filter ] --END-- [ RunTime:0.002191s ]
INFO: [ view_end ] --START--
INFO: ShowPageTrace Behavior ::run [ RunTime:0.000516s ]
INFO: [ view_end ] --END-- [ RunTime:0.000588s ]

[ 2015-07-15T15:18:47+08:00 ] 127.0.0.1 /index.php/Bill/billquery.html
INFO: [ route_check ] --START--
INFO: CheckRoute Behavior ::run [ RunTime:0.001179s ]
INFO: [ route_check ] --END-- [ RunTime:0.001452s ]
INFO: [ app_begin ] --START--
INFO: ReadHtmlCache Behavior ::run [ RunTime:0.001836s ]
INFO: [ app_begin ] --END-- [ RunTime:0.002011s ]
SQL: SHOW COLUMNS FROM `fyd_bill` [ RunTime:0.003631s ]
SQL: SHOW COLUMNS FROM `fyd_shop` [ RunTime:0.002899s ]
SQL: SELECT * FROM `fyd_shop`  [ RunTime:0.000245s ]
NOTIC: [2] Invalid argument supplied for foreach() E:\wamp\www\Home\Lib\Action\BillAction.class.php 第 145 行.
SQL: SELECT COUNT(*) AS tp_count FROM `fyd_bill` WHERE ( fyd_bill.shopid = '1' ) LIMIT 1   [ RunTime:0.000201s ]
SQL: SELECT * FROM `fyd_bill` left JOIN fyd_shop ON fyd_shop.shopid=fyd_bill.shopid left JOIN fyd_shangpin ON fyd_shangpin.shangpinid=fyd_bill.shangpinid WHERE ( fyd_bill.shopid = '1' ) LIMIT 0,10   [ RunTime:0.000313s ]
INFO: [ view_parse ] --START--
INFO: ParseTemplate Behavior ::run [ RunTime:0.013986s ]
INFO: [ view_parse ] --END-- [ RunTime:0.014084s ]
INFO: [ view_filter ] --START--
INFO: ContentReplace Behavior ::run [ RunTime:0.000420s ]
INFO: TokenBuild Behavior ::run [ RunTime:0.000334s ]
INFO: WriteHtmlCache Behavior ::run [ RunTime:0.000223s ]
INFO: ShowRuntime Behavior ::run [ RunTime:0.000372s ]
INFO: [ view_filter ] --END-- [ RunTime:0.001538s ]
INFO: [ view_end ] --START--
INFO: ShowPageTrace Behavior ::run [ RunTime:0.000404s ]
INFO: [ view_end ] --END-- [ RunTime:0.000469s ]

[ 2015-07-15T15:18:51+08:00 ] 127.0.0.1 /index.php/Bill/billquery.html
INFO: [ route_check ] --START--
INFO: CheckRoute Behavior ::run [ RunTime:0.001184s ]
INFO: [ route_check ] --END-- [ RunTime:0.001376s ]
INFO: [ app_begin ] --START--
INFO: ReadHtmlCache Behavior ::run [ RunTime:0.000846s ]
INFO: [ app_begin ] --END-- [ RunTime:0.001088s ]
SQL: SHOW COLUMNS FROM `fyd_bill` [ RunTime:0.002960s ]
SQL: SHOW COLUMNS FROM `fyd_shop` [ RunTime:0.003281s ]
SQL: SELECT * FROM `fyd_shop`  [ RunTime:0.000570s ]
NOTIC: [2] Invalid argument supplied for foreach() E:\wamp\www\Home\Lib\Action\BillAction.class.php 第 145 行.
SQL: SELECT COUNT(*) AS tp_count FROM `fyd_bill` WHERE ( fyd_bill.shopid = '2' ) LIMIT 1   [ RunTime:0.000631s ]
SQL: SELECT * FROM `fyd_bill` left JOIN fyd_shop ON fyd_shop.shopid=fyd_bill.shopid left JOIN fyd_shangpin ON fyd_shangpin.shangpinid=fyd_bill.shangpinid WHERE ( fyd_bill.shopid = '2' ) LIMIT 0,10   [ RunTime:0.000469s ]
INFO: [ view_parse ] --START--
INFO: ParseTemplate Behavior ::run [ RunTime:0.010685s ]
INFO: [ view_parse ] --END-- [ RunTime:0.010818s ]
INFO: [ view_filter ] --START--
INFO: ContentReplace Behavior ::run [ RunTime:0.000443s ]
INFO: TokenBuild Behavior ::run [ RunTime:0.000911s ]
INFO: WriteHtmlCache Behavior ::run [ RunTime:0.000451s ]
INFO: ShowRuntime Behavior ::run [ RunTime:0.000509s ]
INFO: [ view_filter ] --END-- [ RunTime:0.002553s ]
INFO: [ view_end ] --START--
INFO: ShowPageTrace Behavior ::run [ RunTime:0.000625s ]
INFO: [ view_end ] --END-- [ RunTime:0.000691s ]

[ 2015-07-15T15:18:53+08:00 ] 127.0.0.1 /index.php/Bill/billquery.html
INFO: [ route_check ] --START--
INFO: CheckRoute Behavior ::run [ RunTime:0.001783s ]
INFO: [ route_check ] --END-- [ RunTime:0.002019s ]
INFO: [ app_begin ] --START--
INFO: ReadHtmlCache Behavior ::run [ RunTime:0.000880s ]
INFO: [ app_begin ] --END-- [ RunTime:0.000996s ]
SQL: SHOW COLUMNS FROM `fyd_bill` [ RunTime:0.003000s ]
SQL: SHOW COLUMNS FROM `fyd_shop` [ RunTime:0.002866s ]
SQL: SELECT * FROM `fyd_shop`  [ RunTime:0.000402s ]
NOTIC: [2] Invalid argument supplied for foreach() E:\wamp\www\Home\Lib\Action\BillAction.class.php 第 145 行.
SQL: SELECT COUNT(*) AS tp_count FROM `fyd_bill` WHERE ( fyd_bill.shopid = '3' ) LIMIT 1   [ RunTime:0.000421s ]
SQL: SELECT * FROM `fyd_bill` left JOIN fyd_shop ON fyd_shop.shopid=fyd_bill.shopid left JOIN fyd_shangpin ON fyd_shangpin.shangpinid=fyd_bill.shangpinid WHERE ( fyd_bill.shopid = '3' ) LIMIT 0,10   [ RunTime:0.000488s ]
INFO: [ view_parse ] --START--
INFO: ParseTemplate Behavior ::run [ RunTime:0.011447s ]
INFO: [ view_parse ] --END-- [ RunTime:0.011561s ]
INFO: [ view_filter ] --START--
INFO: ContentReplace Behavior ::run [ RunTime:0.000382s ]
INFO: TokenBuild Behavior ::run [ RunTime:0.000330s ]
INFO: WriteHtmlCache Behavior ::run [ RunTime:0.000222s ]
INFO: ShowRuntime Behavior ::run [ RunTime:0.000396s ]
INFO: [ view_filter ] --END-- [ RunTime:0.001535s ]
INFO: [ view_end ] --START--
INFO: ShowPageTrace Behavior ::run [ RunTime:0.000427s ]
INFO: [ view_end ] --END-- [ RunTime:0.000492s ]

[ 2015-07-15T15:18:56+08:00 ] 127.0.0.1 /index.php/Bill/billquery.html
INFO: [ route_check ] --START--
INFO: CheckRoute Behavior ::run [ RunTime:0.000666s ]
INFO: [ route_check ] --END-- [ RunTime:0.000776s ]
INFO: [ app_begin ] --START--
INFO: ReadHtmlCache Behavior ::run [ RunTime:0.000414s ]
INFO: [ app_begin ] --END-- [ RunTime:0.000488s ]
SQL: SHOW COLUMNS FROM `fyd_bill` [ RunTime:0.003366s ]
SQL: SHOW COLUMNS FROM `fyd_shop` [ RunTime:0.002793s ]
SQL: SELECT * FROM `fyd_shop`  [ RunTime:0.000356s ]
NOTIC: [2] Invalid argument supplied for foreach() E:\wamp\www\Home\Lib\Action\BillAction.class.php 第 145 行.
SQL: SELECT COUNT(*) AS tp_count FROM `fyd_bill` WHERE ( fyd_bill.shopid = '7' ) LIMIT 1   [ RunTime:0.000240s ]
SQL: SELECT * FROM `fyd_bill` left JOIN fyd_shop ON fyd_shop.shopid=fyd_bill.shopid left JOIN fyd_shangpin ON fyd_shangpin.shangpinid=fyd_bill.shangpinid WHERE ( fyd_bill.shopid = '7' ) LIMIT 0,10   [ RunTime:0.000412s ]
INFO: [ view_parse ] --START--
INFO: ParseTemplate Behavior ::run [ RunTime:0.012040s ]
INFO: [ view_parse ] --END-- [ RunTime:0.012130s ]
INFO: [ view_filter ] --START--
INFO: ContentReplace Behavior ::run [ RunTime:0.000369s ]
INFO: TokenBuild Behavior ::run [ RunTime:0.000351s ]
INFO: WriteHtmlCache Behavior ::run [ RunTime:0.000634s ]
INFO: ShowRuntime Behavior ::run [ RunTime:0.000527s ]
INFO: [ view_filter ] --END-- [ RunTime:0.002083s ]
INFO: [ view_end ] --START--
INFO: ShowPageTrace Behavior ::run [ RunTime:0.000508s ]
INFO: [ view_end ] --END-- [ RunTime:0.000572s ]

[ 2015-07-15T15:19:04+08:00 ] 127.0.0.1 /index.php/Member/index.html
INFO: [ route_check ] --START--
INFO: CheckRoute Behavior ::run [ RunTime:0.000547s ]
INFO: [ route_check ] --END-- [ RunTime:0.000644s ]
INFO: [ app_begin ] --START--
INFO: ReadHtmlCache Behavior ::run [ RunTime:0.000392s ]
INFO: [ app_begin ] --END-- [ RunTime:0.000463s ]
SQL: SHOW COLUMNS FROM `fyd_member` [ RunTime:0.004166s ]
SQL: SELECT COUNT(*) AS tp_count FROM `fyd_member` LIMIT 1   [ RunTime:0.000219s ]
SQL: SELECT * FROM `fyd_member` LIMIT 0,20   [ RunTime:0.000159s ]
INFO: [ view_parse ] --START--
INFO: ParseTemplate Behavior ::run [ RunTime:0.011357s ]
INFO: [ view_parse ] --END-- [ RunTime:0.011461s ]
INFO: [ view_filter ] --START--
INFO: ContentReplace Behavior ::run [ RunTime:0.000513s ]
INFO: TokenBuild Behavior ::run [ RunTime:0.000412s ]
INFO: WriteHtmlCache Behavior ::run [ RunTime:0.000269s ]
INFO: ShowRuntime Behavior ::run [ RunTime:0.000444s ]
INFO: [ view_filter ] --END-- [ RunTime:0.001860s ]
INFO: [ view_end ] --START--
INFO: ShowPageTrace Behavior ::run [ RunTime:0.000436s ]
INFO: [ view_end ] --END-- [ RunTime:0.000502s ]

[ 2015-07-15T15:19:04+08:00 ] 127.0.0.1 /index.php/Member/%E5%9B%BE%E7%89%87
INFO: [ route_check ] --START--
INFO: CheckRoute Behavior ::run [ RunTime:0.000615s ]
INFO: [ route_check ] --END-- [ RunTime:0.000712s ]
INFO: [ app_begin ] --START--
INFO: ReadHtmlCache Behavior ::run [ RunTime:0.000406s ]
INFO: [ app_begin ] --END-- [ RunTime:0.000479s ]
ERR: 非法操作:图片

[ 2015-07-15T15:19:09+08:00 ] 127.0.0.1 /index.php/Shop/index.html
INFO: [ route_check ] --START--
INFO: CheckRoute Behavior ::run [ RunTime:0.001402s ]
INFO: [ route_check ] --END-- [ RunTime:0.001507s ]
INFO: [ app_begin ] --START--
INFO: ReadHtmlCache Behavior ::run [ RunTime:0.000743s ]
INFO: [ app_begin ] --END-- [ RunTime:0.000823s ]
SQL: SHOW COLUMNS FROM `fyd_shop` [ RunTime:0.002963s ]
SQL: SELECT COUNT(*) AS tp_count FROM `fyd_shop` LIMIT 1   [ RunTime:0.000190s ]
SQL: SELECT * FROM `fyd_shop` LIMIT 0,10   [ RunTime:0.000174s ]
INFO: [ view_parse ] --START--
INFO: ParseTemplate Behavior ::run [ RunTime:0.013389s ]
INFO: [ view_parse ] --END-- [ RunTime:0.013487s ]
INFO: [ view_filter ] --START--
INFO: ContentReplace Behavior ::run [ RunTime:0.000502s ]
INFO: TokenBuild Behavior ::run [ RunTime:0.000403s ]
INFO: WriteHtmlCache Behavior ::run [ RunTime:0.000279s ]
INFO: ShowRuntime Behavior ::run [ RunTime:0.000412s ]
INFO: [ view_filter ] --END-- [ RunTime:0.001771s ]
INFO: [ view_end ] --START--
INFO: ShowPageTrace Behavior ::run [ RunTime:0.000465s ]
INFO: [ view_end ] --END-- [ RunTime:0.000523s ]

[ 2015-07-15T15:19:09+08:00 ] 127.0.0.1 /index.php/Shop/%E5%9B%BE%E7%89%87%E5%95%8A%E5%9B%BE%E7%89%87
INFO: [ route_check ] --START--
INFO: CheckRoute Behavior ::run [ RunTime:0.000753s ]
INFO: [ route_check ] --END-- [ RunTime:0.000886s ]
INFO: [ app_begin ] --START--
INFO: ReadHtmlCache Behavior ::run [ RunTime:0.005053s ]
INFO: [ app_begin ] --END-- [ RunTime:0.005143s ]
ERR: 非法操作:图片啊图片

[ 2015-07-15T15:19:09+08:00 ] 127.0.0.1 /index.php/Shop/aaaa
INFO: [ route_check ] --START--
INFO: CheckRoute Behavior ::run [ RunTime:0.000504s ]
INFO: [ route_check ] --END-- [ RunTime:0.000596s ]
INFO: [ app_begin ] --START--
INFO: ReadHtmlCache Behavior ::run [ RunTime:0.000399s ]
INFO: [ app_begin ] --END-- [ RunTime:0.000467s ]
ERR: 非法操作:aaaa

[ 2015-07-15T15:19:26+08:00 ] 127.0.0.1 /index.php/Shangpin/index/shopid/1.html
INFO: [ route_check ] --START--
INFO: CheckRoute Behavior ::run [ RunTime:0.000849s ]
INFO: [ route_check ] --END-- [ RunTime:0.000976s ]
INFO: [ app_begin ] --START--
INFO: ReadHtmlCache Behavior ::run [ RunTime:0.000456s ]
INFO: [ app_begin ] --END-- [ RunTime:0.000533s ]
SQL: SHOW COLUMNS FROM `fyd_shangpin` [ RunTime:0.004512s ]
SQL: SELECT COUNT(*) AS tp_count FROM `fyd_shangpin` WHERE ( fyd_shangpin.shopid = '1' ) LIMIT 1   [ RunTime:0.000388s ]
SQL: SELECT * FROM `fyd_shangpin` left JOIN fyd_shop ON fyd_shop.shopid=fyd_shangpin.shopid WHERE ( fyd_shangpin.shopid = '1' ) LIMIT 0,10   [ RunTime:0.000370s ]
INFO: [ view_parse ] --START--
INFO: ParseTemplate Behavior ::run [ RunTime:0.019969s ]
INFO: [ view_parse ] --END-- [ RunTime:0.020082s ]
INFO: [ view_filter ] --START--
INFO: ContentReplace Behavior ::run [ RunTime:0.001465s ]
INFO: TokenBuild Behavior ::run [ RunTime:0.000717s ]
INFO: WriteHtmlCache Behavior ::run [ RunTime:0.000887s ]
INFO: ShowRuntime Behavior ::run [ RunTime:0.000815s ]
INFO: [ view_filter ] --END-- [ RunTime:0.004280s ]
INFO: [ view_end ] --START--
INFO: ShowPageTrace Behavior ::run [ RunTime:0.000651s ]
INFO: [ view_end ] --END-- [ RunTime:0.000745s ]

[ 2015-07-15T15:19:26+08:00 ] 127.0.0.1 /index.php/Shangpin/index/shopid/1
INFO: [ route_check ] --START--
INFO: CheckRoute Behavior ::run [ RunTime:0.000543s ]
INFO: [ route_check ] --END-- [ RunTime:0.000631s ]
INFO: [ app_begin ] --START--
INFO: ReadHtmlCache Behavior ::run [ RunTime:0.000398s ]
INFO: [ app_begin ] --END-- [ RunTime:0.000470s ]
SQL: SHOW COLUMNS FROM `fyd_shangpin` [ RunTime:0.002732s ]
SQL: SELECT COUNT(*) AS tp_count FROM `fyd_shangpin` WHERE ( fyd_shangpin.shopid = '1' ) LIMIT 1   [ RunTime:0.000263s ]
SQL: SELECT * FROM `fyd_shangpin` left JOIN fyd_shop ON fyd_shop.shopid=fyd_shangpin.shopid WHERE ( fyd_shangpin.shopid = '1' ) LIMIT 0,10   [ RunTime:0.001248s ]
INFO: [ view_parse ] --START--
INFO: ParseTemplate Behavior ::run [ RunTime:0.039077s ]
INFO: [ view_parse ] --END-- [ RunTime:0.039180s ]
INFO: [ view_filter ] --START--
INFO: ContentReplace Behavior ::run [ RunTime:0.006216s ]
INFO: TokenBuild Behavior ::run [ RunTime:0.000506s ]
INFO: WriteHtmlCache Behavior ::run [ RunTime:0.001139s ]
INFO: ShowRuntime Behavior ::run [ RunTime:0.000431s ]
INFO: [ view_filter ] --END-- [ RunTime:0.008541s ]
INFO: [ view_end ] --START--
INFO: ShowPageTrace Behavior ::run [ RunTime:0.000441s ]
INFO: [ view_end ] --END-- [ RunTime:0.000507s ]

[ 2015-07-15T15:19:26+08:00 ] 127.0.0.1 /index.php/Shangpin/index/shopid/c
INFO: [ route_check ] --START--
INFO: CheckRoute Behavior ::run [ RunTime:0.000635s ]
INFO: [ route_check ] --END-- [ RunTime:0.000714s ]
INFO: [ app_begin ] --START--
INFO: ReadHtmlCache Behavior ::run [ RunTime:0.000426s ]
INFO: [ app_begin ] --END-- [ RunTime:0.000493s ]
SQL: SHOW COLUMNS FROM `fyd_shangpin` [ RunTime:0.008285s ]
SQL: SELECT COUNT(*) AS tp_count FROM `fyd_shangpin` WHERE ( fyd_shangpin.shopid = 'c' ) LIMIT 1   [ RunTime:0.000283s ]
SQL: SELECT * FROM `fyd_shangpin` left JOIN fyd_shop ON fyd_shop.shopid=fyd_shangpin.shopid WHERE ( fyd_shangpin.shopid = 'c' ) LIMIT 0,10   [ RunTime:0.000261s ]
INFO: [ view_parse ] --START--
INFO: ParseTemplate Behavior ::run [ RunTime:0.012677s ]
INFO: [ view_parse ] --END-- [ RunTime:0.012790s ]
INFO: [ view_filter ] --START--
INFO: ContentReplace Behavior ::run [ RunTime:0.001277s ]
INFO: TokenBuild Behavior ::run [ RunTime:0.000558s ]
INFO: WriteHtmlCache Behavior ::run [ RunTime:0.000345s ]
INFO: ShowRuntime Behavior ::run [ RunTime:0.000436s ]
INFO: [ view_filter ] --END-- [ RunTime:0.002864s ]
INFO: [ view_end ] --START--
INFO: ShowPageTrace Behavior ::run [ RunTime:0.000491s ]
INFO: [ view_end ] --END-- [ RunTime:0.000559s ]

[ 2015-07-15T15:20:38+08:00 ] 127.0.0.1 /index.php/Index/pwdupdate.html
INFO: [ route_check ] --START--
INFO: CheckRoute Behavior ::run [ RunTime:0.000773s ]
INFO: [ route_check ] --END-- [ RunTime:0.000901s ]
INFO: [ app_begin ] --START--
INFO: ReadHtmlCache Behavior ::run [ RunTime:0.000447s ]
INFO: [ app_begin ] --END-- [ RunTime:0.000523s ]
NOTIC: [8] Use of undefined constant session_start - assumed 'session_start' E:\wamp\www\Home\Lib\Action\IndexAction.class.php 第 4 行.
INFO: [ view_parse ] --START--
INFO: ParseTemplate Behavior ::run [ RunTime:0.023935s ]
INFO: [ view_parse ] --END-- [ RunTime:0.024069s ]
INFO: [ view_filter ] --START--
INFO: ContentReplace Behavior ::run [ RunTime:0.000420s ]
INFO: TokenBuild Behavior ::run [ RunTime:0.000331s ]
INFO: WriteHtmlCache Behavior ::run [ RunTime:0.000225s ]
INFO: ShowRuntime Behavior ::run [ RunTime:0.000369s ]
INFO: [ view_filter ] --END-- [ RunTime:0.001535s ]
INFO: [ view_end ] --START--
INFO: ShowPageTrace Behavior ::run [ RunTime:0.000423s ]
INFO: [ view_end ] --END-- [ RunTime:0.000494s ]

[ 2015-07-15T15:20:40+08:00 ] 127.0.0.1 /index.php/Shangpin/index/shopid/1
INFO: [ route_check ] --START--
INFO: CheckRoute Behavior ::run [ RunTime:0.000919s ]
INFO: [ route_check ] --END-- [ RunTime:0.001077s ]
INFO: [ app_begin ] --START--
INFO: ReadHtmlCache Behavior ::run [ RunTime:0.000485s ]
INFO: [ app_begin ] --END-- [ RunTime:0.000556s ]
SQL: SHOW COLUMNS FROM `fyd_shangpin` [ RunTime:0.003017s ]
SQL: SELECT COUNT(*) AS tp_count FROM `fyd_shangpin` WHERE ( fyd_shangpin.shopid = '1' ) LIMIT 1   [ RunTime:0.001249s ]
SQL: SELECT * FROM `fyd_shangpin` left JOIN fyd_shop ON fyd_shop.shopid=fyd_shangpin.shopid WHERE ( fyd_shangpin.shopid = '1' ) LIMIT 0,10   [ RunTime:0.000434s ]
INFO: [ view_parse ] --START--
INFO: ParseTemplate Behavior ::run [ RunTime:0.011077s ]
INFO: [ view_parse ] --END-- [ RunTime:0.011184s ]
INFO: [ view_filter ] --START--
INFO: ContentReplace Behavior ::run [ RunTime:0.000482s ]
INFO: TokenBuild Behavior ::run [ RunTime:0.002114s ]
INFO: WriteHtmlCache Behavior ::run [ RunTime:0.000373s ]
INFO: ShowRuntime Behavior ::run [ RunTime:0.000378s ]
INFO: [ view_filter ] --END-- [ RunTime:0.003569s ]
INFO: [ view_end ] --START--
INFO: ShowPageTrace Behavior ::run [ RunTime:0.000930s ]
INFO: [ view_end ] --END-- [ RunTime:0.001008s ]

[ 2015-07-15T15:20:40+08:00 ] 127.0.0.1 /index.php/Shangpin/index/shopid/c
INFO: [ route_check ] --START--
INFO: CheckRoute Behavior ::run [ RunTime:0.000646s ]
INFO: [ route_check ] --END-- [ RunTime:0.000760s ]
INFO: [ app_begin ] --START--
INFO: ReadHtmlCache Behavior ::run [ RunTime:0.000467s ]
INFO: [ app_begin ] --END-- [ RunTime:0.000545s ]
SQL: SHOW COLUMNS FROM `fyd_shangpin` [ RunTime:0.007331s ]
SQL: SELECT COUNT(*) AS tp_count FROM `fyd_shangpin` WHERE ( fyd_shangpin.shopid = 'c' ) LIMIT 1   [ RunTime:0.000409s ]
SQL: SELECT * FROM `fyd_shangpin` left JOIN fyd_shop ON fyd_shop.shopid=fyd_shangpin.shopid WHERE ( fyd_shangpin.shopid = 'c' ) LIMIT 0,10   [ RunTime:0.000235s ]
INFO: [ view_parse ] --START--
INFO: ParseTemplate Behavior ::run [ RunTime:0.012668s ]
INFO: [ view_parse ] --END-- [ RunTime:0.012798s ]
INFO: [ view_filter ] --START--
INFO: ContentReplace Behavior ::run [ RunTime:0.000453s ]
INFO: TokenBuild Behavior ::run [ RunTime:0.000339s ]
INFO: WriteHtmlCache Behavior ::run [ RunTime:0.000243s ]
INFO: ShowRuntime Behavior ::run [ RunTime:0.000428s ]
INFO: [ view_filter ] --END-- [ RunTime:0.001665s ]
INFO: [ view_end ] --START--
INFO: ShowPageTrace Behavior ::run [ RunTime:0.000463s ]
INFO: [ view_end ] --END-- [ RunTime:0.000532s ]

