[ 2015-05-25T13:47:42+08:00 ] 127.0.0.1 /index.php/
INFO: [ route_check ] --START--
INFO: CheckRoute Behavior ::run [ RunTime:0.002102s ]
INFO: [ route_check ] --END-- [ RunTime:0.002251s ]
INFO: [ app_begin ] --START--
INFO: ReadHtmlCache Behavior ::run [ RunTime:0.000963s ]
INFO: [ app_begin ] --END-- [ RunTime:0.001049s ]
INFO: [ view_parse ] --START--
INFO: ParseTemplate Behavior ::run [ RunTime:0.035657s ]
INFO: [ view_parse ] --END-- [ RunTime:0.035778s ]
INFO: [ view_filter ] --START--
INFO: ContentReplace Behavior ::run [ RunTime:0.000933s ]
INFO: TokenBuild Behavior ::run [ RunTime:0.000680s ]
INFO: WriteHtmlCache Behavior ::run [ RunTime:0.000835s ]
INFO: ShowRuntime Behavior ::run [ RunTime:0.000944s ]
INFO: [ view_filter ] --END-- [ RunTime:0.003698s ]
INFO: [ view_end ] --START--
INFO: ShowPageTrace Behavior ::run [ RunTime:0.000916s ]
INFO: [ view_end ] --END-- [ RunTime:0.001172s ]

[ 2015-05-25T13:47:42+08:00 ] 127.0.0.1 /index.php/
INFO: [ route_check ] --START--
INFO: CheckRoute Behavior ::run [ RunTime:0.001953s ]
INFO: [ route_check ] --END-- [ RunTime:0.002107s ]
INFO: [ app_begin ] --START--
INFO: ReadHtmlCache Behavior ::run [ RunTime:0.000602s ]
INFO: [ app_begin ] --END-- [ RunTime:0.000687s ]
INFO: [ view_parse ] --START--
INFO: ParseTemplate Behavior ::run [ RunTime:0.014790s ]
INFO: [ view_parse ] --END-- [ RunTime:0.014901s ]
INFO: [ view_filter ] --START--
INFO: ContentReplace Behavior ::run [ RunTime:0.000644s ]
INFO: TokenBuild Behavior ::run [ RunTime:0.000441s ]
INFO: WriteHtmlCache Behavior ::run [ RunTime:0.000320s ]
INFO: ShowRuntime Behavior ::run [ RunTime:0.000542s ]
INFO: [ view_filter ] --END-- [ RunTime:0.002162s ]
INFO: [ view_end ] --START--
INFO: ShowPageTrace Behavior ::run [ RunTime:0.000581s ]
INFO: [ view_end ] --END-- [ RunTime:0.000661s ]

[ 2015-05-25T13:47:43+08:00 ] 127.0.0.1 /index.php/
INFO: [ route_check ] --START--
INFO: CheckRoute Behavior ::run [ RunTime:0.000627s ]
INFO: [ route_check ] --END-- [ RunTime:0.000745s ]
INFO: [ app_begin ] --START--
INFO: ReadHtmlCache Behavior ::run [ RunTime:0.000446s ]
INFO: [ app_begin ] --END-- [ RunTime:0.000546s ]
INFO: [ view_parse ] --START--
INFO: ParseTemplate Behavior ::run [ RunTime:0.013791s ]
INFO: [ view_parse ] --END-- [ RunTime:0.013901s ]
INFO: [ view_filter ] --START--
INFO: ContentReplace Behavior ::run [ RunTime:0.000541s ]
INFO: TokenBuild Behavior ::run [ RunTime:0.000365s ]
INFO: WriteHtmlCache Behavior ::run [ RunTime:0.000227s ]
INFO: ShowRuntime Behavior ::run [ RunTime:0.000464s ]
INFO: [ view_filter ] --END-- [ RunTime:0.001811s ]
INFO: [ view_end ] --START--
INFO: ShowPageTrace Behavior ::run [ RunTime:0.000575s ]
INFO: [ view_end ] --END-- [ RunTime:0.000660s ]

[ 2015-05-25T13:47:43+08:00 ] 127.0.0.1 /index.php/
INFO: [ route_check ] --START--
INFO: CheckRoute Behavior ::run [ RunTime:0.001007s ]
INFO: [ route_check ] --END-- [ RunTime:0.001155s ]
INFO: [ app_begin ] --START--
INFO: ReadHtmlCache Behavior ::run [ RunTime:0.000692s ]
INFO: [ app_begin ] --END-- [ RunTime:0.000802s ]
INFO: [ view_parse ] --START--
INFO: ParseTemplate Behavior ::run [ RunTime:0.016608s ]
INFO: [ view_parse ] --END-- [ RunTime:0.016787s ]
INFO: [ view_filter ] --START--
INFO: ContentReplace Behavior ::run [ RunTime:0.000746s ]
INFO: TokenBuild Behavior ::run [ RunTime:0.000400s ]
INFO: WriteHtmlCache Behavior ::run [ RunTime:0.000241s ]
INFO: ShowRuntime Behavior ::run [ RunTime:0.000504s ]
INFO: [ view_filter ] --END-- [ RunTime:0.002122s ]
INFO: [ view_end ] --START--
INFO: ShowPageTrace Behavior ::run [ RunTime:0.000475s ]
INFO: [ view_end ] --END-- [ RunTime:0.000554s ]

[ 2015-05-25T13:47:49+08:00 ] 127.0.0.1 /index.php/Index/index.html
INFO: [ route_check ] --START--
INFO: CheckRoute Behavior ::run [ RunTime:0.000679s ]
INFO: [ route_check ] --END-- [ RunTime:0.000812s ]
INFO: [ app_begin ] --START--
INFO: ReadHtmlCache Behavior ::run [ RunTime:0.000456s ]
INFO: [ app_begin ] --END-- [ RunTime:0.000535s ]
INFO: [ view_parse ] --START--
INFO: ParseTemplate Behavior ::run [ RunTime:0.014238s ]
INFO: [ view_parse ] --END-- [ RunTime:0.014345s ]
INFO: [ view_filter ] --START--
INFO: ContentReplace Behavior ::run [ RunTime:0.000862s ]
INFO: TokenBuild Behavior ::run [ RunTime:0.000436s ]
INFO: WriteHtmlCache Behavior ::run [ RunTime:0.000262s ]
INFO: ShowRuntime Behavior ::run [ RunTime:0.000460s ]
INFO: [ view_filter ] --END-- [ RunTime:0.002329s ]
INFO: [ view_end ] --START--
INFO: ShowPageTrace Behavior ::run [ RunTime:0.000515s ]
INFO: [ view_end ] --END-- [ RunTime:0.000597s ]

[ 2015-05-25T13:47:49+08:00 ] 127.0.0.1 /index.php/Index/index.html
INFO: [ route_check ] --START--
INFO: CheckRoute Behavior ::run [ RunTime:0.000642s ]
INFO: [ route_check ] --END-- [ RunTime:0.000749s ]
INFO: [ app_begin ] --START--
INFO: ReadHtmlCache Behavior ::run [ RunTime:0.000995s ]
INFO: [ app_begin ] --END-- [ RunTime:0.001109s ]
INFO: [ view_parse ] --START--
INFO: ParseTemplate Behavior ::run [ RunTime:0.016991s ]
INFO: [ view_parse ] --END-- [ RunTime:0.017134s ]
INFO: [ view_filter ] --START--
INFO: ContentReplace Behavior ::run [ RunTime:0.000738s ]
INFO: TokenBuild Behavior ::run [ RunTime:0.000428s ]
INFO: WriteHtmlCache Behavior ::run [ RunTime:0.000374s ]
INFO: ShowRuntime Behavior ::run [ RunTime:0.000703s ]
INFO: [ view_filter ] --END-- [ RunTime:0.002576s ]
INFO: [ view_end ] --START--
INFO: ShowPageTrace Behavior ::run [ RunTime:0.000686s ]
INFO: [ view_end ] --END-- [ RunTime:0.000798s ]

[ 2015-05-25T13:47:49+08:00 ] 127.0.0.1 /index.php/Index/index.html
INFO: [ route_check ] --START--
INFO: CheckRoute Behavior ::run [ RunTime:0.000921s ]
INFO: [ route_check ] --END-- [ RunTime:0.001068s ]
INFO: [ app_begin ] --START--
INFO: ReadHtmlCache Behavior ::run [ RunTime:0.000772s ]
INFO: [ app_begin ] --END-- [ RunTime:0.000914s ]
INFO: [ view_parse ] --START--
INFO: ParseTemplate Behavior ::run [ RunTime:0.015967s ]
INFO: [ view_parse ] --END-- [ RunTime:0.016093s ]
INFO: [ view_filter ] --START--
INFO: ContentReplace Behavior ::run [ RunTime:0.000577s ]
INFO: TokenBuild Behavior ::run [ RunTime:0.000380s ]
INFO: WriteHtmlCache Behavior ::run [ RunTime:0.000238s ]
INFO: ShowRuntime Behavior ::run [ RunTime:0.000464s ]
INFO: [ view_filter ] --END-- [ RunTime:0.001881s ]
INFO: [ view_end ] --START--
INFO: ShowPageTrace Behavior ::run [ RunTime:0.000523s ]
INFO: [ view_end ] --END-- [ RunTime:0.000603s ]

[ 2015-05-25T13:47:49+08:00 ] 127.0.0.1 /index.php/Index/index.html
INFO: [ route_check ] --START--
INFO: CheckRoute Behavior ::run [ RunTime:0.001000s ]
INFO: [ route_check ] --END-- [ RunTime:0.001161s ]
INFO: [ app_begin ] --START--
INFO: ReadHtmlCache Behavior ::run [ RunTime:0.001263s ]
INFO: [ app_begin ] --END-- [ RunTime:0.001422s ]
INFO: [ view_parse ] --START--
INFO: ParseTemplate Behavior ::run [ RunTime:0.016044s ]
INFO: [ view_parse ] --END-- [ RunTime:0.016186s ]
INFO: [ view_filter ] --START--
INFO: ContentReplace Behavior ::run [ RunTime:0.000866s ]
INFO: TokenBuild Behavior ::run [ RunTime:0.000938s ]
INFO: WriteHtmlCache Behavior ::run [ RunTime:0.000417s ]
INFO: ShowRuntime Behavior ::run [ RunTime:0.000778s ]
INFO: [ view_filter ] --END-- [ RunTime:0.003390s ]
INFO: [ view_end ] --START--
INFO: ShowPageTrace Behavior ::run [ RunTime:0.000800s ]
INFO: [ view_end ] --END-- [ RunTime:0.001041s ]

[ 2015-05-25T13:47:51+08:00 ] 127.0.0.1 /index.php/Config/index.html
INFO: [ route_check ] --START--
INFO: CheckRoute Behavior ::run [ RunTime:0.001493s ]
INFO: [ route_check ] --END-- [ RunTime:0.001732s ]
INFO: [ app_begin ] --START--
INFO: ReadHtmlCache Behavior ::run [ RunTime:0.000867s ]
INFO: [ app_begin ] --END-- [ RunTime:0.001055s ]
SQL: SHOW COLUMNS FROM `com_config` [ RunTime:0.011906s ]
SQL: SELECT * FROM `com_config`  [ RunTime:0.001231s ]
INFO: [ view_parse ] --START--
INFO: ParseTemplate Behavior ::run [ RunTime:0.022122s ]
INFO: [ view_parse ] --END-- [ RunTime:0.022247s ]
INFO: [ view_filter ] --START--
INFO: ContentReplace Behavior ::run [ RunTime:0.000546s ]
INFO: TokenBuild Behavior ::run [ RunTime:0.000367s ]
INFO: WriteHtmlCache Behavior ::run [ RunTime:0.000227s ]
INFO: ShowRuntime Behavior ::run [ RunTime:0.000472s ]
INFO: [ view_filter ] --END-- [ RunTime:0.001860s ]
INFO: [ view_end ] --START--
INFO: ShowPageTrace Behavior ::run [ RunTime:0.000484s ]
INFO: [ view_end ] --END-- [ RunTime:0.000577s ]

[ 2015-05-25T13:47:52+08:00 ] 127.0.0.1 /index.php/Chart/index.html
INFO: [ route_check ] --START--
INFO: CheckRoute Behavior ::run [ RunTime:0.001173s ]
INFO: [ route_check ] --END-- [ RunTime:0.001288s ]
INFO: [ app_begin ] --START--
INFO: ReadHtmlCache Behavior ::run [ RunTime:0.000726s ]
INFO: [ app_begin ] --END-- [ RunTime:0.000840s ]
INFO: [ view_parse ] --START--
INFO: ParseTemplate Behavior ::run [ RunTime:0.023951s ]
INFO: [ view_parse ] --END-- [ RunTime:0.024098s ]
INFO: [ view_filter ] --START--
INFO: ContentReplace Behavior ::run [ RunTime:0.000521s ]
INFO: TokenBuild Behavior ::run [ RunTime:0.000348s ]
INFO: WriteHtmlCache Behavior ::run [ RunTime:0.000236s ]
INFO: ShowRuntime Behavior ::run [ RunTime:0.000436s ]
INFO: [ view_filter ] --END-- [ RunTime:0.001759s ]
INFO: [ view_end ] --START--
INFO: ShowPageTrace Behavior ::run [ RunTime:0.000473s ]
INFO: [ view_end ] --END-- [ RunTime:0.000552s ]

[ 2015-05-25T13:47:53+08:00 ] 127.0.0.1 /index.php/Chart/pieChart.html
INFO: [ route_check ] --START--
INFO: CheckRoute Behavior ::run [ RunTime:0.000686s ]
INFO: [ route_check ] --END-- [ RunTime:0.000794s ]
INFO: [ app_begin ] --START--
INFO: ReadHtmlCache Behavior ::run [ RunTime:0.000520s ]
INFO: [ app_begin ] --END-- [ RunTime:0.000632s ]
SQL: SHOW COLUMNS FROM `com_saishi` [ RunTime:0.013234s ]
SQL: select count(*)  cc,c.saishiareaname as  cn from com_saishi p inner join com_saishiarea c on p.saishiareaid=c.saishiareaid group by p.saishiareaid order by count(*) [ RunTime:0.010295s ]
NOTIC: [8192] Function split() is deprecated E:\wamp\www\ThinkPHP\Extend\Vendor\jpgraph\jpgraph.php 第 186 行.
NOTIC: [8192] Function split() is deprecated E:\wamp\www\ThinkPHP\Extend\Vendor\jpgraph\jpgraph.php 第 187 行.
NOTIC: [8192] Function split() is deprecated E:\wamp\www\ThinkPHP\Extend\Vendor\jpgraph\jpgraph.php 第 5783 行.
NOTIC: [8192] Function split() is deprecated E:\wamp\www\ThinkPHP\Extend\Vendor\jpgraph\jpgraph.php 第 5783 行.
NOTIC: [8192] Function split() is deprecated E:\wamp\www\ThinkPHP\Extend\Vendor\jpgraph\jpgraph.php 第 5828 行.
NOTIC: [8192] Function ereg() is deprecated E:\wamp\www\ThinkPHP\Extend\Vendor\jpgraph\jpgraph.php 第 6116 行.
NOTIC: [8192] Function split() is deprecated E:\wamp\www\ThinkPHP\Extend\Vendor\jpgraph\jpgraph.php 第 5783 行.
NOTIC: [8192] Function split() is deprecated E:\wamp\www\ThinkPHP\Extend\Vendor\jpgraph\jpgraph.php 第 5828 行.
NOTIC: [8192] Function ereg() is deprecated E:\wamp\www\ThinkPHP\Extend\Vendor\jpgraph\jpgraph.php 第 6116 行.
NOTIC: [8192] Function split() is deprecated E:\wamp\www\ThinkPHP\Extend\Vendor\jpgraph\jpgraph.php 第 5783 行.
NOTIC: [8192] Function split() is deprecated E:\wamp\www\ThinkPHP\Extend\Vendor\jpgraph\jpgraph.php 第 5828 行.
NOTIC: [8192] Function ereg() is deprecated E:\wamp\www\ThinkPHP\Extend\Vendor\jpgraph\jpgraph.php 第 6116 行.
NOTIC: [8192] Function split() is deprecated E:\wamp\www\ThinkPHP\Extend\Vendor\jpgraph\jpgraph.php 第 5783 行.
NOTIC: [8192] Function split() is deprecated E:\wamp\www\ThinkPHP\Extend\Vendor\jpgraph\jpgraph.php 第 5828 行.
NOTIC: [8192] Function ereg() is deprecated E:\wamp\www\ThinkPHP\Extend\Vendor\jpgraph\jpgraph.php 第 6116 行.
NOTIC: [8192] Function split() is deprecated E:\wamp\www\ThinkPHP\Extend\Vendor\jpgraph\jpgraph.php 第 5783 行.
NOTIC: [8192] Function split() is deprecated E:\wamp\www\ThinkPHP\Extend\Vendor\jpgraph\jpgraph.php 第 5783 行.
NOTIC: [8192] Function split() is deprecated E:\wamp\www\ThinkPHP\Extend\Vendor\jpgraph\jpgraph.php 第 5783 行.
NOTIC: [8192] Function split() is deprecated E:\wamp\www\ThinkPHP\Extend\Vendor\jpgraph\jpgraph.php 第 5828 行.
NOTIC: [8192] Function ereg() is deprecated E:\wamp\www\ThinkPHP\Extend\Vendor\jpgraph\jpgraph.php 第 5984 行.
NOTIC: [8192] Function split() is deprecated E:\wamp\www\ThinkPHP\Extend\Vendor\jpgraph\jpgraph.php 第 5828 行.
NOTIC: [8192] Function split() is deprecated E:\wamp\www\ThinkPHP\Extend\Vendor\jpgraph\jpgraph.php 第 5783 行.
NOTIC: [8192] Function split() is deprecated E:\wamp\www\ThinkPHP\Extend\Vendor\jpgraph\jpgraph.php 第 5783 行.
NOTIC: [8192] Function split() is deprecated E:\wamp\www\ThinkPHP\Extend\Vendor\jpgraph\jpgraph.php 第 5783 行.
NOTIC: [8192] Function split() is deprecated E:\wamp\www\ThinkPHP\Extend\Vendor\jpgraph\jpgraph.php 第 5783 行.
NOTIC: [8192] Function split() is deprecated E:\wamp\www\ThinkPHP\Extend\Vendor\jpgraph\jpgraph.php 第 5828 行.
NOTIC: [8192] Function split() is deprecated E:\wamp\www\ThinkPHP\Extend\Vendor\jpgraph\jpgraph.php 第 5828 行.
NOTIC: [8192] Function split() is deprecated E:\wamp\www\ThinkPHP\Extend\Vendor\jpgraph\jpgraph.php 第 5828 行.
NOTIC: [8192] Function split() is deprecated E:\wamp\www\ThinkPHP\Extend\Vendor\jpgraph\jpgraph.php 第 5783 行.
NOTIC: [8192] Function ereg() is deprecated E:\wamp\www\ThinkPHP\Extend\Vendor\jpgraph\jpgraph.php 第 6116 行.
NOTIC: [8192] Function ereg() is deprecated E:\wamp\www\ThinkPHP\Extend\Vendor\jpgraph\jpgraph.php 第 6116 行.
NOTIC: [8192] Function ereg() is deprecated E:\wamp\www\ThinkPHP\Extend\Vendor\jpgraph\jpgraph.php 第 6116 行.
NOTIC: [8192] Function ereg() is deprecated E:\wamp\www\ThinkPHP\Extend\Vendor\jpgraph\jpgraph.php 第 6116 行.
NOTIC: [8192] Function split() is deprecated E:\wamp\www\ThinkPHP\Extend\Vendor\jpgraph\jpgraph.php 第 5783 行.
NOTIC: [8192] Function split() is deprecated E:\wamp\www\ThinkPHP\Extend\Vendor\jpgraph\jpgraph.php 第 5783 行.
NOTIC: [8192] Function split() is deprecated E:\wamp\www\ThinkPHP\Extend\Vendor\jpgraph\jpgraph.php 第 5828 行.
NOTIC: [8192] Function ereg() is deprecated E:\wamp\www\ThinkPHP\Extend\Vendor\jpgraph\jpgraph.php 第 5984 行.
NOTIC: [8192] Function split() is deprecated E:\wamp\www\ThinkPHP\Extend\Vendor\jpgraph\jpgraph.php 第 5783 行.
NOTIC: [8192] Function split() is deprecated E:\wamp\www\ThinkPHP\Extend\Vendor\jpgraph\jpgraph.php 第 5783 行.
NOTIC: [8192] Function split() is deprecated E:\wamp\www\ThinkPHP\Extend\Vendor\jpgraph\jpgraph.php 第 5828 行.
NOTIC: [8192] Function ereg() is deprecated E:\wamp\www\ThinkPHP\Extend\Vendor\jpgraph\jpgraph.php 第 5984 行.
NOTIC: [8192] Function split() is deprecated E:\wamp\www\ThinkPHP\Extend\Vendor\jpgraph\jpgraph.php 第 5783 行.
NOTIC: [8192] Function split() is deprecated E:\wamp\www\ThinkPHP\Extend\Vendor\jpgraph\jpgraph.php 第 5783 行.
NOTIC: [8192] Function split() is deprecated E:\wamp\www\ThinkPHP\Extend\Vendor\jpgraph\jpgraph.php 第 5828 行.
NOTIC: [8192] Function ereg() is deprecated E:\wamp\www\ThinkPHP\Extend\Vendor\jpgraph\jpgraph.php 第 5984 行.
NOTIC: [8192] Function ereg() is deprecated E:\wamp\www\ThinkPHP\Extend\Vendor\jpgraph\jpgraph.php 第 6116 行.
NOTIC: [8192] Function split() is deprecated E:\wamp\www\ThinkPHP\Extend\Vendor\jpgraph\jpgraph.php 第 5783 行.
NOTIC: [8192] Function split() is deprecated E:\wamp\www\ThinkPHP\Extend\Vendor\jpgraph\jpgraph.php 第 5783 行.
NOTIC: [8192] Function split() is deprecated E:\wamp\www\ThinkPHP\Extend\Vendor\jpgraph\jpgraph.php 第 5783 行.
NOTIC: [8192] Function split() is deprecated E:\wamp\www\ThinkPHP\Extend\Vendor\jpgraph\jpgraph.php 第 5828 行.
NOTIC: [8192] Function ereg() is deprecated E:\wamp\www\ThinkPHP\Extend\Vendor\jpgraph\jpgraph.php 第 5984 行.
NOTIC: [8192] Function split() is deprecated E:\wamp\www\ThinkPHP\Extend\Vendor\jpgraph\jpgraph.php 第 5783 行.
NOTIC: [8192] Function split() is deprecated E:\wamp\www\ThinkPHP\Extend\Vendor\jpgraph\jpgraph.php 第 5783 行.
NOTIC: [8192] Function split() is deprecated E:\wamp\www\ThinkPHP\Extend\Vendor\jpgraph\jpgraph.php 第 5783 行.
NOTIC: [8192] Function split() is deprecated E:\wamp\www\ThinkPHP\Extend\Vendor\jpgraph\jpgraph.php 第 5828 行.
NOTIC: [8192] Function ereg() is deprecated E:\wamp\www\ThinkPHP\Extend\Vendor\jpgraph\jpgraph.php 第 5984 行.

[ 2015-05-25T13:47:54+08:00 ] 127.0.0.1 /index.php/Index/table.html
INFO: [ route_check ] --START--
INFO: CheckRoute Behavior ::run [ RunTime:0.001135s ]
INFO: [ route_check ] --END-- [ RunTime:0.001321s ]
INFO: [ app_begin ] --START--
INFO: ReadHtmlCache Behavior ::run [ RunTime:0.000504s ]
INFO: [ app_begin ] --END-- [ RunTime:0.000588s ]
SQL: SHOW COLUMNS FROM `com_user` [ RunTime:0.008767s ]
SQL: SELECT COUNT(*) AS tp_count FROM `com_user` LIMIT 1   [ RunTime:0.001279s ]
SQL: SELECT * FROM `com_user` left JOIN com_authgroup ON com_user.groupid=com_authgroup.groupid LIMIT 0,5   [ RunTime:0.001124s ]
SQL: SHOW COLUMNS FROM `com_saishi` [ RunTime:0.009585s ]
SQL: SELECT COUNT(*) AS tp_count FROM `com_saishi` LIMIT 1   [ RunTime:0.000517s ]
SQL: SELECT * FROM `com_saishi` LIMIT 0,10   [ RunTime:0.000954s ]
SQL: SHOW COLUMNS FROM `com_saishicate` [ RunTime:0.012429s ]
SQL: SELECT COUNT(*) AS tp_count FROM `com_saishicate` LIMIT 1   [ RunTime:0.000563s ]
SQL: SELECT * FROM `com_saishicate` left JOIN com_saishiarea ON com_saishiarea.saishiareaid=com_saishicate.saishiareaid LIMIT 0,5   [ RunTime:0.001259s ]
INFO: [ view_parse ] --START--
INFO: ParseTemplate Behavior ::run [ RunTime:0.062837s ]
INFO: [ view_parse ] --END-- [ RunTime:0.062986s ]
INFO: [ view_filter ] --START--
INFO: ContentReplace Behavior ::run [ RunTime:0.000819s ]
INFO: TokenBuild Behavior ::run [ RunTime:0.000396s ]
INFO: WriteHtmlCache Behavior ::run [ RunTime:0.000227s ]
INFO: ShowRuntime Behavior ::run [ RunTime:0.000489s ]
INFO: [ view_filter ] --END-- [ RunTime:0.002164s ]
INFO: [ view_end ] --START--
INFO: ShowPageTrace Behavior ::run [ RunTime:0.000471s ]
INFO: [ view_end ] --END-- [ RunTime:0.000550s ]

[ 2015-05-25T13:47:54+08:00 ] 127.0.0.1 /index.php/Index/table.html
INFO: [ route_check ] --START--
INFO: CheckRoute Behavior ::run [ RunTime:0.001100s ]
INFO: [ route_check ] --END-- [ RunTime:0.001255s ]
INFO: [ app_begin ] --START--
INFO: ReadHtmlCache Behavior ::run [ RunTime:0.000767s ]
INFO: [ app_begin ] --END-- [ RunTime:0.000901s ]
SQL: SHOW COLUMNS FROM `com_user` [ RunTime:0.007858s ]
SQL: SELECT COUNT(*) AS tp_count FROM `com_user` LIMIT 1   [ RunTime:0.000810s ]
SQL: SELECT * FROM `com_user` left JOIN com_authgroup ON com_user.groupid=com_authgroup.groupid LIMIT 0,5   [ RunTime:0.001577s ]
SQL: SHOW COLUMNS FROM `com_saishi` [ RunTime:0.010745s ]
SQL: SELECT COUNT(*) AS tp_count FROM `com_saishi` LIMIT 1   [ RunTime:0.000929s ]
SQL: SELECT * FROM `com_saishi` LIMIT 0,10   [ RunTime:0.002053s ]
SQL: SHOW COLUMNS FROM `com_saishicate` [ RunTime:0.008460s ]
SQL: SELECT COUNT(*) AS tp_count FROM `com_saishicate` LIMIT 1   [ RunTime:0.000661s ]
SQL: SELECT * FROM `com_saishicate` left JOIN com_saishiarea ON com_saishiarea.saishiareaid=com_saishicate.saishiareaid LIMIT 0,5   [ RunTime:0.000424s ]
INFO: [ view_parse ] --START--
INFO: ParseTemplate Behavior ::run [ RunTime:0.019797s ]
INFO: [ view_parse ] --END-- [ RunTime:0.019956s ]
INFO: [ view_filter ] --START--
INFO: ContentReplace Behavior ::run [ RunTime:0.001137s ]
INFO: TokenBuild Behavior ::run [ RunTime:0.000936s ]
INFO: WriteHtmlCache Behavior ::run [ RunTime:0.000334s ]
INFO: ShowRuntime Behavior ::run [ RunTime:0.000653s ]
INFO: [ view_filter ] --END-- [ RunTime:0.003464s ]
INFO: [ view_end ] --START--
INFO: ShowPageTrace Behavior ::run [ RunTime:0.000630s ]
INFO: [ view_end ] --END-- [ RunTime:0.000734s ]

[ 2015-05-25T13:47:57+08:00 ] 127.0.0.1 /index.php/Qishou/index.html
INFO: [ route_check ] --START--
INFO: CheckRoute Behavior ::run [ RunTime:0.000728s ]
INFO: [ route_check ] --END-- [ RunTime:0.000863s ]
INFO: [ app_begin ] --START--
INFO: ReadHtmlCache Behavior ::run [ RunTime:0.000533s ]
INFO: [ app_begin ] --END-- [ RunTime:0.000620s ]
SQL: SHOW COLUMNS FROM `com_qishou` [ RunTime:0.009515s ]
SQL: SELECT COUNT(*) AS tp_count FROM `com_qishou` LIMIT 1   [ RunTime:0.000756s ]
SQL: SELECT * FROM `com_qishou` LIMIT 0,5   [ RunTime:0.001878s ]
INFO: [ view_parse ] --START--
INFO: ParseTemplate Behavior ::run [ RunTime:0.019391s ]
INFO: [ view_parse ] --END-- [ RunTime:0.019512s ]
INFO: [ view_filter ] --START--
INFO: ContentReplace Behavior ::run [ RunTime:0.000678s ]
INFO: TokenBuild Behavior ::run [ RunTime:0.000596s ]
INFO: WriteHtmlCache Behavior ::run [ RunTime:0.000272s ]
INFO: ShowRuntime Behavior ::run [ RunTime:0.000466s ]
INFO: [ view_filter ] --END-- [ RunTime:0.002297s ]
INFO: [ view_end ] --START--
INFO: ShowPageTrace Behavior ::run [ RunTime:0.000484s ]
INFO: [ view_end ] --END-- [ RunTime:0.000564s ]

[ 2015-05-25T13:48:01+08:00 ] 127.0.0.1 /index.php/Footer/index.html
INFO: [ route_check ] --START--
INFO: CheckRoute Behavior ::run [ RunTime:0.000661s ]
INFO: [ route_check ] --END-- [ RunTime:0.000789s ]
INFO: [ app_begin ] --START--
INFO: ReadHtmlCache Behavior ::run [ RunTime:0.000461s ]
INFO: [ app_begin ] --END-- [ RunTime:0.000543s ]
SQL: SHOW COLUMNS FROM `com_footer` [ RunTime:0.007332s ]
SQL: SELECT * FROM `com_footer` LIMIT 1   [ RunTime:0.000591s ]
INFO: [ view_parse ] --START--
INFO: ParseTemplate Behavior ::run [ RunTime:0.017546s ]
INFO: [ view_parse ] --END-- [ RunTime:0.017679s ]
INFO: [ view_filter ] --START--
INFO: ContentReplace Behavior ::run [ RunTime:0.000717s ]
INFO: TokenBuild Behavior ::run [ RunTime:0.000536s ]
INFO: WriteHtmlCache Behavior ::run [ RunTime:0.000328s ]
INFO: ShowRuntime Behavior ::run [ RunTime:0.000636s ]
INFO: [ view_filter ] --END-- [ RunTime:0.002523s ]
INFO: [ view_end ] --START--
INFO: ShowPageTrace Behavior ::run [ RunTime:0.000773s ]
INFO: [ view_end ] --END-- [ RunTime:0.000902s ]

[ 2015-05-25T13:48:04+08:00 ] 127.0.0.1 /index.php/Qishou/index.html
INFO: [ route_check ] --START--
INFO: CheckRoute Behavior ::run [ RunTime:0.000665s ]
INFO: [ route_check ] --END-- [ RunTime:0.000775s ]
INFO: [ app_begin ] --START--
INFO: ReadHtmlCache Behavior ::run [ RunTime:0.000457s ]
INFO: [ app_begin ] --END-- [ RunTime:0.000539s ]
SQL: SHOW COLUMNS FROM `com_qishou` [ RunTime:0.009685s ]
SQL: SELECT COUNT(*) AS tp_count FROM `com_qishou` LIMIT 1   [ RunTime:0.000661s ]
SQL: SELECT * FROM `com_qishou` LIMIT 0,5   [ RunTime:0.000826s ]
INFO: [ view_parse ] --START--
INFO: ParseTemplate Behavior ::run [ RunTime:0.015525s ]
INFO: [ view_parse ] --END-- [ RunTime:0.015632s ]
INFO: [ view_filter ] --START--
INFO: ContentReplace Behavior ::run [ RunTime:0.000595s ]
INFO: TokenBuild Behavior ::run [ RunTime:0.000374s ]
INFO: WriteHtmlCache Behavior ::run [ RunTime:0.000226s ]
INFO: ShowRuntime Behavior ::run [ RunTime:0.000681s ]
INFO: [ view_filter ] --END-- [ RunTime:0.002265s ]
INFO: [ view_end ] --START--
INFO: ShowPageTrace Behavior ::run [ RunTime:0.000797s ]
INFO: [ view_end ] --END-- [ RunTime:0.000922s ]

[ 2015-05-25T13:50:29+08:00 ] 127.0.0.1 /index.php/Qishou/index.html
INFO: [ route_check ] --START--
INFO: CheckRoute Behavior ::run [ RunTime:0.001480s ]
INFO: [ route_check ] --END-- [ RunTime:0.001597s ]
INFO: [ app_begin ] --START--
INFO: ReadHtmlCache Behavior ::run [ RunTime:0.000559s ]
INFO: [ app_begin ] --END-- [ RunTime:0.000644s ]
SQL: SHOW COLUMNS FROM `com_qishou` [ RunTime:0.010178s ]
SQL: SELECT COUNT(*) AS tp_count FROM `com_qishou` LIMIT 1   [ RunTime:0.001072s ]
SQL: SELECT * FROM `com_qishou` LIMIT 0,5   [ RunTime:0.001429s ]
INFO: [ view_parse ] --START--
INFO: ParseTemplate Behavior ::run [ RunTime:0.025691s ]
INFO: [ view_parse ] --END-- [ RunTime:0.025814s ]
INFO: [ view_filter ] --START--
INFO: ContentReplace Behavior ::run [ RunTime:0.000974s ]
INFO: TokenBuild Behavior ::run [ RunTime:0.000678s ]
INFO: WriteHtmlCache Behavior ::run [ RunTime:0.000426s ]
INFO: ShowRuntime Behavior ::run [ RunTime:0.001150s ]
INFO: [ view_filter ] --END-- [ RunTime:0.003574s ]
INFO: [ view_end ] --START--
INFO: ShowPageTrace Behavior ::run [ RunTime:0.000880s ]
INFO: [ view_end ] --END-- [ RunTime:0.000967s ]

[ 2015-05-25T13:50:30+08:00 ] 127.0.0.1 /index.php/Qishou/index.html
INFO: [ route_check ] --START--
INFO: CheckRoute Behavior ::run [ RunTime:0.001007s ]
INFO: [ route_check ] --END-- [ RunTime:0.001179s ]
INFO: [ app_begin ] --START--
INFO: ReadHtmlCache Behavior ::run [ RunTime:0.000620s ]
INFO: [ app_begin ] --END-- [ RunTime:0.000751s ]
SQL: SHOW COLUMNS FROM `com_qishou` [ RunTime:0.014108s ]
SQL: SELECT COUNT(*) AS tp_count FROM `com_qishou` LIMIT 1   [ RunTime:0.000601s ]
SQL: SELECT * FROM `com_qishou` LIMIT 0,5   [ RunTime:0.001057s ]
INFO: [ view_parse ] --START--
INFO: ParseTemplate Behavior ::run [ RunTime:0.015052s ]
INFO: [ view_parse ] --END-- [ RunTime:0.015219s ]
INFO: [ view_filter ] --START--
INFO: ContentReplace Behavior ::run [ RunTime:0.000958s ]
INFO: TokenBuild Behavior ::run [ RunTime:0.000798s ]
INFO: WriteHtmlCache Behavior ::run [ RunTime:0.000831s ]
INFO: ShowRuntime Behavior ::run [ RunTime:0.001131s ]
INFO: [ view_filter ] --END-- [ RunTime:0.004147s ]
INFO: [ view_end ] --START--
INFO: ShowPageTrace Behavior ::run [ RunTime:0.000937s ]
INFO: [ view_end ] --END-- [ RunTime:0.001066s ]

[ 2015-05-25T13:50:40+08:00 ] 127.0.0.1 /index.php/Qishou/index.html
INFO: [ route_check ] --START--
INFO: CheckRoute Behavior ::run [ RunTime:0.000850s ]
INFO: [ route_check ] --END-- [ RunTime:0.000995s ]
INFO: [ app_begin ] --START--
INFO: ReadHtmlCache Behavior ::run [ RunTime:0.000562s ]
INFO: [ app_begin ] --END-- [ RunTime:0.000644s ]
SQL: SHOW COLUMNS FROM `com_qishou` [ RunTime:0.010656s ]
SQL: SELECT COUNT(*) AS tp_count FROM `com_qishou` LIMIT 1   [ RunTime:0.001076s ]
SQL: SELECT * FROM `com_qishou` LIMIT 0,5   [ RunTime:0.000866s ]
INFO: [ view_parse ] --START--
INFO: ParseTemplate Behavior ::run [ RunTime:0.016434s ]
INFO: [ view_parse ] --END-- [ RunTime:0.016685s ]
INFO: [ view_filter ] --START--
INFO: ContentReplace Behavior ::run [ RunTime:0.000869s ]
INFO: TokenBuild Behavior ::run [ RunTime:0.000432s ]
INFO: WriteHtmlCache Behavior ::run [ RunTime:0.000263s ]
INFO: ShowRuntime Behavior ::run [ RunTime:0.000731s ]
INFO: [ view_filter ] --END-- [ RunTime:0.002615s ]
INFO: [ view_end ] --START--
INFO: ShowPageTrace Behavior ::run [ RunTime:0.000563s ]
INFO: [ view_end ] --END-- [ RunTime:0.000653s ]

[ 2015-05-25T13:50:44+08:00 ] 127.0.0.1 /index.php/Login/index.html
INFO: [ route_check ] --START--
INFO: CheckRoute Behavior ::run [ RunTime:0.000748s ]
INFO: [ route_check ] --END-- [ RunTime:0.000892s ]
INFO: [ app_begin ] --START--
INFO: ReadHtmlCache Behavior ::run [ RunTime:0.001341s ]
INFO: [ app_begin ] --END-- [ RunTime:0.001525s ]
NOTIC: [8] Use of undefined constant session_start - assumed 'session_start' E:\wamp\www\Home\Lib\Action\LoginAction.class.php 第 4 行.
INFO: [ view_parse ] --START--
INFO: ParseTemplate Behavior ::run [ RunTime:0.036301s ]
INFO: [ view_parse ] --END-- [ RunTime:0.036420s ]
INFO: [ view_filter ] --START--
INFO: ContentReplace Behavior ::run [ RunTime:0.000478s ]
INFO: TokenBuild Behavior ::run [ RunTime:0.000368s ]
INFO: WriteHtmlCache Behavior ::run [ RunTime:0.000248s ]
INFO: ShowRuntime Behavior ::run [ RunTime:0.000440s ]
INFO: [ view_filter ] --END-- [ RunTime:0.001773s ]
INFO: [ view_end ] --START--
INFO: ShowPageTrace Behavior ::run [ RunTime:0.000512s ]
INFO: [ view_end ] --END-- [ RunTime:0.000595s ]

[ 2015-05-25T13:50:44+08:00 ] 127.0.0.1 /index.php/Login/verify.html
INFO: [ route_check ] --START--
INFO: CheckRoute Behavior ::run [ RunTime:0.000960s ]
INFO: [ route_check ] --END-- [ RunTime:0.001093s ]
INFO: [ app_begin ] --START--
INFO: ReadHtmlCache Behavior ::run [ RunTime:0.000563s ]
INFO: [ app_begin ] --END-- [ RunTime:0.000652s ]
NOTIC: [8] Use of undefined constant session_start - assumed 'session_start' E:\wamp\www\Home\Lib\Action\LoginAction.class.php 第 4 行.

[ 2015-05-25T13:50:48+08:00 ] 127.0.0.1 /index.php/Qishou/index.html
INFO: [ route_check ] --START--
INFO: CheckRoute Behavior ::run [ RunTime:0.001063s ]
INFO: [ route_check ] --END-- [ RunTime:0.001254s ]
INFO: [ app_begin ] --START--
INFO: ReadHtmlCache Behavior ::run [ RunTime:0.000541s ]
INFO: [ app_begin ] --END-- [ RunTime:0.000634s ]
SQL: SHOW COLUMNS FROM `com_qishou` [ RunTime:0.009311s ]
SQL: SELECT COUNT(*) AS tp_count FROM `com_qishou` LIMIT 1   [ RunTime:0.000617s ]
SQL: SELECT * FROM `com_qishou` LIMIT 0,5   [ RunTime:0.000971s ]
INFO: [ view_parse ] --START--
INFO: ParseTemplate Behavior ::run [ RunTime:0.015547s ]
INFO: [ view_parse ] --END-- [ RunTime:0.015651s ]
INFO: [ view_filter ] --START--
INFO: ContentReplace Behavior ::run [ RunTime:0.000578s ]
INFO: TokenBuild Behavior ::run [ RunTime:0.000381s ]
INFO: WriteHtmlCache Behavior ::run [ RunTime:0.000226s ]
INFO: ShowRuntime Behavior ::run [ RunTime:0.000469s ]
INFO: [ view_filter ] --END-- [ RunTime:0.001871s ]
INFO: [ view_end ] --START--
INFO: ShowPageTrace Behavior ::run [ RunTime:0.000472s ]
INFO: [ view_end ] --END-- [ RunTime:0.000550s ]

[ 2015-05-25T13:51:39+08:00 ] 127.0.0.1 /index.php/Qishou/index.html
INFO: [ route_check ] --START--
INFO: CheckRoute Behavior ::run [ RunTime:0.000808s ]
INFO: [ route_check ] --END-- [ RunTime:0.000933s ]
INFO: [ app_begin ] --START--
INFO: ReadHtmlCache Behavior ::run [ RunTime:0.000494s ]
INFO: [ app_begin ] --END-- [ RunTime:0.000577s ]

[ 2015-05-25T13:52:24+08:00 ] 127.0.0.1 /index.php/Qishou/index.html
INFO: [ route_check ] --START--
INFO: CheckRoute Behavior ::run [ RunTime:0.000691s ]
INFO: [ route_check ] --END-- [ RunTime:0.000845s ]
INFO: [ app_begin ] --START--
INFO: ReadHtmlCache Behavior ::run [ RunTime:0.000448s ]
INFO: [ app_begin ] --END-- [ RunTime:0.000527s ]

[ 2015-05-25T13:52:56+08:00 ] 127.0.0.1 /index.php/Qishou/index.html
INFO: [ route_check ] --START--
INFO: CheckRoute Behavior ::run [ RunTime:0.002153s ]
INFO: [ route_check ] --END-- [ RunTime:0.002371s ]
INFO: [ app_begin ] --START--
INFO: ReadHtmlCache Behavior ::run [ RunTime:0.000632s ]
INFO: [ app_begin ] --END-- [ RunTime:0.000718s ]

[ 2015-05-25T13:52:58+08:00 ] 127.0.0.1 /index.php/Qishou/index.php/m/Index/a/index
INFO: [ route_check ] --START--
INFO: CheckRoute Behavior ::run [ RunTime:0.001094s ]
INFO: [ route_check ] --END-- [ RunTime:0.001293s ]
INFO: [ app_begin ] --START--
INFO: ReadHtmlCache Behavior ::run [ RunTime:0.002002s ]
INFO: [ app_begin ] --END-- [ RunTime:0.002108s ]
INFO: [ view_parse ] --START--
INFO: ParseTemplate Behavior ::run [ RunTime:0.016162s ]
INFO: [ view_parse ] --END-- [ RunTime:0.016285s ]
INFO: [ view_filter ] --START--
INFO: ContentReplace Behavior ::run [ RunTime:0.000762s ]
INFO: TokenBuild Behavior ::run [ RunTime:0.000459s ]
INFO: WriteHtmlCache Behavior ::run [ RunTime:0.000353s ]
INFO: ShowRuntime Behavior ::run [ RunTime:0.000560s ]
INFO: [ view_filter ] --END-- [ RunTime:0.002354s ]
INFO: [ view_end ] --START--
INFO: ShowPageTrace Behavior ::run [ RunTime:0.000577s ]
INFO: [ view_end ] --END-- [ RunTime:0.000658s ]

[ 2015-05-25T13:52:58+08:00 ] 127.0.0.1 /index.php/Qishou/index.php/m/Index/a/index
INFO: [ route_check ] --START--
INFO: CheckRoute Behavior ::run [ RunTime:0.000942s ]
INFO: [ route_check ] --END-- [ RunTime:0.001108s ]
INFO: [ app_begin ] --START--
INFO: ReadHtmlCache Behavior ::run [ RunTime:0.000653s ]
INFO: [ app_begin ] --END-- [ RunTime:0.000756s ]
INFO: [ view_parse ] --START--
INFO: ParseTemplate Behavior ::run [ RunTime:0.016360s ]
INFO: [ view_parse ] --END-- [ RunTime:0.016484s ]
INFO: [ view_filter ] --START--
INFO: ContentReplace Behavior ::run [ RunTime:0.000642s ]
INFO: TokenBuild Behavior ::run [ RunTime:0.000495s ]
INFO: WriteHtmlCache Behavior ::run [ RunTime:0.000294s ]
INFO: ShowRuntime Behavior ::run [ RunTime:0.000514s ]
INFO: [ view_filter ] --END-- [ RunTime:0.002218s ]
INFO: [ view_end ] --START--
INFO: ShowPageTrace Behavior ::run [ RunTime:0.000561s ]
INFO: [ view_end ] --END-- [ RunTime:0.000647s ]

[ 2015-05-25T13:52:59+08:00 ] 127.0.0.1 /index.php/Qishou/index.php/m/Index/a/index.php/m/Index/a/index
INFO: [ route_check ] --START--
INFO: CheckRoute Behavior ::run [ RunTime:0.000781s ]
INFO: [ route_check ] --END-- [ RunTime:0.000928s ]
INFO: [ app_begin ] --START--
INFO: ReadHtmlCache Behavior ::run [ RunTime:0.000772s ]
INFO: [ app_begin ] --END-- [ RunTime:0.000883s ]
INFO: [ view_parse ] --START--
INFO: ParseTemplate Behavior ::run [ RunTime:0.012924s ]
INFO: [ view_parse ] --END-- [ RunTime:0.013043s ]
INFO: [ view_filter ] --START--
INFO: ContentReplace Behavior ::run [ RunTime:0.000692s ]
INFO: TokenBuild Behavior ::run [ RunTime:0.000426s ]
INFO: WriteHtmlCache Behavior ::run [ RunTime:0.000238s ]
INFO: ShowRuntime Behavior ::run [ RunTime:0.000450s ]
INFO: [ view_filter ] --END-- [ RunTime:0.002026s ]
INFO: [ view_end ] --START--
INFO: ShowPageTrace Behavior ::run [ RunTime:0.000475s ]
INFO: [ view_end ] --END-- [ RunTime:0.000557s ]

[ 2015-05-25T13:52:59+08:00 ] 127.0.0.1 /index.php/Qishou/index.php/m/Index/a/index.php/m/Index/a/index
INFO: [ route_check ] --START--
INFO: CheckRoute Behavior ::run [ RunTime:0.000897s ]
INFO: [ route_check ] --END-- [ RunTime:0.001048s ]
INFO: [ app_begin ] --START--
INFO: ReadHtmlCache Behavior ::run [ RunTime:0.000707s ]
INFO: [ app_begin ] --END-- [ RunTime:0.000835s ]
INFO: [ view_parse ] --START--
INFO: ParseTemplate Behavior ::run [ RunTime:0.018332s ]
INFO: [ view_parse ] --END-- [ RunTime:0.018522s ]
INFO: [ view_filter ] --START--
INFO: ContentReplace Behavior ::run [ RunTime:0.001773s ]
INFO: TokenBuild Behavior ::run [ RunTime:0.001542s ]
INFO: WriteHtmlCache Behavior ::run [ RunTime:0.000533s ]
INFO: ShowRuntime Behavior ::run [ RunTime:0.000879s ]
INFO: [ view_filter ] --END-- [ RunTime:0.005121s ]
INFO: [ view_end ] --START--
INFO: ShowPageTrace Behavior ::run [ RunTime:0.000673s ]
INFO: [ view_end ] --END-- [ RunTime:0.000762s ]

[ 2015-05-25T13:52:59+08:00 ] 127.0.0.1 /index.php/Qishou/index.php/m/Index/a/index.php/m/Index/a/index.php/m/Index/a/index
INFO: [ route_check ] --START--
INFO: CheckRoute Behavior ::run [ RunTime:0.000757s ]
INFO: [ route_check ] --END-- [ RunTime:0.000915s ]
INFO: [ app_begin ] --START--
INFO: ReadHtmlCache Behavior ::run [ RunTime:0.000682s ]
INFO: [ app_begin ] --END-- [ RunTime:0.000793s ]
INFO: [ view_parse ] --START--
INFO: ParseTemplate Behavior ::run [ RunTime:0.018201s ]
INFO: [ view_parse ] --END-- [ RunTime:0.018337s ]
INFO: [ view_filter ] --START--
INFO: ContentReplace Behavior ::run [ RunTime:0.000785s ]
INFO: TokenBuild Behavior ::run [ RunTime:0.000426s ]
INFO: WriteHtmlCache Behavior ::run [ RunTime:0.000250s ]
INFO: ShowRuntime Behavior ::run [ RunTime:0.000448s ]
INFO: [ view_filter ] --END-- [ RunTime:0.002138s ]
INFO: [ view_end ] --START--
INFO: ShowPageTrace Behavior ::run [ RunTime:0.000487s ]
INFO: [ view_end ] --END-- [ RunTime:0.000569s ]

[ 2015-05-25T13:52:59+08:00 ] 127.0.0.1 /index.php/Qishou/index.php/m/Index/a/index.php/m/Index/a/index.php/m/Index/a/index
INFO: [ route_check ] --START--
INFO: CheckRoute Behavior ::run [ RunTime:0.000978s ]
INFO: [ route_check ] --END-- [ RunTime:0.001131s ]
INFO: [ app_begin ] --START--
INFO: ReadHtmlCache Behavior ::run [ RunTime:0.001043s ]
INFO: [ app_begin ] --END-- [ RunTime:0.001185s ]
INFO: [ view_parse ] --START--
INFO: ParseTemplate Behavior ::run [ RunTime:0.017311s ]
INFO: [ view_parse ] --END-- [ RunTime:0.017467s ]
INFO: [ view_filter ] --START--
INFO: ContentReplace Behavior ::run [ RunTime:0.000700s ]
INFO: TokenBuild Behavior ::run [ RunTime:0.000638s ]
INFO: WriteHtmlCache Behavior ::run [ RunTime:0.001176s ]
INFO: ShowRuntime Behavior ::run [ RunTime:0.000633s ]
INFO: [ view_filter ] --END-- [ RunTime:0.003481s ]
INFO: [ view_end ] --START--
INFO: ShowPageTrace Behavior ::run [ RunTime:0.000631s ]
INFO: [ view_end ] --END-- [ RunTime:0.000739s ]

[ 2015-05-25T13:52:59+08:00 ] 127.0.0.1 /index.php/Qishou/index.php/m/Index/a/index.php/m/Index/a/index.php/m/Index/a/index.php/m/Index/a/index
INFO: [ route_check ] --START--
INFO: CheckRoute Behavior ::run [ RunTime:0.000867s ]
INFO: [ route_check ] --END-- [ RunTime:0.000975s ]
INFO: [ app_begin ] --START--
INFO: ReadHtmlCache Behavior ::run [ RunTime:0.000547s ]
INFO: [ app_begin ] --END-- [ RunTime:0.000633s ]
INFO: [ view_parse ] --START--
INFO: ParseTemplate Behavior ::run [ RunTime:0.016597s ]
INFO: [ view_parse ] --END-- [ RunTime:0.016726s ]
INFO: [ view_filter ] --START--
INFO: ContentReplace Behavior ::run [ RunTime:0.000963s ]
INFO: TokenBuild Behavior ::run [ RunTime:0.000734s ]
INFO: WriteHtmlCache Behavior ::run [ RunTime:0.000333s ]
INFO: ShowRuntime Behavior ::run [ RunTime:0.000769s ]
INFO: [ view_filter ] --END-- [ RunTime:0.003113s ]
INFO: [ view_end ] --START--
INFO: ShowPageTrace Behavior ::run [ RunTime:0.000915s ]
INFO: [ view_end ] --END-- [ RunTime:0.001059s ]

[ 2015-05-25T13:52:59+08:00 ] 127.0.0.1 /index.php/Qishou/index.php/m/Index/a/index.php/m/Index/a/index.php/m/Index/a/index.php/m/Index/a/index
INFO: [ route_check ] --START--
INFO: CheckRoute Behavior ::run [ RunTime:0.000938s ]
INFO: [ route_check ] --END-- [ RunTime:0.001117s ]
INFO: [ app_begin ] --START--
INFO: ReadHtmlCache Behavior ::run [ RunTime:0.000575s ]
INFO: [ app_begin ] --END-- [ RunTime:0.000676s ]
INFO: [ view_parse ] --START--
INFO: ParseTemplate Behavior ::run [ RunTime:0.015155s ]
INFO: [ view_parse ] --END-- [ RunTime:0.015282s ]
INFO: [ view_filter ] --START--
INFO: ContentReplace Behavior ::run [ RunTime:0.000734s ]
INFO: TokenBuild Behavior ::run [ RunTime:0.000621s ]
INFO: WriteHtmlCache Behavior ::run [ RunTime:0.000471s ]
INFO: ShowRuntime Behavior ::run [ RunTime:0.000745s ]
INFO: [ view_filter ] --END-- [ RunTime:0.003010s ]
INFO: [ view_end ] --START--
INFO: ShowPageTrace Behavior ::run [ RunTime:0.001193s ]
INFO: [ view_end ] --END-- [ RunTime:0.001327s ]

[ 2015-05-25T13:52:59+08:00 ] 127.0.0.1 /index.php/Qishou/index.php/m/Index/a/index.php/m/Index/a/index.php/m/Index/a/index.php/m/Index/a/index.php/m/Index/a/index
INFO: [ route_check ] --START--
INFO: CheckRoute Behavior ::run [ RunTime:0.000713s ]
INFO: [ route_check ] --END-- [ RunTime:0.000838s ]
INFO: [ app_begin ] --START--
INFO: ReadHtmlCache Behavior ::run [ RunTime:0.000499s ]
INFO: [ app_begin ] --END-- [ RunTime:0.000584s ]
INFO: [ view_parse ] --START--
INFO: ParseTemplate Behavior ::run [ RunTime:0.012404s ]
INFO: [ view_parse ] --END-- [ RunTime:0.012513s ]
INFO: [ view_filter ] --START--
INFO: ContentReplace Behavior ::run [ RunTime:0.000584s ]
INFO: TokenBuild Behavior ::run [ RunTime:0.000381s ]
INFO: WriteHtmlCache Behavior ::run [ RunTime:0.000234s ]
INFO: ShowRuntime Behavior ::run [ RunTime:0.000498s ]
INFO: [ view_filter ] --END-- [ RunTime:0.001976s ]
INFO: [ view_end ] --START--
INFO: ShowPageTrace Behavior ::run [ RunTime:0.000500s ]
INFO: [ view_end ] --END-- [ RunTime:0.000583s ]

[ 2015-05-25T13:53:00+08:00 ] 127.0.0.1 /index.php/Qishou/index.php/m/Index/a/index.php/m/Index/a/index.php/m/Index/a/index.php/m/Index/a/index.php/m/Index/a/index
INFO: [ route_check ] --START--
INFO: CheckRoute Behavior ::run [ RunTime:0.001044s ]
INFO: [ route_check ] --END-- [ RunTime:0.001219s ]
INFO: [ app_begin ] --START--
INFO: ReadHtmlCache Behavior ::run [ RunTime:0.000542s ]
INFO: [ app_begin ] --END-- [ RunTime:0.000652s ]
INFO: [ view_parse ] --START--
INFO: ParseTemplate Behavior ::run [ RunTime:0.013879s ]
INFO: [ view_parse ] --END-- [ RunTime:0.014014s ]
INFO: [ view_filter ] --START--
INFO: ContentReplace Behavior ::run [ RunTime:0.000792s ]
INFO: TokenBuild Behavior ::run [ RunTime:0.001056s ]
INFO: WriteHtmlCache Behavior ::run [ RunTime:0.000436s ]
INFO: ShowRuntime Behavior ::run [ RunTime:0.000912s ]
INFO: [ view_filter ] --END-- [ RunTime:0.003511s ]
INFO: [ view_end ] --START--
INFO: ShowPageTrace Behavior ::run [ RunTime:0.000868s ]
INFO: [ view_end ] --END-- [ RunTime:0.000997s ]

[ 2015-05-25T13:53:00+08:00 ] 127.0.0.1 /index.php/Qishou/index.php/m/Index/a/index.php/m/Index/a/index.php/m/Index/a/index.php/m/Index/a/index.php/m/Index/a/index.php/m/Index/a/index
INFO: [ route_check ] --START--
INFO: CheckRoute Behavior ::run [ RunTime:0.000683s ]
INFO: [ route_check ] --END-- [ RunTime:0.000811s ]
INFO: [ app_begin ] --START--
INFO: ReadHtmlCache Behavior ::run [ RunTime:0.000742s ]
INFO: [ app_begin ] --END-- [ RunTime:0.000866s ]
INFO: [ view_parse ] --START--
INFO: ParseTemplate Behavior ::run [ RunTime:0.012992s ]
INFO: [ view_parse ] --END-- [ RunTime:0.013123s ]
INFO: [ view_filter ] --START--
INFO: ContentReplace Behavior ::run [ RunTime:0.000664s ]
INFO: TokenBuild Behavior ::run [ RunTime:0.000666s ]
INFO: WriteHtmlCache Behavior ::run [ RunTime:0.000301s ]
INFO: ShowRuntime Behavior ::run [ RunTime:0.000520s ]
INFO: [ view_filter ] --END-- [ RunTime:0.002441s ]
INFO: [ view_end ] --START--
INFO: ShowPageTrace Behavior ::run [ RunTime:0.000568s ]
INFO: [ view_end ] --END-- [ RunTime:0.000650s ]

[ 2015-05-25T13:53:00+08:00 ] 127.0.0.1 /index.php/Qishou/index.php/m/Index/a/index.php/m/Index/a/index.php/m/Index/a/index.php/m/Index/a/index.php/m/Index/a/index.php/m/Index/a/index
INFO: [ route_check ] --START--
INFO: CheckRoute Behavior ::run [ RunTime:0.000909s ]
INFO: [ route_check ] --END-- [ RunTime:0.001063s ]
INFO: [ app_begin ] --START--
INFO: ReadHtmlCache Behavior ::run [ RunTime:0.000679s ]
INFO: [ app_begin ] --END-- [ RunTime:0.000801s ]
INFO: [ view_parse ] --START--
INFO: ParseTemplate Behavior ::run [ RunTime:0.014440s ]
INFO: [ view_parse ] --END-- [ RunTime:0.014576s ]
INFO: [ view_filter ] --START--
INFO: ContentReplace Behavior ::run [ RunTime:0.000800s ]
INFO: TokenBuild Behavior ::run [ RunTime:0.000651s ]
INFO: WriteHtmlCache Behavior ::run [ RunTime:0.000264s ]
INFO: ShowRuntime Behavior ::run [ RunTime:0.000476s ]
INFO: [ view_filter ] --END-- [ RunTime:0.002500s ]
INFO: [ view_end ] --START--
INFO: ShowPageTrace Behavior ::run [ RunTime:0.000846s ]
INFO: [ view_end ] --END-- [ RunTime:0.000967s ]

[ 2015-05-25T13:53:00+08:00 ] 127.0.0.1 /index.php/Qishou/index.php/m/Index/a/index.php/m/Index/a/index.php/m/Index/a/index.php/m/Index/a/index.php/m/Index/a/index.php/m/Index/a/index.php/m/Index/a/index
INFO: [ route_check ] --START--
INFO: CheckRoute Behavior ::run [ RunTime:0.000939s ]
INFO: [ route_check ] --END-- [ RunTime:0.001119s ]
INFO: [ app_begin ] --START--
INFO: ReadHtmlCache Behavior ::run [ RunTime:0.000850s ]
INFO: [ app_begin ] --END-- [ RunTime:0.000987s ]
INFO: [ view_parse ] --START--
INFO: ParseTemplate Behavior ::run [ RunTime:0.015539s ]
INFO: [ view_parse ] --END-- [ RunTime:0.015651s ]
INFO: [ view_filter ] --START--
INFO: ContentReplace Behavior ::run [ RunTime:0.000738s ]
INFO: TokenBuild Behavior ::run [ RunTime:0.000517s ]
INFO: WriteHtmlCache Behavior ::run [ RunTime:0.000401s ]
INFO: ShowRuntime Behavior ::run [ RunTime:0.000462s ]
INFO: [ view_filter ] --END-- [ RunTime:0.002549s ]
INFO: [ view_end ] --START--
INFO: ShowPageTrace Behavior ::run [ RunTime:0.000869s ]
INFO: [ view_end ] --END-- [ RunTime:0.000988s ]

[ 2015-05-25T13:53:00+08:00 ] 127.0.0.1 /index.php/Qishou/index.php/m/Index/a/index.php/m/Index/a/index.php/m/Index/a/index.php/m/Index/a/index.php/m/Index/a/index.php/m/Index/a/index.php/m/Index/a/index
INFO: [ route_check ] --START--
INFO: CheckRoute Behavior ::run [ RunTime:0.000637s ]
INFO: [ route_check ] --END-- [ RunTime:0.000743s ]
INFO: [ app_begin ] --START--
INFO: ReadHtmlCache Behavior ::run [ RunTime:0.000462s ]
INFO: [ app_begin ] --END-- [ RunTime:0.000545s ]
INFO: [ view_parse ] --START--
INFO: ParseTemplate Behavior ::run [ RunTime:0.012306s ]
INFO: [ view_parse ] --END-- [ RunTime:0.012416s ]
INFO: [ view_filter ] --START--
INFO: ContentReplace Behavior ::run [ RunTime:0.000546s ]
INFO: TokenBuild Behavior ::run [ RunTime:0.000423s ]
INFO: WriteHtmlCache Behavior ::run [ RunTime:0.000236s ]
INFO: ShowRuntime Behavior ::run [ RunTime:0.000455s ]
INFO: [ view_filter ] --END-- [ RunTime:0.001879s ]
INFO: [ view_end ] --START--
INFO: ShowPageTrace Behavior ::run [ RunTime:0.000476s ]
INFO: [ view_end ] --END-- [ RunTime:0.000557s ]

[ 2015-05-25T13:53:19+08:00 ] 127.0.0.1 /index.php/Qishou/index.php/m/Index/a/index.php/m/Index/a/index.php/m/Index/a/index.php/m/Index/a/index.php/m/Index/a/index.php/m/Index/a/index.php/m/Index/a/index.php/m/Index/a/index
INFO: [ route_check ] --START--
INFO: CheckRoute Behavior ::run [ RunTime:0.001101s ]
INFO: [ route_check ] --END-- [ RunTime:0.001427s ]
INFO: [ app_begin ] --START--
INFO: ReadHtmlCache Behavior ::run [ RunTime:0.000757s ]
INFO: [ app_begin ] --END-- [ RunTime:0.000888s ]
INFO: [ view_parse ] --START--
INFO: ParseTemplate Behavior ::run [ RunTime:0.018435s ]
INFO: [ view_parse ] --END-- [ RunTime:0.018589s ]
INFO: [ view_filter ] --START--
INFO: ContentReplace Behavior ::run [ RunTime:0.000790s ]
INFO: TokenBuild Behavior ::run [ RunTime:0.001028s ]
INFO: WriteHtmlCache Behavior ::run [ RunTime:0.000529s ]
INFO: ShowRuntime Behavior ::run [ RunTime:0.000955s ]
INFO: [ view_filter ] --END-- [ RunTime:0.003751s ]
INFO: [ view_end ] --START--
INFO: ShowPageTrace Behavior ::run [ RunTime:0.000860s ]
INFO: [ view_end ] --END-- [ RunTime:0.001021s ]

[ 2015-05-25T13:53:19+08:00 ] 127.0.0.1 /index.php/Qishou/index.php/m/Index/a/index.php/m/Index/a/index.php/m/Index/a/index.php/m/Index/a/index.php/m/Index/a/index.php/m/Index/a/index.php/m/Index/a/index.php/m/Index/a/index
INFO: [ route_check ] --START--
INFO: CheckRoute Behavior ::run [ RunTime:0.000918s ]
INFO: [ route_check ] --END-- [ RunTime:0.001055s ]
INFO: [ app_begin ] --START--
INFO: ReadHtmlCache Behavior ::run [ RunTime:0.000641s ]
INFO: [ app_begin ] --END-- [ RunTime:0.000746s ]
INFO: [ view_parse ] --START--
INFO: ParseTemplate Behavior ::run [ RunTime:0.016139s ]
INFO: [ view_parse ] --END-- [ RunTime:0.016278s ]
INFO: [ view_filter ] --START--
INFO: ContentReplace Behavior ::run [ RunTime:0.000868s ]
INFO: TokenBuild Behavior ::run [ RunTime:0.001037s ]
INFO: WriteHtmlCache Behavior ::run [ RunTime:0.000363s ]
INFO: ShowRuntime Behavior ::run [ RunTime:0.000740s ]
INFO: [ view_filter ] --END-- [ RunTime:0.003382s ]
INFO: [ view_end ] --START--
INFO: ShowPageTrace Behavior ::run [ RunTime:0.000711s ]
INFO: [ view_end ] --END-- [ RunTime:0.000852s ]

[ 2015-05-25T13:53:20+08:00 ] 127.0.0.1 /index.php/Qishou/index.php/m/Index/a/index.php/m/Index/a/index.php/m/Index/a/index.php/m/Index/a/index.php/m/Index/a/index.php/m/Index/a/index.php/m/Index/a/index.php/m/Index/a/index.php/m/Index/a/index
INFO: [ route_check ] --START--
INFO: CheckRoute Behavior ::run [ RunTime:0.000704s ]
INFO: [ route_check ] --END-- [ RunTime:0.000818s ]
INFO: [ app_begin ] --START--
INFO: ReadHtmlCache Behavior ::run [ RunTime:0.000500s ]
INFO: [ app_begin ] --END-- [ RunTime:0.000588s ]
INFO: [ view_parse ] --START--
INFO: ParseTemplate Behavior ::run [ RunTime:0.013267s ]
INFO: [ view_parse ] --END-- [ RunTime:0.013391s ]
INFO: [ view_filter ] --START--
INFO: ContentReplace Behavior ::run [ RunTime:0.000538s ]
INFO: TokenBuild Behavior ::run [ RunTime:0.000406s ]
INFO: WriteHtmlCache Behavior ::run [ RunTime:0.000232s ]
INFO: ShowRuntime Behavior ::run [ RunTime:0.000673s ]
INFO: [ view_filter ] --END-- [ RunTime:0.002070s ]
INFO: [ view_end ] --START--
INFO: ShowPageTrace Behavior ::run [ RunTime:0.000491s ]
INFO: [ view_end ] --END-- [ RunTime:0.000571s ]

[ 2015-05-25T13:53:20+08:00 ] 127.0.0.1 /index.php/Qishou/index.php/m/Index/a/index.php/m/Index/a/index.php/m/Index/a/index.php/m/Index/a/index.php/m/Index/a/index.php/m/Index/a/index.php/m/Index/a/index.php/m/Index/a/index.php/m/Index/a/index
INFO: [ route_check ] --START--
INFO: CheckRoute Behavior ::run [ RunTime:0.000730s ]
INFO: [ route_check ] --END-- [ RunTime:0.000878s ]
INFO: [ app_begin ] --START--
INFO: ReadHtmlCache Behavior ::run [ RunTime:0.000464s ]
INFO: [ app_begin ] --END-- [ RunTime:0.000548s ]
INFO: [ view_parse ] --START--
INFO: ParseTemplate Behavior ::run [ RunTime:0.014306s ]
INFO: [ view_parse ] --END-- [ RunTime:0.014471s ]
INFO: [ view_filter ] --START--
INFO: ContentReplace Behavior ::run [ RunTime:0.000854s ]
INFO: TokenBuild Behavior ::run [ RunTime:0.000486s ]
INFO: WriteHtmlCache Behavior ::run [ RunTime:0.000242s ]
INFO: ShowRuntime Behavior ::run [ RunTime:0.000532s ]
INFO: [ view_filter ] --END-- [ RunTime:0.002378s ]
INFO: [ view_end ] --START--
INFO: ShowPageTrace Behavior ::run [ RunTime:0.000549s ]
INFO: [ view_end ] --END-- [ RunTime:0.000631s ]

[ 2015-05-25T13:53:21+08:00 ] 127.0.0.1 /index.php/Qishou/index.php/m/Index/a/index.php/m/Index/a/index.php/m/Index/a/index.php/m/Index/a/index.php/m/Index/a/index.php/m/Index/a/index.php/m/Index/a/index.php/m/Index/a/index.php/m/Index/a/index.php/m/Index/a/index
INFO: [ route_check ] --START--
INFO: CheckRoute Behavior ::run [ RunTime:0.000769s ]
INFO: [ route_check ] --END-- [ RunTime:0.000906s ]
INFO: [ app_begin ] --START--
INFO: ReadHtmlCache Behavior ::run [ RunTime:0.000790s ]
INFO: [ app_begin ] --END-- [ RunTime:0.000933s ]
INFO: [ view_parse ] --START--
INFO: ParseTemplate Behavior ::run [ RunTime:0.015146s ]
INFO: [ view_parse ] --END-- [ RunTime:0.015285s ]
INFO: [ view_filter ] --START--
INFO: ContentReplace Behavior ::run [ RunTime:0.000670s ]
INFO: TokenBuild Behavior ::run [ RunTime:0.000826s ]
INFO: WriteHtmlCache Behavior ::run [ RunTime:0.000263s ]
INFO: ShowRuntime Behavior ::run [ RunTime:0.000461s ]
INFO: [ view_filter ] --END-- [ RunTime:0.002441s ]
INFO: [ view_end ] --START--
INFO: ShowPageTrace Behavior ::run [ RunTime:0.000474s ]
INFO: [ view_end ] --END-- [ RunTime:0.000555s ]

[ 2015-05-25T13:53:21+08:00 ] 127.0.0.1 /index.php/Qishou/index.php/m/Index/a/index.php/m/Index/a/index.php/m/Index/a/index.php/m/Index/a/index.php/m/Index/a/index.php/m/Index/a/index.php/m/Index/a/index.php/m/Index/a/index.php/m/Index/a/index.php/m/Index/a/index
INFO: [ route_check ] --START--
INFO: CheckRoute Behavior ::run [ RunTime:0.000847s ]
INFO: [ route_check ] --END-- [ RunTime:0.000984s ]
INFO: [ app_begin ] --START--
INFO: ReadHtmlCache Behavior ::run [ RunTime:0.000633s ]
INFO: [ app_begin ] --END-- [ RunTime:0.000744s ]
INFO: [ view_parse ] --START--
INFO: ParseTemplate Behavior ::run [ RunTime:0.014361s ]
INFO: [ view_parse ] --END-- [ RunTime:0.014490s ]
INFO: [ view_filter ] --START--
INFO: ContentReplace Behavior ::run [ RunTime:0.000657s ]
INFO: TokenBuild Behavior ::run [ RunTime:0.000468s ]
INFO: WriteHtmlCache Behavior ::run [ RunTime:0.000237s ]
INFO: ShowRuntime Behavior ::run [ RunTime:0.000634s ]
INFO: [ view_filter ] --END-- [ RunTime:0.002278s ]
INFO: [ view_end ] --START--
INFO: ShowPageTrace Behavior ::run [ RunTime:0.000859s ]
INFO: [ view_end ] --END-- [ RunTime:0.000992s ]

[ 2015-05-25T13:53:21+08:00 ] 127.0.0.1 /index.php/Qishou/index.php/m/Index/a/index.php/m/Index/a/index.php/m/Index/a/index.php/m/Index/a/index.php/m/Index/a/index.php/m/Index/a/index.php/m/Index/a/index.php/m/Index/a/index.php/m/Index/a/index.php/m/Index/a/index.php/m/Index/a/index
INFO: [ route_check ] --START--
INFO: CheckRoute Behavior ::run [ RunTime:0.000640s ]
INFO: [ route_check ] --END-- [ RunTime:0.000747s ]
INFO: [ app_begin ] --START--
INFO: ReadHtmlCache Behavior ::run [ RunTime:0.000490s ]
INFO: [ app_begin ] --END-- [ RunTime:0.000576s ]
INFO: [ view_parse ] --START--
INFO: ParseTemplate Behavior ::run [ RunTime:0.013820s ]
INFO: [ view_parse ] --END-- [ RunTime:0.013930s ]
INFO: [ view_filter ] --START--
INFO: ContentReplace Behavior ::run [ RunTime:0.000550s ]
INFO: TokenBuild Behavior ::run [ RunTime:0.000420s ]
INFO: WriteHtmlCache Behavior ::run [ RunTime:0.000241s ]
INFO: ShowRuntime Behavior ::run [ RunTime:0.000461s ]
INFO: [ view_filter ] --END-- [ RunTime:0.001891s ]
INFO: [ view_end ] --START--
INFO: ShowPageTrace Behavior ::run [ RunTime:0.000478s ]
INFO: [ view_end ] --END-- [ RunTime:0.000559s ]

[ 2015-05-25T13:53:21+08:00 ] 127.0.0.1 /index.php/Qishou/index.php/m/Index/a/index.php/m/Index/a/index.php/m/Index/a/index.php/m/Index/a/index.php/m/Index/a/index.php/m/Index/a/index.php/m/Index/a/index.php/m/Index/a/index.php/m/Index/a/index.php/m/Index/a/index.php/m/Index/a/index
INFO: [ route_check ] --START--
INFO: CheckRoute Behavior ::run [ RunTime:0.001002s ]
INFO: [ route_check ] --END-- [ RunTime:0.001128s ]
INFO: [ app_begin ] --START--
INFO: ReadHtmlCache Behavior ::run [ RunTime:0.000622s ]
INFO: [ app_begin ] --END-- [ RunTime:0.000723s ]
INFO: [ view_parse ] --START--
INFO: ParseTemplate Behavior ::run [ RunTime:0.013625s ]
INFO: [ view_parse ] --END-- [ RunTime:0.013797s ]
INFO: [ view_filter ] --START--
INFO: ContentReplace Behavior ::run [ RunTime:0.000897s ]
INFO: TokenBuild Behavior ::run [ RunTime:0.000449s ]
INFO: WriteHtmlCache Behavior ::run [ RunTime:0.000240s ]
INFO: ShowRuntime Behavior ::run [ RunTime:0.000583s ]
INFO: [ view_filter ] --END-- [ RunTime:0.002457s ]
INFO: [ view_end ] --START--
INFO: ShowPageTrace Behavior ::run [ RunTime:0.000673s ]
INFO: [ view_end ] --END-- [ RunTime:0.000797s ]

[ 2015-05-25T13:53:21+08:00 ] 127.0.0.1 /index.php/Qishou/index.php/m/Index/a/index.php/m/Index/a/index.php/m/Index/a/index.php/m/Index/a/index.php/m/Index/a/index.php/m/Index/a/index.php/m/Index/a/index.php/m/Index/a/index.php/m/Index/a/index.php/m/Index/a/index.php/m/Index/a/index.php/m/Index/a/index
INFO: [ route_check ] --START--
INFO: CheckRoute Behavior ::run [ RunTime:0.000653s ]
INFO: [ route_check ] --END-- [ RunTime:0.000761s ]
INFO: [ app_begin ] --START--
INFO: ReadHtmlCache Behavior ::run [ RunTime:0.000707s ]
INFO: [ app_begin ] --END-- [ RunTime:0.000815s ]
INFO: [ view_parse ] --START--
INFO: ParseTemplate Behavior ::run [ RunTime:0.014323s ]
INFO: [ view_parse ] --END-- [ RunTime:0.014448s ]
INFO: [ view_filter ] --START--
INFO: ContentReplace Behavior ::run [ RunTime:0.000711s ]
INFO: TokenBuild Behavior ::run [ RunTime:0.000536s ]
INFO: WriteHtmlCache Behavior ::run [ RunTime:0.000264s ]
INFO: ShowRuntime Behavior ::run [ RunTime:0.000494s ]
INFO: [ view_filter ] --END-- [ RunTime:0.002234s ]
INFO: [ view_end ] --START--
INFO: ShowPageTrace Behavior ::run [ RunTime:0.000486s ]
INFO: [ view_end ] --END-- [ RunTime:0.000567s ]

[ 2015-05-25T13:53:21+08:00 ] 127.0.0.1 /index.php/Qishou/index.php/m/Index/a/index.php/m/Index/a/index.php/m/Index/a/index.php/m/Index/a/index.php/m/Index/a/index.php/m/Index/a/index.php/m/Index/a/index.php/m/Index/a/index.php/m/Index/a/index.php/m/Index/a/index.php/m/Index/a/index.php/m/Index/a/index
INFO: [ route_check ] --START--
INFO: CheckRoute Behavior ::run [ RunTime:0.001130s ]
INFO: [ route_check ] --END-- [ RunTime:0.001281s ]
INFO: [ app_begin ] --START--
INFO: ReadHtmlCache Behavior ::run [ RunTime:0.000548s ]
INFO: [ app_begin ] --END-- [ RunTime:0.000633s ]
INFO: [ view_parse ] --START--
INFO: ParseTemplate Behavior ::run [ RunTime:0.013746s ]
INFO: [ view_parse ] --END-- [ RunTime:0.013881s ]
INFO: [ view_filter ] --START--
INFO: ContentReplace Behavior ::run [ RunTime:0.000891s ]
INFO: TokenBuild Behavior ::run [ RunTime:0.000979s ]
INFO: WriteHtmlCache Behavior ::run [ RunTime:0.000274s ]
INFO: ShowRuntime Behavior ::run [ RunTime:0.000547s ]
INFO: [ view_filter ] --END-- [ RunTime:0.003193s ]
INFO: [ view_end ] --START--
INFO: ShowPageTrace Behavior ::run [ RunTime:0.000504s ]
INFO: [ view_end ] --END-- [ RunTime:0.000596s ]

[ 2015-05-25T13:53:21+08:00 ] 127.0.0.1 /index.php/Qishou/index.php/m/Index/a/index.php/m/Index/a/index.php/m/Index/a/index.php/m/Index/a/index.php/m/Index/a/index.php/m/Index/a/index.php/m/Index/a/index.php/m/Index/a/index.php/m/Index/a/index.php/m/Index/a/index.php/m/Index/a/index.php/m/Index/a/index.php/m/Index/a/index
INFO: [ route_check ] --START--
INFO: CheckRoute Behavior ::run [ RunTime:0.001089s ]
INFO: [ route_check ] --END-- [ RunTime:0.001300s ]
INFO: [ app_begin ] --START--
INFO: ReadHtmlCache Behavior ::run [ RunTime:0.000811s ]
INFO: [ app_begin ] --END-- [ RunTime:0.000972s ]
INFO: [ view_parse ] --START--
INFO: ParseTemplate Behavior ::run [ RunTime:0.012264s ]
INFO: [ view_parse ] --END-- [ RunTime:0.012454s ]
INFO: [ view_filter ] --START--
INFO: ContentReplace Behavior ::run [ RunTime:0.000720s ]
INFO: TokenBuild Behavior ::run [ RunTime:0.000422s ]
INFO: WriteHtmlCache Behavior ::run [ RunTime:0.000247s ]
INFO: ShowRuntime Behavior ::run [ RunTime:0.000463s ]
INFO: [ view_filter ] --END-- [ RunTime:0.002077s ]
INFO: [ view_end ] --START--
INFO: ShowPageTrace Behavior ::run [ RunTime:0.000730s ]
INFO: [ view_end ] --END-- [ RunTime:0.000841s ]

[ 2015-05-25T13:53:21+08:00 ] 127.0.0.1 /index.php/Qishou/index.php/m/Index/a/index.php/m/Index/a/index.php/m/Index/a/index.php/m/Index/a/index.php/m/Index/a/index.php/m/Index/a/index.php/m/Index/a/index.php/m/Index/a/index.php/m/Index/a/index.php/m/Index/a/index.php/m/Index/a/index.php/m/Index/a/index.php/m/Index/a/index
INFO: [ route_check ] --START--
INFO: CheckRoute Behavior ::run [ RunTime:0.000780s ]
INFO: [ route_check ] --END-- [ RunTime:0.000945s ]
INFO: [ app_begin ] --START--
INFO: ReadHtmlCache Behavior ::run [ RunTime:0.000655s ]
INFO: [ app_begin ] --END-- [ RunTime:0.000783s ]
INFO: [ view_parse ] --START--
INFO: ParseTemplate Behavior ::run [ RunTime:0.015426s ]
INFO: [ view_parse ] --END-- [ RunTime:0.015570s ]
INFO: [ view_filter ] --START--
INFO: ContentReplace Behavior ::run [ RunTime:0.000902s ]
INFO: TokenBuild Behavior ::run [ RunTime:0.001331s ]
INFO: WriteHtmlCache Behavior ::run [ RunTime:0.000291s ]
INFO: ShowRuntime Behavior ::run [ RunTime:0.000559s ]
INFO: [ view_filter ] --END-- [ RunTime:0.003492s ]
INFO: [ view_end ] --START--
INFO: ShowPageTrace Behavior ::run [ RunTime:0.000604s ]
INFO: [ view_end ] --END-- [ RunTime:0.000688s ]

[ 2015-05-25T13:53:24+08:00 ] 127.0.0.1 /index.php/Qishou/index.php/m/Index/a/index.php/m/Index/a/index.php/m/Index/a/index.php/m/Index/a/index.php/m/Index/a/index.php/m/Index/a/index.php/m/Index/a/index.php/m/Index/a/index.php/m/Index/a/index.php/m/Index/a/index.php/m/Index/a/index.php/m/Index/a/index.php/m/Index/a/index
INFO: [ route_check ] --START--
INFO: CheckRoute Behavior ::run [ RunTime:0.000698s ]
INFO: [ route_check ] --END-- [ RunTime:0.000818s ]
INFO: [ app_begin ] --START--
INFO: ReadHtmlCache Behavior ::run [ RunTime:0.000581s ]
INFO: [ app_begin ] --END-- [ RunTime:0.000678s ]
INFO: [ view_parse ] --START--
INFO: ParseTemplate Behavior ::run [ RunTime:0.014569s ]
INFO: [ view_parse ] --END-- [ RunTime:0.014699s ]
INFO: [ view_filter ] --START--
INFO: ContentReplace Behavior ::run [ RunTime:0.000624s ]
INFO: TokenBuild Behavior ::run [ RunTime:0.000445s ]
INFO: WriteHtmlCache Behavior ::run [ RunTime:0.000299s ]
INFO: ShowRuntime Behavior ::run [ RunTime:0.000486s ]
INFO: [ view_filter ] --END-- [ RunTime:0.002078s ]
INFO: [ view_end ] --START--
INFO: ShowPageTrace Behavior ::run [ RunTime:0.000587s ]
INFO: [ view_end ] --END-- [ RunTime:0.000689s ]

[ 2015-05-25T13:53:24+08:00 ] 127.0.0.1 /index.php/Qishou/index.php/m/Index/a/index.php/m/Index/a/index.php/m/Index/a/index.php/m/Index/a/index.php/m/Index/a/index.php/m/Index/a/index.php/m/Index/a/index.php/m/Index/a/index.php/m/Index/a/index.php/m/Index/a/index.php/m/Index/a/index.php/m/Index/a/index.php/m/Index/a/index
INFO: [ route_check ] --START--
INFO: CheckRoute Behavior ::run [ RunTime:0.000870s ]
INFO: [ route_check ] --END-- [ RunTime:0.001001s ]
INFO: [ app_begin ] --START--
INFO: ReadHtmlCache Behavior ::run [ RunTime:0.000488s ]
INFO: [ app_begin ] --END-- [ RunTime:0.000573s ]
INFO: [ view_parse ] --START--
INFO: ParseTemplate Behavior ::run [ RunTime:0.013493s ]
INFO: [ view_parse ] --END-- [ RunTime:0.013688s ]
INFO: [ view_filter ] --START--
INFO: ContentReplace Behavior ::run [ RunTime:0.000580s ]
INFO: TokenBuild Behavior ::run [ RunTime:0.000421s ]
INFO: WriteHtmlCache Behavior ::run [ RunTime:0.000231s ]
INFO: ShowRuntime Behavior ::run [ RunTime:0.000458s ]
INFO: [ view_filter ] --END-- [ RunTime:0.001909s ]
INFO: [ view_end ] --START--
INFO: ShowPageTrace Behavior ::run [ RunTime:0.000479s ]
INFO: [ view_end ] --END-- [ RunTime:0.000560s ]

[ 2015-05-25T13:53:26+08:00 ] 127.0.0.1 /index.php/Qishou/index.html
INFO: [ route_check ] --START--
INFO: CheckRoute Behavior ::run [ RunTime:0.000738s ]
INFO: [ route_check ] --END-- [ RunTime:0.000868s ]
INFO: [ app_begin ] --START--
INFO: ReadHtmlCache Behavior ::run [ RunTime:0.000594s ]
INFO: [ app_begin ] --END-- [ RunTime:0.000689s ]
SQL: SHOW COLUMNS FROM `com_qishou` [ RunTime:0.010276s ]
SQL: SELECT COUNT(*) AS tp_count FROM `com_qishou` LIMIT 1   [ RunTime:0.000417s ]
SQL: SELECT * FROM `com_qishou` LIMIT 0,5   [ RunTime:0.000648s ]
INFO: [ view_parse ] --START--
INFO: ParseTemplate Behavior ::run [ RunTime:0.015344s ]
INFO: [ view_parse ] --END-- [ RunTime:0.015450s ]
INFO: [ view_filter ] --START--
INFO: ContentReplace Behavior ::run [ RunTime:0.000589s ]
INFO: TokenBuild Behavior ::run [ RunTime:0.000455s ]
INFO: WriteHtmlCache Behavior ::run [ RunTime:0.000230s ]
INFO: ShowRuntime Behavior ::run [ RunTime:0.000520s ]
INFO: [ view_filter ] --END-- [ RunTime:0.002079s ]
INFO: [ view_end ] --START--
INFO: ShowPageTrace Behavior ::run [ RunTime:0.000661s ]
INFO: [ view_end ] --END-- [ RunTime:0.000745s ]

[ 2015-05-25T13:53:27+08:00 ] 127.0.0.1 /index.php/Qishou/index.php/m/Login/a/index
INFO: [ route_check ] --START--
INFO: CheckRoute Behavior ::run [ RunTime:0.000681s ]
INFO: [ route_check ] --END-- [ RunTime:0.000794s ]
INFO: [ app_begin ] --START--
INFO: ReadHtmlCache Behavior ::run [ RunTime:0.000483s ]
INFO: [ app_begin ] --END-- [ RunTime:0.000571s ]
NOTIC: [8] Use of undefined constant session_start - assumed 'session_start' E:\wamp\www\Home\Lib\Action\LoginAction.class.php 第 4 行.
INFO: [ view_parse ] --START--
INFO: ParseTemplate Behavior ::run [ RunTime:0.009337s ]
INFO: [ view_parse ] --END-- [ RunTime:0.009446s ]
INFO: [ view_filter ] --START--
INFO: ContentReplace Behavior ::run [ RunTime:0.000454s ]
INFO: TokenBuild Behavior ::run [ RunTime:0.000433s ]
INFO: WriteHtmlCache Behavior ::run [ RunTime:0.000247s ]
INFO: ShowRuntime Behavior ::run [ RunTime:0.000470s ]
INFO: [ view_filter ] --END-- [ RunTime:0.001839s ]
INFO: [ view_end ] --START--
INFO: ShowPageTrace Behavior ::run [ RunTime:0.000512s ]
INFO: [ view_end ] --END-- [ RunTime:0.000598s ]

[ 2015-05-25T13:53:27+08:00 ] 127.0.0.1 /index.php/Login/verify.html
INFO: [ route_check ] --START--
INFO: CheckRoute Behavior ::run [ RunTime:0.000636s ]
INFO: [ route_check ] --END-- [ RunTime:0.000741s ]
INFO: [ app_begin ] --START--
INFO: ReadHtmlCache Behavior ::run [ RunTime:0.000459s ]
INFO: [ app_begin ] --END-- [ RunTime:0.000539s ]
NOTIC: [8] Use of undefined constant session_start - assumed 'session_start' E:\wamp\www\Home\Lib\Action\LoginAction.class.php 第 4 行.

[ 2015-05-25T13:53:35+08:00 ] 127.0.0.1 /index.php/Qishou/index.php/m/Login/a/index.php?m=Login&a=loginact
INFO: [ route_check ] --START--
INFO: CheckRoute Behavior ::run [ RunTime:0.000632s ]
INFO: [ route_check ] --END-- [ RunTime:0.000744s ]
INFO: [ app_begin ] --START--
INFO: ReadHtmlCache Behavior ::run [ RunTime:0.000450s ]
INFO: [ app_begin ] --END-- [ RunTime:0.000517s ]
NOTIC: [8] Use of undefined constant session_start - assumed 'session_start' E:\wamp\www\Home\Lib\Action\LoginAction.class.php 第 4 行.
SQL: SHOW COLUMNS FROM `com_user` [ RunTime:0.011169s ]
SQL: SELECT COUNT(*) AS tp_count FROM `com_user` WHERE ( `adminname` = 'admin' ) LIMIT 1   [ RunTime:0.000413s ]

[ 2015-05-25T13:53:36+08:00 ] 127.0.0.1 /index.php/Login/zhuce.html
INFO: [ route_check ] --START--
INFO: CheckRoute Behavior ::run [ RunTime:0.000812s ]
INFO: [ route_check ] --END-- [ RunTime:0.000944s ]
INFO: [ app_begin ] --START--
INFO: ReadHtmlCache Behavior ::run [ RunTime:0.000949s ]
INFO: [ app_begin ] --END-- [ RunTime:0.001081s ]
NOTIC: [8] Use of undefined constant session_start - assumed 'session_start' E:\wamp\www\Home\Lib\Action\LoginAction.class.php 第 4 行.
SQL: SHOW COLUMNS FROM `com_authgroup` [ RunTime:0.008593s ]
SQL: SELECT * FROM `com_authgroup`  [ RunTime:0.000535s ]
INFO: [ view_parse ] --START--
NOTIC: [8] Undefined variable: r E:\wamp\www\Home\Runtime\Cache\94daa7ad2a3e6985239970c7dfdf6d31.php 第 91 行.
INFO: ParseTemplate Behavior ::run [ RunTime:0.032754s ]
INFO: [ view_parse ] --END-- [ RunTime:0.032848s ]
INFO: [ view_filter ] --START--
INFO: ContentReplace Behavior ::run [ RunTime:0.000431s ]
INFO: TokenBuild Behavior ::run [ RunTime:0.000581s ]
INFO: WriteHtmlCache Behavior ::run [ RunTime:0.000324s ]
INFO: ShowRuntime Behavior ::run [ RunTime:0.000448s ]
INFO: [ view_filter ] --END-- [ RunTime:0.002027s ]
INFO: [ view_end ] --START--
INFO: ShowPageTrace Behavior ::run [ RunTime:0.000475s ]
INFO: [ view_end ] --END-- [ RunTime:0.000555s ]

