[ 2015-04-30T16:40:25+08:00 ] 127.0.0.1 /index.php/Login/
INFO: [ route_check ] --START--
INFO: CheckRoute Behavior ::run [ RunTime:0.001535s ]
INFO: [ route_check ] --END-- [ RunTime:0.001663s ]
INFO: [ app_begin ] --START--
INFO: ReadHtmlCache Behavior ::run [ RunTime:0.000911s ]
INFO: [ app_begin ] --END-- [ RunTime:0.001004s ]
NOTIC: [8] Use of undefined constant session_start - assumed 'session_start' E:\wamp\www\Home\Lib\Action\LoginAction.class.php 第 4 行.
INFO: [ view_parse ] --START--
INFO: ParseTemplate Behavior ::run [ RunTime:0.022875s ]
INFO: [ view_parse ] --END-- [ RunTime:0.023005s ]
INFO: [ view_filter ] --START--
INFO: ContentReplace Behavior ::run [ RunTime:0.001000s ]
INFO: TokenBuild Behavior ::run [ RunTime:0.001061s ]
INFO: WriteHtmlCache Behavior ::run [ RunTime:0.000648s ]
INFO: ShowRuntime Behavior ::run [ RunTime:0.000937s ]
INFO: [ view_filter ] --END-- [ RunTime:0.003963s ]
INFO: [ view_end ] --START--
INFO: ShowPageTrace Behavior ::run [ RunTime:0.001028s ]
INFO: [ view_end ] --END-- [ RunTime:0.001120s ]

[ 2015-04-30T16:40:25+08:00 ] 127.0.0.1 /index.php/Login/verify.html
INFO: [ route_check ] --START--
INFO: CheckRoute Behavior ::run [ RunTime:0.000766s ]
INFO: [ route_check ] --END-- [ RunTime:0.000923s ]
INFO: [ app_begin ] --START--
INFO: ReadHtmlCache Behavior ::run [ RunTime:0.000556s ]
INFO: [ app_begin ] --END-- [ RunTime:0.000648s ]
NOTIC: [8] Use of undefined constant session_start - assumed 'session_start' E:\wamp\www\Home\Lib\Action\LoginAction.class.php 第 4 行.

[ 2015-04-30T16:40:38+08:00 ] 127.0.0.1 /index.php/Login/loginact.html
INFO: [ route_check ] --START--
INFO: CheckRoute Behavior ::run [ RunTime:0.000710s ]
INFO: [ route_check ] --END-- [ RunTime:0.000819s ]
INFO: [ app_begin ] --START--
INFO: ReadHtmlCache Behavior ::run [ RunTime:0.000590s ]
INFO: [ app_begin ] --END-- [ RunTime:0.000782s ]
NOTIC: [8] Use of undefined constant session_start - assumed 'session_start' E:\wamp\www\Home\Lib\Action\LoginAction.class.php 第 4 行.
SQL: SHOW COLUMNS FROM `com_user` [ RunTime:0.004537s ]
SQL: SELECT COUNT(*) AS tp_count FROM `com_user` WHERE ( `adminname` = 'admin' ) LIMIT 1   [ RunTime:0.000403s ]
SQL: SELECT COUNT(*) AS tp_count FROM `com_user` WHERE ( `adminname` = 'admin' ) AND ( `password` = 'e10adc3949ba59abbe56e057f20f883e' ) LIMIT 1   [ RunTime:0.000340s ]
SQL: SELECT * FROM `com_user` WHERE ( `adminname` = 'admin' ) AND ( `password` = 'e10adc3949ba59abbe56e057f20f883e' ) LIMIT 1   [ RunTime:0.000460s ]

[ 2015-04-30T16:40:39+08:00 ] 127.0.0.1 /index.php/Login/index.php?m=Index&a=index
INFO: [ route_check ] --START--
INFO: CheckRoute Behavior ::run [ RunTime:0.001203s ]
INFO: [ route_check ] --END-- [ RunTime:0.001357s ]
INFO: [ app_begin ] --START--
INFO: ReadHtmlCache Behavior ::run [ RunTime:0.000707s ]
INFO: [ app_begin ] --END-- [ RunTime:0.000824s ]
INFO: [ view_parse ] --START--
INFO: ParseTemplate Behavior ::run [ RunTime:0.027675s ]
INFO: [ view_parse ] --END-- [ RunTime:0.027805s ]
INFO: [ view_filter ] --START--
INFO: ContentReplace Behavior ::run [ RunTime:0.000648s ]
INFO: TokenBuild Behavior ::run [ RunTime:0.000701s ]
INFO: WriteHtmlCache Behavior ::run [ RunTime:0.000386s ]
INFO: ShowRuntime Behavior ::run [ RunTime:0.000769s ]
INFO: [ view_filter ] --END-- [ RunTime:0.002955s ]
INFO: [ view_end ] --START--
INFO: ShowPageTrace Behavior ::run [ RunTime:0.000756s ]
INFO: [ view_end ] --END-- [ RunTime:0.000843s ]

[ 2015-04-30T16:40:39+08:00 ] 127.0.0.1 /index.php/Login/index.php?m=Index&a=index
INFO: [ route_check ] --START--
INFO: CheckRoute Behavior ::run [ RunTime:0.001012s ]
INFO: [ route_check ] --END-- [ RunTime:0.001155s ]
INFO: [ app_begin ] --START--
INFO: ReadHtmlCache Behavior ::run [ RunTime:0.000781s ]
INFO: [ app_begin ] --END-- [ RunTime:0.000926s ]
INFO: [ view_parse ] --START--
INFO: ParseTemplate Behavior ::run [ RunTime:0.015147s ]
INFO: [ view_parse ] --END-- [ RunTime:0.015300s ]
INFO: [ view_filter ] --START--
INFO: ContentReplace Behavior ::run [ RunTime:0.000951s ]
INFO: TokenBuild Behavior ::run [ RunTime:0.000736s ]
INFO: WriteHtmlCache Behavior ::run [ RunTime:0.000637s ]
INFO: ShowRuntime Behavior ::run [ RunTime:0.001090s ]
INFO: [ view_filter ] --END-- [ RunTime:0.003868s ]
INFO: [ view_end ] --START--
INFO: ShowPageTrace Behavior ::run [ RunTime:0.001156s ]
INFO: [ view_end ] --END-- [ RunTime:0.001283s ]

[ 2015-04-30T16:40:39+08:00 ] 127.0.0.1 /index.php/Login/index.php?m=Index&a=index
INFO: [ route_check ] --START--
INFO: CheckRoute Behavior ::run [ RunTime:0.001094s ]
INFO: [ route_check ] --END-- [ RunTime:0.001249s ]
INFO: [ app_begin ] --START--
INFO: ReadHtmlCache Behavior ::run [ RunTime:0.000957s ]
INFO: [ app_begin ] --END-- [ RunTime:0.001129s ]
INFO: [ view_parse ] --START--
INFO: ParseTemplate Behavior ::run [ RunTime:0.014762s ]
INFO: [ view_parse ] --END-- [ RunTime:0.014894s ]
INFO: [ view_filter ] --START--
INFO: ContentReplace Behavior ::run [ RunTime:0.000668s ]
INFO: TokenBuild Behavior ::run [ RunTime:0.000483s ]
INFO: WriteHtmlCache Behavior ::run [ RunTime:0.000551s ]
INFO: ShowRuntime Behavior ::run [ RunTime:0.001304s ]
INFO: [ view_filter ] --END-- [ RunTime:0.003333s ]
INFO: [ view_end ] --START--
INFO: ShowPageTrace Behavior ::run [ RunTime:0.000826s ]
INFO: [ view_end ] --END-- [ RunTime:0.000930s ]

[ 2015-04-30T16:40:40+08:00 ] 127.0.0.1 /index.php/Login/index.php?m=Index&a=index
INFO: [ route_check ] --START--
INFO: CheckRoute Behavior ::run [ RunTime:0.000963s ]
INFO: [ route_check ] --END-- [ RunTime:0.001086s ]
INFO: [ app_begin ] --START--
INFO: ReadHtmlCache Behavior ::run [ RunTime:0.000614s ]
INFO: [ app_begin ] --END-- [ RunTime:0.000706s ]
INFO: [ view_parse ] --START--
INFO: ParseTemplate Behavior ::run [ RunTime:0.013891s ]
INFO: [ view_parse ] --END-- [ RunTime:0.014079s ]
INFO: [ view_filter ] --START--
INFO: ContentReplace Behavior ::run [ RunTime:0.000766s ]
INFO: TokenBuild Behavior ::run [ RunTime:0.000468s ]
INFO: WriteHtmlCache Behavior ::run [ RunTime:0.000732s ]
INFO: ShowRuntime Behavior ::run [ RunTime:0.002043s ]
INFO: [ view_filter ] --END-- [ RunTime:0.004539s ]
INFO: [ view_end ] --START--
INFO: ShowPageTrace Behavior ::run [ RunTime:0.001476s ]
INFO: [ view_end ] --END-- [ RunTime:0.001660s ]

[ 2015-04-30T16:41:41+08:00 ] 127.0.0.1 /index.php/Footer/index.html
INFO: [ route_check ] --START--
INFO: CheckRoute Behavior ::run [ RunTime:0.000783s ]
INFO: [ route_check ] --END-- [ RunTime:0.000914s ]
INFO: [ app_begin ] --START--
INFO: ReadHtmlCache Behavior ::run [ RunTime:0.000562s ]
INFO: [ app_begin ] --END-- [ RunTime:0.000653s ]
SQL: SHOW COLUMNS FROM `com_footer` [ RunTime:0.004368s ]
SQL: SELECT * FROM `com_footer` LIMIT 1   [ RunTime:0.000616s ]
INFO: [ view_parse ] --START--
INFO: ParseTemplate Behavior ::run [ RunTime:0.020896s ]
INFO: [ view_parse ] --END-- [ RunTime:0.021022s ]
INFO: [ view_filter ] --START--
INFO: ContentReplace Behavior ::run [ RunTime:0.000621s ]
INFO: TokenBuild Behavior ::run [ RunTime:0.000439s ]
INFO: WriteHtmlCache Behavior ::run [ RunTime:0.000372s ]
INFO: ShowRuntime Behavior ::run [ RunTime:0.000718s ]
INFO: [ view_filter ] --END-- [ RunTime:0.002417s ]
INFO: [ view_end ] --START--
INFO: ShowPageTrace Behavior ::run [ RunTime:0.000752s ]
INFO: [ view_end ] --END-- [ RunTime:0.000869s ]

[ 2015-04-30T16:41:42+08:00 ] 127.0.0.1 /index.php/Qishou/index.html
INFO: [ route_check ] --START--
INFO: CheckRoute Behavior ::run [ RunTime:0.000856s ]
INFO: [ route_check ] --END-- [ RunTime:0.000992s ]
INFO: [ app_begin ] --START--
INFO: ReadHtmlCache Behavior ::run [ RunTime:0.000553s ]
INFO: [ app_begin ] --END-- [ RunTime:0.000650s ]
SQL: SHOW COLUMNS FROM `com_qishou` [ RunTime:0.005237s ]
SQL: SELECT COUNT(*) AS tp_count FROM `com_qishou` LIMIT 1   [ RunTime:0.000271s ]
SQL: SELECT * FROM `com_qishou` LIMIT 0,5   [ RunTime:0.000522s ]
INFO: [ view_parse ] --START--
INFO: ParseTemplate Behavior ::run [ RunTime:0.017429s ]
INFO: [ view_parse ] --END-- [ RunTime:0.017578s ]
INFO: [ view_filter ] --START--
INFO: ContentReplace Behavior ::run [ RunTime:0.001476s ]
INFO: TokenBuild Behavior ::run [ RunTime:0.000671s ]
INFO: WriteHtmlCache Behavior ::run [ RunTime:0.000392s ]
INFO: ShowRuntime Behavior ::run [ RunTime:0.000840s ]
INFO: [ view_filter ] --END-- [ RunTime:0.003686s ]
INFO: [ view_end ] --START--
INFO: ShowPageTrace Behavior ::run [ RunTime:0.000879s ]
INFO: [ view_end ] --END-- [ RunTime:0.000967s ]

[ 2015-04-30T16:41:44+08:00 ] 127.0.0.1 /index.php/Web/nav.html
INFO: [ route_check ] --START--
INFO: CheckRoute Behavior ::run [ RunTime:0.000881s ]
INFO: [ route_check ] --END-- [ RunTime:0.001017s ]
INFO: [ app_begin ] --START--
INFO: ReadHtmlCache Behavior ::run [ RunTime:0.000555s ]
INFO: [ app_begin ] --END-- [ RunTime:0.000648s ]
INFO: [ view_parse ] --START--
NOTIC: [8] Undefined variable: saishi_list E:\wamp\www\Home\Runtime\Cache\ab29a59aa45c5558ecb686976fcc4d93.php 第 228 行.
NOTIC: [8] Undefined variable: saishiPage E:\wamp\www\Home\Runtime\Cache\ab29a59aa45c5558ecb686976fcc4d93.php 第 252 行.
NOTIC: [8] Undefined variable: saishicate_list E:\wamp\www\Home\Runtime\Cache\ab29a59aa45c5558ecb686976fcc4d93.php 第 298 行.
INFO: ParseTemplate Behavior ::run [ RunTime:0.033619s ]
INFO: [ view_parse ] --END-- [ RunTime:0.033753s ]
INFO: [ view_filter ] --START--
INFO: ContentReplace Behavior ::run [ RunTime:0.000746s ]
INFO: TokenBuild Behavior ::run [ RunTime:0.000534s ]
INFO: WriteHtmlCache Behavior ::run [ RunTime:0.000392s ]
INFO: ShowRuntime Behavior ::run [ RunTime:0.002512s ]
INFO: [ view_filter ] --END-- [ RunTime:0.004489s ]
INFO: [ view_end ] --START--
INFO: ShowPageTrace Behavior ::run [ RunTime:0.000810s ]
INFO: [ view_end ] --END-- [ RunTime:0.000902s ]

[ 2015-04-30T16:41:44+08:00 ] 127.0.0.1 /index.php/Web/nav.html
INFO: [ route_check ] --START--
INFO: CheckRoute Behavior ::run [ RunTime:0.000797s ]
INFO: [ route_check ] --END-- [ RunTime:0.001110s ]
INFO: [ app_begin ] --START--
INFO: ReadHtmlCache Behavior ::run [ RunTime:0.000636s ]
INFO: [ app_begin ] --END-- [ RunTime:0.000730s ]
INFO: [ view_parse ] --START--
NOTIC: [8] Undefined variable: saishi_list E:\wamp\www\Home\Runtime\Cache\ab29a59aa45c5558ecb686976fcc4d93.php 第 228 行.
NOTIC: [8] Undefined variable: saishiPage E:\wamp\www\Home\Runtime\Cache\ab29a59aa45c5558ecb686976fcc4d93.php 第 252 行.
NOTIC: [8] Undefined variable: saishicate_list E:\wamp\www\Home\Runtime\Cache\ab29a59aa45c5558ecb686976fcc4d93.php 第 298 行.
INFO: ParseTemplate Behavior ::run [ RunTime:0.022043s ]
INFO: [ view_parse ] --END-- [ RunTime:0.022170s ]
INFO: [ view_filter ] --START--
INFO: ContentReplace Behavior ::run [ RunTime:0.000890s ]
INFO: TokenBuild Behavior ::run [ RunTime:0.000685s ]
INFO: WriteHtmlCache Behavior ::run [ RunTime:0.000528s ]
INFO: ShowRuntime Behavior ::run [ RunTime:0.001010s ]
INFO: [ view_filter ] --END-- [ RunTime:0.003502s ]
INFO: [ view_end ] --START--
INFO: ShowPageTrace Behavior ::run [ RunTime:0.001210s ]
INFO: [ view_end ] --END-- [ RunTime:0.001346s ]

[ 2015-04-30T16:41:49+08:00 ] 127.0.0.1 /index.php/Web/nav.html
INFO: [ route_check ] --START--
INFO: CheckRoute Behavior ::run [ RunTime:0.001233s ]
INFO: [ route_check ] --END-- [ RunTime:0.001373s ]
INFO: [ app_begin ] --START--
INFO: ReadHtmlCache Behavior ::run [ RunTime:0.000825s ]
INFO: [ app_begin ] --END-- [ RunTime:0.000994s ]
INFO: [ view_parse ] --START--
NOTIC: [8] Undefined variable: saishi_list E:\wamp\www\Home\Runtime\Cache\ab29a59aa45c5558ecb686976fcc4d93.php 第 228 行.
NOTIC: [8] Undefined variable: saishiPage E:\wamp\www\Home\Runtime\Cache\ab29a59aa45c5558ecb686976fcc4d93.php 第 252 行.
NOTIC: [8] Undefined variable: saishicate_list E:\wamp\www\Home\Runtime\Cache\ab29a59aa45c5558ecb686976fcc4d93.php 第 298 行.
INFO: ParseTemplate Behavior ::run [ RunTime:0.026740s ]
INFO: [ view_parse ] --END-- [ RunTime:0.026987s ]
INFO: [ view_filter ] --START--
INFO: ContentReplace Behavior ::run [ RunTime:0.001512s ]
INFO: TokenBuild Behavior ::run [ RunTime:0.000850s ]
INFO: WriteHtmlCache Behavior ::run [ RunTime:0.000608s ]
INFO: ShowRuntime Behavior ::run [ RunTime:0.001411s ]
INFO: [ view_filter ] --END-- [ RunTime:0.004798s ]
INFO: [ view_end ] --START--
INFO: ShowPageTrace Behavior ::run [ RunTime:0.000919s ]
INFO: [ view_end ] --END-- [ RunTime:0.001022s ]

[ 2015-04-30T16:41:49+08:00 ] 127.0.0.1 /index.php/Web/nav.html
INFO: [ route_check ] --START--
INFO: CheckRoute Behavior ::run [ RunTime:0.001069s ]
INFO: [ route_check ] --END-- [ RunTime:0.001239s ]
INFO: [ app_begin ] --START--
INFO: ReadHtmlCache Behavior ::run [ RunTime:0.000654s ]
INFO: [ app_begin ] --END-- [ RunTime:0.000758s ]
INFO: [ view_parse ] --START--
NOTIC: [8] Undefined variable: saishi_list E:\wamp\www\Home\Runtime\Cache\ab29a59aa45c5558ecb686976fcc4d93.php 第 228 行.
NOTIC: [8] Undefined variable: saishiPage E:\wamp\www\Home\Runtime\Cache\ab29a59aa45c5558ecb686976fcc4d93.php 第 252 行.
NOTIC: [8] Undefined variable: saishicate_list E:\wamp\www\Home\Runtime\Cache\ab29a59aa45c5558ecb686976fcc4d93.php 第 298 行.
INFO: ParseTemplate Behavior ::run [ RunTime:0.019563s ]
INFO: [ view_parse ] --END-- [ RunTime:0.019706s ]
INFO: [ view_filter ] --START--
INFO: ContentReplace Behavior ::run [ RunTime:0.000863s ]
INFO: TokenBuild Behavior ::run [ RunTime:0.000674s ]
INFO: WriteHtmlCache Behavior ::run [ RunTime:0.000466s ]
INFO: ShowRuntime Behavior ::run [ RunTime:0.001017s ]
INFO: [ view_filter ] --END-- [ RunTime:0.003428s ]
INFO: [ view_end ] --START--
INFO: ShowPageTrace Behavior ::run [ RunTime:0.001164s ]
INFO: [ view_end ] --END-- [ RunTime:0.001346s ]

[ 2015-04-30T16:43:37+08:00 ] 127.0.0.1 /index.php/Web/nav.html
INFO: [ route_check ] --START--
INFO: CheckRoute Behavior ::run [ RunTime:0.000823s ]
INFO: [ route_check ] --END-- [ RunTime:0.000945s ]
INFO: [ app_begin ] --START--
INFO: ReadHtmlCache Behavior ::run [ RunTime:0.000628s ]
INFO: [ app_begin ] --END-- [ RunTime:0.000757s ]
INFO: [ view_parse ] --START--
NOTIC: [8] Undefined variable: saishi_list E:\wamp\www\Home\Runtime\Cache\ab29a59aa45c5558ecb686976fcc4d93.php 第 221 行.
NOTIC: [8] Undefined variable: saishiPage E:\wamp\www\Home\Runtime\Cache\ab29a59aa45c5558ecb686976fcc4d93.php 第 245 行.
NOTIC: [8] Undefined variable: saishicate_list E:\wamp\www\Home\Runtime\Cache\ab29a59aa45c5558ecb686976fcc4d93.php 第 291 行.
INFO: ParseTemplate Behavior ::run [ RunTime:0.018366s ]
INFO: [ view_parse ] --END-- [ RunTime:0.018554s ]
INFO: [ view_filter ] --START--
INFO: ContentReplace Behavior ::run [ RunTime:0.000609s ]
INFO: TokenBuild Behavior ::run [ RunTime:0.000462s ]
INFO: WriteHtmlCache Behavior ::run [ RunTime:0.000314s ]
INFO: ShowRuntime Behavior ::run [ RunTime:0.000707s ]
INFO: [ view_filter ] --END-- [ RunTime:0.002380s ]
INFO: [ view_end ] --START--
INFO: ShowPageTrace Behavior ::run [ RunTime:0.001227s ]
INFO: [ view_end ] --END-- [ RunTime:0.001352s ]

[ 2015-04-30T16:43:37+08:00 ] 127.0.0.1 /index.php/Web/nav.html
INFO: [ route_check ] --START--
INFO: CheckRoute Behavior ::run [ RunTime:0.000775s ]
INFO: [ route_check ] --END-- [ RunTime:0.000898s ]
INFO: [ app_begin ] --START--
INFO: ReadHtmlCache Behavior ::run [ RunTime:0.000557s ]
INFO: [ app_begin ] --END-- [ RunTime:0.000648s ]
INFO: [ view_parse ] --START--
NOTIC: [8] Undefined variable: saishi_list E:\wamp\www\Home\Runtime\Cache\ab29a59aa45c5558ecb686976fcc4d93.php 第 221 行.
NOTIC: [8] Undefined variable: saishiPage E:\wamp\www\Home\Runtime\Cache\ab29a59aa45c5558ecb686976fcc4d93.php 第 245 行.
NOTIC: [8] Undefined variable: saishicate_list E:\wamp\www\Home\Runtime\Cache\ab29a59aa45c5558ecb686976fcc4d93.php 第 291 行.
INFO: ParseTemplate Behavior ::run [ RunTime:0.017143s ]
INFO: [ view_parse ] --END-- [ RunTime:0.017261s ]
INFO: [ view_filter ] --START--
INFO: ContentReplace Behavior ::run [ RunTime:0.000609s ]
INFO: TokenBuild Behavior ::run [ RunTime:0.000463s ]
INFO: WriteHtmlCache Behavior ::run [ RunTime:0.000318s ]
INFO: ShowRuntime Behavior ::run [ RunTime:0.000707s ]
INFO: [ view_filter ] --END-- [ RunTime:0.002385s ]
INFO: [ view_end ] --START--
INFO: ShowPageTrace Behavior ::run [ RunTime:0.000712s ]
INFO: [ view_end ] --END-- [ RunTime:0.000817s ]

[ 2015-04-30T16:43:38+08:00 ] 127.0.0.1 /index.php/Qishou/index.html
INFO: [ route_check ] --START--
INFO: CheckRoute Behavior ::run [ RunTime:0.000865s ]
INFO: [ route_check ] --END-- [ RunTime:0.001011s ]
INFO: [ app_begin ] --START--
INFO: ReadHtmlCache Behavior ::run [ RunTime:0.000561s ]
INFO: [ app_begin ] --END-- [ RunTime:0.000653s ]
SQL: SHOW COLUMNS FROM `com_qishou` [ RunTime:0.004746s ]
SQL: SELECT COUNT(*) AS tp_count FROM `com_qishou` LIMIT 1   [ RunTime:0.000279s ]
SQL: SELECT * FROM `com_qishou` LIMIT 0,5   [ RunTime:0.000569s ]
INFO: [ view_parse ] --START--
INFO: ParseTemplate Behavior ::run [ RunTime:0.016479s ]
INFO: [ view_parse ] --END-- [ RunTime:0.016601s ]
INFO: [ view_filter ] --START--
INFO: ContentReplace Behavior ::run [ RunTime:0.000793s ]
INFO: TokenBuild Behavior ::run [ RunTime:0.000728s ]
INFO: WriteHtmlCache Behavior ::run [ RunTime:0.000334s ]
INFO: ShowRuntime Behavior ::run [ RunTime:0.000721s ]
INFO: [ view_filter ] --END-- [ RunTime:0.002865s ]
INFO: [ view_end ] --START--
INFO: ShowPageTrace Behavior ::run [ RunTime:0.000572s ]
INFO: [ view_end ] --END-- [ RunTime:0.000662s ]

[ 2015-04-30T16:43:39+08:00 ] 127.0.0.1 /index.php/Footer/index.html
INFO: [ route_check ] --START--
INFO: CheckRoute Behavior ::run [ RunTime:0.000803s ]
INFO: [ route_check ] --END-- [ RunTime:0.000924s ]
INFO: [ app_begin ] --START--
INFO: ReadHtmlCache Behavior ::run [ RunTime:0.000562s ]
INFO: [ app_begin ] --END-- [ RunTime:0.000654s ]
SQL: SHOW COLUMNS FROM `com_footer` [ RunTime:0.003799s ]
SQL: SELECT * FROM `com_footer` LIMIT 1   [ RunTime:0.000335s ]
INFO: [ view_parse ] --START--
INFO: ParseTemplate Behavior ::run [ RunTime:0.012789s ]
INFO: [ view_parse ] --END-- [ RunTime:0.012935s ]
INFO: [ view_filter ] --START--
INFO: ContentReplace Behavior ::run [ RunTime:0.000577s ]
INFO: TokenBuild Behavior ::run [ RunTime:0.000439s ]
INFO: WriteHtmlCache Behavior ::run [ RunTime:0.000315s ]
INFO: ShowRuntime Behavior ::run [ RunTime:0.000673s ]
INFO: [ view_filter ] --END-- [ RunTime:0.002266s ]
INFO: [ view_end ] --START--
INFO: ShowPageTrace Behavior ::run [ RunTime:0.000551s ]
INFO: [ view_end ] --END-- [ RunTime:0.000641s ]

[ 2015-04-30T16:43:40+08:00 ] 127.0.0.1 /index.php/Index/table.html
INFO: [ route_check ] --START--
INFO: CheckRoute Behavior ::run [ RunTime:0.001368s ]
INFO: [ route_check ] --END-- [ RunTime:0.001543s ]
INFO: [ app_begin ] --START--
INFO: ReadHtmlCache Behavior ::run [ RunTime:0.000708s ]
INFO: [ app_begin ] --END-- [ RunTime:0.000812s ]
SQL: SHOW COLUMNS FROM `com_user` [ RunTime:0.004451s ]
SQL: SELECT COUNT(*) AS tp_count FROM `com_user` LIMIT 1   [ RunTime:0.000640s ]
SQL: SELECT * FROM `com_user` left JOIN com_authgroup ON com_user.groupid=com_authgroup.groupid LIMIT 0,5   [ RunTime:0.036494s ]
SQL: SHOW COLUMNS FROM `com_saishi` [ RunTime:0.014188s ]
SQL: SELECT COUNT(*) AS tp_count FROM `com_saishi` LIMIT 1   [ RunTime:0.000343s ]
SQL: SELECT * FROM `com_saishi` LIMIT 0,10   [ RunTime:0.000462s ]
SQL: SHOW COLUMNS FROM `com_saishicate` [ RunTime:0.061026s ]
SQL: SELECT COUNT(*) AS tp_count FROM `com_saishicate` LIMIT 1   [ RunTime:0.000646s ]
SQL: SELECT * FROM `com_saishicate` left JOIN com_saishiarea ON com_saishiarea.saishiareaid=com_saishicate.saishiareaid LIMIT 0,5   [ RunTime:0.000480s ]
INFO: [ view_parse ] --START--
INFO: ParseTemplate Behavior ::run [ RunTime:0.031582s ]
INFO: [ view_parse ] --END-- [ RunTime:0.031734s ]
INFO: [ view_filter ] --START--
INFO: ContentReplace Behavior ::run [ RunTime:0.002011s ]
INFO: TokenBuild Behavior ::run [ RunTime:0.000567s ]
INFO: WriteHtmlCache Behavior ::run [ RunTime:0.000320s ]
INFO: ShowRuntime Behavior ::run [ RunTime:0.000744s ]
INFO: [ view_filter ] --END-- [ RunTime:0.003930s ]
INFO: [ view_end ] --START--
INFO: ShowPageTrace Behavior ::run [ RunTime:0.000579s ]
INFO: [ view_end ] --END-- [ RunTime:0.000668s ]

[ 2015-04-30T16:43:40+08:00 ] 127.0.0.1 /index.php/Index/table.html
INFO: [ route_check ] --START--
INFO: CheckRoute Behavior ::run [ RunTime:0.000759s ]
INFO: [ route_check ] --END-- [ RunTime:0.000880s ]
INFO: [ app_begin ] --START--
INFO: ReadHtmlCache Behavior ::run [ RunTime:0.000560s ]
INFO: [ app_begin ] --END-- [ RunTime:0.000652s ]
SQL: SHOW COLUMNS FROM `com_user` [ RunTime:0.004423s ]
SQL: SELECT COUNT(*) AS tp_count FROM `com_user` LIMIT 1   [ RunTime:0.000302s ]
SQL: SELECT * FROM `com_user` left JOIN com_authgroup ON com_user.groupid=com_authgroup.groupid LIMIT 0,5   [ RunTime:0.000677s ]
SQL: SHOW COLUMNS FROM `com_saishi` [ RunTime:0.003763s ]
SQL: SELECT COUNT(*) AS tp_count FROM `com_saishi` LIMIT 1   [ RunTime:0.000341s ]
SQL: SELECT * FROM `com_saishi` LIMIT 0,10   [ RunTime:0.000454s ]
SQL: SHOW COLUMNS FROM `com_saishicate` [ RunTime:0.003976s ]
SQL: SELECT COUNT(*) AS tp_count FROM `com_saishicate` LIMIT 1   [ RunTime:0.000361s ]
SQL: SELECT * FROM `com_saishicate` left JOIN com_saishiarea ON com_saishiarea.saishiareaid=com_saishicate.saishiareaid LIMIT 0,5   [ RunTime:0.000487s ]
INFO: [ view_parse ] --START--
INFO: ParseTemplate Behavior ::run [ RunTime:0.021459s ]
INFO: [ view_parse ] --END-- [ RunTime:0.021612s ]
INFO: [ view_filter ] --START--
INFO: ContentReplace Behavior ::run [ RunTime:0.000897s ]
INFO: TokenBuild Behavior ::run [ RunTime:0.000481s ]
INFO: WriteHtmlCache Behavior ::run [ RunTime:0.000315s ]
INFO: ShowRuntime Behavior ::run [ RunTime:0.000725s ]
INFO: [ view_filter ] --END-- [ RunTime:0.002691s ]
INFO: [ view_end ] --START--
INFO: ShowPageTrace Behavior ::run [ RunTime:0.000567s ]
INFO: [ view_end ] --END-- [ RunTime:0.000656s ]

[ 2015-04-30T16:43:41+08:00 ] 127.0.0.1 /index.php/User/index.html
INFO: [ route_check ] --START--
INFO: CheckRoute Behavior ::run [ RunTime:0.000741s ]
INFO: [ route_check ] --END-- [ RunTime:0.000858s ]
INFO: [ app_begin ] --START--
INFO: ReadHtmlCache Behavior ::run [ RunTime:0.000554s ]
INFO: [ app_begin ] --END-- [ RunTime:0.000646s ]
SQL: SHOW COLUMNS FROM `com_user` [ RunTime:0.003996s ]
SQL: SELECT COUNT(*) AS tp_count FROM `com_user` LIMIT 1   [ RunTime:0.000255s ]
SQL: SELECT * FROM `com_user` left JOIN com_authgroup ON com_user.groupid=com_authgroup.groupid LIMIT 0,5   [ RunTime:0.000638s ]
INFO: [ view_parse ] --START--
INFO: ParseTemplate Behavior ::run [ RunTime:0.016105s ]
INFO: [ view_parse ] --END-- [ RunTime:0.016222s ]
INFO: [ view_filter ] --START--
INFO: ContentReplace Behavior ::run [ RunTime:0.000664s ]
INFO: TokenBuild Behavior ::run [ RunTime:0.000456s ]
INFO: WriteHtmlCache Behavior ::run [ RunTime:0.000424s ]
INFO: ShowRuntime Behavior ::run [ RunTime:0.000908s ]
INFO: [ view_filter ] --END-- [ RunTime:0.002719s ]
INFO: [ view_end ] --START--
INFO: ShowPageTrace Behavior ::run [ RunTime:0.000786s ]
INFO: [ view_end ] --END-- [ RunTime:0.000878s ]

[ 2015-04-30T16:43:42+08:00 ] 127.0.0.1 /index.php/Chart/index.html
INFO: [ route_check ] --START--
INFO: CheckRoute Behavior ::run [ RunTime:0.000740s ]
INFO: [ route_check ] --END-- [ RunTime:0.000859s ]
INFO: [ app_begin ] --START--
INFO: ReadHtmlCache Behavior ::run [ RunTime:0.000548s ]
INFO: [ app_begin ] --END-- [ RunTime:0.000638s ]
INFO: [ view_parse ] --START--
INFO: ParseTemplate Behavior ::run [ RunTime:0.023307s ]
INFO: [ view_parse ] --END-- [ RunTime:0.023455s ]
INFO: [ view_filter ] --START--
INFO: ContentReplace Behavior ::run [ RunTime:0.000518s ]
INFO: TokenBuild Behavior ::run [ RunTime:0.000435s ]
INFO: WriteHtmlCache Behavior ::run [ RunTime:0.000460s ]
INFO: ShowRuntime Behavior ::run [ RunTime:0.000692s ]
INFO: [ view_filter ] --END-- [ RunTime:0.002377s ]
INFO: [ view_end ] --START--
INFO: ShowPageTrace Behavior ::run [ RunTime:0.000584s ]
INFO: [ view_end ] --END-- [ RunTime:0.000689s ]

[ 2015-04-30T16:43:42+08:00 ] 127.0.0.1 /index.php/Chart/pieChart.html
INFO: [ route_check ] --START--
INFO: CheckRoute Behavior ::run [ RunTime:0.000776s ]
INFO: [ route_check ] --END-- [ RunTime:0.000898s ]
INFO: [ app_begin ] --START--
INFO: ReadHtmlCache Behavior ::run [ RunTime:0.000559s ]
INFO: [ app_begin ] --END-- [ RunTime:0.000652s ]
SQL: SHOW COLUMNS FROM `com_saishi` [ RunTime:0.003812s ]
SQL: select count(*)  cc,c.saishiareaname as  cn from com_saishi p inner join com_saishiarea c on p.saishiareaid=c.saishiareaid group by p.saishiareaid order by count(*) [ RunTime:0.000529s ]
NOTIC: [8192] Function split() is deprecated E:\wamp\www\ThinkPHP\Extend\Vendor\jpgraph\jpgraph.php 第 186 行.
NOTIC: [8192] Function split() is deprecated E:\wamp\www\ThinkPHP\Extend\Vendor\jpgraph\jpgraph.php 第 187 行.
NOTIC: [8192] Function split() is deprecated E:\wamp\www\ThinkPHP\Extend\Vendor\jpgraph\jpgraph.php 第 5783 行.
NOTIC: [8192] Function split() is deprecated E:\wamp\www\ThinkPHP\Extend\Vendor\jpgraph\jpgraph.php 第 5783 行.
NOTIC: [8192] Function split() is deprecated E:\wamp\www\ThinkPHP\Extend\Vendor\jpgraph\jpgraph.php 第 5828 行.
NOTIC: [8192] Function ereg() is deprecated E:\wamp\www\ThinkPHP\Extend\Vendor\jpgraph\jpgraph.php 第 6116 行.
NOTIC: [8192] Function split() is deprecated E:\wamp\www\ThinkPHP\Extend\Vendor\jpgraph\jpgraph.php 第 5783 行.
NOTIC: [8192] Function split() is deprecated E:\wamp\www\ThinkPHP\Extend\Vendor\jpgraph\jpgraph.php 第 5828 行.
NOTIC: [8192] Function ereg() is deprecated E:\wamp\www\ThinkPHP\Extend\Vendor\jpgraph\jpgraph.php 第 6116 行.
NOTIC: [8192] Function split() is deprecated E:\wamp\www\ThinkPHP\Extend\Vendor\jpgraph\jpgraph.php 第 5783 行.
NOTIC: [8192] Function split() is deprecated E:\wamp\www\ThinkPHP\Extend\Vendor\jpgraph\jpgraph.php 第 5828 行.
NOTIC: [8192] Function ereg() is deprecated E:\wamp\www\ThinkPHP\Extend\Vendor\jpgraph\jpgraph.php 第 6116 行.
NOTIC: [8192] Function split() is deprecated E:\wamp\www\ThinkPHP\Extend\Vendor\jpgraph\jpgraph.php 第 5783 行.
NOTIC: [8192] Function split() is deprecated E:\wamp\www\ThinkPHP\Extend\Vendor\jpgraph\jpgraph.php 第 5828 行.
NOTIC: [8192] Function ereg() is deprecated E:\wamp\www\ThinkPHP\Extend\Vendor\jpgraph\jpgraph.php 第 6116 行.
NOTIC: [8192] Function split() is deprecated E:\wamp\www\ThinkPHP\Extend\Vendor\jpgraph\jpgraph.php 第 5783 行.
NOTIC: [8192] Function split() is deprecated E:\wamp\www\ThinkPHP\Extend\Vendor\jpgraph\jpgraph.php 第 5783 行.
NOTIC: [8192] Function split() is deprecated E:\wamp\www\ThinkPHP\Extend\Vendor\jpgraph\jpgraph.php 第 5783 行.
NOTIC: [8192] Function split() is deprecated E:\wamp\www\ThinkPHP\Extend\Vendor\jpgraph\jpgraph.php 第 5828 行.
NOTIC: [8192] Function ereg() is deprecated E:\wamp\www\ThinkPHP\Extend\Vendor\jpgraph\jpgraph.php 第 5984 行.
NOTIC: [8192] Function split() is deprecated E:\wamp\www\ThinkPHP\Extend\Vendor\jpgraph\jpgraph.php 第 5828 行.
NOTIC: [8192] Function split() is deprecated E:\wamp\www\ThinkPHP\Extend\Vendor\jpgraph\jpgraph.php 第 5783 行.
NOTIC: [8192] Function split() is deprecated E:\wamp\www\ThinkPHP\Extend\Vendor\jpgraph\jpgraph.php 第 5783 行.
NOTIC: [8192] Function split() is deprecated E:\wamp\www\ThinkPHP\Extend\Vendor\jpgraph\jpgraph.php 第 5783 行.
NOTIC: [8192] Function split() is deprecated E:\wamp\www\ThinkPHP\Extend\Vendor\jpgraph\jpgraph.php 第 5783 行.
NOTIC: [8192] Function split() is deprecated E:\wamp\www\ThinkPHP\Extend\Vendor\jpgraph\jpgraph.php 第 5828 行.
NOTIC: [8192] Function split() is deprecated E:\wamp\www\ThinkPHP\Extend\Vendor\jpgraph\jpgraph.php 第 5828 行.
NOTIC: [8192] Function split() is deprecated E:\wamp\www\ThinkPHP\Extend\Vendor\jpgraph\jpgraph.php 第 5828 行.
NOTIC: [8192] Function split() is deprecated E:\wamp\www\ThinkPHP\Extend\Vendor\jpgraph\jpgraph.php 第 5783 行.
NOTIC: [8192] Function ereg() is deprecated E:\wamp\www\ThinkPHP\Extend\Vendor\jpgraph\jpgraph.php 第 6116 行.
NOTIC: [8192] Function ereg() is deprecated E:\wamp\www\ThinkPHP\Extend\Vendor\jpgraph\jpgraph.php 第 6116 行.
NOTIC: [8192] Function ereg() is deprecated E:\wamp\www\ThinkPHP\Extend\Vendor\jpgraph\jpgraph.php 第 6116 行.
NOTIC: [8192] Function ereg() is deprecated E:\wamp\www\ThinkPHP\Extend\Vendor\jpgraph\jpgraph.php 第 6116 行.
NOTIC: [8192] Function split() is deprecated E:\wamp\www\ThinkPHP\Extend\Vendor\jpgraph\jpgraph.php 第 5783 行.
NOTIC: [8192] Function split() is deprecated E:\wamp\www\ThinkPHP\Extend\Vendor\jpgraph\jpgraph.php 第 5783 行.
NOTIC: [8192] Function split() is deprecated E:\wamp\www\ThinkPHP\Extend\Vendor\jpgraph\jpgraph.php 第 5828 行.
NOTIC: [8192] Function ereg() is deprecated E:\wamp\www\ThinkPHP\Extend\Vendor\jpgraph\jpgraph.php 第 5984 行.
NOTIC: [8192] Function split() is deprecated E:\wamp\www\ThinkPHP\Extend\Vendor\jpgraph\jpgraph.php 第 5783 行.
NOTIC: [8192] Function split() is deprecated E:\wamp\www\ThinkPHP\Extend\Vendor\jpgraph\jpgraph.php 第 5783 行.
NOTIC: [8192] Function split() is deprecated E:\wamp\www\ThinkPHP\Extend\Vendor\jpgraph\jpgraph.php 第 5828 行.
NOTIC: [8192] Function ereg() is deprecated E:\wamp\www\ThinkPHP\Extend\Vendor\jpgraph\jpgraph.php 第 5984 行.
NOTIC: [8192] Function split() is deprecated E:\wamp\www\ThinkPHP\Extend\Vendor\jpgraph\jpgraph.php 第 5783 行.
NOTIC: [8192] Function split() is deprecated E:\wamp\www\ThinkPHP\Extend\Vendor\jpgraph\jpgraph.php 第 5783 行.
NOTIC: [8192] Function split() is deprecated E:\wamp\www\ThinkPHP\Extend\Vendor\jpgraph\jpgraph.php 第 5828 行.
NOTIC: [8192] Function ereg() is deprecated E:\wamp\www\ThinkPHP\Extend\Vendor\jpgraph\jpgraph.php 第 5984 行.
NOTIC: [8192] Function ereg() is deprecated E:\wamp\www\ThinkPHP\Extend\Vendor\jpgraph\jpgraph.php 第 6116 行.
NOTIC: [8192] Function split() is deprecated E:\wamp\www\ThinkPHP\Extend\Vendor\jpgraph\jpgraph.php 第 5783 行.
NOTIC: [8192] Function split() is deprecated E:\wamp\www\ThinkPHP\Extend\Vendor\jpgraph\jpgraph.php 第 5783 行.
NOTIC: [8192] Function split() is deprecated E:\wamp\www\ThinkPHP\Extend\Vendor\jpgraph\jpgraph.php 第 5783 行.
NOTIC: [8192] Function split() is deprecated E:\wamp\www\ThinkPHP\Extend\Vendor\jpgraph\jpgraph.php 第 5828 行.
NOTIC: [8192] Function ereg() is deprecated E:\wamp\www\ThinkPHP\Extend\Vendor\jpgraph\jpgraph.php 第 5984 行.
NOTIC: [8192] Function split() is deprecated E:\wamp\www\ThinkPHP\Extend\Vendor\jpgraph\jpgraph.php 第 5783 行.
NOTIC: [8192] Function split() is deprecated E:\wamp\www\ThinkPHP\Extend\Vendor\jpgraph\jpgraph.php 第 5783 行.
NOTIC: [8192] Function split() is deprecated E:\wamp\www\ThinkPHP\Extend\Vendor\jpgraph\jpgraph.php 第 5783 行.
NOTIC: [8192] Function split() is deprecated E:\wamp\www\ThinkPHP\Extend\Vendor\jpgraph\jpgraph.php 第 5828 行.
NOTIC: [8192] Function ereg() is deprecated E:\wamp\www\ThinkPHP\Extend\Vendor\jpgraph\jpgraph.php 第 5984 行.

[ 2015-04-30T16:43:43+08:00 ] 127.0.0.1 /index.php/Config/index.html
INFO: [ route_check ] --START--
INFO: CheckRoute Behavior ::run [ RunTime:0.001413s ]
INFO: [ route_check ] --END-- [ RunTime:0.001566s ]
INFO: [ app_begin ] --START--
INFO: ReadHtmlCache Behavior ::run [ RunTime:0.001255s ]
INFO: [ app_begin ] --END-- [ RunTime:0.001412s ]
SQL: SHOW COLUMNS FROM `com_config` [ RunTime:0.005567s ]
SQL: SELECT * FROM `com_config`  [ RunTime:0.000761s ]
INFO: [ view_parse ] --START--
INFO: ParseTemplate Behavior ::run [ RunTime:0.034490s ]
INFO: [ view_parse ] --END-- [ RunTime:0.034605s ]
INFO: [ view_filter ] --START--
INFO: ContentReplace Behavior ::run [ RunTime:0.001309s ]
INFO: TokenBuild Behavior ::run [ RunTime:0.001102s ]
INFO: WriteHtmlCache Behavior ::run [ RunTime:0.000910s ]
INFO: ShowRuntime Behavior ::run [ RunTime:0.001110s ]
INFO: [ view_filter ] --END-- [ RunTime:0.004677s ]
INFO: [ view_end ] --START--
INFO: ShowPageTrace Behavior ::run [ RunTime:0.001278s ]
INFO: [ view_end ] --END-- [ RunTime:0.001374s ]

[ 2015-04-30T16:43:43+08:00 ] 127.0.0.1 /index.php/Index/index.html
INFO: [ route_check ] --START--
INFO: CheckRoute Behavior ::run [ RunTime:0.001324s ]
INFO: [ route_check ] --END-- [ RunTime:0.001468s ]
INFO: [ app_begin ] --START--
INFO: ReadHtmlCache Behavior ::run [ RunTime:0.001615s ]
INFO: [ app_begin ] --END-- [ RunTime:0.001741s ]
INFO: [ view_parse ] --START--
INFO: ParseTemplate Behavior ::run [ RunTime:0.017103s ]
INFO: [ view_parse ] --END-- [ RunTime:0.017284s ]
INFO: [ view_filter ] --START--
INFO: ContentReplace Behavior ::run [ RunTime:0.001406s ]
INFO: TokenBuild Behavior ::run [ RunTime:0.001199s ]
INFO: WriteHtmlCache Behavior ::run [ RunTime:0.001004s ]
INFO: ShowRuntime Behavior ::run [ RunTime:0.001143s ]
INFO: [ view_filter ] --END-- [ RunTime:0.005014s ]
INFO: [ view_end ] --START--
INFO: ShowPageTrace Behavior ::run [ RunTime:0.001281s ]
INFO: [ view_end ] --END-- [ RunTime:0.001379s ]

[ 2015-04-30T16:43:44+08:00 ] 127.0.0.1 /index.php/Index/index.html
INFO: [ route_check ] --START--
INFO: CheckRoute Behavior ::run [ RunTime:0.001961s ]
INFO: [ route_check ] --END-- [ RunTime:0.002159s ]
INFO: [ app_begin ] --START--
INFO: ReadHtmlCache Behavior ::run [ RunTime:0.001543s ]
INFO: [ app_begin ] --END-- [ RunTime:0.001732s ]
INFO: [ view_parse ] --START--
INFO: ParseTemplate Behavior ::run [ RunTime:0.022454s ]
INFO: [ view_parse ] --END-- [ RunTime:0.022618s ]
INFO: [ view_filter ] --START--
INFO: ContentReplace Behavior ::run [ RunTime:0.001427s ]
INFO: TokenBuild Behavior ::run [ RunTime:0.001237s ]
INFO: WriteHtmlCache Behavior ::run [ RunTime:0.001036s ]
INFO: ShowRuntime Behavior ::run [ RunTime:0.001120s ]
INFO: [ view_filter ] --END-- [ RunTime:0.005127s ]
INFO: [ view_end ] --START--
INFO: ShowPageTrace Behavior ::run [ RunTime:0.001332s ]
INFO: [ view_end ] --END-- [ RunTime:0.001501s ]

[ 2015-04-30T16:43:44+08:00 ] 127.0.0.1 /index.php/Index/index.html
INFO: [ route_check ] --START--
INFO: CheckRoute Behavior ::run [ RunTime:0.001595s ]
INFO: [ route_check ] --END-- [ RunTime:0.001744s ]
INFO: [ app_begin ] --START--
INFO: ReadHtmlCache Behavior ::run [ RunTime:0.001238s ]
INFO: [ app_begin ] --END-- [ RunTime:0.001360s ]
INFO: [ view_parse ] --START--
INFO: ParseTemplate Behavior ::run [ RunTime:0.020582s ]
INFO: [ view_parse ] --END-- [ RunTime:0.020724s ]
INFO: [ view_filter ] --START--
INFO: ContentReplace Behavior ::run [ RunTime:0.001186s ]
INFO: TokenBuild Behavior ::run [ RunTime:0.000998s ]
INFO: WriteHtmlCache Behavior ::run [ RunTime:0.001113s ]
INFO: ShowRuntime Behavior ::run [ RunTime:0.002216s ]
INFO: [ view_filter ] --END-- [ RunTime:0.005832s ]
INFO: [ view_end ] --START--
INFO: ShowPageTrace Behavior ::run [ RunTime:0.001856s ]
INFO: [ view_end ] --END-- [ RunTime:0.002014s ]

[ 2015-04-30T16:43:44+08:00 ] 127.0.0.1 /index.php/Index/index.html
INFO: [ route_check ] --START--
INFO: CheckRoute Behavior ::run [ RunTime:0.001135s ]
INFO: [ route_check ] --END-- [ RunTime:0.001272s ]
INFO: [ app_begin ] --START--
INFO: ReadHtmlCache Behavior ::run [ RunTime:0.000698s ]
INFO: [ app_begin ] --END-- [ RunTime:0.000794s ]
INFO: [ view_parse ] --START--
INFO: ParseTemplate Behavior ::run [ RunTime:0.015325s ]
INFO: [ view_parse ] --END-- [ RunTime:0.015494s ]
INFO: [ view_filter ] --START--
INFO: ContentReplace Behavior ::run [ RunTime:0.000915s ]
INFO: TokenBuild Behavior ::run [ RunTime:0.000571s ]
INFO: WriteHtmlCache Behavior ::run [ RunTime:0.000410s ]
INFO: ShowRuntime Behavior ::run [ RunTime:0.000739s ]
INFO: [ view_filter ] --END-- [ RunTime:0.002951s ]
INFO: [ view_end ] --START--
INFO: ShowPageTrace Behavior ::run [ RunTime:0.000753s ]
INFO: [ view_end ] --END-- [ RunTime:0.000845s ]

[ 2015-04-30T16:43:44+08:00 ] 127.0.0.1 /index.php/Footer/index.html
INFO: [ route_check ] --START--
INFO: CheckRoute Behavior ::run [ RunTime:0.001401s ]
INFO: [ route_check ] --END-- [ RunTime:0.001581s ]
INFO: [ app_begin ] --START--
INFO: ReadHtmlCache Behavior ::run [ RunTime:0.001159s ]
INFO: [ app_begin ] --END-- [ RunTime:0.001269s ]
SQL: SHOW COLUMNS FROM `com_footer` [ RunTime:0.004556s ]
SQL: SELECT * FROM `com_footer` LIMIT 1   [ RunTime:0.000299s ]
INFO: [ view_parse ] --START--
INFO: ParseTemplate Behavior ::run [ RunTime:0.015146s ]
INFO: [ view_parse ] --END-- [ RunTime:0.015256s ]
INFO: [ view_filter ] --START--
INFO: ContentReplace Behavior ::run [ RunTime:0.001280s ]
INFO: TokenBuild Behavior ::run [ RunTime:0.001081s ]
INFO: WriteHtmlCache Behavior ::run [ RunTime:0.000897s ]
INFO: ShowRuntime Behavior ::run [ RunTime:0.001123s ]
INFO: [ view_filter ] --END-- [ RunTime:0.004641s ]
INFO: [ view_end ] --START--
INFO: ShowPageTrace Behavior ::run [ RunTime:0.001184s ]
INFO: [ view_end ] --END-- [ RunTime:0.001282s ]

[ 2015-04-30T16:43:45+08:00 ] 127.0.0.1 /index.php/Qishou/index.html
INFO: [ route_check ] --START--
INFO: CheckRoute Behavior ::run [ RunTime:0.001347s ]
INFO: [ route_check ] --END-- [ RunTime:0.001499s ]
INFO: [ app_begin ] --START--
INFO: ReadHtmlCache Behavior ::run [ RunTime:0.001161s ]
INFO: [ app_begin ] --END-- [ RunTime:0.001268s ]
SQL: SHOW COLUMNS FROM `com_qishou` [ RunTime:0.003846s ]
SQL: SELECT COUNT(*) AS tp_count FROM `com_qishou` LIMIT 1   [ RunTime:0.000256s ]
SQL: SELECT * FROM `com_qishou` LIMIT 0,5   [ RunTime:0.000563s ]
INFO: [ view_parse ] --START--
INFO: ParseTemplate Behavior ::run [ RunTime:0.018324s ]
INFO: [ view_parse ] --END-- [ RunTime:0.018433s ]
INFO: [ view_filter ] --START--
INFO: ContentReplace Behavior ::run [ RunTime:0.001235s ]
INFO: TokenBuild Behavior ::run [ RunTime:0.001279s ]
INFO: WriteHtmlCache Behavior ::run [ RunTime:0.001431s ]
INFO: ShowRuntime Behavior ::run [ RunTime:0.001188s ]
INFO: [ view_filter ] --END-- [ RunTime:0.005405s ]
INFO: [ view_end ] --START--
INFO: ShowPageTrace Behavior ::run [ RunTime:0.001146s ]
INFO: [ view_end ] --END-- [ RunTime:0.001248s ]

[ 2015-04-30T16:43:46+08:00 ] 127.0.0.1 /index.php/Footer/index.html
INFO: [ route_check ] --START--
INFO: CheckRoute Behavior ::run [ RunTime:0.001381s ]
INFO: [ route_check ] --END-- [ RunTime:0.001544s ]
INFO: [ app_begin ] --START--
INFO: ReadHtmlCache Behavior ::run [ RunTime:0.001105s ]
INFO: [ app_begin ] --END-- [ RunTime:0.001212s ]
SQL: SHOW COLUMNS FROM `com_footer` [ RunTime:0.003835s ]
SQL: SELECT * FROM `com_footer` LIMIT 1   [ RunTime:0.000692s ]
INFO: [ view_parse ] --START--
INFO: ParseTemplate Behavior ::run [ RunTime:0.016357s ]
INFO: [ view_parse ] --END-- [ RunTime:0.016475s ]
INFO: [ view_filter ] --START--
INFO: ContentReplace Behavior ::run [ RunTime:0.001377s ]
INFO: TokenBuild Behavior ::run [ RunTime:0.001869s ]
INFO: WriteHtmlCache Behavior ::run [ RunTime:0.000883s ]
INFO: ShowRuntime Behavior ::run [ RunTime:0.001072s ]
INFO: [ view_filter ] --END-- [ RunTime:0.005512s ]
INFO: [ view_end ] --START--
INFO: ShowPageTrace Behavior ::run [ RunTime:0.001107s ]
INFO: [ view_end ] --END-- [ RunTime:0.001201s ]

[ 2015-04-30T16:47:34+08:00 ] 127.0.0.1 /index.php/Footer/index.html
INFO: [ route_check ] --START--
INFO: CheckRoute Behavior ::run [ RunTime:0.001447s ]
INFO: [ route_check ] --END-- [ RunTime:0.001624s ]
INFO: [ app_begin ] --START--
INFO: ReadHtmlCache Behavior ::run [ RunTime:0.001305s ]
INFO: [ app_begin ] --END-- [ RunTime:0.001421s ]
SQL: SHOW COLUMNS FROM `com_footer` [ RunTime:0.003848s ]
SQL: SELECT * FROM `com_footer` LIMIT 1   [ RunTime:0.000806s ]
INFO: [ view_parse ] --START--
INFO: ParseTemplate Behavior ::run [ RunTime:0.014192s ]
INFO: [ view_parse ] --END-- [ RunTime:0.014349s ]
INFO: [ view_filter ] --START--
INFO: ContentReplace Behavior ::run [ RunTime:0.001416s ]
INFO: TokenBuild Behavior ::run [ RunTime:0.000847s ]
INFO: WriteHtmlCache Behavior ::run [ RunTime:0.000702s ]
INFO: ShowRuntime Behavior ::run [ RunTime:0.000904s ]
INFO: [ view_filter ] --END-- [ RunTime:0.004109s ]
INFO: [ view_end ] --START--
INFO: ShowPageTrace Behavior ::run [ RunTime:0.000973s ]
INFO: [ view_end ] --END-- [ RunTime:0.001066s ]

[ 2015-04-30T16:47:36+08:00 ] 127.0.0.1 /index.php/Shiti/index.html
INFO: [ route_check ] --START--
INFO: CheckRoute Behavior ::run [ RunTime:0.001529s ]
INFO: [ route_check ] --END-- [ RunTime:0.001687s ]
INFO: [ app_begin ] --START--
INFO: ReadHtmlCache Behavior ::run [ RunTime:0.001076s ]
INFO: [ app_begin ] --END-- [ RunTime:0.001239s ]
SQL: SHOW COLUMNS FROM `com_zhishi` [ RunTime:0.005194s ]
SQL: SELECT COUNT(*) AS tp_count FROM `com_zhishi` LIMIT 1   [ RunTime:0.000675s ]
NOTIC: [8] Undefined variable: qishoucount E:\wamp\www\Home\Lib\Action\ShitiAction.class.php 第 9 行.
NOTIC: [8] Undefined variable: qishou E:\wamp\www\Home\Lib\Action\ShitiAction.class.php 第 14 行.

[ 2015-04-30T16:47:51+08:00 ] 127.0.0.1 /index.php/Shiti/index.html
INFO: [ route_check ] --START--
INFO: CheckRoute Behavior ::run [ RunTime:0.001459s ]
INFO: [ route_check ] --END-- [ RunTime:0.001634s ]
INFO: [ app_begin ] --START--
INFO: ReadHtmlCache Behavior ::run [ RunTime:0.001204s ]
INFO: [ app_begin ] --END-- [ RunTime:0.001339s ]
SQL: SHOW COLUMNS FROM `com_zhishi` [ RunTime:0.004312s ]
SQL: SELECT COUNT(*) AS tp_count FROM `com_zhishi` LIMIT 1   [ RunTime:0.000657s ]
NOTIC: [8] Undefined variable: qishoucount E:\wamp\www\Home\Lib\Action\ShitiAction.class.php 第 9 行.
SQL: SELECT * FROM `com_zhishi` LIMIT 0,5   [ RunTime:0.000479s ]
ERR: 模板不存在[Home/Tpl/Shiti/zhishi.html]

[ 2015-04-30T16:47:56+08:00 ] 127.0.0.1 /index.php/Shiti/index.html
INFO: [ route_check ] --START--
INFO: CheckRoute Behavior ::run [ RunTime:0.001154s ]
INFO: [ route_check ] --END-- [ RunTime:0.001295s ]
INFO: [ app_begin ] --START--
INFO: ReadHtmlCache Behavior ::run [ RunTime:0.001185s ]
INFO: [ app_begin ] --END-- [ RunTime:0.001330s ]
SQL: SHOW COLUMNS FROM `com_zhishi` [ RunTime:0.004200s ]
SQL: SELECT COUNT(*) AS tp_count FROM `com_zhishi` LIMIT 1   [ RunTime:0.000418s ]
NOTIC: [8] Undefined variable: qishoucount E:\wamp\www\Home\Lib\Action\ShitiAction.class.php 第 9 行.
SQL: SELECT * FROM `com_zhishi` LIMIT 0,5   [ RunTime:0.000647s ]
ERR: 模板不存在[Home/Tpl/Shiti/zhishi.html]

[ 2015-04-30T16:48:31+08:00 ] 127.0.0.1 /index.php/Footer/index.html
INFO: [ route_check ] --START--
INFO: CheckRoute Behavior ::run [ RunTime:0.001360s ]
INFO: [ route_check ] --END-- [ RunTime:0.001528s ]
INFO: [ app_begin ] --START--
INFO: ReadHtmlCache Behavior ::run [ RunTime:0.001248s ]
INFO: [ app_begin ] --END-- [ RunTime:0.001371s ]
SQL: SHOW COLUMNS FROM `com_footer` [ RunTime:0.005378s ]
SQL: SELECT * FROM `com_footer` LIMIT 1   [ RunTime:0.000460s ]
INFO: [ view_parse ] --START--
INFO: ParseTemplate Behavior ::run [ RunTime:0.015209s ]
INFO: [ view_parse ] --END-- [ RunTime:0.015384s ]
INFO: [ view_filter ] --START--
INFO: ContentReplace Behavior ::run [ RunTime:0.001865s ]
INFO: TokenBuild Behavior ::run [ RunTime:0.001631s ]
INFO: WriteHtmlCache Behavior ::run [ RunTime:0.001333s ]
INFO: ShowRuntime Behavior ::run [ RunTime:0.001469s ]
INFO: [ view_filter ] --END-- [ RunTime:0.006764s ]
INFO: [ view_end ] --START--
INFO: ShowPageTrace Behavior ::run [ RunTime:0.001268s ]
INFO: [ view_end ] --END-- [ RunTime:0.001417s ]

[ 2015-04-30T16:48:32+08:00 ] 127.0.0.1 /index.php/Footer/index.html
INFO: [ route_check ] --START--
INFO: CheckRoute Behavior ::run [ RunTime:0.001195s ]
INFO: [ route_check ] --END-- [ RunTime:0.001335s ]
INFO: [ app_begin ] --START--
INFO: ReadHtmlCache Behavior ::run [ RunTime:0.001178s ]
INFO: [ app_begin ] --END-- [ RunTime:0.001341s ]
SQL: SHOW COLUMNS FROM `com_footer` [ RunTime:0.003855s ]
SQL: SELECT * FROM `com_footer` LIMIT 1   [ RunTime:0.000685s ]
INFO: [ view_parse ] --START--
INFO: ParseTemplate Behavior ::run [ RunTime:0.017035s ]
INFO: [ view_parse ] --END-- [ RunTime:0.017284s ]
INFO: [ view_filter ] --START--
INFO: ContentReplace Behavior ::run [ RunTime:0.000973s ]
INFO: TokenBuild Behavior ::run [ RunTime:0.000815s ]
INFO: WriteHtmlCache Behavior ::run [ RunTime:0.000693s ]
INFO: ShowRuntime Behavior ::run [ RunTime:0.000924s ]
INFO: [ view_filter ] --END-- [ RunTime:0.003643s ]
INFO: [ view_end ] --START--
INFO: ShowPageTrace Behavior ::run [ RunTime:0.001095s ]
INFO: [ view_end ] --END-- [ RunTime:0.001218s ]

[ 2015-04-30T16:48:33+08:00 ] 127.0.0.1 /index.php/Shiti/index.html
INFO: [ route_check ] --START--
INFO: CheckRoute Behavior ::run [ RunTime:0.001533s ]
INFO: [ route_check ] --END-- [ RunTime:0.001786s ]
INFO: [ app_begin ] --START--
INFO: ReadHtmlCache Behavior ::run [ RunTime:0.001097s ]
INFO: [ app_begin ] --END-- [ RunTime:0.001215s ]
SQL: SHOW COLUMNS FROM `com_zhishi` [ RunTime:0.004635s ]
SQL: SELECT COUNT(*) AS tp_count FROM `com_zhishi` LIMIT 1   [ RunTime:0.000350s ]
NOTIC: [8] Undefined variable: qishoucount E:\wamp\www\Home\Lib\Action\ShitiAction.class.php 第 9 行.
SQL: SELECT * FROM `com_zhishi` LIMIT 0,5   [ RunTime:0.000417s ]
INFO: [ view_parse ] --START--
NOTIC: [8] Undefined variable: qishou_list E:\wamp\www\Home\Runtime\Cache\88a7e3c7f95b806dde96c05b6b1f6afa.php 第 211 行.
NOTIC: [8] Undefined variable: qishouPage E:\wamp\www\Home\Runtime\Cache\88a7e3c7f95b806dde96c05b6b1f6afa.php 第 239 行.
INFO: ParseTemplate Behavior ::run [ RunTime:0.032008s ]
INFO: [ view_parse ] --END-- [ RunTime:0.032112s ]
INFO: [ view_filter ] --START--
INFO: ContentReplace Behavior ::run [ RunTime:0.000994s ]
INFO: TokenBuild Behavior ::run [ RunTime:0.000867s ]
INFO: WriteHtmlCache Behavior ::run [ RunTime:0.000734s ]
INFO: ShowRuntime Behavior ::run [ RunTime:0.000958s ]
INFO: [ view_filter ] --END-- [ RunTime:0.003811s ]
INFO: [ view_end ] --START--
INFO: ShowPageTrace Behavior ::run [ RunTime:0.001117s ]
INFO: [ view_end ] --END-- [ RunTime:0.001214s ]

[ 2015-04-30T16:55:06+08:00 ] 127.0.0.1 /index.php/Shiti/index.html
INFO: [ route_check ] --START--
INFO: CheckRoute Behavior ::run [ RunTime:0.001857s ]
INFO: [ route_check ] --END-- [ RunTime:0.002075s ]
INFO: [ app_begin ] --START--
INFO: ReadHtmlCache Behavior ::run [ RunTime:0.000993s ]
INFO: [ app_begin ] --END-- [ RunTime:0.001104s ]
SQL: SHOW COLUMNS FROM `com_zhishi` [ RunTime:0.004162s ]
SQL: SELECT COUNT(*) AS tp_count FROM `com_zhishi` LIMIT 1   [ RunTime:0.000336s ]
SQL: SELECT * FROM `com_zhishi` LIMIT 0,5   [ RunTime:0.000371s ]
INFO: [ view_parse ] --START--
INFO: ParseTemplate Behavior ::run [ RunTime:0.016346s ]
INFO: [ view_parse ] --END-- [ RunTime:0.016457s ]
INFO: [ view_filter ] --START--
INFO: ContentReplace Behavior ::run [ RunTime:0.001245s ]
INFO: TokenBuild Behavior ::run [ RunTime:0.001173s ]
INFO: WriteHtmlCache Behavior ::run [ RunTime:0.001024s ]
INFO: ShowRuntime Behavior ::run [ RunTime:0.001005s ]
INFO: [ view_filter ] --END-- [ RunTime:0.004738s ]
INFO: [ view_end ] --START--
INFO: ShowPageTrace Behavior ::run [ RunTime:0.000942s ]
INFO: [ view_end ] --END-- [ RunTime:0.001032s ]

[ 2015-04-30T16:55:06+08:00 ] 127.0.0.1 /index.php/Shiti/%E3%80%80%E7%99%BD1%E6%89%B3%EF%BC%8C%E9%BB%912%E6%8C%A1%E6%97%B6%EF%BC%8C%E7%99%BD3%E7%82%B9%EF%BC%8C%E9%BB%91%E6%AD%BB%E3%80%82%E7%BC%A9%E5%B0%8F%E5%AF%B9%E6%96%B9%E7%9C%BC%E4%BD%8D%E6%98%AF%E6%9D%80%E6%A3%8B%E7%9A%84%E5%9F%BA%E6%9C%AC%E5%B8%B8%E8%AF%86%E3%80%82%E5%A6%82%E9%BB%91%E5%85%88%EF%BC%8C%E8%B5%B01%E4%BD%8D%E7%AB%8B%E6%98%AF%E6%B4%BB%E6%A3%8B%E3%80%82%20%E3%80%80%E3%80%80%E7%99%BD%E5%85%88%E8%B5%B03%E4%BD%8D%E7%82%B9%E4%B9%9F%E8%83%BD%E6%9D%80%E9%BB%91%EF%BC%8C%E4%BD%86%E5%B7%A6%E6%96%B9%E5%A6%82%E6%9C%89%E9%BB%91%E5%AD%90%E6%97%B6%E5%88%99%E4%B8%8D%E5%A5%BD%E3%80%82
INFO: [ route_check ] --START--
INFO: CheckRoute Behavior ::run [ RunTime:0.001661s ]
INFO: [ route_check ] --END-- [ RunTime:0.001778s ]
INFO: [ app_begin ] --START--
INFO: ReadHtmlCache Behavior ::run [ RunTime:0.000723s ]
INFO: [ app_begin ] --END-- [ RunTime:0.000819s ]
ERR: 非法操作:　白1扳，黑2挡时，白3点，黑死。缩小对方眼位是杀棋的基本常识。如黑先，走1位立是活棋。 　　白先走3位点也能杀黑，但左方如有黑子时则不好。

[ 2015-04-30T16:55:07+08:00 ] 127.0.0.1 /index.php/Shiti/%E3%80%80%E7%99%BD1%E5%8F%AA%E6%AD%A4%E4%B8%80%E6%89%8B%EF%BC%8C%E5%8D%B3%E5%8F%AF%E7%A1%AE%E4%BF%9D%E4%B8%A4%E7%9C%BC%E3%80%82
INFO: [ route_check ] --START--
INFO: CheckRoute Behavior ::run [ RunTime:0.001029s ]
INFO: [ route_check ] --END-- [ RunTime:0.001140s ]
INFO: [ app_begin ] --START--
INFO: ReadHtmlCache Behavior ::run [ RunTime:0.004110s ]
INFO: [ app_begin ] --END-- [ RunTime:0.004216s ]
ERR: 非法操作:　白1只此一手，即可确保两眼。

[ 2015-04-30T16:55:07+08:00 ] 127.0.0.1 /index.php/Shiti/%E9%BB%911%E5%B0%96%E6%98%AF%E5%81%9A%E7%9C%BC%E7%9A%84%E6%80%A5%E6%89%80%EF%BC%8C%E7%99%BD2%E7%A0%B4%E7%9C%BC%EF%BC%8C%E9%BB%913%E5%8D%B3%E5%8F%AF%E5%81%9A%E6%88%90%E4%B8%A4%E5%8F%AA%E7%9C%BC%E3%80%82%20%E3%80%80%E3%80%80%E9%BB%911%E5%A6%82%E5%9C%A83%E4%BD%8D%E5%81%9A%E7%9C%BC%EF%BC%8C%E7%99%BD%E5%9C%A81%E4%BD%8D%E6%89%98%EF%BC%8C%E9%BB%91%E5%87%80%E6%AD%BB%E3%80%82
INFO: [ route_check ] --START--
INFO: CheckRoute Behavior ::run [ RunTime:0.008597s ]
INFO: [ route_check ] --END-- [ RunTime:0.008763s ]
INFO: [ app_begin ] --START--
INFO: ReadHtmlCache Behavior ::run [ RunTime:0.010176s ]
INFO: [ app_begin ] --END-- [ RunTime:0.010320s ]
ERR: 非法操作:黑1尖是做眼的急所，白2破眼，黑3即可做成两只眼。 　　黑1如在3位做眼，白在1位托，黑净死。

[ 2015-04-30T16:55:07+08:00 ] 127.0.0.1 /index.php/Shiti/%E3%80%80%E7%99%BD1%E8%99%8E%E6%98%AF%E5%81%9A%E6%B4%BB%E7%9A%84%E8%A6%81%E7%82%B9%EF%BC%8C%E8%87%B35%E6%8C%A1%E7%99%BD%E5%B7%B2%E6%88%90%E6%B4%BB%E3%80%82
INFO: [ route_check ] --START--
INFO: CheckRoute Behavior ::run [ RunTime:0.001003s ]
INFO: [ route_check ] --END-- [ RunTime:0.001129s ]
INFO: [ app_begin ] --START--
INFO: ReadHtmlCache Behavior ::run [ RunTime:0.000785s ]
INFO: [ app_begin ] --END-- [ RunTime:0.000902s ]
ERR: 非法操作:　白1虎是做活的要点，至5挡白已成活。

[ 2015-04-30T16:55:07+08:00 ] 127.0.0.1 /index.php/Shiti/%E9%BB%911%E7%AB%8B%E5%A5%BD%EF%BC%8C%E7%99%BD2%E6%89%B3%E6%97%B6%EF%BC%8C%E9%BB%913%E6%8C%A1%E6%88%90%E2%80%9C%E7%9B%B4%E5%9B%9B%E2%80%9D%E6%B4%BB%E6%A3%8B%E3%80%82%E5%A6%82%E7%99%BD%E5%85%88%E8%B5%B0%EF%BC%8C%E5%9C%A81%E6%88%962%E4%BD%8D%E6%89%B3%EF%BC%8C%E9%BB%91%E5%8D%B3%E6%AD%BB%E3%80%82
INFO: [ route_check ] --START--
INFO: CheckRoute Behavior ::run [ RunTime:0.001969s ]
INFO: [ route_check ] --END-- [ RunTime:0.002121s ]
INFO: [ app_begin ] --START--
INFO: ReadHtmlCache Behavior ::run [ RunTime:0.001226s ]
INFO: [ app_begin ] --END-- [ RunTime:0.001361s ]
ERR: 非法操作:黑1立好，白2扳时，黑3挡成“直四”活棋。如白先走，在1或2位扳，黑即死。

[ 2015-04-30T16:55:08+08:00 ] 127.0.0.1 /index.php/Shiti/index.html
INFO: [ route_check ] --START--
INFO: CheckRoute Behavior ::run [ RunTime:0.001214s ]
INFO: [ route_check ] --END-- [ RunTime:0.001370s ]
INFO: [ app_begin ] --START--
INFO: ReadHtmlCache Behavior ::run [ RunTime:0.001031s ]
INFO: [ app_begin ] --END-- [ RunTime:0.001141s ]
SQL: SHOW COLUMNS FROM `com_zhishi` [ RunTime:0.003976s ]
SQL: SELECT COUNT(*) AS tp_count FROM `com_zhishi` LIMIT 1   [ RunTime:0.000319s ]
SQL: SELECT * FROM `com_zhishi` LIMIT 0,5   [ RunTime:0.000350s ]
INFO: [ view_parse ] --START--
INFO: ParseTemplate Behavior ::run [ RunTime:0.017985s ]
INFO: [ view_parse ] --END-- [ RunTime:0.018107s ]
INFO: [ view_filter ] --START--
INFO: ContentReplace Behavior ::run [ RunTime:0.001069s ]
INFO: TokenBuild Behavior ::run [ RunTime:0.000848s ]
INFO: WriteHtmlCache Behavior ::run [ RunTime:0.000676s ]
INFO: ShowRuntime Behavior ::run [ RunTime:0.000905s ]
INFO: [ view_filter ] --END-- [ RunTime:0.003738s ]
INFO: [ view_end ] --START--
INFO: ShowPageTrace Behavior ::run [ RunTime:0.001254s ]
INFO: [ view_end ] --END-- [ RunTime:0.001352s ]

[ 2015-04-30T16:55:08+08:00 ] 127.0.0.1 /index.php/Shiti/%E3%80%80%E7%99%BD1%E6%89%B3%EF%BC%8C%E9%BB%912%E6%8C%A1%E6%97%B6%EF%BC%8C%E7%99%BD3%E7%82%B9%EF%BC%8C%E9%BB%91%E6%AD%BB%E3%80%82%E7%BC%A9%E5%B0%8F%E5%AF%B9%E6%96%B9%E7%9C%BC%E4%BD%8D%E6%98%AF%E6%9D%80%E6%A3%8B%E7%9A%84%E5%9F%BA%E6%9C%AC%E5%B8%B8%E8%AF%86%E3%80%82%E5%A6%82%E9%BB%91%E5%85%88%EF%BC%8C%E8%B5%B01%E4%BD%8D%E7%AB%8B%E6%98%AF%E6%B4%BB%E6%A3%8B%E3%80%82%20%E3%80%80%E3%80%80%E7%99%BD%E5%85%88%E8%B5%B03%E4%BD%8D%E7%82%B9%E4%B9%9F%E8%83%BD%E6%9D%80%E9%BB%91%EF%BC%8C%E4%BD%86%E5%B7%A6%E6%96%B9%E5%A6%82%E6%9C%89%E9%BB%91%E5%AD%90%E6%97%B6%E5%88%99%E4%B8%8D%E5%A5%BD%E3%80%82
INFO: [ route_check ] --START--
INFO: CheckRoute Behavior ::run [ RunTime:0.001138s ]
INFO: [ route_check ] --END-- [ RunTime:0.001280s ]
INFO: [ app_begin ] --START--
INFO: ReadHtmlCache Behavior ::run [ RunTime:0.001013s ]
INFO: [ app_begin ] --END-- [ RunTime:0.001134s ]
ERR: 非法操作:　白1扳，黑2挡时，白3点，黑死。缩小对方眼位是杀棋的基本常识。如黑先，走1位立是活棋。 　　白先走3位点也能杀黑，但左方如有黑子时则不好。

[ 2015-04-30T16:55:08+08:00 ] 127.0.0.1 /index.php/Shiti/%E9%BB%911%E5%B0%96%E6%98%AF%E5%81%9A%E7%9C%BC%E7%9A%84%E6%80%A5%E6%89%80%EF%BC%8C%E7%99%BD2%E7%A0%B4%E7%9C%BC%EF%BC%8C%E9%BB%913%E5%8D%B3%E5%8F%AF%E5%81%9A%E6%88%90%E4%B8%A4%E5%8F%AA%E7%9C%BC%E3%80%82%20%E3%80%80%E3%80%80%E9%BB%911%E5%A6%82%E5%9C%A83%E4%BD%8D%E5%81%9A%E7%9C%BC%EF%BC%8C%E7%99%BD%E5%9C%A81%E4%BD%8D%E6%89%98%EF%BC%8C%E9%BB%91%E5%87%80%E6%AD%BB%E3%80%82
INFO: [ route_check ] --START--
INFO: CheckRoute Behavior ::run [ RunTime:0.001231s ]
INFO: [ route_check ] --END-- [ RunTime:0.001391s ]
INFO: [ app_begin ] --START--
INFO: ReadHtmlCache Behavior ::run [ RunTime:0.001583s ]
INFO: [ app_begin ] --END-- [ RunTime:0.001710s ]
ERR: 非法操作:黑1尖是做眼的急所，白2破眼，黑3即可做成两只眼。 　　黑1如在3位做眼，白在1位托，黑净死。

[ 2015-04-30T16:55:08+08:00 ] 127.0.0.1 /index.php/Shiti/%E9%BB%911%E7%AB%8B%E5%A5%BD%EF%BC%8C%E7%99%BD2%E6%89%B3%E6%97%B6%EF%BC%8C%E9%BB%913%E6%8C%A1%E6%88%90%E2%80%9C%E7%9B%B4%E5%9B%9B%E2%80%9D%E6%B4%BB%E6%A3%8B%E3%80%82%E5%A6%82%E7%99%BD%E5%85%88%E8%B5%B0%EF%BC%8C%E5%9C%A81%E6%88%962%E4%BD%8D%E6%89%B3%EF%BC%8C%E9%BB%91%E5%8D%B3%E6%AD%BB%E3%80%82
INFO: [ route_check ] --START--
INFO: CheckRoute Behavior ::run [ RunTime:0.000723s ]
INFO: [ route_check ] --END-- [ RunTime:0.000832s ]
INFO: [ app_begin ] --START--
INFO: ReadHtmlCache Behavior ::run [ RunTime:0.000534s ]
INFO: [ app_begin ] --END-- [ RunTime:0.000625s ]
ERR: 非法操作:黑1立好，白2扳时，黑3挡成“直四”活棋。如白先走，在1或2位扳，黑即死。

[ 2015-04-30T16:55:08+08:00 ] 127.0.0.1 /index.php/Shiti/%E3%80%80%E7%99%BD1%E8%99%8E%E6%98%AF%E5%81%9A%E6%B4%BB%E7%9A%84%E8%A6%81%E7%82%B9%EF%BC%8C%E8%87%B35%E6%8C%A1%E7%99%BD%E5%B7%B2%E6%88%90%E6%B4%BB%E3%80%82
INFO: [ route_check ] --START--
INFO: CheckRoute Behavior ::run [ RunTime:0.001087s ]
INFO: [ route_check ] --END-- [ RunTime:0.001210s ]
INFO: [ app_begin ] --START--
INFO: ReadHtmlCache Behavior ::run [ RunTime:0.001303s ]
INFO: [ app_begin ] --END-- [ RunTime:0.001403s ]
ERR: 非法操作:　白1虎是做活的要点，至5挡白已成活。

[ 2015-04-30T16:55:08+08:00 ] 127.0.0.1 /index.php/Shiti/%E3%80%80%E7%99%BD1%E5%8F%AA%E6%AD%A4%E4%B8%80%E6%89%8B%EF%BC%8C%E5%8D%B3%E5%8F%AF%E7%A1%AE%E4%BF%9D%E4%B8%A4%E7%9C%BC%E3%80%82
INFO: [ route_check ] --START--
INFO: CheckRoute Behavior ::run [ RunTime:0.001112s ]
INFO: [ route_check ] --END-- [ RunTime:0.001322s ]
INFO: [ app_begin ] --START--
INFO: ReadHtmlCache Behavior ::run [ RunTime:0.000763s ]
INFO: [ app_begin ] --END-- [ RunTime:0.000893s ]
ERR: 非法操作:　白1只此一手，即可确保两眼。

[ 2015-04-30T16:56:25+08:00 ] 127.0.0.1 /index.php/Shiti/index.html
INFO: [ route_check ] --START--
INFO: CheckRoute Behavior ::run [ RunTime:0.001141s ]
INFO: [ route_check ] --END-- [ RunTime:0.001296s ]
INFO: [ app_begin ] --START--
INFO: ReadHtmlCache Behavior ::run [ RunTime:0.000923s ]
INFO: [ app_begin ] --END-- [ RunTime:0.001025s ]
SQL: SHOW COLUMNS FROM `com_zhishi` [ RunTime:0.004465s ]
SQL: SELECT COUNT(*) AS tp_count FROM `com_zhishi` LIMIT 1   [ RunTime:0.000369s ]
SQL: SELECT * FROM `com_zhishi` LIMIT 0,5   [ RunTime:0.000380s ]
INFO: [ view_parse ] --START--
INFO: ParseTemplate Behavior ::run [ RunTime:0.017684s ]
INFO: [ view_parse ] --END-- [ RunTime:0.017795s ]
INFO: [ view_filter ] --START--
INFO: ContentReplace Behavior ::run [ RunTime:0.001056s ]
INFO: TokenBuild Behavior ::run [ RunTime:0.000820s ]
INFO: WriteHtmlCache Behavior ::run [ RunTime:0.000681s ]
INFO: ShowRuntime Behavior ::run [ RunTime:0.000911s ]
INFO: [ view_filter ] --END-- [ RunTime:0.003705s ]
INFO: [ view_end ] --START--
INFO: ShowPageTrace Behavior ::run [ RunTime:0.000949s ]
INFO: [ view_end ] --END-- [ RunTime:0.001039s ]

[ 2015-04-30T16:56:25+08:00 ] 127.0.0.1 /index.php/Shiti/%E9%BB%911%E5%B0%96%E6%98%AF%E5%81%9A%E7%9C%BC%E7%9A%84%E6%80%A5%E6%89%80%EF%BC%8C%E7%99%BD2%E7%A0%B4%E7%9C%BC%EF%BC%8C%E9%BB%913%E5%8D%B3%E5%8F%AF%E5%81%9A%E6%88%90%E4%B8%A4%E5%8F%AA%E7%9C%BC%E3%80%82%20%E3%80%80%E3%80%80%E9%BB%911%E5%A6%82%E5%9C%A83%E4%BD%8D%E5%81%9A%E7%9C%BC%EF%BC%8C%E7%99%BD%E5%9C%A81%E4%BD%8D%E6%89%98%EF%BC%8C%E9%BB%91%E5%87%80%E6%AD%BB%E3%80%82
INFO: [ route_check ] --START--
INFO: CheckRoute Behavior ::run [ RunTime:0.000723s ]
INFO: [ route_check ] --END-- [ RunTime:0.000829s ]
INFO: [ app_begin ] --START--
INFO: ReadHtmlCache Behavior ::run [ RunTime:0.000538s ]
INFO: [ app_begin ] --END-- [ RunTime:0.000627s ]
ERR: 非法操作:黑1尖是做眼的急所，白2破眼，黑3即可做成两只眼。 　　黑1如在3位做眼，白在1位托，黑净死。

[ 2015-04-30T16:56:25+08:00 ] 127.0.0.1 /index.php/Shiti/%E3%80%80%E7%99%BD1%E6%89%B3%EF%BC%8C%E9%BB%912%E6%8C%A1%E6%97%B6%EF%BC%8C%E7%99%BD3%E7%82%B9%EF%BC%8C%E9%BB%91%E6%AD%BB%E3%80%82%E7%BC%A9%E5%B0%8F%E5%AF%B9%E6%96%B9%E7%9C%BC%E4%BD%8D%E6%98%AF%E6%9D%80%E6%A3%8B%E7%9A%84%E5%9F%BA%E6%9C%AC%E5%B8%B8%E8%AF%86%E3%80%82%E5%A6%82%E9%BB%91%E5%85%88%EF%BC%8C%E8%B5%B01%E4%BD%8D%E7%AB%8B%E6%98%AF%E6%B4%BB%E6%A3%8B%E3%80%82%20%E3%80%80%E3%80%80%E7%99%BD%E5%85%88%E8%B5%B03%E4%BD%8D%E7%82%B9%E4%B9%9F%E8%83%BD%E6%9D%80%E9%BB%91%EF%BC%8C%E4%BD%86%E5%B7%A6%E6%96%B9%E5%A6%82%E6%9C%89%E9%BB%91%E5%AD%90%E6%97%B6%E5%88%99%E4%B8%8D%E5%A5%BD%E3%80%82
INFO: [ route_check ] --START--
INFO: CheckRoute Behavior ::run [ RunTime:0.001370s ]
INFO: [ route_check ] --END-- [ RunTime:0.001567s ]
INFO: [ app_begin ] --START--
INFO: ReadHtmlCache Behavior ::run [ RunTime:0.001546s ]
INFO: [ app_begin ] --END-- [ RunTime:0.001731s ]
ERR: 非法操作:　白1扳，黑2挡时，白3点，黑死。缩小对方眼位是杀棋的基本常识。如黑先，走1位立是活棋。 　　白先走3位点也能杀黑，但左方如有黑子时则不好。

[ 2015-04-30T16:56:25+08:00 ] 127.0.0.1 /index.php/Shiti/%E9%BB%911%E7%AB%8B%E5%A5%BD%EF%BC%8C%E7%99%BD2%E6%89%B3%E6%97%B6%EF%BC%8C%E9%BB%913%E6%8C%A1%E6%88%90%E2%80%9C%E7%9B%B4%E5%9B%9B%E2%80%9D%E6%B4%BB%E6%A3%8B%E3%80%82%E5%A6%82%E7%99%BD%E5%85%88%E8%B5%B0%EF%BC%8C%E5%9C%A81%E6%88%962%E4%BD%8D%E6%89%B3%EF%BC%8C%E9%BB%91%E5%8D%B3%E6%AD%BB%E3%80%82
INFO: [ route_check ] --START--
INFO: CheckRoute Behavior ::run [ RunTime:0.001016s ]
INFO: [ route_check ] --END-- [ RunTime:0.001160s ]
INFO: [ app_begin ] --START--
INFO: ReadHtmlCache Behavior ::run [ RunTime:0.000731s ]
INFO: [ app_begin ] --END-- [ RunTime:0.000853s ]
ERR: 非法操作:黑1立好，白2扳时，黑3挡成“直四”活棋。如白先走，在1或2位扳，黑即死。

[ 2015-04-30T16:56:25+08:00 ] 127.0.0.1 /index.php/Shiti/%E3%80%80%E7%99%BD1%E8%99%8E%E6%98%AF%E5%81%9A%E6%B4%BB%E7%9A%84%E8%A6%81%E7%82%B9%EF%BC%8C%E8%87%B35%E6%8C%A1%E7%99%BD%E5%B7%B2%E6%88%90%E6%B4%BB%E3%80%82
INFO: [ route_check ] --START--
INFO: CheckRoute Behavior ::run [ RunTime:0.000721s ]
INFO: [ route_check ] --END-- [ RunTime:0.000839s ]
INFO: [ app_begin ] --START--
INFO: ReadHtmlCache Behavior ::run [ RunTime:0.000599s ]
INFO: [ app_begin ] --END-- [ RunTime:0.000685s ]
ERR: 非法操作:　白1虎是做活的要点，至5挡白已成活。

[ 2015-04-30T16:56:25+08:00 ] 127.0.0.1 /index.php/Shiti/%E3%80%80%E7%99%BD1%E5%8F%AA%E6%AD%A4%E4%B8%80%E6%89%8B%EF%BC%8C%E5%8D%B3%E5%8F%AF%E7%A1%AE%E4%BF%9D%E4%B8%A4%E7%9C%BC%E3%80%82
INFO: [ route_check ] --START--
INFO: CheckRoute Behavior ::run [ RunTime:0.000775s ]
INFO: [ route_check ] --END-- [ RunTime:0.000889s ]
INFO: [ app_begin ] --START--
INFO: ReadHtmlCache Behavior ::run [ RunTime:0.000531s ]
INFO: [ app_begin ] --END-- [ RunTime:0.000623s ]
ERR: 非法操作:　白1只此一手，即可确保两眼。

[ 2015-04-30T16:56:49+08:00 ] 127.0.0.1 /index.php/Shiti/index.html
INFO: [ route_check ] --START--
INFO: CheckRoute Behavior ::run [ RunTime:0.001836s ]
INFO: [ route_check ] --END-- [ RunTime:0.001984s ]
INFO: [ app_begin ] --START--
INFO: ReadHtmlCache Behavior ::run [ RunTime:0.001217s ]
INFO: [ app_begin ] --END-- [ RunTime:0.001352s ]
SQL: SHOW COLUMNS FROM `com_zhishi` [ RunTime:0.003655s ]
SQL: SELECT COUNT(*) AS tp_count FROM `com_zhishi` LIMIT 1   [ RunTime:0.000319s ]
SQL: SELECT * FROM `com_zhishi` LIMIT 0,5   [ RunTime:0.000344s ]
INFO: [ view_parse ] --START--
INFO: ParseTemplate Behavior ::run [ RunTime:0.017272s ]
INFO: [ view_parse ] --END-- [ RunTime:0.017385s ]
INFO: [ view_filter ] --START--
INFO: ContentReplace Behavior ::run [ RunTime:0.001017s ]
INFO: TokenBuild Behavior ::run [ RunTime:0.000812s ]
INFO: WriteHtmlCache Behavior ::run [ RunTime:0.000670s ]
INFO: ShowRuntime Behavior ::run [ RunTime:0.000891s ]
INFO: [ view_filter ] --END-- [ RunTime:0.003637s ]
INFO: [ view_end ] --START--
INFO: ShowPageTrace Behavior ::run [ RunTime:0.000938s ]
INFO: [ view_end ] --END-- [ RunTime:0.001029s ]

[ 2015-04-30T16:56:54+08:00 ] 127.0.0.1 /index.php/Shiti/index/p/2.html
INFO: [ route_check ] --START--
INFO: CheckRoute Behavior ::run [ RunTime:0.001454s ]
INFO: [ route_check ] --END-- [ RunTime:0.001953s ]
INFO: [ app_begin ] --START--
INFO: ReadHtmlCache Behavior ::run [ RunTime:0.001722s ]
INFO: [ app_begin ] --END-- [ RunTime:0.001851s ]
SQL: SHOW COLUMNS FROM `com_zhishi` [ RunTime:0.004769s ]
SQL: SELECT COUNT(*) AS tp_count FROM `com_zhishi` LIMIT 1   [ RunTime:0.000441s ]
SQL: SELECT * FROM `com_zhishi` LIMIT 5,5   [ RunTime:0.000402s ]
INFO: [ view_parse ] --START--
INFO: ParseTemplate Behavior ::run [ RunTime:0.018932s ]
INFO: [ view_parse ] --END-- [ RunTime:0.019055s ]
INFO: [ view_filter ] --START--
INFO: ContentReplace Behavior ::run [ RunTime:0.001159s ]
INFO: TokenBuild Behavior ::run [ RunTime:0.000967s ]
INFO: WriteHtmlCache Behavior ::run [ RunTime:0.001089s ]
INFO: ShowRuntime Behavior ::run [ RunTime:0.000946s ]
INFO: [ view_filter ] --END-- [ RunTime:0.004416s ]
INFO: [ view_end ] --START--
INFO: ShowPageTrace Behavior ::run [ RunTime:0.000948s ]
INFO: [ view_end ] --END-- [ RunTime:0.001037s ]

[ 2015-04-30T16:56:57+08:00 ] 127.0.0.1 /index.php/Shiti/index/p/1.html
INFO: [ route_check ] --START--
INFO: CheckRoute Behavior ::run [ RunTime:0.001209s ]
INFO: [ route_check ] --END-- [ RunTime:0.001352s ]
INFO: [ app_begin ] --START--
INFO: ReadHtmlCache Behavior ::run [ RunTime:0.000998s ]
INFO: [ app_begin ] --END-- [ RunTime:0.001110s ]
SQL: SHOW COLUMNS FROM `com_zhishi` [ RunTime:0.010213s ]
SQL: SELECT COUNT(*) AS tp_count FROM `com_zhishi` LIMIT 1   [ RunTime:0.000754s ]
SQL: SELECT * FROM `com_zhishi` LIMIT 0,5   [ RunTime:0.000310s ]
INFO: [ view_parse ] --START--
INFO: ParseTemplate Behavior ::run [ RunTime:0.017097s ]
INFO: [ view_parse ] --END-- [ RunTime:0.017240s ]
INFO: [ view_filter ] --START--
INFO: ContentReplace Behavior ::run [ RunTime:0.001591s ]
INFO: TokenBuild Behavior ::run [ RunTime:0.001288s ]
INFO: WriteHtmlCache Behavior ::run [ RunTime:0.001143s ]
INFO: ShowRuntime Behavior ::run [ RunTime:0.001441s ]
INFO: [ view_filter ] --END-- [ RunTime:0.005842s ]
INFO: [ view_end ] --START--
INFO: ShowPageTrace Behavior ::run [ RunTime:0.001156s ]
INFO: [ view_end ] --END-- [ RunTime:0.001257s ]

[ 2015-04-30T16:56:59+08:00 ] 127.0.0.1 /index.php/Shiti/index/p/4.html
INFO: [ route_check ] --START--
INFO: CheckRoute Behavior ::run [ RunTime:0.001134s ]
INFO: [ route_check ] --END-- [ RunTime:0.001272s ]
INFO: [ app_begin ] --START--
INFO: ReadHtmlCache Behavior ::run [ RunTime:0.000931s ]
INFO: [ app_begin ] --END-- [ RunTime:0.001034s ]
SQL: SHOW COLUMNS FROM `com_zhishi` [ RunTime:0.003562s ]
SQL: SELECT COUNT(*) AS tp_count FROM `com_zhishi` LIMIT 1   [ RunTime:0.000345s ]
SQL: SELECT * FROM `com_zhishi` LIMIT 15,5   [ RunTime:0.000529s ]
INFO: [ view_parse ] --START--
INFO: ParseTemplate Behavior ::run [ RunTime:0.017996s ]
INFO: [ view_parse ] --END-- [ RunTime:0.018107s ]
INFO: [ view_filter ] --START--
INFO: ContentReplace Behavior ::run [ RunTime:0.001074s ]
INFO: TokenBuild Behavior ::run [ RunTime:0.000839s ]
INFO: WriteHtmlCache Behavior ::run [ RunTime:0.000682s ]
INFO: ShowRuntime Behavior ::run [ RunTime:0.000950s ]
INFO: [ view_filter ] --END-- [ RunTime:0.003783s ]
INFO: [ view_end ] --START--
INFO: ShowPageTrace Behavior ::run [ RunTime:0.001145s ]
INFO: [ view_end ] --END-- [ RunTime:0.001263s ]

[ 2015-04-30T16:57:09+08:00 ] 127.0.0.1 /index.php/Shiti/index/p/5.html
INFO: [ route_check ] --START--
INFO: CheckRoute Behavior ::run [ RunTime:0.001422s ]
INFO: [ route_check ] --END-- [ RunTime:0.001689s ]
INFO: [ app_begin ] --START--
INFO: ReadHtmlCache Behavior ::run [ RunTime:0.000898s ]
INFO: [ app_begin ] --END-- [ RunTime:0.001056s ]
SQL: SHOW COLUMNS FROM `com_zhishi` [ RunTime:0.004509s ]
SQL: SELECT COUNT(*) AS tp_count FROM `com_zhishi` LIMIT 1   [ RunTime:0.000325s ]
SQL: SELECT * FROM `com_zhishi` LIMIT 20,5   [ RunTime:0.000446s ]
INFO: [ view_parse ] --START--
INFO: ParseTemplate Behavior ::run [ RunTime:0.022796s ]
INFO: [ view_parse ] --END-- [ RunTime:0.022918s ]
INFO: [ view_filter ] --START--
INFO: ContentReplace Behavior ::run [ RunTime:0.000891s ]
INFO: TokenBuild Behavior ::run [ RunTime:0.000667s ]
INFO: WriteHtmlCache Behavior ::run [ RunTime:0.000502s ]
INFO: ShowRuntime Behavior ::run [ RunTime:0.000751s ]
INFO: [ view_filter ] --END-- [ RunTime:0.003069s ]
INFO: [ view_end ] --START--
INFO: ShowPageTrace Behavior ::run [ RunTime:0.000743s ]
INFO: [ view_end ] --END-- [ RunTime:0.000824s ]

[ 2015-04-30T16:57:11+08:00 ] 127.0.0.1 /index.php/Shiti/index/p/6.html
INFO: [ route_check ] --START--
INFO: CheckRoute Behavior ::run [ RunTime:0.000775s ]
INFO: [ route_check ] --END-- [ RunTime:0.000889s ]
INFO: [ app_begin ] --START--
INFO: ReadHtmlCache Behavior ::run [ RunTime:0.000557s ]
INFO: [ app_begin ] --END-- [ RunTime:0.000645s ]
SQL: SHOW COLUMNS FROM `com_zhishi` [ RunTime:0.004094s ]
SQL: SELECT COUNT(*) AS tp_count FROM `com_zhishi` LIMIT 1   [ RunTime:0.000968s ]
SQL: SELECT * FROM `com_zhishi` LIMIT 25,5   [ RunTime:0.000440s ]
INFO: [ view_parse ] --START--
INFO: ParseTemplate Behavior ::run [ RunTime:0.018002s ]
INFO: [ view_parse ] --END-- [ RunTime:0.018119s ]
INFO: [ view_filter ] --START--
INFO: ContentReplace Behavior ::run [ RunTime:0.000847s ]
INFO: TokenBuild Behavior ::run [ RunTime:0.000611s ]
INFO: WriteHtmlCache Behavior ::run [ RunTime:0.000499s ]
INFO: ShowRuntime Behavior ::run [ RunTime:0.000763s ]
INFO: [ view_filter ] --END-- [ RunTime:0.002964s ]
INFO: [ view_end ] --START--
INFO: ShowPageTrace Behavior ::run [ RunTime:0.000840s ]
INFO: [ view_end ] --END-- [ RunTime:0.000931s ]

[ 2015-04-30T16:57:14+08:00 ] 127.0.0.1 /index.php/Shiti/index/p/7.html
INFO: [ route_check ] --START--
INFO: CheckRoute Behavior ::run [ RunTime:0.000771s ]
INFO: [ route_check ] --END-- [ RunTime:0.000885s ]
INFO: [ app_begin ] --START--
INFO: ReadHtmlCache Behavior ::run [ RunTime:0.000532s ]
INFO: [ app_begin ] --END-- [ RunTime:0.000628s ]
SQL: SHOW COLUMNS FROM `com_zhishi` [ RunTime:0.004600s ]
SQL: SELECT COUNT(*) AS tp_count FROM `com_zhishi` LIMIT 1   [ RunTime:0.000348s ]
SQL: SELECT * FROM `com_zhishi` LIMIT 30,5   [ RunTime:0.000468s ]
INFO: [ view_parse ] --START--
INFO: ParseTemplate Behavior ::run [ RunTime:0.015065s ]
INFO: [ view_parse ] --END-- [ RunTime:0.015178s ]
INFO: [ view_filter ] --START--
INFO: ContentReplace Behavior ::run [ RunTime:0.001124s ]
INFO: TokenBuild Behavior ::run [ RunTime:0.000762s ]
INFO: WriteHtmlCache Behavior ::run [ RunTime:0.000830s ]
INFO: ShowRuntime Behavior ::run [ RunTime:0.000887s ]
INFO: [ view_filter ] --END-- [ RunTime:0.003889s ]
INFO: [ view_end ] --START--
INFO: ShowPageTrace Behavior ::run [ RunTime:0.001115s ]
INFO: [ view_end ] --END-- [ RunTime:0.001219s ]

[ 2015-04-30T16:57:19+08:00 ] 127.0.0.1 /index.php/Shiti/index/p/8.html
INFO: [ route_check ] --START--
INFO: CheckRoute Behavior ::run [ RunTime:0.000755s ]
INFO: [ route_check ] --END-- [ RunTime:0.000863s ]
INFO: [ app_begin ] --START--
INFO: ReadHtmlCache Behavior ::run [ RunTime:0.000552s ]
INFO: [ app_begin ] --END-- [ RunTime:0.000639s ]
SQL: SHOW COLUMNS FROM `com_zhishi` [ RunTime:0.004486s ]
SQL: SELECT COUNT(*) AS tp_count FROM `com_zhishi` LIMIT 1   [ RunTime:0.000369s ]
SQL: SELECT * FROM `com_zhishi` LIMIT 35,5   [ RunTime:0.000579s ]
INFO: [ view_parse ] --START--
INFO: ParseTemplate Behavior ::run [ RunTime:0.021974s ]
INFO: [ view_parse ] --END-- [ RunTime:0.022109s ]
INFO: [ view_filter ] --START--
INFO: ContentReplace Behavior ::run [ RunTime:0.000887s ]
INFO: TokenBuild Behavior ::run [ RunTime:0.000623s ]
INFO: WriteHtmlCache Behavior ::run [ RunTime:0.000505s ]
INFO: ShowRuntime Behavior ::run [ RunTime:0.000759s ]
INFO: [ view_filter ] --END-- [ RunTime:0.003019s ]
INFO: [ view_end ] --START--
INFO: ShowPageTrace Behavior ::run [ RunTime:0.000752s ]
INFO: [ view_end ] --END-- [ RunTime:0.000837s ]

[ 2015-04-30T17:01:15+08:00 ] 127.0.0.1 /index.php/Shiti/index/p/8.html
INFO: [ route_check ] --START--
INFO: CheckRoute Behavior ::run [ RunTime:0.000985s ]
INFO: [ route_check ] --END-- [ RunTime:0.001121s ]
INFO: [ app_begin ] --START--
INFO: ReadHtmlCache Behavior ::run [ RunTime:0.000637s ]
INFO: [ app_begin ] --END-- [ RunTime:0.000722s ]
SQL: SHOW COLUMNS FROM `com_zhishi` [ RunTime:0.004211s ]
SQL: SELECT COUNT(*) AS tp_count FROM `com_zhishi` WHERE ( zhishicatename="死活" and  zhishicatename="手筋" zhishicatename="定式" zhishicatename="官子" ) LIMIT 1   [ RunTime:0.000244s ]
ERR: 1064:You have an error in your SQL syntax; check the manual that corresponds to your MySQL server version for the right syntax to use near 'zhishicatename="定式" zhishicatename="官子" ) LIMIT 1' at line 1
 [ SQL语句 ] : SELECT COUNT(*) AS tp_count FROM `com_zhishi` WHERE ( zhishicatename="死活" and  zhishicatename="手筋" zhishicatename="定式" zhishicatename="官子" ) LIMIT 1  
SQL: SELECT * FROM `com_zhishi` LIMIT 35,5   [ RunTime:0.000491s ]
INFO: [ view_parse ] --START--
INFO: ParseTemplate Behavior ::run [ RunTime:0.022130s ]
INFO: [ view_parse ] --END-- [ RunTime:0.022242s ]
INFO: [ view_filter ] --START--
INFO: ContentReplace Behavior ::run [ RunTime:0.000764s ]
INFO: TokenBuild Behavior ::run [ RunTime:0.000560s ]
INFO: WriteHtmlCache Behavior ::run [ RunTime:0.000411s ]
INFO: ShowRuntime Behavior ::run [ RunTime:0.000885s ]
INFO: [ view_filter ] --END-- [ RunTime:0.002852s ]
INFO: [ view_end ] --START--
INFO: ShowPageTrace Behavior ::run [ RunTime:0.000788s ]
INFO: [ view_end ] --END-- [ RunTime:0.000872s ]

[ 2015-04-30T17:01:18+08:00 ] 127.0.0.1 /index.php/Qishou/index.html
INFO: [ route_check ] --START--
INFO: CheckRoute Behavior ::run [ RunTime:0.000759s ]
INFO: [ route_check ] --END-- [ RunTime:0.000870s ]
INFO: [ app_begin ] --START--
INFO: ReadHtmlCache Behavior ::run [ RunTime:0.000586s ]
INFO: [ app_begin ] --END-- [ RunTime:0.000684s ]
SQL: SHOW COLUMNS FROM `com_qishou` [ RunTime:0.005053s ]
SQL: SELECT COUNT(*) AS tp_count FROM `com_qishou` LIMIT 1   [ RunTime:0.000437s ]
SQL: SELECT * FROM `com_qishou` LIMIT 0,5   [ RunTime:0.000646s ]
INFO: [ view_parse ] --START--
INFO: ParseTemplate Behavior ::run [ RunTime:0.016137s ]
INFO: [ view_parse ] --END-- [ RunTime:0.016271s ]
INFO: [ view_filter ] --START--
INFO: ContentReplace Behavior ::run [ RunTime:0.000825s ]
INFO: TokenBuild Behavior ::run [ RunTime:0.000523s ]
INFO: WriteHtmlCache Behavior ::run [ RunTime:0.000310s ]
INFO: ShowRuntime Behavior ::run [ RunTime:0.000596s ]
INFO: [ view_filter ] --END-- [ RunTime:0.002486s ]
INFO: [ view_end ] --START--
INFO: ShowPageTrace Behavior ::run [ RunTime:0.000942s ]
INFO: [ view_end ] --END-- [ RunTime:0.001033s ]

[ 2015-04-30T17:01:19+08:00 ] 127.0.0.1 /index.php/Shiti/index.html
INFO: [ route_check ] --START--
INFO: CheckRoute Behavior ::run [ RunTime:0.000819s ]
INFO: [ route_check ] --END-- [ RunTime:0.000930s ]
INFO: [ app_begin ] --START--
INFO: ReadHtmlCache Behavior ::run [ RunTime:0.000655s ]
INFO: [ app_begin ] --END-- [ RunTime:0.000761s ]
SQL: SHOW COLUMNS FROM `com_zhishi` [ RunTime:0.004170s ]
SQL: SELECT COUNT(*) AS tp_count FROM `com_zhishi` WHERE ( zhishicatename="死活" and  zhishicatename="手筋" zhishicatename="定式" zhishicatename="官子" ) LIMIT 1   [ RunTime:0.000244s ]
ERR: 1064:You have an error in your SQL syntax; check the manual that corresponds to your MySQL server version for the right syntax to use near 'zhishicatename="定式" zhishicatename="官子" ) LIMIT 1' at line 1
 [ SQL语句 ] : SELECT COUNT(*) AS tp_count FROM `com_zhishi` WHERE ( zhishicatename="死活" and  zhishicatename="手筋" zhishicatename="定式" zhishicatename="官子" ) LIMIT 1  
SQL: SELECT * FROM `com_zhishi` LIMIT 0,5   [ RunTime:0.000325s ]
INFO: [ view_parse ] --START--
INFO: ParseTemplate Behavior ::run [ RunTime:0.015457s ]
INFO: [ view_parse ] --END-- [ RunTime:0.015601s ]
INFO: [ view_filter ] --START--
INFO: ContentReplace Behavior ::run [ RunTime:0.000797s ]
INFO: TokenBuild Behavior ::run [ RunTime:0.000602s ]
INFO: WriteHtmlCache Behavior ::run [ RunTime:0.000352s ]
INFO: ShowRuntime Behavior ::run [ RunTime:0.000615s ]
INFO: [ view_filter ] --END-- [ RunTime:0.002607s ]
INFO: [ view_end ] --START--
INFO: ShowPageTrace Behavior ::run [ RunTime:0.000707s ]
INFO: [ view_end ] --END-- [ RunTime:0.000789s ]

[ 2015-04-30T17:02:23+08:00 ] 127.0.0.1 /index.php/Shiti/index.html
INFO: [ route_check ] --START--
INFO: CheckRoute Behavior ::run [ RunTime:0.000714s ]
INFO: [ route_check ] --END-- [ RunTime:0.000822s ]
INFO: [ app_begin ] --START--
INFO: ReadHtmlCache Behavior ::run [ RunTime:0.000649s ]
INFO: [ app_begin ] --END-- [ RunTime:0.000737s ]
SQL: SHOW COLUMNS FROM `com_zhishi` [ RunTime:0.003934s ]
SQL: SELECT COUNT(*) AS tp_count FROM `com_zhishi` WHERE ( zhishicatename="死活" and  zhishicatename="手筋" zhishicatename="定式" zhishicatename="官子" ) LIMIT 1   [ RunTime:0.000220s ]
ERR: 1064:You have an error in your SQL syntax; check the manual that corresponds to your MySQL server version for the right syntax to use near 'zhishicatename="定式" zhishicatename="官子" ) LIMIT 1' at line 1
 [ SQL语句 ] : SELECT COUNT(*) AS tp_count FROM `com_zhishi` WHERE ( zhishicatename="死活" and  zhishicatename="手筋" zhishicatename="定式" zhishicatename="官子" ) LIMIT 1  
SQL: SELECT * FROM `com_zhishi` LIMIT 0,5   [ RunTime:0.000324s ]
INFO: [ view_parse ] --START--
INFO: ParseTemplate Behavior ::run [ RunTime:0.015104s ]
INFO: [ view_parse ] --END-- [ RunTime:0.015214s ]
INFO: [ view_filter ] --START--
INFO: ContentReplace Behavior ::run [ RunTime:0.000862s ]
INFO: TokenBuild Behavior ::run [ RunTime:0.000547s ]
INFO: WriteHtmlCache Behavior ::run [ RunTime:0.000316s ]
INFO: ShowRuntime Behavior ::run [ RunTime:0.000579s ]
INFO: [ view_filter ] --END-- [ RunTime:0.002536s ]
INFO: [ view_end ] --START--
INFO: ShowPageTrace Behavior ::run [ RunTime:0.000703s ]
INFO: [ view_end ] --END-- [ RunTime:0.000783s ]

[ 2015-04-30T17:03:14+08:00 ] 127.0.0.1 /index.php/Shiti/index.html
INFO: [ route_check ] --START--
INFO: CheckRoute Behavior ::run [ RunTime:0.000747s ]
INFO: [ route_check ] --END-- [ RunTime:0.000856s ]
INFO: [ app_begin ] --START--
INFO: ReadHtmlCache Behavior ::run [ RunTime:0.000568s ]
INFO: [ app_begin ] --END-- [ RunTime:0.000659s ]
SQL: SHOW COLUMNS FROM `com_zhishi` [ RunTime:0.003640s ]
SQL: SELECT COUNT(*) AS tp_count FROM `com_zhishi` WHERE ( `zhishicatename` = 'zhishicatename=\"死活\" or   zhishicatename=\"手筋\"  or zhishicatename=\"定式\" or zhishicatename=\"官子\"' ) LIMIT 1   [ RunTime:0.000390s ]
SQL: SELECT * FROM `com_zhishi` LIMIT 0,5   [ RunTime:0.000384s ]
INFO: [ view_parse ] --START--
INFO: ParseTemplate Behavior ::run [ RunTime:0.015204s ]
INFO: [ view_parse ] --END-- [ RunTime:0.015319s ]
INFO: [ view_filter ] --START--
INFO: ContentReplace Behavior ::run [ RunTime:0.000756s ]
INFO: TokenBuild Behavior ::run [ RunTime:0.000531s ]
INFO: WriteHtmlCache Behavior ::run [ RunTime:0.000304s ]
INFO: ShowRuntime Behavior ::run [ RunTime:0.000573s ]
INFO: [ view_filter ] --END-- [ RunTime:0.002391s ]
INFO: [ view_end ] --START--
INFO: ShowPageTrace Behavior ::run [ RunTime:0.000707s ]
INFO: [ view_end ] --END-- [ RunTime:0.000789s ]

[ 2015-04-30T17:03:19+08:00 ] 127.0.0.1 /index.php/Shiti/index.html
INFO: [ route_check ] --START--
INFO: CheckRoute Behavior ::run [ RunTime:0.001633s ]
INFO: [ route_check ] --END-- [ RunTime:0.001827s ]
INFO: [ app_begin ] --START--
INFO: ReadHtmlCache Behavior ::run [ RunTime:0.000709s ]
INFO: [ app_begin ] --END-- [ RunTime:0.000801s ]
SQL: SHOW COLUMNS FROM `com_zhishi` [ RunTime:0.003883s ]
SQL: SELECT COUNT(*) AS tp_count FROM `com_zhishi` WHERE ( `zhishicatename` = 'zhishicatename=\"死活\" or   zhishicatename=\"手筋\"  or zhishicatename=\"定式\" or zhishicatename=\"官子\"' ) LIMIT 1   [ RunTime:0.000749s ]
SQL: SELECT * FROM `com_zhishi` LIMIT 0,5   [ RunTime:0.000400s ]
INFO: [ view_parse ] --START--
INFO: ParseTemplate Behavior ::run [ RunTime:0.015778s ]
INFO: [ view_parse ] --END-- [ RunTime:0.015911s ]
INFO: [ view_filter ] --START--
INFO: ContentReplace Behavior ::run [ RunTime:0.001419s ]
INFO: TokenBuild Behavior ::run [ RunTime:0.001179s ]
INFO: WriteHtmlCache Behavior ::run [ RunTime:0.000900s ]
INFO: ShowRuntime Behavior ::run [ RunTime:0.000925s ]
INFO: [ view_filter ] --END-- [ RunTime:0.004827s ]
INFO: [ view_end ] --START--
INFO: ShowPageTrace Behavior ::run [ RunTime:0.000985s ]
INFO: [ view_end ] --END-- [ RunTime:0.001087s ]

[ 2015-04-30T17:03:20+08:00 ] 127.0.0.1 /index.php/Shiti/index.html
INFO: [ route_check ] --START--
INFO: CheckRoute Behavior ::run [ RunTime:0.001364s ]
INFO: [ route_check ] --END-- [ RunTime:0.001557s ]
INFO: [ app_begin ] --START--
INFO: ReadHtmlCache Behavior ::run [ RunTime:0.000643s ]
INFO: [ app_begin ] --END-- [ RunTime:0.000742s ]
SQL: SHOW COLUMNS FROM `com_zhishi` [ RunTime:0.004009s ]
SQL: SELECT COUNT(*) AS tp_count FROM `com_zhishi` WHERE ( `zhishicatename` = 'zhishicatename=\"死活\" or   zhishicatename=\"手筋\"  or zhishicatename=\"定式\" or zhishicatename=\"官子\"' ) LIMIT 1   [ RunTime:0.000392s ]
SQL: SELECT * FROM `com_zhishi` LIMIT 0,5   [ RunTime:0.000646s ]
INFO: [ view_parse ] --START--
INFO: ParseTemplate Behavior ::run [ RunTime:0.014720s ]
INFO: [ view_parse ] --END-- [ RunTime:0.014827s ]
INFO: [ view_filter ] --START--
INFO: ContentReplace Behavior ::run [ RunTime:0.000641s ]
INFO: TokenBuild Behavior ::run [ RunTime:0.000503s ]
INFO: WriteHtmlCache Behavior ::run [ RunTime:0.000305s ]
INFO: ShowRuntime Behavior ::run [ RunTime:0.000576s ]
INFO: [ view_filter ] --END-- [ RunTime:0.002251s ]
INFO: [ view_end ] --START--
INFO: ShowPageTrace Behavior ::run [ RunTime:0.000705s ]
INFO: [ view_end ] --END-- [ RunTime:0.000786s ]

[ 2015-04-30T17:03:48+08:00 ] 127.0.0.1 /index.php/Shiti/index.html
INFO: [ route_check ] --START--
INFO: CheckRoute Behavior ::run [ RunTime:0.000947s ]
INFO: [ route_check ] --END-- [ RunTime:0.001055s ]
INFO: [ app_begin ] --START--
INFO: ReadHtmlCache Behavior ::run [ RunTime:0.000683s ]
INFO: [ app_begin ] --END-- [ RunTime:0.000787s ]
SQL: SHOW COLUMNS FROM `com_zhishi` [ RunTime:0.004396s ]
NOTIC: [8] Undefined variable: wheres E:\wamp\www\Home\Lib\Action\ShitiAction.class.php 第 10 行.
SQL: SELECT COUNT(*) AS tp_count FROM `com_zhishi` LIMIT 1   [ RunTime:0.000305s ]
SQL: SELECT * FROM `com_zhishi` LIMIT 0,5   [ RunTime:0.000381s ]
INFO: [ view_parse ] --START--
INFO: ParseTemplate Behavior ::run [ RunTime:0.016566s ]
INFO: [ view_parse ] --END-- [ RunTime:0.016671s ]
INFO: [ view_filter ] --START--
INFO: ContentReplace Behavior ::run [ RunTime:0.000824s ]
INFO: TokenBuild Behavior ::run [ RunTime:0.000635s ]
INFO: WriteHtmlCache Behavior ::run [ RunTime:0.000491s ]
INFO: ShowRuntime Behavior ::run [ RunTime:0.000710s ]
INFO: [ view_filter ] --END-- [ RunTime:0.002885s ]
INFO: [ view_end ] --START--
INFO: ShowPageTrace Behavior ::run [ RunTime:0.000738s ]
INFO: [ view_end ] --END-- [ RunTime:0.000818s ]

[ 2015-04-30T17:03:52+08:00 ] 127.0.0.1 /index.php/Shiti/index/p/2.html
INFO: [ route_check ] --START--
INFO: CheckRoute Behavior ::run [ RunTime:0.000830s ]
INFO: [ route_check ] --END-- [ RunTime:0.001077s ]
INFO: [ app_begin ] --START--
INFO: ReadHtmlCache Behavior ::run [ RunTime:0.001026s ]
INFO: [ app_begin ] --END-- [ RunTime:0.001228s ]
SQL: SHOW COLUMNS FROM `com_zhishi` [ RunTime:0.006156s ]
NOTIC: [8] Undefined variable: wheres E:\wamp\www\Home\Lib\Action\ShitiAction.class.php 第 10 行.
SQL: SELECT COUNT(*) AS tp_count FROM `com_zhishi` LIMIT 1   [ RunTime:0.000476s ]
SQL: SELECT * FROM `com_zhishi` LIMIT 5,5   [ RunTime:0.000496s ]
INFO: [ view_parse ] --START--
INFO: ParseTemplate Behavior ::run [ RunTime:0.021317s ]
INFO: [ view_parse ] --END-- [ RunTime:0.021549s ]
INFO: [ view_filter ] --START--
INFO: ContentReplace Behavior ::run [ RunTime:0.001024s ]
INFO: TokenBuild Behavior ::run [ RunTime:0.000995s ]
INFO: WriteHtmlCache Behavior ::run [ RunTime:0.000646s ]
INFO: ShowRuntime Behavior ::run [ RunTime:0.000848s ]
INFO: [ view_filter ] --END-- [ RunTime:0.003813s ]
INFO: [ view_end ] --START--
INFO: ShowPageTrace Behavior ::run [ RunTime:0.001756s ]
INFO: [ view_end ] --END-- [ RunTime:0.001936s ]

